2022-08-05 22:20:26+00:00,ACC-10,evtx_Microsoft-Windows-Sysmon/Operational,Command and Control,Connection to C2,0.0,Microsoft-Windows-Sysmon/Operational;Microsoft-Windows-Sysmon;3,3,364,C:\Windows\SysWOW64\rundll32.exe,,,,,tcp,true,ACC-10.corp.net,172.17.11.184,55502,5-131.gtt-net.cz,82.144.131.5,443,-,"<Event xmlns=""http://schemas.microsoft.com/win/2004/08/events/event"">   <System>     <Provider Name=""Microsoft-Windows-Sysmon"" Guid=""{5770385F-C22A-43E0-BF4C-06F5698FFBD9}""/>     <EventID>3</EventID>     <Version>5</Version>     <Level>4</Level>     <Task>3</Task>     <Opcode>0</Opcode>     <Keywords>0x8000000000000000</Keywords>     <TimeCreated SystemTime=""2022-08-05T22:20:26.500484200Z""/>     <EventRecordID>141235</EventRecordID>     <Correlation/>     <Execution ProcessID=""1428"" ThreadID=""1928""/>     <Channel>Microsoft-Windows-Sysmon/Operational</Channel>     <Computer>ACC-10.corp.net</Computer>     <Security UserID=""S-1-5-18""/>   </System>   <EventData>     <Data Name=""RuleName""/>     <Data Name=""UtcTime"">2022-08-05 22:20:21.045</Data>     <Data Name=""ProcessGuid"">{140A6FA9-8EDF-62ED-0000-0010D81B7D01}</Data>     <Data Name=""ProcessId"">364</Data>     <Data Name=""Image"">C:\Windows\SysWOW64\rundll32.exe</Data>     <Data Name=""User"">CORP\Joann.Sims</Data>     <Data Name=""Protocol"">tcp</Data>     <Data Name=""Initiated"">true</Data>     <Data Name=""SourceIsIpv6"">false</Data>     <Data Name=""SourceIp"">172.17.11.184</Data>     <Data Name=""SourceHostname"">ACC-10.corp.net</Data>     <Data Name=""SourcePort"">55502</Data>     <Data Name=""SourcePortName""/>     <Data Name=""DestinationIsIpv6"">false</Data>     <Data Name=""DestinationIp"">82.144.131.5</Data>     <Data Name=""DestinationHostname"">5-131.gtt-net.cz</Data>     <Data Name=""DestinationPort"">443</Data>     <Data Name=""DestinationPortName"">https</Data>   </EventData> </Event> "
2022-08-05 22:20:27+00:00,ACC-01,evtx_Microsoft-Windows-Sysmon/Operational,Execution,Cobalt Strike named pipe creation,0.0,Microsoft-Windows-Sysmon/Operational;Microsoft-Windows-Sysmon;17,17,212,C:\Windows\System32\WindowsPowerShell\v1.0\powershell.exe,,,\PSHost.133042116255363174.212.DefaultAppDomain.powershell,,,,,,,,,,-,"<Event xmlns=""http://schemas.microsoft.com/win/2004/08/events/event"">   <System>     <Provider Name=""Microsoft-Windows-Sysmon"" Guid=""{5770385F-C22A-43E0-BF4C-06F5698FFBD9}""/>     <EventID>17</EventID>     <Version>1</Version>     <Level>4</Level>     <Task>17</Task>     <Opcode>0</Opcode>     <Keywords>0x8000000000000000</Keywords>     <TimeCreated SystemTime=""2022-08-05T22:20:27.449463000Z""/>     <EventRecordID>211104</EventRecordID>     <Correlation/>     <Execution ProcessID=""1440"" ThreadID=""1992""/>     <Channel>Microsoft-Windows-Sysmon/Operational</Channel>     <Computer>ACC-01.corp.net</Computer>     <Security UserID=""S-1-5-18""/>   </System>   <EventData>     <Data Name=""RuleName""/>     <Data Name=""UtcTime"">2022-08-05 22:20:27.402</Data>     <Data Name=""ProcessGuid"">{62886613-97A9-62ED-0000-00101974CF01}</Data>     <Data Name=""ProcessId"">212</Data>     <Data Name=""PipeName"">\PSHost.133042116255363174.212.DefaultAppDomain.powershell</Data>     <Data Name=""Image"">C:\Windows\System32\WindowsPowerShell\v1.0\powershell.exe</Data>   </EventData> </Event> "
2022-08-05 22:20:36+00:00,ACC-10,evtx_Microsoft-Windows-Sysmon/Operational,Command and Control,Connection to C2,0.0,Microsoft-Windows-Sysmon/Operational;Microsoft-Windows-Sysmon;3,3,364,C:\Windows\SysWOW64\rundll32.exe,,,,,tcp,true,ACC-10.corp.net,172.17.11.184,55503,5-131.gtt-net.cz,82.144.131.5,443,-,"<Event xmlns=""http://schemas.microsoft.com/win/2004/08/events/event"">   <System>     <Provider Name=""Microsoft-Windows-Sysmon"" Guid=""{5770385F-C22A-43E0-BF4C-06F5698FFBD9}""/>     <EventID>3</EventID>     <Version>5</Version>     <Level>4</Level>     <Task>3</Task>     <Opcode>0</Opcode>     <Keywords>0x8000000000000000</Keywords>     <TimeCreated SystemTime=""2022-08-05T22:20:36.505678100Z""/>     <EventRecordID>141248</EventRecordID>     <Correlation/>     <Execution ProcessID=""1428"" ThreadID=""1928""/>     <Channel>Microsoft-Windows-Sysmon/Operational</Channel>     <Computer>ACC-10.corp.net</Computer>     <Security UserID=""S-1-5-18""/>   </System>   <EventData>     <Data Name=""RuleName""/>     <Data Name=""UtcTime"">2022-08-05 22:20:31.103</Data>     <Data Name=""ProcessGuid"">{140A6FA9-8EDF-62ED-0000-0010D81B7D01}</Data>     <Data Name=""ProcessId"">364</Data>     <Data Name=""Image"">C:\Windows\SysWOW64\rundll32.exe</Data>     <Data Name=""User"">CORP\Joann.Sims</Data>     <Data Name=""Protocol"">tcp</Data>     <Data Name=""Initiated"">true</Data>     <Data Name=""SourceIsIpv6"">false</Data>     <Data Name=""SourceIp"">172.17.11.184</Data>     <Data Name=""SourceHostname"">ACC-10.corp.net</Data>     <Data Name=""SourcePort"">55503</Data>     <Data Name=""SourcePortName""/>     <Data Name=""DestinationIsIpv6"">false</Data>     <Data Name=""DestinationIp"">82.144.131.5</Data>     <Data Name=""DestinationHostname"">5-131.gtt-net.cz</Data>     <Data Name=""DestinationPort"">443</Data>     <Data Name=""DestinationPortName"">https</Data>   </EventData> </Event> "
2022-08-05 22:21:32+00:00,ACC-01,evtx_Microsoft-Windows-Sysmon/Operational,Execution,Cobalt Strike named pipe creation,0.0,Microsoft-Windows-Sysmon/Operational;Microsoft-Windows-Sysmon;17,17,1808,C:\Windows\System32\WindowsPowerShell\v1.0\powershell.exe,,,\PSHost.133042116925886912.1808.DefaultAppDomain.powershell,,,,,,,,,,-,"<Event xmlns=""http://schemas.microsoft.com/win/2004/08/events/event"">   <System>     <Provider Name=""Microsoft-Windows-Sysmon"" Guid=""{5770385F-C22A-43E0-BF4C-06F5698FFBD9}""/>     <EventID>17</EventID>     <Version>1</Version>     <Level>4</Level>     <Task>17</Task>     <Opcode>0</Opcode>     <Keywords>0x8000000000000000</Keywords>     <TimeCreated SystemTime=""2022-08-05T22:21:32.667686700Z""/>     <EventRecordID>211334</EventRecordID>     <Correlation/>     <Execution ProcessID=""1440"" ThreadID=""1992""/>     <Channel>Microsoft-Windows-Sysmon/Operational</Channel>     <Computer>ACC-01.corp.net</Computer>     <Security UserID=""S-1-5-18""/>   </System>   <EventData>     <Data Name=""RuleName""/>     <Data Name=""UtcTime"">2022-08-05 22:21:32.667</Data>     <Data Name=""ProcessGuid"">{62886613-97EC-62ED-0000-00102D6AD701}</Data>     <Data Name=""ProcessId"">1808</Data>     <Data Name=""PipeName"">\PSHost.133042116925886912.1808.DefaultAppDomain.powershell</Data>     <Data Name=""Image"">C:\Windows\System32\WindowsPowerShell\v1.0\powershell.exe</Data>   </EventData> </Event> "
2022-08-05 22:21:32+00:00,ACC-01,evtx_Microsoft-Windows-Sysmon/Operational,Execution,Look for C:\ACH path,0.0,Microsoft-Windows-Sysmon/Operational;Microsoft-Windows-Sysmon;1,,1808,C:\Windows\System32\WindowsPowerShell\v1.0\powershell.exe,1572,C:\Windows\SysWOW64\rundll32.exe,,,,,,,,,,,-,"<Event xmlns=""http://schemas.microsoft.com/win/2004/08/events/event"">   <System>     <Provider Name=""Microsoft-Windows-Sysmon"" Guid=""{5770385F-C22A-43E0-BF4C-06F5698FFBD9}""/>     <EventID>1</EventID>     <Version>5</Version>     <Level>4</Level>     <Task>1</Task>     <Opcode>0</Opcode>     <Keywords>0x8000000000000000</Keywords>     <TimeCreated SystemTime=""2022-08-05T22:21:32.588691200Z""/>     <EventRecordID>211333</EventRecordID>     <Correlation/>     <Execution ProcessID=""1440"" ThreadID=""1992""/>     <Channel>Microsoft-Windows-Sysmon/Operational</Channel>     <Computer>ACC-01.corp.net</Computer>     <Security UserID=""S-1-5-18""/>   </System>   <EventData>     <Data Name=""RuleName""/>     <Data Name=""UtcTime"">2022-08-05 22:21:32.588</Data>     <Data Name=""ProcessGuid"">{62886613-97EC-62ED-0000-00102D6AD701}</Data>     <Data Name=""ProcessId"">1808</Data>     <Data Name=""Image"">C:\Windows\System32\WindowsPowerShell\v1.0\powershell.exe</Data>     <Data Name=""FileVersion"">10.0.14409.1005 (rs1_srvoob.161208-1155)</Data>     <Data Name=""Description"">Windows PowerShell</Data>     <Data Name=""Product"">Microsoft® Windows® Operating System</Data>     <Data Name=""Company"">Microsoft Corporation</Data>     <Data Name=""CommandLine"">powershell -nop -exec bypass -EncodedCommand VABlAHMAdAAtAFAAYQB0AGgAIABDADoAXABBAEMASAA=</Data>     <Data Name=""CurrentDirectory"">C:\Windows\system32\</Data>     <Data Name=""User"">NT AUTHORITY\SYSTEM</Data>     <Data Name=""LogonGuid"">{62886613-977A-62ED-0000-00209C4ECE01}</Data>     <Data Name=""LogonId"">0x0000000001ce4e9c</Data>     <Data Name=""TerminalSessionId"">0</Data>     <Data Name=""IntegrityLevel"">System</Data>     <Data Name=""Hashes"">MD5=A575A7610E5F003CC36DF39E07C4BA7D,IMPHASH=CAEE994F79D85E47C06E5FA9CDEAE453</Data>     <Data Name=""ParentProcessGuid"">{62886613-96FB-62ED-0000-0010653BC901}</Data>     <Data Name=""ParentProcessId"">1572</Data>     <Data Name=""ParentImage"">C:\Windows\SysWOW64\rundll32.exe</Data>     <Data Name=""ParentCommandLine"">C:\Windows\System32\rundll32.exe</Data>   </EventData> </Event> "
2022-08-05 22:21:34+00:00,ACC-10,evtx_Microsoft-Windows-Sysmon/Operational,Command and Control,Connection to C2,0.0,Microsoft-Windows-Sysmon/Operational;Microsoft-Windows-Sysmon;3,3,364,C:\Windows\SysWOW64\rundll32.exe,,,,,tcp,true,ACC-10.corp.net,172.17.11.184,55550,c-73-245-147-162.hsd1.fl.comcast.net,73.245.147.162,443,-,"<Event xmlns=""http://schemas.microsoft.com/win/2004/08/events/event"">   <System>     <Provider Name=""Microsoft-Windows-Sysmon"" Guid=""{5770385F-C22A-43E0-BF4C-06F5698FFBD9}""/>     <EventID>3</EventID>     <Version>5</Version>     <Level>4</Level>     <Task>3</Task>     <Opcode>0</Opcode>     <Keywords>0x8000000000000000</Keywords>     <TimeCreated SystemTime=""2022-08-05T22:21:34.068733000Z""/>     <EventRecordID>141479</EventRecordID>     <Correlation/>     <Execution ProcessID=""1428"" ThreadID=""1928""/>     <Channel>Microsoft-Windows-Sysmon/Operational</Channel>     <Computer>ACC-10.corp.net</Computer>     <Security UserID=""S-1-5-18""/>   </System>   <EventData>     <Data Name=""RuleName""/>     <Data Name=""UtcTime"">2022-08-05 22:21:27.821</Data>     <Data Name=""ProcessGuid"">{140A6FA9-8EDF-62ED-0000-0010D81B7D01}</Data>     <Data Name=""ProcessId"">364</Data>     <Data Name=""Image"">C:\Windows\SysWOW64\rundll32.exe</Data>     <Data Name=""User"">CORP\Joann.Sims</Data>     <Data Name=""Protocol"">tcp</Data>     <Data Name=""Initiated"">true</Data>     <Data Name=""SourceIsIpv6"">false</Data>     <Data Name=""SourceIp"">172.17.11.184</Data>     <Data Name=""SourceHostname"">ACC-10.corp.net</Data>     <Data Name=""SourcePort"">55550</Data>     <Data Name=""SourcePortName""/>     <Data Name=""DestinationIsIpv6"">false</Data>     <Data Name=""DestinationIp"">73.245.147.162</Data>     <Data Name=""DestinationHostname"">c-73-245-147-162.hsd1.fl.comcast.net</Data>     <Data Name=""DestinationPort"">443</Data>     <Data Name=""DestinationPortName"">https</Data>   </EventData> </Event> "
2022-08-05 22:21:34+00:00,ACC-10,evtx_Microsoft-Windows-Sysmon/Operational,Command and Control,Connection to C2,0.0,Microsoft-Windows-Sysmon/Operational;Microsoft-Windows-Sysmon;3,3,364,C:\Windows\SysWOW64\rundll32.exe,,,,,tcp,true,ACC-10.corp.net,172.17.11.184,55551,c-73-245-147-162.hsd1.fl.comcast.net,73.245.147.162,443,-,"<Event xmlns=""http://schemas.microsoft.com/win/2004/08/events/event"">   <System>     <Provider Name=""Microsoft-Windows-Sysmon"" Guid=""{5770385F-C22A-43E0-BF4C-06F5698FFBD9}""/>     <EventID>3</EventID>     <Version>5</Version>     <Level>4</Level>     <Task>3</Task>     <Opcode>0</Opcode>     <Keywords>0x8000000000000000</Keywords>     <TimeCreated SystemTime=""2022-08-05T22:21:34.068733000Z""/>     <EventRecordID>141480</EventRecordID>     <Correlation/>     <Execution ProcessID=""1428"" ThreadID=""1928""/>     <Channel>Microsoft-Windows-Sysmon/Operational</Channel>     <Computer>ACC-10.corp.net</Computer>     <Security UserID=""S-1-5-18""/>   </System>   <EventData>     <Data Name=""RuleName""/>     <Data Name=""UtcTime"">2022-08-05 22:21:28.462</Data>     <Data Name=""ProcessGuid"">{140A6FA9-8EDF-62ED-0000-0010D81B7D01}</Data>     <Data Name=""ProcessId"">364</Data>     <Data Name=""Image"">C:\Windows\SysWOW64\rundll32.exe</Data>     <Data Name=""User"">CORP\Joann.Sims</Data>     <Data Name=""Protocol"">tcp</Data>     <Data Name=""Initiated"">true</Data>     <Data Name=""SourceIsIpv6"">false</Data>     <Data Name=""SourceIp"">172.17.11.184</Data>     <Data Name=""SourceHostname"">ACC-10.corp.net</Data>     <Data Name=""SourcePort"">55551</Data>     <Data Name=""SourcePortName""/>     <Data Name=""DestinationIsIpv6"">false</Data>     <Data Name=""DestinationIp"">73.245.147.162</Data>     <Data Name=""DestinationHostname"">c-73-245-147-162.hsd1.fl.comcast.net</Data>     <Data Name=""DestinationPort"">443</Data>     <Data Name=""DestinationPortName"">https</Data>   </EventData> </Event> "
2022-08-05 22:22:15+00:00,ACC-10,evtx_Microsoft-Windows-Sysmon/Operational,Command and Control,Connection to C2,0.0,Microsoft-Windows-Sysmon/Operational;Microsoft-Windows-Sysmon;3,3,364,C:\Windows\SysWOW64\rundll32.exe,,,,,tcp,true,ACC-10.corp.net,172.17.11.184,55600,5-131.gtt-net.cz,82.144.131.5,443,-,"<Event xmlns=""http://schemas.microsoft.com/win/2004/08/events/event"">   <System>     <Provider Name=""Microsoft-Windows-Sysmon"" Guid=""{5770385F-C22A-43E0-BF4C-06F5698FFBD9}""/>     <EventID>3</EventID>     <Version>5</Version>     <Level>4</Level>     <Task>3</Task>     <Opcode>0</Opcode>     <Keywords>0x8000000000000000</Keywords>     <TimeCreated SystemTime=""2022-08-05T22:22:15.631467300Z""/>     <EventRecordID>141702</EventRecordID>     <Correlation/>     <Execution ProcessID=""1428"" ThreadID=""1928""/>     <Channel>Microsoft-Windows-Sysmon/Operational</Channel>     <Computer>ACC-10.corp.net</Computer>     <Security UserID=""S-1-5-18""/>   </System>   <EventData>     <Data Name=""RuleName""/>     <Data Name=""UtcTime"">2022-08-05 22:22:10.136</Data>     <Data Name=""ProcessGuid"">{140A6FA9-8EDF-62ED-0000-0010D81B7D01}</Data>     <Data Name=""ProcessId"">364</Data>     <Data Name=""Image"">C:\Windows\SysWOW64\rundll32.exe</Data>     <Data Name=""User"">CORP\Joann.Sims</Data>     <Data Name=""Protocol"">tcp</Data>     <Data Name=""Initiated"">true</Data>     <Data Name=""SourceIsIpv6"">false</Data>     <Data Name=""SourceIp"">172.17.11.184</Data>     <Data Name=""SourceHostname"">ACC-10.corp.net</Data>     <Data Name=""SourcePort"">55600</Data>     <Data Name=""SourcePortName""/>     <Data Name=""DestinationIsIpv6"">false</Data>     <Data Name=""DestinationIp"">82.144.131.5</Data>     <Data Name=""DestinationHostname"">5-131.gtt-net.cz</Data>     <Data Name=""DestinationPort"">443</Data>     <Data Name=""DestinationPortName"">https</Data>   </EventData> </Event> "
2022-08-05 22:22:17+00:00,ACC-07,evtx_Security,Execution,Cobalt Strike loader executed (<rnd>.exe),0.0,Security;Microsoft-Windows-Security-Auditing;4688,,,,,,,,,,,,,,,,-,"<Event xmlns=""http://schemas.microsoft.com/win/2004/08/events/event"">   <System>     <Provider Name=""Microsoft-Windows-Security-Auditing"" Guid=""{54849625-5478-4994-A5BA-3E3B0328C30D}""/>     <EventID>4688</EventID>     <Version>1</Version>     <Level>0</Level>     <Task>13312</Task>     <Opcode>0</Opcode>     <Keywords>0x8020000000000000</Keywords>     <TimeCreated SystemTime=""2022-08-05T22:22:17.711013800Z""/>     <EventRecordID>59737</EventRecordID>     <Correlation/>     <Execution ProcessID=""4"" ThreadID=""56""/>     <Channel>Security</Channel>     <Computer>ACC-07.corp.net</Computer>     <Security/>   </System>   <EventData>     <Data Name=""SubjectUserSid"">S-1-5-18</Data>     <Data Name=""SubjectUserName"">ACC-07$</Data>     <Data Name=""SubjectDomainName"">CORP</Data>     <Data Name=""SubjectLogonId"">0x00000000000003e7</Data>     <Data Name=""NewProcessId"">0x00000000000005d0</Data>     <Data Name=""NewProcessName"">\Device\Mup\ACC-07\ADMIN$\4e6964b.exe</Data>     <Data Name=""TokenElevationType"">%%1936</Data>     <Data Name=""ProcessId"">0x00000000000001d0</Data>     <Data Name=""CommandLine"">\\ACC-07\ADMIN$\4e6964b.exe</Data>   </EventData> </Event> "
2022-08-05 22:22:17+00:00,ACC-07,evtx_Microsoft-Windows-Sysmon/Operational,Resource Development,"Cobalt Strike loader created on disk, <rnd>.exe",0.0,Microsoft-Windows-Sysmon/Operational;Microsoft-Windows-Sysmon;11,,,,,,,,,,,,,,,,-,"<Event xmlns=""http://schemas.microsoft.com/win/2004/08/events/event"">   <System>     <Provider Name=""Microsoft-Windows-Sysmon"" Guid=""{5770385F-C22A-43E0-BF4C-06F5698FFBD9}""/>     <EventID>11</EventID>     <Version>2</Version>     <Level>4</Level>     <Task>11</Task>     <Opcode>0</Opcode>     <Keywords>0x8000000000000000</Keywords>     <TimeCreated SystemTime=""2022-08-05T22:22:17.523813500Z""/>     <EventRecordID>175828</EventRecordID>     <Correlation/>     <Execution ProcessID=""1444"" ThreadID=""1932""/>     <Channel>Microsoft-Windows-Sysmon/Operational</Channel>     <Computer>ACC-07.corp.net</Computer>     <Security UserID=""S-1-5-18""/>   </System>   <EventData>     <Data Name=""RuleName""/>     <Data Name=""UtcTime"">2022-08-05 22:22:17.523</Data>     <Data Name=""ProcessGuid"">{7A60D74F-64C3-62ED-0000-0010EB030000}</Data>     <Data Name=""ProcessId"">4</Data>     <Data Name=""Image"">System</Data>     <Data Name=""TargetFilename"">C:\Windows\4e6964b.exe</Data>     <Data Name=""CreationUtcTime"">2022-08-05 22:22:17.523</Data>   </EventData> </Event> "
2022-08-05 22:22:17+00:00,ACC-07,evtx_Microsoft-Windows-Sysmon/Operational,Persistence,Cobalt Strike loader installed as a service (<rnd>.exe),0.0,Microsoft-Windows-Sysmon/Operational;Microsoft-Windows-Sysmon;13,,,,,,,,,,,,,,,,-,"<Event xmlns=""http://schemas.microsoft.com/win/2004/08/events/event"">   <System>     <Provider Name=""Microsoft-Windows-Sysmon"" Guid=""{5770385F-C22A-43E0-BF4C-06F5698FFBD9}""/>     <EventID>13</EventID>     <Version>2</Version>     <Level>4</Level>     <Task>13</Task>     <Opcode>0</Opcode>     <Keywords>0x8000000000000000</Keywords>     <TimeCreated SystemTime=""2022-08-05T22:22:17.648613700Z""/>     <EventRecordID>175830</EventRecordID>     <Correlation/>     <Execution ProcessID=""1444"" ThreadID=""1932""/>     <Channel>Microsoft-Windows-Sysmon/Operational</Channel>     <Computer>ACC-07.corp.net</Computer>     <Security UserID=""S-1-5-18""/>   </System>   <EventData>     <Data Name=""RuleName""/>     <Data Name=""EventType"">SetValue</Data>     <Data Name=""UtcTime"">2022-08-05 22:22:17.633</Data>     <Data Name=""ProcessGuid"">{7A60D74F-64C3-62ED-0000-001004940000}</Data>     <Data Name=""ProcessId"">464</Data>     <Data Name=""Image"">C:\Windows\system32\services.exe</Data>     <Data Name=""TargetObject"">HKLM\System\CurrentControlSet\services\4e6964b\ImagePath</Data>     <Data Name=""Details"">\\ACC-07\ADMIN$\4e6964b.exe</Data>   </EventData> </Event> "
2022-08-05 22:22:17+00:00,ACC-07,evtx_Microsoft-Windows-Sysmon/Operational,Execution,Cobalt Strike named pipe creation,0.0,Microsoft-Windows-Sysmon/Operational;Microsoft-Windows-Sysmon;17,17,1488,\\ACC-07\ADMIN$\4e6964b.exe,,,\MSSE-4468-server,,,,,,,,,,-,"<Event xmlns=""http://schemas.microsoft.com/win/2004/08/events/event"">   <System>     <Provider Name=""Microsoft-Windows-Sysmon"" Guid=""{5770385F-C22A-43E0-BF4C-06F5698FFBD9}""/>     <EventID>17</EventID>     <Version>1</Version>     <Level>4</Level>     <Task>17</Task>     <Opcode>0</Opcode>     <Keywords>0x8000000000000000</Keywords>     <TimeCreated SystemTime=""2022-08-05T22:22:17.773413900Z""/>     <EventRecordID>175833</EventRecordID>     <Correlation/>     <Execution ProcessID=""1444"" ThreadID=""1932""/>     <Channel>Microsoft-Windows-Sysmon/Operational</Channel>     <Computer>ACC-07.corp.net</Computer>     <Security UserID=""S-1-5-18""/>   </System>   <EventData>     <Data Name=""RuleName""/>     <Data Name=""UtcTime"">2022-08-05 22:22:17.773</Data>     <Data Name=""ProcessGuid"">{7A60D74F-9819-62ED-0000-00106853B001}</Data>     <Data Name=""ProcessId"">1488</Data>     <Data Name=""PipeName"">\MSSE-4468-server</Data>     <Data Name=""Image"">\\ACC-07\ADMIN$\4e6964b.exe</Data>   </EventData> </Event> "
2022-08-05 22:22:17+00:00,ACC-07,evtx_Microsoft-Windows-Sysmon/Operational,Execution,Cobalt Strike loader executed (<rnd>.exe),0.0,Microsoft-Windows-Sysmon/Operational;Microsoft-Windows-Sysmon;1,,1488,\\ACC-07\ADMIN$\4e6964b.exe,464,C:\Windows\System32\services.exe,,,,,,,,,,,-,"<Event xmlns=""http://schemas.microsoft.com/win/2004/08/events/event"">   <System>     <Provider Name=""Microsoft-Windows-Sysmon"" Guid=""{5770385F-C22A-43E0-BF4C-06F5698FFBD9}""/>     <EventID>1</EventID>     <Version>5</Version>     <Level>4</Level>     <Task>1</Task>     <Opcode>0</Opcode>     <Keywords>0x8000000000000000</Keywords>     <TimeCreated SystemTime=""2022-08-05T22:22:17.726613900Z""/>     <EventRecordID>175831</EventRecordID>     <Correlation/>     <Execution ProcessID=""1444"" ThreadID=""1932""/>     <Channel>Microsoft-Windows-Sysmon/Operational</Channel>     <Computer>ACC-07.corp.net</Computer>     <Security UserID=""S-1-5-18""/>   </System>   <EventData>     <Data Name=""RuleName""/>     <Data Name=""UtcTime"">2022-08-05 22:22:17.711</Data>     <Data Name=""ProcessGuid"">{7A60D74F-9819-62ED-0000-00106853B001}</Data>     <Data Name=""ProcessId"">1488</Data>     <Data Name=""Image"">\\ACC-07\ADMIN$\4e6964b.exe</Data>     <Data Name=""FileVersion"">?</Data>     <Data Name=""Description"">?</Data>     <Data Name=""Product"">?</Data>     <Data Name=""Company"">?</Data>     <Data Name=""CommandLine"">\\ACC-07\ADMIN$\4e6964b.exe</Data>     <Data Name=""CurrentDirectory"">C:\Windows\system32\</Data>     <Data Name=""User"">NT AUTHORITY\SYSTEM</Data>     <Data Name=""LogonGuid"">{7A60D74F-64C4-62ED-0000-0020E7030000}</Data>     <Data Name=""LogonId"">0x00000000000003e7</Data>     <Data Name=""TerminalSessionId"">0</Data>     <Data Name=""IntegrityLevel"">System</Data>     <Data Name=""Hashes"">MD5=C0C68E432CB9416B326DE705B4E582EC,IMPHASH=DE77F3139EAF74F1B255AB7BE0B6605F</Data>     <Data Name=""ParentProcessGuid"">{7A60D74F-64C3-62ED-0000-001004940000}</Data>     <Data Name=""ParentProcessId"">464</Data>     <Data Name=""ParentImage"">C:\Windows\System32\services.exe</Data>     <Data Name=""ParentCommandLine"">C:\Windows\system32\services.exe</Data>   </EventData> </Event> "
2022-08-05 22:22:17+00:00,ACC-07,evtx_Microsoft-Windows-Sysmon/Operational,Execution,Cobalt Strike loader executed (<rnd>.exe),0.0,Microsoft-Windows-Sysmon/Operational;Microsoft-Windows-Sysmon;7,,,,,,,,,,,,,,,,-,"<Event xmlns=""http://schemas.microsoft.com/win/2004/08/events/event"">   <System>     <Provider Name=""Microsoft-Windows-Sysmon"" Guid=""{5770385F-C22A-43E0-BF4C-06F5698FFBD9}""/>     <EventID>7</EventID>     <Version>3</Version>     <Level>4</Level>     <Task>7</Task>     <Opcode>0</Opcode>     <Keywords>0x8000000000000000</Keywords>     <TimeCreated SystemTime=""2022-08-05T22:22:17.757813900Z""/>     <EventRecordID>175832</EventRecordID>     <Correlation/>     <Execution ProcessID=""1444"" ThreadID=""1944""/>     <Channel>Microsoft-Windows-Sysmon/Operational</Channel>     <Computer>ACC-07.corp.net</Computer>     <Security UserID=""S-1-5-18""/>   </System>   <EventData>     <Data Name=""RuleName""/>     <Data Name=""UtcTime"">2022-08-05 22:22:17.726</Data>     <Data Name=""ProcessGuid"">{7A60D74F-9819-62ED-0000-00106853B001}</Data>     <Data Name=""ProcessId"">1488</Data>     <Data Name=""Image"">\\ACC-07\ADMIN$\4e6964b.exe</Data>     <Data Name=""ImageLoaded"">\\ACC-07\ADMIN$\4e6964b.exe</Data>     <Data Name=""FileVersion"">?</Data>     <Data Name=""Description"">?</Data>     <Data Name=""Product"">?</Data>     <Data Name=""Company"">?</Data>     <Data Name=""Hashes"">MD5=C0C68E432CB9416B326DE705B4E582EC,IMPHASH=DE77F3139EAF74F1B255AB7BE0B6605F</Data>     <Data Name=""Signed"">false</Data>     <Data Name=""Signature""/>     <Data Name=""SignatureStatus"">Unavailable</Data>   </EventData> </Event> "
2022-08-05 22:22:17+00:00,ACC-07,evtx_System,Persistence,Cobalt Strike loader installed as a service (<rnd>.exe),0.0,System;Service Control Manager;7045,,,,,,,,,,,,,,,,-,"<Event xmlns=""http://schemas.microsoft.com/win/2004/08/events/event"">   <System>     <Provider Name=""Service Control Manager"" Guid=""{555908d1-a6d7-4695-8e1e-26931d2012f4}"" EventSourceName=""Service Control Manager""/>     <EventID Qualifiers=""16384"">7045</EventID>     <Version>0</Version>     <Level>4</Level>     <Task>0</Task>     <Opcode>0</Opcode>     <Keywords>0x8080000000000000</Keywords>     <TimeCreated SystemTime=""2022-08-05T22:22:17.633013700Z""/>     <EventRecordID>2280</EventRecordID>     <Correlation/>     <Execution ProcessID=""464"" ThreadID=""2280""/>     <Channel>System</Channel>     <Computer>ACC-07.corp.net</Computer>     <Security UserID=""S-1-5-21-3754738673-3926254396-798090374-1000""/>   </System>   <EventData>     <Data Name=""ServiceName"">4e6964b</Data>     <Data Name=""ImagePath"">\\ACC-07\ADMIN$\4e6964b.exe</Data>     <Data Name=""ServiceType"">user mode service</Data>     <Data Name=""StartType"">demand start</Data>     <Data Name=""AccountName"">LocalSystem</Data>   </EventData> </Event> "
2022-08-05 22:22:18+00:00,ACC-01,evtx_Microsoft-Windows-Sysmon/Operational,Lateral Movement,Connect to named pipe \ipc_14 on other host,0.0,Microsoft-Windows-Sysmon/Operational;Microsoft-Windows-Sysmon;3,3,4,System,,,,,tcp,true,ACC-01.corp.net,172.17.11.209,58604,ACC-07,172.17.11.190,445,-,"<Event xmlns=""http://schemas.microsoft.com/win/2004/08/events/event"">   <System>     <Provider Name=""Microsoft-Windows-Sysmon"" Guid=""{5770385F-C22A-43E0-BF4C-06F5698FFBD9}""/>     <EventID>3</EventID>     <Version>5</Version>     <Level>4</Level>     <Task>3</Task>     <Opcode>0</Opcode>     <Keywords>0x8000000000000000</Keywords>     <TimeCreated SystemTime=""2022-08-05T22:22:18.171815100Z""/>     <EventRecordID>211555</EventRecordID>     <Correlation/>     <Execution ProcessID=""1440"" ThreadID=""1996""/>     <Channel>Microsoft-Windows-Sysmon/Operational</Channel>     <Computer>ACC-01.corp.net</Computer>     <Security UserID=""S-1-5-18""/>   </System>   <EventData>     <Data Name=""RuleName""/>     <Data Name=""UtcTime"">2022-08-05 22:22:09.503</Data>     <Data Name=""ProcessGuid"">{62886613-6433-62ED-0000-0010EB030000}</Data>     <Data Name=""ProcessId"">4</Data>     <Data Name=""Image"">System</Data>     <Data Name=""User"">NT AUTHORITY\SYSTEM</Data>     <Data Name=""Protocol"">tcp</Data>     <Data Name=""Initiated"">true</Data>     <Data Name=""SourceIsIpv6"">false</Data>     <Data Name=""SourceIp"">172.17.11.209</Data>     <Data Name=""SourceHostname"">ACC-01.corp.net</Data>     <Data Name=""SourcePort"">58604</Data>     <Data Name=""SourcePortName""/>     <Data Name=""DestinationIsIpv6"">false</Data>     <Data Name=""DestinationIp"">172.17.11.190</Data>     <Data Name=""DestinationHostname"">ACC-07</Data>     <Data Name=""DestinationPort"">445</Data>     <Data Name=""DestinationPortName"">microsoft-ds</Data>   </EventData> </Event> "
2022-08-05 22:22:18+00:00,ACC-01,evtx_Microsoft-Windows-Sysmon/Operational,Lateral Movement,Network connection to another subject,0.0,Microsoft-Windows-Sysmon/Operational;Microsoft-Windows-Sysmon;3,3,1572,C:\Windows\SysWOW64\rundll32.exe,,,,,tcp,true,ACC-01.corp.net,172.17.11.209,58605,ACC-07,172.17.11.190,135,-,"<Event xmlns=""http://schemas.microsoft.com/win/2004/08/events/event"">   <System>     <Provider Name=""Microsoft-Windows-Sysmon"" Guid=""{5770385F-C22A-43E0-BF4C-06F5698FFBD9}""/>     <EventID>3</EventID>     <Version>5</Version>     <Level>4</Level>     <Task>3</Task>     <Opcode>0</Opcode>     <Keywords>0x8000000000000000</Keywords>     <TimeCreated SystemTime=""2022-08-05T22:22:18.171815100Z""/>     <EventRecordID>211556</EventRecordID>     <Correlation/>     <Execution ProcessID=""1440"" ThreadID=""1996""/>     <Channel>Microsoft-Windows-Sysmon/Operational</Channel>     <Computer>ACC-01.corp.net</Computer>     <Security UserID=""S-1-5-18""/>   </System>   <EventData>     <Data Name=""RuleName""/>     <Data Name=""UtcTime"">2022-08-05 22:22:09.606</Data>     <Data Name=""ProcessGuid"">{62886613-96FB-62ED-0000-0010653BC901}</Data>     <Data Name=""ProcessId"">1572</Data>     <Data Name=""Image"">C:\Windows\SysWOW64\rundll32.exe</Data>     <Data Name=""User"">NT AUTHORITY\SYSTEM</Data>     <Data Name=""Protocol"">tcp</Data>     <Data Name=""Initiated"">true</Data>     <Data Name=""SourceIsIpv6"">false</Data>     <Data Name=""SourceIp"">172.17.11.209</Data>     <Data Name=""SourceHostname"">ACC-01.corp.net</Data>     <Data Name=""SourcePort"">58605</Data>     <Data Name=""SourcePortName""/>     <Data Name=""DestinationIsIpv6"">false</Data>     <Data Name=""DestinationIp"">172.17.11.190</Data>     <Data Name=""DestinationHostname"">ACC-07</Data>     <Data Name=""DestinationPort"">135</Data>     <Data Name=""DestinationPortName"">epmap</Data>   </EventData> </Event> "
2022-08-05 22:22:18+00:00,ACC-01,evtx_Microsoft-Windows-Sysmon/Operational,Lateral Movement,Network connection to another subject,0.0,Microsoft-Windows-Sysmon/Operational;Microsoft-Windows-Sysmon;3,3,1572,C:\Windows\SysWOW64\rundll32.exe,,,,,tcp,true,ACC-01.corp.net,172.17.11.209,58606,ACC-07,172.17.11.190,49181,-,"<Event xmlns=""http://schemas.microsoft.com/win/2004/08/events/event"">   <System>     <Provider Name=""Microsoft-Windows-Sysmon"" Guid=""{5770385F-C22A-43E0-BF4C-06F5698FFBD9}""/>     <EventID>3</EventID>     <Version>5</Version>     <Level>4</Level>     <Task>3</Task>     <Opcode>0</Opcode>     <Keywords>0x8000000000000000</Keywords>     <TimeCreated SystemTime=""2022-08-05T22:22:18.171815100Z""/>     <EventRecordID>211557</EventRecordID>     <Correlation/>     <Execution ProcessID=""1440"" ThreadID=""1996""/>     <Channel>Microsoft-Windows-Sysmon/Operational</Channel>     <Computer>ACC-01.corp.net</Computer>     <Security UserID=""S-1-5-18""/>   </System>   <EventData>     <Data Name=""RuleName""/>     <Data Name=""UtcTime"">2022-08-05 22:22:09.614</Data>     <Data Name=""ProcessGuid"">{62886613-96FB-62ED-0000-0010653BC901}</Data>     <Data Name=""ProcessId"">1572</Data>     <Data Name=""Image"">C:\Windows\SysWOW64\rundll32.exe</Data>     <Data Name=""User"">NT AUTHORITY\SYSTEM</Data>     <Data Name=""Protocol"">tcp</Data>     <Data Name=""Initiated"">true</Data>     <Data Name=""SourceIsIpv6"">false</Data>     <Data Name=""SourceIp"">172.17.11.209</Data>     <Data Name=""SourceHostname"">ACC-01.corp.net</Data>     <Data Name=""SourcePort"">58606</Data>     <Data Name=""SourcePortName""/>     <Data Name=""DestinationIsIpv6"">false</Data>     <Data Name=""DestinationIp"">172.17.11.190</Data>     <Data Name=""DestinationHostname"">ACC-07</Data>     <Data Name=""DestinationPort"">49181</Data>     <Data Name=""DestinationPortName""/>   </EventData> </Event> "
2022-08-05 22:22:18+00:00,ACC-07,evtx_Microsoft-Windows-Sysmon/Operational,Lateral Movement,Pipe \ipc_14 created for inter-beacon communication,0.0,Microsoft-Windows-Sysmon/Operational;Microsoft-Windows-Sysmon;17,17,3208,C:\Windows\SysWOW64\rundll32.exe,,,\ipc_14,,,,,,,,,,-,"<Event xmlns=""http://schemas.microsoft.com/win/2004/08/events/event"">   <System>     <Provider Name=""Microsoft-Windows-Sysmon"" Guid=""{5770385F-C22A-43E0-BF4C-06F5698FFBD9}""/>     <EventID>17</EventID>     <Version>1</Version>     <Level>4</Level>     <Task>17</Task>     <Opcode>0</Opcode>     <Keywords>0x8000000000000000</Keywords>     <TimeCreated SystemTime=""2022-08-05T22:22:18.864217500Z""/>     <EventRecordID>175844</EventRecordID>     <Correlation/>     <Execution ProcessID=""1444"" ThreadID=""1932""/>     <Channel>Microsoft-Windows-Sysmon/Operational</Channel>     <Computer>ACC-07.corp.net</Computer>     <Security UserID=""S-1-5-18""/>   </System>   <EventData>     <Data Name=""RuleName""/>     <Data Name=""UtcTime"">2022-08-05 22:22:18.864</Data>     <Data Name=""ProcessGuid"">{7A60D74F-981A-62ED-0000-00105758B001}</Data>     <Data Name=""ProcessId"">3208</Data>     <Data Name=""PipeName"">\ipc_14</Data>     <Data Name=""Image"">C:\Windows\SysWOW64\rundll32.exe</Data>   </EventData> </Event> "
2022-08-05 22:22:18+00:00,ACC-07,evtx_Microsoft-Windows-Sysmon/Operational,Execution,Cobalt Strike named pipe connection,0.0,Microsoft-Windows-Sysmon/Operational;Microsoft-Windows-Sysmon;18,18,1488,\\ACC-07\ADMIN$\4e6964b.exe,,,\MSSE-4468-server,,,,,,,,,,-,"<Event xmlns=""http://schemas.microsoft.com/win/2004/08/events/event"">   <System>     <Provider Name=""Microsoft-Windows-Sysmon"" Guid=""{5770385F-C22A-43E0-BF4C-06F5698FFBD9}""/>     <EventID>18</EventID>     <Version>1</Version>     <Level>4</Level>     <Task>18</Task>     <Opcode>0</Opcode>     <Keywords>0x8000000000000000</Keywords>     <TimeCreated SystemTime=""2022-08-05T22:22:18.801817400Z""/>     <EventRecordID>175842</EventRecordID>     <Correlation/>     <Execution ProcessID=""1444"" ThreadID=""1932""/>     <Channel>Microsoft-Windows-Sysmon/Operational</Channel>     <Computer>ACC-07.corp.net</Computer>     <Security UserID=""S-1-5-18""/>   </System>   <EventData>     <Data Name=""RuleName""/>     <Data Name=""UtcTime"">2022-08-05 22:22:18.801</Data>     <Data Name=""ProcessGuid"">{7A60D74F-9819-62ED-0000-00106853B001}</Data>     <Data Name=""ProcessId"">1488</Data>     <Data Name=""PipeName"">\MSSE-4468-server</Data>     <Data Name=""Image"">\\ACC-07\ADMIN$\4e6964b.exe</Data>   </EventData> </Event> "
2022-08-05 22:22:18+00:00,ACC-07,evtx_Microsoft-Windows-Sysmon/Operational,Execution,Cobalt Strike loader executed (<rnd>.exe),0.0,Microsoft-Windows-Sysmon/Operational;Microsoft-Windows-Sysmon;1,,3208,C:\Windows\SysWOW64\rundll32.exe,1488,\\ACC-07\ADMIN$\4e6964b.exe,,,,,,,,,,,-,"<Event xmlns=""http://schemas.microsoft.com/win/2004/08/events/event"">   <System>     <Provider Name=""Microsoft-Windows-Sysmon"" Guid=""{5770385F-C22A-43E0-BF4C-06F5698FFBD9}""/>     <EventID>1</EventID>     <Version>5</Version>     <Level>4</Level>     <Task>1</Task>     <Opcode>0</Opcode>     <Keywords>0x8000000000000000</Keywords>     <TimeCreated SystemTime=""2022-08-05T22:22:18.801817400Z""/>     <EventRecordID>175843</EventRecordID>     <Correlation/>     <Execution ProcessID=""1444"" ThreadID=""1932""/>     <Channel>Microsoft-Windows-Sysmon/Operational</Channel>     <Computer>ACC-07.corp.net</Computer>     <Security UserID=""S-1-5-18""/>   </System>   <EventData>     <Data Name=""RuleName""/>     <Data Name=""UtcTime"">2022-08-05 22:22:18.801</Data>     <Data Name=""ProcessGuid"">{7A60D74F-981A-62ED-0000-00105758B001}</Data>     <Data Name=""ProcessId"">3208</Data>     <Data Name=""Image"">C:\Windows\SysWOW64\rundll32.exe</Data>     <Data Name=""FileVersion"">6.1.7600.16385 (win7_rtm.090713-1255)</Data>     <Data Name=""Description"">Windows host process (Rundll32)</Data>     <Data Name=""Product"">Microsoft® Windows® Operating System</Data>     <Data Name=""Company"">Microsoft Corporation</Data>     <Data Name=""CommandLine"">C:\Windows\System32\rundll32.exe</Data>     <Data Name=""CurrentDirectory"">C:\Windows\system32\</Data>     <Data Name=""User"">NT AUTHORITY\SYSTEM</Data>     <Data Name=""LogonGuid"">{7A60D74F-64C4-62ED-0000-0020E7030000}</Data>     <Data Name=""LogonId"">0x00000000000003e7</Data>     <Data Name=""TerminalSessionId"">0</Data>     <Data Name=""IntegrityLevel"">System</Data>     <Data Name=""Hashes"">MD5=51138BEEA3E2C21EC44D0932C71762A8,IMPHASH=EF8A44FE2F9AD4AB85E55004AAA024A9</Data>     <Data Name=""ParentProcessGuid"">{7A60D74F-9819-62ED-0000-00106853B001}</Data>     <Data Name=""ParentProcessId"">1488</Data>     <Data Name=""ParentImage"">\\ACC-07\ADMIN$\4e6964b.exe</Data>     <Data Name=""ParentCommandLine"">\\ACC-07\ADMIN$\4e6964b.exe</Data>   </EventData> </Event> "
2022-08-05 22:22:18+00:00,ACC-07,evtx_Microsoft-Windows-Sysmon/Operational,,,0.0,Microsoft-Windows-Sysmon/Operational;Microsoft-Windows-Sysmon;3,3,4,System,,,,,tcp,false,ACC-07.corp.net,172.17.11.190,445,ACC-01,172.17.11.209,58604,-,"<Event xmlns=""http://schemas.microsoft.com/win/2004/08/events/event"">   <System>     <Provider Name=""Microsoft-Windows-Sysmon"" Guid=""{5770385F-C22A-43E0-BF4C-06F5698FFBD9}""/>     <EventID>3</EventID>     <Version>5</Version>     <Level>4</Level>     <Task>3</Task>     <Opcode>0</Opcode>     <Keywords>0x8000000000000000</Keywords>     <TimeCreated SystemTime=""2022-08-05T22:22:18.708217200Z""/>     <EventRecordID>175838</EventRecordID>     <Correlation/>     <Execution ProcessID=""1444"" ThreadID=""1936""/>     <Channel>Microsoft-Windows-Sysmon/Operational</Channel>     <Computer>ACC-07.corp.net</Computer>     <Security UserID=""S-1-5-18""/>   </System>   <EventData>     <Data Name=""RuleName""/>     <Data Name=""UtcTime"">2022-08-05 22:22:17.490</Data>     <Data Name=""ProcessGuid"">{7A60D74F-64C3-62ED-0000-0010EB030000}</Data>     <Data Name=""ProcessId"">4</Data>     <Data Name=""Image"">System</Data>     <Data Name=""User"">NT AUTHORITY\SYSTEM</Data>     <Data Name=""Protocol"">tcp</Data>     <Data Name=""Initiated"">false</Data>     <Data Name=""SourceIsIpv6"">false</Data>     <Data Name=""SourceIp"">172.17.11.190</Data>     <Data Name=""SourceHostname"">ACC-07.corp.net</Data>     <Data Name=""SourcePort"">445</Data>     <Data Name=""SourcePortName"">microsoft-ds</Data>     <Data Name=""DestinationIsIpv6"">false</Data>     <Data Name=""DestinationIp"">172.17.11.209</Data>     <Data Name=""DestinationHostname"">ACC-01</Data>     <Data Name=""DestinationPort"">58604</Data>     <Data Name=""DestinationPortName""/>   </EventData> </Event> "
2022-08-05 22:22:18+00:00,ACC-07,evtx_Microsoft-Windows-Sysmon/Operational,Lateral Movement,Network connection to another subject,0.0,Microsoft-Windows-Sysmon/Operational;Microsoft-Windows-Sysmon;3,3,684,C:\Windows\System32\svchost.exe,,,,,tcp,false,ACC-07.corp.net,172.17.11.190,135,ACC-01,172.17.11.209,58605,-,"<Event xmlns=""http://schemas.microsoft.com/win/2004/08/events/event"">   <System>     <Provider Name=""Microsoft-Windows-Sysmon"" Guid=""{5770385F-C22A-43E0-BF4C-06F5698FFBD9}""/>     <EventID>3</EventID>     <Version>5</Version>     <Level>4</Level>     <Task>3</Task>     <Opcode>0</Opcode>     <Keywords>0x8000000000000000</Keywords>     <TimeCreated SystemTime=""2022-08-05T22:22:18.708217200Z""/>     <EventRecordID>175840</EventRecordID>     <Correlation/>     <Execution ProcessID=""1444"" ThreadID=""1936""/>     <Channel>Microsoft-Windows-Sysmon/Operational</Channel>     <Computer>ACC-07.corp.net</Computer>     <Security UserID=""S-1-5-18""/>   </System>   <EventData>     <Data Name=""RuleName""/>     <Data Name=""UtcTime"">2022-08-05 22:22:17.593</Data>     <Data Name=""ProcessGuid"">{7A60D74F-64C4-62ED-0000-00101EF40000}</Data>     <Data Name=""ProcessId"">684</Data>     <Data Name=""Image"">C:\Windows\System32\svchost.exe</Data>     <Data Name=""User"">NT AUTHORITY\NETWORK SERVICE</Data>     <Data Name=""Protocol"">tcp</Data>     <Data Name=""Initiated"">false</Data>     <Data Name=""SourceIsIpv6"">false</Data>     <Data Name=""SourceIp"">172.17.11.190</Data>     <Data Name=""SourceHostname"">ACC-07.corp.net</Data>     <Data Name=""SourcePort"">135</Data>     <Data Name=""SourcePortName"">epmap</Data>     <Data Name=""DestinationIsIpv6"">false</Data>     <Data Name=""DestinationIp"">172.17.11.209</Data>     <Data Name=""DestinationHostname"">ACC-01</Data>     <Data Name=""DestinationPort"">58605</Data>     <Data Name=""DestinationPortName""/>   </EventData> </Event> "
2022-08-05 22:22:18+00:00,ACC-07,evtx_Microsoft-Windows-Sysmon/Operational,Lateral Movement,Network connection to another subject,0.0,Microsoft-Windows-Sysmon/Operational;Microsoft-Windows-Sysmon;3,3,464,C:\Windows\System32\services.exe,,,,,tcp,false,ACC-07.corp.net,172.17.11.190,49181,ACC-01,172.17.11.209,58606,-,"<Event xmlns=""http://schemas.microsoft.com/win/2004/08/events/event"">   <System>     <Provider Name=""Microsoft-Windows-Sysmon"" Guid=""{5770385F-C22A-43E0-BF4C-06F5698FFBD9}""/>     <EventID>3</EventID>     <Version>5</Version>     <Level>4</Level>     <Task>3</Task>     <Opcode>0</Opcode>     <Keywords>0x8000000000000000</Keywords>     <TimeCreated SystemTime=""2022-08-05T22:22:18.708217200Z""/>     <EventRecordID>175841</EventRecordID>     <Correlation/>     <Execution ProcessID=""1444"" ThreadID=""1936""/>     <Channel>Microsoft-Windows-Sysmon/Operational</Channel>     <Computer>ACC-07.corp.net</Computer>     <Security UserID=""S-1-5-18""/>   </System>   <EventData>     <Data Name=""RuleName""/>     <Data Name=""UtcTime"">2022-08-05 22:22:17.602</Data>     <Data Name=""ProcessGuid"">{7A60D74F-64C3-62ED-0000-001004940000}</Data>     <Data Name=""ProcessId"">464</Data>     <Data Name=""Image"">C:\Windows\System32\services.exe</Data>     <Data Name=""User"">NT AUTHORITY\SYSTEM</Data>     <Data Name=""Protocol"">tcp</Data>     <Data Name=""Initiated"">false</Data>     <Data Name=""SourceIsIpv6"">false</Data>     <Data Name=""SourceIp"">172.17.11.190</Data>     <Data Name=""SourceHostname"">ACC-07.corp.net</Data>     <Data Name=""SourcePort"">49181</Data>     <Data Name=""SourcePortName""/>     <Data Name=""DestinationIsIpv6"">false</Data>     <Data Name=""DestinationIp"">172.17.11.209</Data>     <Data Name=""DestinationHostname"">ACC-01</Data>     <Data Name=""DestinationPort"">58606</Data>     <Data Name=""DestinationPortName""/>   </EventData> </Event> "
2022-08-05 22:22:19+00:00,ACC-10,evtx_Microsoft-Windows-Sysmon/Operational,Command and Control,Connection to C2,0.0,Microsoft-Windows-Sysmon/Operational;Microsoft-Windows-Sysmon;3,3,364,C:\Windows\SysWOW64\rundll32.exe,,,,,tcp,true,ACC-10.corp.net,172.17.11.184,55601,5-131.gtt-net.cz,82.144.131.5,443,-,"<Event xmlns=""http://schemas.microsoft.com/win/2004/08/events/event"">   <System>     <Provider Name=""Microsoft-Windows-Sysmon"" Guid=""{5770385F-C22A-43E0-BF4C-06F5698FFBD9}""/>     <EventID>3</EventID>     <Version>5</Version>     <Level>4</Level>     <Task>3</Task>     <Opcode>0</Opcode>     <Keywords>0x8000000000000000</Keywords>     <TimeCreated SystemTime=""2022-08-05T22:22:19.026923100Z""/>     <EventRecordID>141707</EventRecordID>     <Correlation/>     <Execution ProcessID=""1428"" ThreadID=""1928""/>     <Channel>Microsoft-Windows-Sysmon/Operational</Channel>     <Computer>ACC-10.corp.net</Computer>     <Security UserID=""S-1-5-18""/>   </System>   <EventData>     <Data Name=""RuleName""/>     <Data Name=""UtcTime"">2022-08-05 22:22:13.569</Data>     <Data Name=""ProcessGuid"">{140A6FA9-8EDF-62ED-0000-0010D81B7D01}</Data>     <Data Name=""ProcessId"">364</Data>     <Data Name=""Image"">C:\Windows\SysWOW64\rundll32.exe</Data>     <Data Name=""User"">CORP\Joann.Sims</Data>     <Data Name=""Protocol"">tcp</Data>     <Data Name=""Initiated"">true</Data>     <Data Name=""SourceIsIpv6"">false</Data>     <Data Name=""SourceIp"">172.17.11.184</Data>     <Data Name=""SourceHostname"">ACC-10.corp.net</Data>     <Data Name=""SourcePort"">55601</Data>     <Data Name=""SourcePortName""/>     <Data Name=""DestinationIsIpv6"">false</Data>     <Data Name=""DestinationIp"">82.144.131.5</Data>     <Data Name=""DestinationHostname"">5-131.gtt-net.cz</Data>     <Data Name=""DestinationPort"">443</Data>     <Data Name=""DestinationPortName"">https</Data>   </EventData> </Event> "
2022-08-05 22:22:20+00:00,ACC-07,evtx_Microsoft-Windows-Sysmon/Operational,Lateral Movement,Connection to inter-beacon named pipe \ipc_14,0.0,Microsoft-Windows-Sysmon/Operational;Microsoft-Windows-Sysmon;18,18,4,System,,,\ipc_14,,,,,,,,,,-,"<Event xmlns=""http://schemas.microsoft.com/win/2004/08/events/event"">   <System>     <Provider Name=""Microsoft-Windows-Sysmon"" Guid=""{5770385F-C22A-43E0-BF4C-06F5698FFBD9}""/>     <EventID>18</EventID>     <Version>1</Version>     <Level>4</Level>     <Task>18</Task>     <Opcode>0</Opcode>     <Keywords>0x8000000000000000</Keywords>     <TimeCreated SystemTime=""2022-08-05T22:22:20.794271700Z""/>     <EventRecordID>175848</EventRecordID>     <Correlation/>     <Execution ProcessID=""1444"" ThreadID=""1932""/>     <Channel>Microsoft-Windows-Sysmon/Operational</Channel>     <Computer>ACC-07.corp.net</Computer>     <Security UserID=""S-1-5-18""/>   </System>   <EventData>     <Data Name=""RuleName""/>     <Data Name=""UtcTime"">2022-08-05 22:22:20.793</Data>     <Data Name=""ProcessGuid"">{7A60D74F-64C3-62ED-0000-0010EB030000}</Data>     <Data Name=""ProcessId"">4</Data>     <Data Name=""PipeName"">\ipc_14</Data>     <Data Name=""Image"">System</Data>   </EventData> </Event> "
2022-08-05 22:22:59+00:00,ACC-10,evtx_Microsoft-Windows-Sysmon/Operational,Command and Control,Connection to C2,0.0,Microsoft-Windows-Sysmon/Operational;Microsoft-Windows-Sysmon;3,3,364,C:\Windows\SysWOW64\rundll32.exe,,,,,tcp,true,ACC-10.corp.net,172.17.11.184,55602,c-73-245-147-162.hsd1.fl.comcast.net,73.245.147.162,443,-,"<Event xmlns=""http://schemas.microsoft.com/win/2004/08/events/event"">   <System>     <Provider Name=""Microsoft-Windows-Sysmon"" Guid=""{5770385F-C22A-43E0-BF4C-06F5698FFBD9}""/>     <EventID>3</EventID>     <Version>5</Version>     <Level>4</Level>     <Task>3</Task>     <Opcode>0</Opcode>     <Keywords>0x8000000000000000</Keywords>     <TimeCreated SystemTime=""2022-08-05T22:22:59.855464400Z""/>     <EventRecordID>141766</EventRecordID>     <Correlation/>     <Execution ProcessID=""1428"" ThreadID=""1928""/>     <Channel>Microsoft-Windows-Sysmon/Operational</Channel>     <Computer>ACC-10.corp.net</Computer>     <Security UserID=""S-1-5-18""/>   </System>   <EventData>     <Data Name=""RuleName""/>     <Data Name=""UtcTime"">2022-08-05 22:22:54.291</Data>     <Data Name=""ProcessGuid"">{140A6FA9-8EDF-62ED-0000-0010D81B7D01}</Data>     <Data Name=""ProcessId"">364</Data>     <Data Name=""Image"">C:\Windows\SysWOW64\rundll32.exe</Data>     <Data Name=""User"">CORP\Joann.Sims</Data>     <Data Name=""Protocol"">tcp</Data>     <Data Name=""Initiated"">true</Data>     <Data Name=""SourceIsIpv6"">false</Data>     <Data Name=""SourceIp"">172.17.11.184</Data>     <Data Name=""SourceHostname"">ACC-10.corp.net</Data>     <Data Name=""SourcePort"">55602</Data>     <Data Name=""SourcePortName""/>     <Data Name=""DestinationIsIpv6"">false</Data>     <Data Name=""DestinationIp"">73.245.147.162</Data>     <Data Name=""DestinationHostname"">c-73-245-147-162.hsd1.fl.comcast.net</Data>     <Data Name=""DestinationPort"">443</Data>     <Data Name=""DestinationPortName"">https</Data>   </EventData> </Event> "
2022-08-05 22:22:59+00:00,ACC-10,evtx_Microsoft-Windows-Sysmon/Operational,Command and Control,Connection to C2,0.0,Microsoft-Windows-Sysmon/Operational;Microsoft-Windows-Sysmon;3,3,364,C:\Windows\SysWOW64\rundll32.exe,,,,,tcp,true,ACC-10.corp.net,172.17.11.184,55603,c-73-245-147-162.hsd1.fl.comcast.net,73.245.147.162,443,-,"<Event xmlns=""http://schemas.microsoft.com/win/2004/08/events/event"">   <System>     <Provider Name=""Microsoft-Windows-Sysmon"" Guid=""{5770385F-C22A-43E0-BF4C-06F5698FFBD9}""/>     <EventID>3</EventID>     <Version>5</Version>     <Level>4</Level>     <Task>3</Task>     <Opcode>0</Opcode>     <Keywords>0x8000000000000000</Keywords>     <TimeCreated SystemTime=""2022-08-05T22:22:59.855464400Z""/>     <EventRecordID>141767</EventRecordID>     <Correlation/>     <Execution ProcessID=""1428"" ThreadID=""1928""/>     <Channel>Microsoft-Windows-Sysmon/Operational</Channel>     <Computer>ACC-10.corp.net</Computer>     <Security UserID=""S-1-5-18""/>   </System>   <EventData>     <Data Name=""RuleName""/>     <Data Name=""UtcTime"">2022-08-05 22:22:54.338</Data>     <Data Name=""ProcessGuid"">{140A6FA9-8EDF-62ED-0000-0010D81B7D01}</Data>     <Data Name=""ProcessId"">364</Data>     <Data Name=""Image"">C:\Windows\SysWOW64\rundll32.exe</Data>     <Data Name=""User"">CORP\Joann.Sims</Data>     <Data Name=""Protocol"">tcp</Data>     <Data Name=""Initiated"">true</Data>     <Data Name=""SourceIsIpv6"">false</Data>     <Data Name=""SourceIp"">172.17.11.184</Data>     <Data Name=""SourceHostname"">ACC-10.corp.net</Data>     <Data Name=""SourcePort"">55603</Data>     <Data Name=""SourcePortName""/>     <Data Name=""DestinationIsIpv6"">false</Data>     <Data Name=""DestinationIp"">73.245.147.162</Data>     <Data Name=""DestinationHostname"">c-73-245-147-162.hsd1.fl.comcast.net</Data>     <Data Name=""DestinationPort"">443</Data>     <Data Name=""DestinationPortName"">https</Data>   </EventData> </Event> "
