datetime,subject,source,mitre_tactic,report_desc,file_size_mb,evtx_info,eid,pid,process_name,ppid,parent_process_name,pipe_name,process_target,protocol,is_src,src_hostname,src_ip,src_port,dst_hostname,dst_ip,dst_port,timestamp_desc,raw
2022-08-05 21:21:26+00:00,ACC-10,evtx_Microsoft-Windows-Sysmon/Operational,Initial Access,User starts Outlook,0.0,Microsoft-Windows-Sysmon/Operational;Microsoft-Windows-Sysmon;1,,2132,C:\Program Files (x86)\Microsoft Office\Office14\OUTLOOK.EXE,2016,explorer.exe,,,,,,,,,,,-,"<Event xmlns=""http://schemas.microsoft.com/win/2004/08/events/event"">   <System>     <Provider Name=""Microsoft-Windows-Sysmon"" Guid=""{5770385F-C22A-43E0-BF4C-06F5698FFBD9}""/>     <EventID>1</EventID>     <Version>5</Version>     <Level>4</Level>     <Task>1</Task>     <Opcode>0</Opcode>     <Keywords>0x8000000000000000</Keywords>     <TimeCreated SystemTime=""2022-08-05T21:21:26.354641900Z""/>     <EventRecordID>126068</EventRecordID>     <Correlation/>     <Execution ProcessID=""1428"" ThreadID=""1916""/>     <Channel>Microsoft-Windows-Sysmon/Operational</Channel>     <Computer>ACC-10.corp.net</Computer>     <Security UserID=""S-1-5-18""/>   </System>   <EventData>     <Data Name=""RuleName""/>     <Data Name=""UtcTime"">2022-08-05 21:21:26.235</Data>     <Data Name=""ProcessGuid"">{140A6FA9-89D6-62ED-0000-0010A0405401}</Data>     <Data Name=""ProcessId"">2132</Data>     <Data Name=""Image"">C:\Program Files (x86)\Microsoft Office\Office14\OUTLOOK.EXE</Data>     <Data Name=""FileVersion"">14.0.4760.1000</Data>     <Data Name=""Description"">Microsoft Outlook</Data>     <Data Name=""Product"">Microsoft Outlook</Data>     <Data Name=""Company"">Microsoft Corporation</Data>     <Data Name=""CommandLine"">""C:\PROGRA~2\MICROS~1\Office14\OUTLOOK.EXE"" </Data>     <Data Name=""CurrentDirectory"">C:\Users\Joann.Sims\</Data>     <Data Name=""User"">CORP\Joann.Sims</Data>     <Data Name=""LogonGuid"">{140A6FA9-6527-62ED-0000-0020EDCB0100}</Data>     <Data Name=""LogonId"">0x000000000001cbed</Data>     <Data Name=""TerminalSessionId"">1</Data>     <Data Name=""IntegrityLevel"">Medium</Data>     <Data Name=""Hashes"">MD5=CA6DB5CB169E09209D0BA380E398D87B,IMPHASH=FACBA47D6D8DA364EE7458453D5BC867</Data>     <Data Name=""ParentProcessGuid"">{140A6FA9-6530-62ED-0000-0010BA070500}</Data>     <Data Name=""ParentProcessId"">2016</Data>     <Data Name=""ParentImage"">C:\Windows\explorer.exe</Data>     <Data Name=""ParentCommandLine"">C:\Windows\Explorer.EXE</Data>   </EventData> </Event> "
2022-08-05 21:42:22+00:00,ACC-10,evtx_Microsoft-Windows-Sysmon/Operational,Initial Access,User follows a link to blog.coinmarketcap.com,0.0,Microsoft-Windows-Sysmon/Operational;Microsoft-Windows-Sysmon;1,,5440,C:\Program Files (x86)\Internet Explorer\iexplore.exe,2132,OUTLOOK.EXE,,,,,,,,,,,-,"<Event xmlns=""http://schemas.microsoft.com/win/2004/08/events/event"">   <System>     <Provider Name=""Microsoft-Windows-Sysmon"" Guid=""{5770385F-C22A-43E0-BF4C-06F5698FFBD9}""/>     <EventID>1</EventID>     <Version>5</Version>     <Level>4</Level>     <Task>1</Task>     <Opcode>0</Opcode>     <Keywords>0x8000000000000000</Keywords>     <TimeCreated SystemTime=""2022-08-05T21:42:22.513624700Z""/>     <EventRecordID>131599</EventRecordID>     <Correlation/>     <Execution ProcessID=""1428"" ThreadID=""1916""/>     <Channel>Microsoft-Windows-Sysmon/Operational</Channel>     <Computer>ACC-10.corp.net</Computer>     <Security UserID=""S-1-5-18""/>   </System>   <EventData>     <Data Name=""RuleName""/>     <Data Name=""UtcTime"">2022-08-05 21:42:22.513</Data>     <Data Name=""ProcessGuid"">{140A6FA9-8EBE-62ED-0000-001053547C01}</Data>     <Data Name=""ProcessId"">5440</Data>     <Data Name=""Image"">C:\Program Files (x86)\Internet Explorer\iexplore.exe</Data>     <Data Name=""FileVersion"">8.00.7600.16385 (win7_rtm.090713-1255)</Data>     <Data Name=""Description"">Internet Explorer</Data>     <Data Name=""Product"">Windows® Internet Explorer</Data>     <Data Name=""Company"">Microsoft Corporation</Data>     <Data Name=""CommandLine"">""C:\Program Files (x86)\Internet Explorer\iexplore.exe"" http://blog.coinmarketcap.com/</Data>     <Data Name=""CurrentDirectory"">C:\Users\Joann.Sims\Documents\</Data>     <Data Name=""User"">CORP\Joann.Sims</Data>     <Data Name=""LogonGuid"">{140A6FA9-6527-62ED-0000-0020EDCB0100}</Data>     <Data Name=""LogonId"">0x000000000001cbed</Data>     <Data Name=""TerminalSessionId"">1</Data>     <Data Name=""IntegrityLevel"">Medium</Data>     <Data Name=""Hashes"">MD5=C613E69C3B191BB02C7A191741A1D024,IMPHASH=21CE449BAC952D12788282110FBDE738</Data>     <Data Name=""ParentProcessGuid"">{140A6FA9-89D6-62ED-0000-0010A0405401}</Data>     <Data Name=""ParentProcessId"">2132</Data>     <Data Name=""ParentImage"">C:\Program Files (x86)\Microsoft Office\Office14\OUTLOOK.EXE</Data>     <Data Name=""ParentCommandLine"">""C:\PROGRA~2\MICROS~1\Office14\OUTLOOK.EXE"" </Data>   </EventData> </Event> "
2022-08-05 21:42:36+00:00,ACC-10,evtx_Microsoft-Windows-Sysmon/Operational,Execution,Cobalt Strike named pipe connection,0.0,Microsoft-Windows-Sysmon/Operational;Microsoft-Windows-Sysmon;18,18,6728,C:\Program Files (x86)\Java\jre7\bin\java.exe,,,\jpi2_pid3904_pipe3,,,,,,,,,,-,"<Event xmlns=""http://schemas.microsoft.com/win/2004/08/events/event"">   <System>     <Provider Name=""Microsoft-Windows-Sysmon"" Guid=""{5770385F-C22A-43E0-BF4C-06F5698FFBD9}""/>     <EventID>18</EventID>     <Version>1</Version>     <Level>4</Level>     <Task>18</Task>     <Opcode>0</Opcode>     <Keywords>0x8000000000000000</Keywords>     <TimeCreated SystemTime=""2022-08-05T21:42:36.738949400Z""/>     <EventRecordID>131684</EventRecordID>     <Correlation/>     <Execution ProcessID=""1428"" ThreadID=""1916""/>     <Channel>Microsoft-Windows-Sysmon/Operational</Channel>     <Computer>ACC-10.corp.net</Computer>     <Security UserID=""S-1-5-18""/>   </System>   <EventData>     <Data Name=""RuleName""/>     <Data Name=""UtcTime"">2022-08-05 21:42:36.738</Data>     <Data Name=""ProcessGuid"">{140A6FA9-8ECC-62ED-0000-001077C97C01}</Data>     <Data Name=""ProcessId"">6728</Data>     <Data Name=""PipeName"">\jpi2_pid3904_pipe3</Data>     <Data Name=""Image"">C:\Program Files (x86)\Java\jre7\bin\java.exe</Data>   </EventData> </Event> "
2022-08-05 21:42:36+00:00,ACC-10,evtx_Microsoft-Windows-Sysmon/Operational,Execution,Cobalt Strike named pipe connection,0.0,Microsoft-Windows-Sysmon/Operational;Microsoft-Windows-Sysmon;18,18,6728,C:\Program Files (x86)\Java\jre7\bin\java.exe,,,\jpi2_pid3904_pipe2,,,,,,,,,,-,"<Event xmlns=""http://schemas.microsoft.com/win/2004/08/events/event"">   <System>     <Provider Name=""Microsoft-Windows-Sysmon"" Guid=""{5770385F-C22A-43E0-BF4C-06F5698FFBD9}""/>     <EventID>18</EventID>     <Version>1</Version>     <Level>4</Level>     <Task>18</Task>     <Opcode>0</Opcode>     <Keywords>0x8000000000000000</Keywords>     <TimeCreated SystemTime=""2022-08-05T21:42:36.738949400Z""/>     <EventRecordID>131685</EventRecordID>     <Correlation/>     <Execution ProcessID=""1428"" ThreadID=""1916""/>     <Channel>Microsoft-Windows-Sysmon/Operational</Channel>     <Computer>ACC-10.corp.net</Computer>     <Security UserID=""S-1-5-18""/>   </System>   <EventData>     <Data Name=""RuleName""/>     <Data Name=""UtcTime"">2022-08-05 21:42:36.738</Data>     <Data Name=""ProcessGuid"">{140A6FA9-8ECC-62ED-0000-001077C97C01}</Data>     <Data Name=""ProcessId"">6728</Data>     <Data Name=""PipeName"">\jpi2_pid3904_pipe2</Data>     <Data Name=""Image"">C:\Program Files (x86)\Java\jre7\bin\java.exe</Data>   </EventData> </Event> "
2022-08-05 21:42:36+00:00,ACC-10,evtx_Microsoft-Windows-Sysmon/Operational,Initial Access,Java applet executed from IE (deploy.jar),0.0,Microsoft-Windows-Sysmon/Operational;Microsoft-Windows-Sysmon;1,,2572,C:\Program Files (x86)\Java\jre7\bin\jp2launcher.exe,5440,iexplore.exe,,,,,,,,,,,-,"<Event xmlns=""http://schemas.microsoft.com/win/2004/08/events/event"">   <System>     <Provider Name=""Microsoft-Windows-Sysmon"" Guid=""{5770385F-C22A-43E0-BF4C-06F5698FFBD9}""/>     <EventID>1</EventID>     <Version>5</Version>     <Level>4</Level>     <Task>1</Task>     <Opcode>0</Opcode>     <Keywords>0x8000000000000000</Keywords>     <TimeCreated SystemTime=""2022-08-05T21:42:36.600738100Z""/>     <EventRecordID>131682</EventRecordID>     <Correlation/>     <Execution ProcessID=""1428"" ThreadID=""1916""/>     <Channel>Microsoft-Windows-Sysmon/Operational</Channel>     <Computer>ACC-10.corp.net</Computer>     <Security UserID=""S-1-5-18""/>   </System>   <EventData>     <Data Name=""RuleName""/>     <Data Name=""UtcTime"">2022-08-05 21:42:36.553</Data>     <Data Name=""ProcessGuid"">{140A6FA9-8ECC-62ED-0000-001076C77C01}</Data>     <Data Name=""ProcessId"">2572</Data>     <Data Name=""Image"">C:\Program Files (x86)\Java\jre7\bin\jp2launcher.exe</Data>     <Data Name=""FileVersion"">10.21.2.11</Data>     <Data Name=""Description"">Java(TM) Platform SE binary</Data>     <Data Name=""Product"">Java(TM) Platform SE 7 U21</Data>     <Data Name=""Company"">Oracle Corporation</Data>     <Data Name=""CommandLine"">""C:\Program Files (x86)\Java\jre7\bin\jp2launcher.exe"" -D__jvm_launched=10683195851 -D__applet_launched=10683172242 -Dsun.awt.warmup=true sun.plugin2.main.client.PluginMain write_pipe_name=jpi2_pid3904_pipe3,read_pipe_name=jpi2_pid3904_pipe2</Data>     <Data Name=""CurrentDirectory"">C:\Users\Joann.Sims\Desktop\</Data>     <Data Name=""User"">CORP\Joann.Sims</Data>     <Data Name=""LogonGuid"">{140A6FA9-6527-62ED-0000-0020EDCB0100}</Data>     <Data Name=""LogonId"">0x000000000001cbed</Data>     <Data Name=""TerminalSessionId"">1</Data>     <Data Name=""IntegrityLevel"">Medium</Data>     <Data Name=""Hashes"">MD5=ACDB79D0321C33C0D0B46409E6226043,IMPHASH=07644477E1D1A4C38418E1026DB9874E</Data>     <Data Name=""ParentProcessGuid"">{140A6FA9-8EBE-62ED-0000-001053547C01}</Data>     <Data Name=""ParentProcessId"">5440</Data>     <Data Name=""ParentImage"">C:\Program Files (x86)\Internet Explorer\iexplore.exe</Data>     <Data Name=""ParentCommandLine"">""C:\Program Files (x86)\Internet Explorer\iexplore.exe"" http://blog.coinmarketcap.com/</Data>   </EventData> </Event> "
2022-08-05 21:42:36+00:00,ACC-10,evtx_Microsoft-Windows-Sysmon/Operational,Initial Access,Java applet executed from IE (deploy.jar),0.0,Microsoft-Windows-Sysmon/Operational;Microsoft-Windows-Sysmon;1,,6728,C:\Program Files (x86)\Java\jre7\bin\java.exe,2572,jp2launcher.exe,,,,,,,,,,,-,"<Event xmlns=""http://schemas.microsoft.com/win/2004/08/events/event"">   <System>     <Provider Name=""Microsoft-Windows-Sysmon"" Guid=""{5770385F-C22A-43E0-BF4C-06F5698FFBD9}""/>     <EventID>1</EventID>     <Version>5</Version>     <Level>4</Level>     <Task>1</Task>     <Opcode>0</Opcode>     <Keywords>0x8000000000000000</Keywords>     <TimeCreated SystemTime=""2022-08-05T21:42:36.600738100Z""/>     <EventRecordID>131683</EventRecordID>     <Correlation/>     <Execution ProcessID=""1428"" ThreadID=""1916""/>     <Channel>Microsoft-Windows-Sysmon/Operational</Channel>     <Computer>ACC-10.corp.net</Computer>     <Security UserID=""S-1-5-18""/>   </System>   <EventData>     <Data Name=""RuleName""/>     <Data Name=""UtcTime"">2022-08-05 21:42:36.600</Data>     <Data Name=""ProcessGuid"">{140A6FA9-8ECC-62ED-0000-001077C97C01}</Data>     <Data Name=""ProcessId"">6728</Data>     <Data Name=""Image"">C:\Program Files (x86)\Java\jre7\bin\java.exe</Data>     <Data Name=""FileVersion"">7.0.210.11</Data>     <Data Name=""Description"">Java(TM) Platform SE binary</Data>     <Data Name=""Product"">Java(TM) Platform SE 7 U21</Data>     <Data Name=""Company"">Oracle Corporation</Data>     <Data Name=""CommandLine"">""C:\Program Files (x86)\Java\jre7\bin\java.exe"" -Xbootclasspath/a:""C:\Program Files (x86)\Java\jre7\lib\deploy.jar"";""C:\Program Files (x86)\Java\jre7\lib\javaws.jar"";""C:\Program Files (x86)\Java\jre7\lib\plugin.jar"" -Djava.class.path=""C:\Program Files (x86)\Java\jre7\classes"" -D__jvm_launched=10683195851 -D__applet_launched=10683172242 -Dsun.awt.warmup=true sun.plugin2.main.client.PluginMain write_pipe_name=jpi2_pid3904_pipe3,read_pipe_name=jpi2_pid3904_pipe2</Data>     <Data Name=""CurrentDirectory"">C:\Users\Joann.Sims\Desktop\</Data>     <Data Name=""User"">CORP\Joann.Sims</Data>     <Data Name=""LogonGuid"">{140A6FA9-6527-62ED-0000-0020EDCB0100}</Data>     <Data Name=""LogonId"">0x000000000001cbed</Data>     <Data Name=""TerminalSessionId"">1</Data>     <Data Name=""IntegrityLevel"">Medium</Data>     <Data Name=""Hashes"">MD5=091C84FE9C2A2C4AE1F30AC7C6A4BDD1,IMPHASH=3C9847EA7BF446108D8B6BF308C41C52</Data>     <Data Name=""ParentProcessGuid"">{140A6FA9-8ECC-62ED-0000-001076C77C01}</Data>     <Data Name=""ParentProcessId"">2572</Data>     <Data Name=""ParentImage"">C:\Program Files (x86)\Java\jre7\bin\jp2launcher.exe</Data>     <Data Name=""ParentCommandLine"">""C:\Program Files (x86)\Java\jre7\bin\jp2launcher.exe"" -D__jvm_launched=10683195851 -D__applet_launched=10683172242 -Dsun.awt.warmup=true sun.plugin2.main.client.PluginMain write_pipe_name=jpi2_pid3904_pipe3,read_pipe_name=jpi2_pid3904_pipe2</Data>   </EventData> </Event> "
2022-08-05 21:42:40+00:00,ACC-10,evtx_Microsoft-Windows-Sysmon/Operational,Initial Access,Connection to blog.coinmarketcap.com,0.0,Microsoft-Windows-Sysmon/Operational;Microsoft-Windows-Sysmon;3,3,6728,C:\Program Files (x86)\Java\jre7\bin\java.exe,,,,,tcp,true,ACC-10.corp.net,172.17.11.184,53461,,192.0.78.195,80,-,"<Event xmlns=""http://schemas.microsoft.com/win/2004/08/events/event"">   <System>     <Provider Name=""Microsoft-Windows-Sysmon"" Guid=""{5770385F-C22A-43E0-BF4C-06F5698FFBD9}""/>     <EventID>3</EventID>     <Version>5</Version>     <Level>4</Level>     <Task>3</Task>     <Opcode>0</Opcode>     <Keywords>0x8000000000000000</Keywords>     <TimeCreated SystemTime=""2022-08-05T21:42:40.628851600Z""/>     <EventRecordID>131718</EventRecordID>     <Correlation/>     <Execution ProcessID=""1428"" ThreadID=""1928""/>     <Channel>Microsoft-Windows-Sysmon/Operational</Channel>     <Computer>ACC-10.corp.net</Computer>     <Security UserID=""S-1-5-18""/>   </System>   <EventData>     <Data Name=""RuleName""/>     <Data Name=""UtcTime"">2022-08-05 21:42:35.199</Data>     <Data Name=""ProcessGuid"">{140A6FA9-8ECC-62ED-0000-001077C97C01}</Data>     <Data Name=""ProcessId"">6728</Data>     <Data Name=""Image"">C:\Program Files (x86)\Java\jre7\bin\java.exe</Data>     <Data Name=""User"">CORP\Joann.Sims</Data>     <Data Name=""Protocol"">tcp</Data>     <Data Name=""Initiated"">true</Data>     <Data Name=""SourceIsIpv6"">false</Data>     <Data Name=""SourceIp"">172.17.11.184</Data>     <Data Name=""SourceHostname"">ACC-10.corp.net</Data>     <Data Name=""SourcePort"">53461</Data>     <Data Name=""SourcePortName""/>     <Data Name=""DestinationIsIpv6"">false</Data>     <Data Name=""DestinationIp"">192.0.78.195</Data>     <Data Name=""DestinationHostname""/>     <Data Name=""DestinationPort"">80</Data>     <Data Name=""DestinationPortName"">http</Data>   </EventData> </Event> "
2022-08-05 21:42:40+00:00,ACC-10,evtx_Microsoft-Windows-Sysmon/Operational,Initial Access,Connection to blog.coinmarketcap.com,0.0,Microsoft-Windows-Sysmon/Operational;Microsoft-Windows-Sysmon;3,3,5440,C:\Program Files (x86)\Internet Explorer\iexplore.exe,,,,,tcp,true,ACC-10.corp.net,172.17.11.184,53462,,192.0.78.195,80,-,"<Event xmlns=""http://schemas.microsoft.com/win/2004/08/events/event"">   <System>     <Provider Name=""Microsoft-Windows-Sysmon"" Guid=""{5770385F-C22A-43E0-BF4C-06F5698FFBD9}""/>     <EventID>3</EventID>     <Version>5</Version>     <Level>4</Level>     <Task>3</Task>     <Opcode>0</Opcode>     <Keywords>0x8000000000000000</Keywords>     <TimeCreated SystemTime=""2022-08-05T21:42:40.628851600Z""/>     <EventRecordID>131721</EventRecordID>     <Correlation/>     <Execution ProcessID=""1428"" ThreadID=""1928""/>     <Channel>Microsoft-Windows-Sysmon/Operational</Channel>     <Computer>ACC-10.corp.net</Computer>     <Security UserID=""S-1-5-18""/>   </System>   <EventData>     <Data Name=""RuleName""/>     <Data Name=""UtcTime"">2022-08-05 21:42:35.210</Data>     <Data Name=""ProcessGuid"">{140A6FA9-8EBE-62ED-0000-001053547C01}</Data>     <Data Name=""ProcessId"">5440</Data>     <Data Name=""Image"">C:\Program Files (x86)\Internet Explorer\iexplore.exe</Data>     <Data Name=""User"">CORP\Joann.Sims</Data>     <Data Name=""Protocol"">tcp</Data>     <Data Name=""Initiated"">true</Data>     <Data Name=""SourceIsIpv6"">false</Data>     <Data Name=""SourceIp"">172.17.11.184</Data>     <Data Name=""SourceHostname"">ACC-10.corp.net</Data>     <Data Name=""SourcePort"">53462</Data>     <Data Name=""SourcePortName""/>     <Data Name=""DestinationIsIpv6"">false</Data>     <Data Name=""DestinationIp"">192.0.78.195</Data>     <Data Name=""DestinationHostname""/>     <Data Name=""DestinationPort"">80</Data>     <Data Name=""DestinationPortName"">http</Data>   </EventData> </Event> "
2022-08-05 21:42:55+00:00,ACC-10,evtx_Microsoft-Windows-Sysmon/Operational,Command and Control,Cobalt Strike beacon spawned,0.0,Microsoft-Windows-Sysmon/Operational;Microsoft-Windows-Sysmon;1,,364,C:\Windows\SysWOW64\rundll32.exe,6728,C:\Program Files (x86)\Java\jre7\bin\java.exe,,,,,,,,,,,-,"<Event xmlns=""http://schemas.microsoft.com/win/2004/08/events/event"">   <System>     <Provider Name=""Microsoft-Windows-Sysmon"" Guid=""{5770385F-C22A-43E0-BF4C-06F5698FFBD9}""/>     <EventID>1</EventID>     <Version>5</Version>     <Level>4</Level>     <Task>1</Task>     <Opcode>0</Opcode>     <Keywords>0x8000000000000000</Keywords>     <TimeCreated SystemTime=""2022-08-05T21:42:55.817236600Z""/>     <EventRecordID>131747</EventRecordID>     <Correlation/>     <Execution ProcessID=""1428"" ThreadID=""1916""/>     <Channel>Microsoft-Windows-Sysmon/Operational</Channel>     <Computer>ACC-10.corp.net</Computer>     <Security UserID=""S-1-5-18""/>   </System>   <EventData>     <Data Name=""RuleName""/>     <Data Name=""UtcTime"">2022-08-05 21:42:55.808</Data>     <Data Name=""ProcessGuid"">{140A6FA9-8EDF-62ED-0000-0010D81B7D01}</Data>     <Data Name=""ProcessId"">364</Data>     <Data Name=""Image"">C:\Windows\SysWOW64\rundll32.exe</Data>     <Data Name=""FileVersion"">6.1.7600.16385 (win7_rtm.090713-1255)</Data>     <Data Name=""Description"">Windows host process (Rundll32)</Data>     <Data Name=""Product"">Microsoft® Windows® Operating System</Data>     <Data Name=""Company"">Microsoft Corporation</Data>     <Data Name=""CommandLine"">C:\Windows\System32\rundll32.exe</Data>     <Data Name=""CurrentDirectory"">C:\Users\Joann.Sims\Desktop\</Data>     <Data Name=""User"">CORP\Joann.Sims</Data>     <Data Name=""LogonGuid"">{140A6FA9-6527-62ED-0000-0020EDCB0100}</Data>     <Data Name=""LogonId"">0x000000000001cbed</Data>     <Data Name=""TerminalSessionId"">1</Data>     <Data Name=""IntegrityLevel"">Medium</Data>     <Data Name=""Hashes"">MD5=51138BEEA3E2C21EC44D0932C71762A8,IMPHASH=EF8A44FE2F9AD4AB85E55004AAA024A9</Data>     <Data Name=""ParentProcessGuid"">{140A6FA9-8ECC-62ED-0000-001077C97C01}</Data>     <Data Name=""ParentProcessId"">6728</Data>     <Data Name=""ParentImage"">C:\Program Files (x86)\Java\jre7\bin\java.exe</Data>     <Data Name=""ParentCommandLine"">""C:\Program Files (x86)\Java\jre7\bin\java.exe"" -Xbootclasspath/a:""C:\Program Files (x86)\Java\jre7\lib\deploy.jar"";""C:\Program Files (x86)\Java\jre7\lib\javaws.jar"";""C:\Program Files (x86)\Java\jre7\lib\plugin.jar"" -Djava.class.path=""C:\Program Files (x86)\Java\jre7\classes"" -D__jvm_launched=10683195851 -D__applet_launched=10683172242 -Dsun.awt.warmup=true sun.plugin2.main.client.PluginMain write_pipe_name=jpi2_pid3904_pipe3,read_pipe_name=jpi2_pid3904_pipe2</Data>   </EventData> </Event> "
2022-08-05 21:42:57+00:00,ACC-10,evtx_Microsoft-Windows-Sysmon/Operational,Command and Control,Connection to C2,0.0,Microsoft-Windows-Sysmon/Operational;Microsoft-Windows-Sysmon;3,3,364,C:\Windows\SysWOW64\rundll32.exe,,,,,tcp,true,ACC-10.corp.net,172.17.11.184,53463,5-131.gtt-net.cz,82.144.131.5,443,-,"<Event xmlns=""http://schemas.microsoft.com/win/2004/08/events/event"">   <System>     <Provider Name=""Microsoft-Windows-Sysmon"" Guid=""{5770385F-C22A-43E0-BF4C-06F5698FFBD9}""/>     <EventID>3</EventID>     <Version>5</Version>     <Level>4</Level>     <Task>3</Task>     <Opcode>0</Opcode>     <Keywords>0x8000000000000000</Keywords>     <TimeCreated SystemTime=""2022-08-05T21:42:57.362157600Z""/>     <EventRecordID>131753</EventRecordID>     <Correlation/>     <Execution ProcessID=""1428"" ThreadID=""1928""/>     <Channel>Microsoft-Windows-Sysmon/Operational</Channel>     <Computer>ACC-10.corp.net</Computer>     <Security UserID=""S-1-5-18""/>   </System>   <EventData>     <Data Name=""RuleName""/>     <Data Name=""UtcTime"">2022-08-05 21:42:52.089</Data>     <Data Name=""ProcessGuid"">{140A6FA9-8EDF-62ED-0000-0010D81B7D01}</Data>     <Data Name=""ProcessId"">364</Data>     <Data Name=""Image"">C:\Windows\SysWOW64\rundll32.exe</Data>     <Data Name=""User"">CORP\Joann.Sims</Data>     <Data Name=""Protocol"">tcp</Data>     <Data Name=""Initiated"">true</Data>     <Data Name=""SourceIsIpv6"">false</Data>     <Data Name=""SourceIp"">172.17.11.184</Data>     <Data Name=""SourceHostname"">ACC-10.corp.net</Data>     <Data Name=""SourcePort"">53463</Data>     <Data Name=""SourcePortName""/>     <Data Name=""DestinationIsIpv6"">false</Data>     <Data Name=""DestinationIp"">82.144.131.5</Data>     <Data Name=""DestinationHostname"">5-131.gtt-net.cz</Data>     <Data Name=""DestinationPort"">443</Data>     <Data Name=""DestinationPortName"">https</Data>   </EventData> </Event> "
2022-08-05 21:42:58+00:00,ACC-10,evtx_Microsoft-Windows-Sysmon/Operational,Command and Control,Connection to C2,0.0,Microsoft-Windows-Sysmon/Operational;Microsoft-Windows-Sysmon;3,3,364,C:\Windows\SysWOW64\rundll32.exe,,,,,tcp,true,ACC-10.corp.net,172.17.11.184,53464,,73.245.147.162,443,-,"<Event xmlns=""http://schemas.microsoft.com/win/2004/08/events/event"">   <System>     <Provider Name=""Microsoft-Windows-Sysmon"" Guid=""{5770385F-C22A-43E0-BF4C-06F5698FFBD9}""/>     <EventID>3</EventID>     <Version>5</Version>     <Level>4</Level>     <Task>3</Task>     <Opcode>0</Opcode>     <Keywords>0x8000000000000000</Keywords>     <TimeCreated SystemTime=""2022-08-05T21:42:58.635855800Z""/>     <EventRecordID>131754</EventRecordID>     <Correlation/>     <Execution ProcessID=""1428"" ThreadID=""1928""/>     <Channel>Microsoft-Windows-Sysmon/Operational</Channel>     <Computer>ACC-10.corp.net</Computer>     <Security UserID=""S-1-5-18""/>   </System>   <EventData>     <Data Name=""RuleName""/>     <Data Name=""UtcTime"">2022-08-05 21:42:52.136</Data>     <Data Name=""ProcessGuid"">{140A6FA9-8EDF-62ED-0000-0010D81B7D01}</Data>     <Data Name=""ProcessId"">364</Data>     <Data Name=""Image"">C:\Windows\SysWOW64\rundll32.exe</Data>     <Data Name=""User"">CORP\Joann.Sims</Data>     <Data Name=""Protocol"">tcp</Data>     <Data Name=""Initiated"">true</Data>     <Data Name=""SourceIsIpv6"">false</Data>     <Data Name=""SourceIp"">172.17.11.184</Data>     <Data Name=""SourceHostname"">ACC-10.corp.net</Data>     <Data Name=""SourcePort"">53464</Data>     <Data Name=""SourcePortName""/>     <Data Name=""DestinationIsIpv6"">false</Data>     <Data Name=""DestinationIp"">73.245.147.162</Data>     <Data Name=""DestinationHostname""/>     <Data Name=""DestinationPort"">443</Data>     <Data Name=""DestinationPortName"">https</Data>   </EventData> </Event> "
2022-08-05 21:43:57+00:00,ACC-10,evtx_Microsoft-Windows-Sysmon/Operational,Command and Control,Connection to C2,0.0,Microsoft-Windows-Sysmon/Operational;Microsoft-Windows-Sysmon;3,3,364,C:\Windows\SysWOW64\rundll32.exe,,,,,tcp,true,ACC-10.corp.net,172.17.11.184,53465,5-131.gtt-net.cz,82.144.131.5,443,-,"<Event xmlns=""http://schemas.microsoft.com/win/2004/08/events/event"">   <System>     <Provider Name=""Microsoft-Windows-Sysmon"" Guid=""{5770385F-C22A-43E0-BF4C-06F5698FFBD9}""/>     <EventID>3</EventID>     <Version>5</Version>     <Level>4</Level>     <Task>3</Task>     <Opcode>0</Opcode>     <Keywords>0x8000000000000000</Keywords>     <TimeCreated SystemTime=""2022-08-05T21:43:57.099811500Z""/>     <EventRecordID>131841</EventRecordID>     <Correlation/>     <Execution ProcessID=""1428"" ThreadID=""1928""/>     <Channel>Microsoft-Windows-Sysmon/Operational</Channel>     <Computer>ACC-10.corp.net</Computer>     <Security UserID=""S-1-5-18""/>   </System>   <EventData>     <Data Name=""RuleName""/>     <Data Name=""UtcTime"">2022-08-05 21:43:51.862</Data>     <Data Name=""ProcessGuid"">{140A6FA9-8EDF-62ED-0000-0010D81B7D01}</Data>     <Data Name=""ProcessId"">364</Data>     <Data Name=""Image"">C:\Windows\SysWOW64\rundll32.exe</Data>     <Data Name=""User"">CORP\Joann.Sims</Data>     <Data Name=""Protocol"">tcp</Data>     <Data Name=""Initiated"">true</Data>     <Data Name=""SourceIsIpv6"">false</Data>     <Data Name=""SourceIp"">172.17.11.184</Data>     <Data Name=""SourceHostname"">ACC-10.corp.net</Data>     <Data Name=""SourcePort"">53465</Data>     <Data Name=""SourcePortName""/>     <Data Name=""DestinationIsIpv6"">false</Data>     <Data Name=""DestinationIp"">82.144.131.5</Data>     <Data Name=""DestinationHostname"">5-131.gtt-net.cz</Data>     <Data Name=""DestinationPort"">443</Data>     <Data Name=""DestinationPortName"">https</Data>   </EventData> </Event> "
2022-08-05 21:44:51+00:00,ACC-10,evtx_Microsoft-Windows-Sysmon/Operational,Command and Control,Connection to C2,0.0,Microsoft-Windows-Sysmon/Operational;Microsoft-Windows-Sysmon;3,3,364,C:\Windows\SysWOW64\rundll32.exe,,,,,tcp,true,ACC-10.corp.net,172.17.11.184,53558,c-73-245-147-162.hsd1.fl.comcast.net,73.245.147.162,443,-,"<Event xmlns=""http://schemas.microsoft.com/win/2004/08/events/event"">   <System>     <Provider Name=""Microsoft-Windows-Sysmon"" Guid=""{5770385F-C22A-43E0-BF4C-06F5698FFBD9}""/>     <EventID>3</EventID>     <Version>5</Version>     <Level>4</Level>     <Task>3</Task>     <Opcode>0</Opcode>     <Keywords>0x8000000000000000</Keywords>     <TimeCreated SystemTime=""2022-08-05T21:44:51.765574600Z""/>     <EventRecordID>132219</EventRecordID>     <Correlation/>     <Execution ProcessID=""1428"" ThreadID=""1928""/>     <Channel>Microsoft-Windows-Sysmon/Operational</Channel>     <Computer>ACC-10.corp.net</Computer>     <Security UserID=""S-1-5-18""/>   </System>   <EventData>     <Data Name=""RuleName""/>     <Data Name=""UtcTime"">2022-08-05 21:44:46.388</Data>     <Data Name=""ProcessGuid"">{140A6FA9-8EDF-62ED-0000-0010D81B7D01}</Data>     <Data Name=""ProcessId"">364</Data>     <Data Name=""Image"">C:\Windows\SysWOW64\rundll32.exe</Data>     <Data Name=""User"">CORP\Joann.Sims</Data>     <Data Name=""Protocol"">tcp</Data>     <Data Name=""Initiated"">true</Data>     <Data Name=""SourceIsIpv6"">false</Data>     <Data Name=""SourceIp"">172.17.11.184</Data>     <Data Name=""SourceHostname"">ACC-10.corp.net</Data>     <Data Name=""SourcePort"">53558</Data>     <Data Name=""SourcePortName""/>     <Data Name=""DestinationIsIpv6"">false</Data>     <Data Name=""DestinationIp"">73.245.147.162</Data>     <Data Name=""DestinationHostname"">c-73-245-147-162.hsd1.fl.comcast.net</Data>     <Data Name=""DestinationPort"">443</Data>     <Data Name=""DestinationPortName"">https</Data>   </EventData> </Event> "
2022-08-05 21:45:49+00:00,ACC-10,evtx_Microsoft-Windows-Sysmon/Operational,Command and Control,Connection to C2,0.0,Microsoft-Windows-Sysmon/Operational;Microsoft-Windows-Sysmon;3,3,364,C:\Windows\SysWOW64\rundll32.exe,,,,,tcp,true,ACC-10.corp.net,172.17.11.184,53653,5-131.gtt-net.cz,82.144.131.5,443,-,"<Event xmlns=""http://schemas.microsoft.com/win/2004/08/events/event"">   <System>     <Provider Name=""Microsoft-Windows-Sysmon"" Guid=""{5770385F-C22A-43E0-BF4C-06F5698FFBD9}""/>     <EventID>3</EventID>     <Version>5</Version>     <Level>4</Level>     <Task>3</Task>     <Opcode>0</Opcode>     <Keywords>0x8000000000000000</Keywords>     <TimeCreated SystemTime=""2022-08-05T21:45:49.222591600Z""/>     <EventRecordID>132649</EventRecordID>     <Correlation/>     <Execution ProcessID=""1428"" ThreadID=""1928""/>     <Channel>Microsoft-Windows-Sysmon/Operational</Channel>     <Computer>ACC-10.corp.net</Computer>     <Security UserID=""S-1-5-18""/>   </System>   <EventData>     <Data Name=""RuleName""/>     <Data Name=""UtcTime"">2022-08-05 21:45:44.005</Data>     <Data Name=""ProcessGuid"">{140A6FA9-8EDF-62ED-0000-0010D81B7D01}</Data>     <Data Name=""ProcessId"">364</Data>     <Data Name=""Image"">C:\Windows\SysWOW64\rundll32.exe</Data>     <Data Name=""User"">CORP\Joann.Sims</Data>     <Data Name=""Protocol"">tcp</Data>     <Data Name=""Initiated"">true</Data>     <Data Name=""SourceIsIpv6"">false</Data>     <Data Name=""SourceIp"">172.17.11.184</Data>     <Data Name=""SourceHostname"">ACC-10.corp.net</Data>     <Data Name=""SourcePort"">53653</Data>     <Data Name=""SourcePortName""/>     <Data Name=""DestinationIsIpv6"">false</Data>     <Data Name=""DestinationIp"">82.144.131.5</Data>     <Data Name=""DestinationHostname"">5-131.gtt-net.cz</Data>     <Data Name=""DestinationPort"">443</Data>     <Data Name=""DestinationPortName"">https</Data>   </EventData> </Event> "
2022-08-05 21:46:40+00:00,ACC-10,evtx_Microsoft-Windows-Sysmon/Operational,Command and Control,Connection to C2,0.0,Microsoft-Windows-Sysmon/Operational;Microsoft-Windows-Sysmon;3,3,364,C:\Windows\SysWOW64\rundll32.exe,,,,,tcp,true,ACC-10.corp.net,172.17.11.184,53701,c-73-245-147-162.hsd1.fl.comcast.net,73.245.147.162,443,-,"<Event xmlns=""http://schemas.microsoft.com/win/2004/08/events/event"">   <System>     <Provider Name=""Microsoft-Windows-Sysmon"" Guid=""{5770385F-C22A-43E0-BF4C-06F5698FFBD9}""/>     <EventID>3</EventID>     <Version>5</Version>     <Level>4</Level>     <Task>3</Task>     <Opcode>0</Opcode>     <Keywords>0x8000000000000000</Keywords>     <TimeCreated SystemTime=""2022-08-05T21:46:40.797338500Z""/>     <EventRecordID>132875</EventRecordID>     <Correlation/>     <Execution ProcessID=""1428"" ThreadID=""1928""/>     <Channel>Microsoft-Windows-Sysmon/Operational</Channel>     <Computer>ACC-10.corp.net</Computer>     <Security UserID=""S-1-5-18""/>   </System>   <EventData>     <Data Name=""RuleName""/>     <Data Name=""UtcTime"">2022-08-05 21:46:35.654</Data>     <Data Name=""ProcessGuid"">{140A6FA9-8EDF-62ED-0000-0010D81B7D01}</Data>     <Data Name=""ProcessId"">364</Data>     <Data Name=""Image"">C:\Windows\SysWOW64\rundll32.exe</Data>     <Data Name=""User"">CORP\Joann.Sims</Data>     <Data Name=""Protocol"">tcp</Data>     <Data Name=""Initiated"">true</Data>     <Data Name=""SourceIsIpv6"">false</Data>     <Data Name=""SourceIp"">172.17.11.184</Data>     <Data Name=""SourceHostname"">ACC-10.corp.net</Data>     <Data Name=""SourcePort"">53701</Data>     <Data Name=""SourcePortName""/>     <Data Name=""DestinationIsIpv6"">false</Data>     <Data Name=""DestinationIp"">73.245.147.162</Data>     <Data Name=""DestinationHostname"">c-73-245-147-162.hsd1.fl.comcast.net</Data>     <Data Name=""DestinationPort"">443</Data>     <Data Name=""DestinationPortName"">https</Data>   </EventData> </Event> "
2022-08-05 21:47:34+00:00,ACC-10,evtx_Microsoft-Windows-Sysmon/Operational,Command and Control,Connection to C2,0.0,Microsoft-Windows-Sysmon/Operational;Microsoft-Windows-Sysmon;3,3,364,C:\Windows\SysWOW64\rundll32.exe,,,,,tcp,true,ACC-10.corp.net,172.17.11.184,53748,5-131.gtt-net.cz,82.144.131.5,443,-,"<Event xmlns=""http://schemas.microsoft.com/win/2004/08/events/event"">   <System>     <Provider Name=""Microsoft-Windows-Sysmon"" Guid=""{5770385F-C22A-43E0-BF4C-06F5698FFBD9}""/>     <EventID>3</EventID>     <Version>5</Version>     <Level>4</Level>     <Task>3</Task>     <Opcode>0</Opcode>     <Keywords>0x8000000000000000</Keywords>     <TimeCreated SystemTime=""2022-08-05T21:47:34.892624300Z""/>     <EventRecordID>133101</EventRecordID>     <Correlation/>     <Execution ProcessID=""1428"" ThreadID=""1928""/>     <Channel>Microsoft-Windows-Sysmon/Operational</Channel>     <Computer>ACC-10.corp.net</Computer>     <Security UserID=""S-1-5-18""/>   </System>   <EventData>     <Data Name=""RuleName""/>     <Data Name=""UtcTime"">2022-08-05 21:47:29.774</Data>     <Data Name=""ProcessGuid"">{140A6FA9-8EDF-62ED-0000-0010D81B7D01}</Data>     <Data Name=""ProcessId"">364</Data>     <Data Name=""Image"">C:\Windows\SysWOW64\rundll32.exe</Data>     <Data Name=""User"">CORP\Joann.Sims</Data>     <Data Name=""Protocol"">tcp</Data>     <Data Name=""Initiated"">true</Data>     <Data Name=""SourceIsIpv6"">false</Data>     <Data Name=""SourceIp"">172.17.11.184</Data>     <Data Name=""SourceHostname"">ACC-10.corp.net</Data>     <Data Name=""SourcePort"">53748</Data>     <Data Name=""SourcePortName""/>     <Data Name=""DestinationIsIpv6"">false</Data>     <Data Name=""DestinationIp"">82.144.131.5</Data>     <Data Name=""DestinationHostname"">5-131.gtt-net.cz</Data>     <Data Name=""DestinationPort"">443</Data>     <Data Name=""DestinationPortName"">https</Data>   </EventData> </Event> "
2022-08-05 21:48:32+00:00,ACC-10,evtx_Microsoft-Windows-Sysmon/Operational,Command and Control,Connection to C2,0.0,Microsoft-Windows-Sysmon/Operational;Microsoft-Windows-Sysmon;3,3,364,C:\Windows\SysWOW64\rundll32.exe,,,,,tcp,true,ACC-10.corp.net,172.17.11.184,53843,c-73-245-147-162.hsd1.fl.comcast.net,73.245.147.162,443,-,"<Event xmlns=""http://schemas.microsoft.com/win/2004/08/events/event"">   <System>     <Provider Name=""Microsoft-Windows-Sysmon"" Guid=""{5770385F-C22A-43E0-BF4C-06F5698FFBD9}""/>     <EventID>3</EventID>     <Version>5</Version>     <Level>4</Level>     <Task>3</Task>     <Opcode>0</Opcode>     <Keywords>0x8000000000000000</Keywords>     <TimeCreated SystemTime=""2022-08-05T21:48:32.761269500Z""/>     <EventRecordID>133484</EventRecordID>     <Correlation/>     <Execution ProcessID=""1428"" ThreadID=""1928""/>     <Channel>Microsoft-Windows-Sysmon/Operational</Channel>     <Computer>ACC-10.corp.net</Computer>     <Security UserID=""S-1-5-18""/>   </System>   <EventData>     <Data Name=""RuleName""/>     <Data Name=""UtcTime"">2022-08-05 21:48:27.033</Data>     <Data Name=""ProcessGuid"">{140A6FA9-8EDF-62ED-0000-0010D81B7D01}</Data>     <Data Name=""ProcessId"">364</Data>     <Data Name=""Image"">C:\Windows\SysWOW64\rundll32.exe</Data>     <Data Name=""User"">CORP\Joann.Sims</Data>     <Data Name=""Protocol"">tcp</Data>     <Data Name=""Initiated"">true</Data>     <Data Name=""SourceIsIpv6"">false</Data>     <Data Name=""SourceIp"">172.17.11.184</Data>     <Data Name=""SourceHostname"">ACC-10.corp.net</Data>     <Data Name=""SourcePort"">53843</Data>     <Data Name=""SourcePortName""/>     <Data Name=""DestinationIsIpv6"">false</Data>     <Data Name=""DestinationIp"">73.245.147.162</Data>     <Data Name=""DestinationHostname"">c-73-245-147-162.hsd1.fl.comcast.net</Data>     <Data Name=""DestinationPort"">443</Data>     <Data Name=""DestinationPortName"">https</Data>   </EventData> </Event> "
2022-08-05 21:49:19+00:00,ACC-10,evtx_Microsoft-Windows-Sysmon/Operational,Execution,Cobalt Strike named pipe creation,0.0,Microsoft-Windows-Sysmon/Operational;Microsoft-Windows-Sysmon;17,17,2884,C:\Windows\syswow64\rundll32.exe,,,\postex_d2eb,,,,,,,,,,-,"<Event xmlns=""http://schemas.microsoft.com/win/2004/08/events/event"">   <System>     <Provider Name=""Microsoft-Windows-Sysmon"" Guid=""{5770385F-C22A-43E0-BF4C-06F5698FFBD9}""/>     <EventID>17</EventID>     <Version>1</Version>     <Level>4</Level>     <Task>17</Task>     <Opcode>0</Opcode>     <Keywords>0x8000000000000000</Keywords>     <TimeCreated SystemTime=""2022-08-05T21:49:19.337107300Z""/>     <EventRecordID>133716</EventRecordID>     <Correlation/>     <Execution ProcessID=""1428"" ThreadID=""1916""/>     <Channel>Microsoft-Windows-Sysmon/Operational</Channel>     <Computer>ACC-10.corp.net</Computer>     <Security UserID=""S-1-5-18""/>   </System>   <EventData>     <Data Name=""RuleName""/>     <Data Name=""UtcTime"">2022-08-05 21:49:19.337</Data>     <Data Name=""ProcessGuid"">{140A6FA9-905F-62ED-0000-001055B48C01}</Data>     <Data Name=""ProcessId"">2884</Data>     <Data Name=""PipeName"">\postex_d2eb</Data>     <Data Name=""Image"">C:\Windows\syswow64\rundll32.exe</Data>   </EventData> </Event> "
2022-08-05 21:49:19+00:00,ACC-10,evtx_Microsoft-Windows-Sysmon/Operational,Execution,Cobalt Strike named pipe connection,0.0,Microsoft-Windows-Sysmon/Operational;Microsoft-Windows-Sysmon;18,18,364,C:\Windows\SysWOW64\rundll32.exe,,,\postex_d2eb,,,,,,,,,,-,"<Event xmlns=""http://schemas.microsoft.com/win/2004/08/events/event"">   <System>     <Provider Name=""Microsoft-Windows-Sysmon"" Guid=""{5770385F-C22A-43E0-BF4C-06F5698FFBD9}""/>     <EventID>18</EventID>     <Version>1</Version>     <Level>4</Level>     <Task>18</Task>     <Opcode>0</Opcode>     <Keywords>0x8000000000000000</Keywords>     <TimeCreated SystemTime=""2022-08-05T21:49:19.829378100Z""/>     <EventRecordID>133721</EventRecordID>     <Correlation/>     <Execution ProcessID=""1428"" ThreadID=""1916""/>     <Channel>Microsoft-Windows-Sysmon/Operational</Channel>     <Computer>ACC-10.corp.net</Computer>     <Security UserID=""S-1-5-18""/>   </System>   <EventData>     <Data Name=""RuleName""/>     <Data Name=""UtcTime"">2022-08-05 21:49:19.781</Data>     <Data Name=""ProcessGuid"">{140A6FA9-8EDF-62ED-0000-0010D81B7D01}</Data>     <Data Name=""ProcessId"">364</Data>     <Data Name=""PipeName"">\postex_d2eb</Data>     <Data Name=""Image"">C:\Windows\SysWOW64\rundll32.exe</Data>   </EventData> </Event> "
2022-08-05 21:49:19+00:00,ACC-10,evtx_Microsoft-Windows-Sysmon/Operational,Execution,"Sacrificial process spawned, unidentified purpose",0.0,Microsoft-Windows-Sysmon/Operational;Microsoft-Windows-Sysmon;1,,2884,C:\Windows\SysWOW64\rundll32.exe,364,C:\Windows\SysWOW64\rundll32.exe,,,,,,,,,,,-,"<Event xmlns=""http://schemas.microsoft.com/win/2004/08/events/event"">   <System>     <Provider Name=""Microsoft-Windows-Sysmon"" Guid=""{5770385F-C22A-43E0-BF4C-06F5698FFBD9}""/>     <EventID>1</EventID>     <Version>5</Version>     <Level>4</Level>     <Task>1</Task>     <Opcode>0</Opcode>     <Keywords>0x8000000000000000</Keywords>     <TimeCreated SystemTime=""2022-08-05T21:49:19.149960100Z""/>     <EventRecordID>133715</EventRecordID>     <Correlation/>     <Execution ProcessID=""1428"" ThreadID=""1916""/>     <Channel>Microsoft-Windows-Sysmon/Operational</Channel>     <Computer>ACC-10.corp.net</Computer>     <Security UserID=""S-1-5-18""/>   </System>   <EventData>     <Data Name=""RuleName""/>     <Data Name=""UtcTime"">2022-08-05 21:49:19.149</Data>     <Data Name=""ProcessGuid"">{140A6FA9-905F-62ED-0000-001055B48C01}</Data>     <Data Name=""ProcessId"">2884</Data>     <Data Name=""Image"">C:\Windows\SysWOW64\rundll32.exe</Data>     <Data Name=""FileVersion"">6.1.7600.16385 (win7_rtm.090713-1255)</Data>     <Data Name=""Description"">Windows host process (Rundll32)</Data>     <Data Name=""Product"">Microsoft® Windows® Operating System</Data>     <Data Name=""Company"">Microsoft Corporation</Data>     <Data Name=""CommandLine"">C:\Windows\syswow64\rundll32.exe</Data>     <Data Name=""CurrentDirectory"">C:\Users\Joann.Sims\Desktop\</Data>     <Data Name=""User"">CORP\Joann.Sims</Data>     <Data Name=""LogonGuid"">{140A6FA9-6527-62ED-0000-0020EDCB0100}</Data>     <Data Name=""LogonId"">0x000000000001cbed</Data>     <Data Name=""TerminalSessionId"">1</Data>     <Data Name=""IntegrityLevel"">Medium</Data>     <Data Name=""Hashes"">MD5=51138BEEA3E2C21EC44D0932C71762A8,IMPHASH=EF8A44FE2F9AD4AB85E55004AAA024A9</Data>     <Data Name=""ParentProcessGuid"">{140A6FA9-8EDF-62ED-0000-0010D81B7D01}</Data>     <Data Name=""ParentProcessId"">364</Data>     <Data Name=""ParentImage"">C:\Windows\SysWOW64\rundll32.exe</Data>     <Data Name=""ParentCommandLine"">C:\Windows\System32\rundll32.exe</Data>   </EventData> </Event> "
2022-08-05 21:49:20+00:00,ACC-10,evtx_Microsoft-Windows-Sysmon/Operational,Command and Control,Connection to C2,0.0,Microsoft-Windows-Sysmon/Operational;Microsoft-Windows-Sysmon;3,3,364,C:\Windows\SysWOW64\rundll32.exe,,,,,tcp,true,ACC-10.corp.net,172.17.11.184,53899,5-131.gtt-net.cz,82.144.131.5,443,-,"<Event xmlns=""http://schemas.microsoft.com/win/2004/08/events/event"">   <System>     <Provider Name=""Microsoft-Windows-Sysmon"" Guid=""{5770385F-C22A-43E0-BF4C-06F5698FFBD9}""/>     <EventID>3</EventID>     <Version>5</Version>     <Level>4</Level>     <Task>3</Task>     <Opcode>0</Opcode>     <Keywords>0x8000000000000000</Keywords>     <TimeCreated SystemTime=""2022-08-05T21:49:20.768915900Z""/>     <EventRecordID>133722</EventRecordID>     <Correlation/>     <Execution ProcessID=""1428"" ThreadID=""1928""/>     <Channel>Microsoft-Windows-Sysmon/Operational</Channel>     <Computer>ACC-10.corp.net</Computer>     <Security UserID=""S-1-5-18""/>   </System>   <EventData>     <Data Name=""RuleName""/>     <Data Name=""UtcTime"">2022-08-05 21:49:15.065</Data>     <Data Name=""ProcessGuid"">{140A6FA9-8EDF-62ED-0000-0010D81B7D01}</Data>     <Data Name=""ProcessId"">364</Data>     <Data Name=""Image"">C:\Windows\SysWOW64\rundll32.exe</Data>     <Data Name=""User"">CORP\Joann.Sims</Data>     <Data Name=""Protocol"">tcp</Data>     <Data Name=""Initiated"">true</Data>     <Data Name=""SourceIsIpv6"">false</Data>     <Data Name=""SourceIp"">172.17.11.184</Data>     <Data Name=""SourceHostname"">ACC-10.corp.net</Data>     <Data Name=""SourcePort"">53899</Data>     <Data Name=""SourcePortName""/>     <Data Name=""DestinationIsIpv6"">false</Data>     <Data Name=""DestinationIp"">82.144.131.5</Data>     <Data Name=""DestinationHostname"">5-131.gtt-net.cz</Data>     <Data Name=""DestinationPort"">443</Data>     <Data Name=""DestinationPortName"">https</Data>   </EventData> </Event> "
2022-08-05 21:49:22+00:00,ACC-10,evtx_Microsoft-Windows-Sysmon/Operational,Command and Control,Connection to C2,0.0,Microsoft-Windows-Sysmon/Operational;Microsoft-Windows-Sysmon;3,3,364,C:\Windows\SysWOW64\rundll32.exe,,,,,tcp,true,ACC-10.corp.net,172.17.11.184,53900,5-131.gtt-net.cz,82.144.131.5,443,-,"<Event xmlns=""http://schemas.microsoft.com/win/2004/08/events/event"">   <System>     <Provider Name=""Microsoft-Windows-Sysmon"" Guid=""{5770385F-C22A-43E0-BF4C-06F5698FFBD9}""/>     <EventID>3</EventID>     <Version>5</Version>     <Level>4</Level>     <Task>3</Task>     <Opcode>0</Opcode>     <Keywords>0x8000000000000000</Keywords>     <TimeCreated SystemTime=""2022-08-05T21:49:22.788753100Z""/>     <EventRecordID>133731</EventRecordID>     <Correlation/>     <Execution ProcessID=""1428"" ThreadID=""1928""/>     <Channel>Microsoft-Windows-Sysmon/Operational</Channel>     <Computer>ACC-10.corp.net</Computer>     <Security UserID=""S-1-5-18""/>   </System>   <EventData>     <Data Name=""RuleName""/>     <Data Name=""UtcTime"">2022-08-05 21:49:17.217</Data>     <Data Name=""ProcessGuid"">{140A6FA9-8EDF-62ED-0000-0010D81B7D01}</Data>     <Data Name=""ProcessId"">364</Data>     <Data Name=""Image"">C:\Windows\SysWOW64\rundll32.exe</Data>     <Data Name=""User"">CORP\Joann.Sims</Data>     <Data Name=""Protocol"">tcp</Data>     <Data Name=""Initiated"">true</Data>     <Data Name=""SourceIsIpv6"">false</Data>     <Data Name=""SourceIp"">172.17.11.184</Data>     <Data Name=""SourceHostname"">ACC-10.corp.net</Data>     <Data Name=""SourcePort"">53900</Data>     <Data Name=""SourcePortName""/>     <Data Name=""DestinationIsIpv6"">false</Data>     <Data Name=""DestinationIp"">82.144.131.5</Data>     <Data Name=""DestinationHostname"">5-131.gtt-net.cz</Data>     <Data Name=""DestinationPort"">443</Data>     <Data Name=""DestinationPortName"">https</Data>   </EventData> </Event> "
2022-08-05 21:50:18+00:00,ACC-10,evtx_Microsoft-Windows-Sysmon/Operational,Command and Control,Connection to C2,0.0,Microsoft-Windows-Sysmon/Operational;Microsoft-Windows-Sysmon;3,3,364,C:\Windows\SysWOW64\rundll32.exe,,,,,tcp,true,ACC-10.corp.net,172.17.11.184,53914,c-73-245-147-162.hsd1.fl.comcast.net,73.245.147.162,443,-,"<Event xmlns=""http://schemas.microsoft.com/win/2004/08/events/event"">   <System>     <Provider Name=""Microsoft-Windows-Sysmon"" Guid=""{5770385F-C22A-43E0-BF4C-06F5698FFBD9}""/>     <EventID>3</EventID>     <Version>5</Version>     <Level>4</Level>     <Task>3</Task>     <Opcode>0</Opcode>     <Keywords>0x8000000000000000</Keywords>     <TimeCreated SystemTime=""2022-08-05T21:50:18.681302700Z""/>     <EventRecordID>133859</EventRecordID>     <Correlation/>     <Execution ProcessID=""1428"" ThreadID=""1928""/>     <Channel>Microsoft-Windows-Sysmon/Operational</Channel>     <Computer>ACC-10.corp.net</Computer>     <Security UserID=""S-1-5-18""/>   </System>   <EventData>     <Data Name=""RuleName""/>     <Data Name=""UtcTime"">2022-08-05 21:50:13.556</Data>     <Data Name=""ProcessGuid"">{140A6FA9-8EDF-62ED-0000-0010D81B7D01}</Data>     <Data Name=""ProcessId"">364</Data>     <Data Name=""Image"">C:\Windows\SysWOW64\rundll32.exe</Data>     <Data Name=""User"">CORP\Joann.Sims</Data>     <Data Name=""Protocol"">tcp</Data>     <Data Name=""Initiated"">true</Data>     <Data Name=""SourceIsIpv6"">false</Data>     <Data Name=""SourceIp"">172.17.11.184</Data>     <Data Name=""SourceHostname"">ACC-10.corp.net</Data>     <Data Name=""SourcePort"">53914</Data>     <Data Name=""SourcePortName""/>     <Data Name=""DestinationIsIpv6"">false</Data>     <Data Name=""DestinationIp"">73.245.147.162</Data>     <Data Name=""DestinationHostname"">c-73-245-147-162.hsd1.fl.comcast.net</Data>     <Data Name=""DestinationPort"">443</Data>     <Data Name=""DestinationPortName"">https</Data>   </EventData> </Event> "
2022-08-05 21:50:18+00:00,ACC-10,evtx_Microsoft-Windows-Sysmon/Operational,Command and Control,Connection to C2,0.0,Microsoft-Windows-Sysmon/Operational;Microsoft-Windows-Sysmon;3,3,364,C:\Windows\SysWOW64\rundll32.exe,,,,,tcp,true,ACC-10.corp.net,172.17.11.184,53915,c-73-245-147-162.hsd1.fl.comcast.net,73.245.147.162,443,-,"<Event xmlns=""http://schemas.microsoft.com/win/2004/08/events/event"">   <System>     <Provider Name=""Microsoft-Windows-Sysmon"" Guid=""{5770385F-C22A-43E0-BF4C-06F5698FFBD9}""/>     <EventID>3</EventID>     <Version>5</Version>     <Level>4</Level>     <Task>3</Task>     <Opcode>0</Opcode>     <Keywords>0x8000000000000000</Keywords>     <TimeCreated SystemTime=""2022-08-05T21:50:18.681302700Z""/>     <EventRecordID>133860</EventRecordID>     <Correlation/>     <Execution ProcessID=""1428"" ThreadID=""1928""/>     <Channel>Microsoft-Windows-Sysmon/Operational</Channel>     <Computer>ACC-10.corp.net</Computer>     <Security UserID=""S-1-5-18""/>   </System>   <EventData>     <Data Name=""RuleName""/>     <Data Name=""UtcTime"">2022-08-05 21:50:13.563</Data>     <Data Name=""ProcessGuid"">{140A6FA9-8EDF-62ED-0000-0010D81B7D01}</Data>     <Data Name=""ProcessId"">364</Data>     <Data Name=""Image"">C:\Windows\SysWOW64\rundll32.exe</Data>     <Data Name=""User"">CORP\Joann.Sims</Data>     <Data Name=""Protocol"">tcp</Data>     <Data Name=""Initiated"">true</Data>     <Data Name=""SourceIsIpv6"">false</Data>     <Data Name=""SourceIp"">172.17.11.184</Data>     <Data Name=""SourceHostname"">ACC-10.corp.net</Data>     <Data Name=""SourcePort"">53915</Data>     <Data Name=""SourcePortName""/>     <Data Name=""DestinationIsIpv6"">false</Data>     <Data Name=""DestinationIp"">73.245.147.162</Data>     <Data Name=""DestinationHostname"">c-73-245-147-162.hsd1.fl.comcast.net</Data>     <Data Name=""DestinationPort"">443</Data>     <Data Name=""DestinationPortName"">https</Data>   </EventData> </Event> "
2022-08-05 21:50:59+00:00,ACC-10,evtx_Microsoft-Windows-Sysmon/Operational,Command and Control,Connection to C2,0.0,Microsoft-Windows-Sysmon/Operational;Microsoft-Windows-Sysmon;3,3,364,C:\Windows\SysWOW64\rundll32.exe,,,,,tcp,true,ACC-10.corp.net,172.17.11.184,53916,5-131.gtt-net.cz,82.144.131.5,443,-,"<Event xmlns=""http://schemas.microsoft.com/win/2004/08/events/event"">   <System>     <Provider Name=""Microsoft-Windows-Sysmon"" Guid=""{5770385F-C22A-43E0-BF4C-06F5698FFBD9}""/>     <EventID>3</EventID>     <Version>5</Version>     <Level>4</Level>     <Task>3</Task>     <Opcode>0</Opcode>     <Keywords>0x8000000000000000</Keywords>     <TimeCreated SystemTime=""2022-08-05T21:50:59.163874100Z""/>     <EventRecordID>133920</EventRecordID>     <Correlation/>     <Execution ProcessID=""1428"" ThreadID=""1928""/>     <Channel>Microsoft-Windows-Sysmon/Operational</Channel>     <Computer>ACC-10.corp.net</Computer>     <Security UserID=""S-1-5-18""/>   </System>   <EventData>     <Data Name=""RuleName""/>     <Data Name=""UtcTime"">2022-08-05 21:50:54.075</Data>     <Data Name=""ProcessGuid"">{140A6FA9-8EDF-62ED-0000-0010D81B7D01}</Data>     <Data Name=""ProcessId"">364</Data>     <Data Name=""Image"">C:\Windows\SysWOW64\rundll32.exe</Data>     <Data Name=""User"">CORP\Joann.Sims</Data>     <Data Name=""Protocol"">tcp</Data>     <Data Name=""Initiated"">true</Data>     <Data Name=""SourceIsIpv6"">false</Data>     <Data Name=""SourceIp"">172.17.11.184</Data>     <Data Name=""SourceHostname"">ACC-10.corp.net</Data>     <Data Name=""SourcePort"">53916</Data>     <Data Name=""SourcePortName""/>     <Data Name=""DestinationIsIpv6"">false</Data>     <Data Name=""DestinationIp"">82.144.131.5</Data>     <Data Name=""DestinationHostname"">5-131.gtt-net.cz</Data>     <Data Name=""DestinationPort"">443</Data>     <Data Name=""DestinationPortName"">https</Data>   </EventData> </Event> "
