2022-08-05 22:31:35+00:00,ACC-02,evtx_Security,Execution,Cobalt Strike loader executed (<rnd>.exe),0.0,Security;Microsoft-Windows-Security-Auditing;4688,,,,,,,,,,,,,,,,-,"<Event xmlns=""http://schemas.microsoft.com/win/2004/08/events/event"">   <System>     <Provider Name=""Microsoft-Windows-Security-Auditing"" Guid=""{54849625-5478-4994-A5BA-3E3B0328C30D}""/>     <EventID>4688</EventID>     <Version>1</Version>     <Level>0</Level>     <Task>13312</Task>     <Opcode>0</Opcode>     <Keywords>0x8020000000000000</Keywords>     <TimeCreated SystemTime=""2022-08-05T22:31:35.901169000Z""/>     <EventRecordID>59802</EventRecordID>     <Correlation/>     <Execution ProcessID=""4"" ThreadID=""52""/>     <Channel>Security</Channel>     <Computer>ACC-02.corp.net</Computer>     <Security/>   </System>   <EventData>     <Data Name=""SubjectUserSid"">S-1-5-18</Data>     <Data Name=""SubjectUserName"">ACC-02$</Data>     <Data Name=""SubjectDomainName"">CORP</Data>     <Data Name=""SubjectLogonId"">0x00000000000003e7</Data>     <Data Name=""NewProcessId"">0x0000000000001190</Data>     <Data Name=""NewProcessName"">\Device\Mup\ACC-02\ADMIN$\b9b362b.exe</Data>     <Data Name=""TokenElevationType"">%%1936</Data>     <Data Name=""ProcessId"">0x00000000000001f4</Data>     <Data Name=""CommandLine"">\\ACC-02\ADMIN$\b9b362b.exe</Data>   </EventData> </Event> "
2022-08-05 22:31:35+00:00,ACC-02,evtx_Microsoft-Windows-Sysmon/Operational,Resource Development,"Cobalt Strike loader created on disk, <rnd>.exe",0.0,Microsoft-Windows-Sysmon/Operational;Microsoft-Windows-Sysmon;11,,,,,,,,,,,,,,,,-,"<Event xmlns=""http://schemas.microsoft.com/win/2004/08/events/event"">   <System>     <Provider Name=""Microsoft-Windows-Sysmon"" Guid=""{5770385F-C22A-43E0-BF4C-06F5698FFBD9}""/>     <EventID>11</EventID>     <Version>2</Version>     <Level>4</Level>     <Task>11</Task>     <Opcode>0</Opcode>     <Keywords>0x8000000000000000</Keywords>     <TimeCreated SystemTime=""2022-08-05T22:31:35.700990000Z""/>     <EventRecordID>177542</EventRecordID>     <Correlation/>     <Execution ProcessID=""1472"" ThreadID=""2036""/>     <Channel>Microsoft-Windows-Sysmon/Operational</Channel>     <Computer>ACC-02.corp.net</Computer>     <Security UserID=""S-1-5-18""/>   </System>   <EventData>     <Data Name=""RuleName""/>     <Data Name=""UtcTime"">2022-08-05 22:31:35.700</Data>     <Data Name=""ProcessGuid"">{BEDB1A18-6448-62ED-0000-0010EB030000}</Data>     <Data Name=""ProcessId"">4</Data>     <Data Name=""Image"">System</Data>     <Data Name=""TargetFilename"">C:\Windows\b9b362b.exe</Data>     <Data Name=""CreationUtcTime"">2022-08-05 22:31:35.700</Data>   </EventData> </Event> "
2022-08-05 22:31:35+00:00,ACC-02,evtx_Microsoft-Windows-Sysmon/Operational,Persistence,Cobalt Strike loader installed as a service (<rnd>.exe),0.0,Microsoft-Windows-Sysmon/Operational;Microsoft-Windows-Sysmon;13,,,,,,,,,,,,,,,,-,"<Event xmlns=""http://schemas.microsoft.com/win/2004/08/events/event"">   <System>     <Provider Name=""Microsoft-Windows-Sysmon"" Guid=""{5770385F-C22A-43E0-BF4C-06F5698FFBD9}""/>     <EventID>13</EventID>     <Version>2</Version>     <Level>4</Level>     <Task>13</Task>     <Opcode>0</Opcode>     <Keywords>0x8000000000000000</Keywords>     <TimeCreated SystemTime=""2022-08-05T22:31:35.824777200Z""/>     <EventRecordID>177544</EventRecordID>     <Correlation/>     <Execution ProcessID=""1472"" ThreadID=""2036""/>     <Channel>Microsoft-Windows-Sysmon/Operational</Channel>     <Computer>ACC-02.corp.net</Computer>     <Security UserID=""S-1-5-18""/>   </System>   <EventData>     <Data Name=""RuleName""/>     <Data Name=""EventType"">SetValue</Data>     <Data Name=""UtcTime"">2022-08-05 22:31:35.806</Data>     <Data Name=""ProcessGuid"">{BEDB1A18-644A-62ED-0000-00103A940000}</Data>     <Data Name=""ProcessId"">500</Data>     <Data Name=""Image"">C:\Windows\system32\services.exe</Data>     <Data Name=""TargetObject"">HKLM\System\CurrentControlSet\services\b9b362b\ImagePath</Data>     <Data Name=""Details"">\\ACC-02\ADMIN$\b9b362b.exe</Data>   </EventData> </Event> "
2022-08-05 22:31:35+00:00,ACC-02,evtx_System,Persistence,Cobalt Strike loader installed as a service (<rnd>.exe),0.0,System;Service Control Manager;7045,,,,,,,,,,,,,,,,-,"<Event xmlns=""http://schemas.microsoft.com/win/2004/08/events/event"">   <System>     <Provider Name=""Service Control Manager"" Guid=""{555908d1-a6d7-4695-8e1e-26931d2012f4}"" EventSourceName=""Service Control Manager""/>     <EventID Qualifiers=""16384"">7045</EventID>     <Version>0</Version>     <Level>4</Level>     <Task>0</Task>     <Opcode>0</Opcode>     <Keywords>0x8080000000000000</Keywords>     <TimeCreated SystemTime=""2022-08-05T22:31:35.807778900Z""/>     <EventRecordID>2276</EventRecordID>     <Correlation/>     <Execution ProcessID=""500"" ThreadID=""720""/>     <Channel>System</Channel>     <Computer>ACC-02.corp.net</Computer>     <Security UserID=""S-1-5-21-3192329321-3058984213-1343810930-1000""/>   </System>   <EventData>     <Data Name=""ServiceName"">b9b362b</Data>     <Data Name=""ImagePath"">\\ACC-02\ADMIN$\b9b362b.exe</Data>     <Data Name=""ServiceType"">user mode service</Data>     <Data Name=""StartType"">demand start</Data>     <Data Name=""AccountName"">LocalSystem</Data>   </EventData> </Event> "
2022-08-05 22:31:36+00:00,ACC-02,evtx_Microsoft-Windows-Sysmon/Operational,Execution,Cobalt Strike loader executed (<rnd>.exe),0.0,Microsoft-Windows-Sysmon/Operational;Microsoft-Windows-Sysmon;1,,4496,\\ACC-02\ADMIN$\b9b362b.exe,500,C:\Windows\System32\services.exe,,,,,,,,,,,-,"<Event xmlns=""http://schemas.microsoft.com/win/2004/08/events/event"">   <System>     <Provider Name=""Microsoft-Windows-Sysmon"" Guid=""{5770385F-C22A-43E0-BF4C-06F5698FFBD9}""/>     <EventID>1</EventID>     <Version>5</Version>     <Level>4</Level>     <Task>1</Task>     <Opcode>0</Opcode>     <Keywords>0x8000000000000000</Keywords>     <TimeCreated SystemTime=""2022-08-05T22:31:36.502307900Z""/>     <EventRecordID>177563</EventRecordID>     <Correlation/>     <Execution ProcessID=""1472"" ThreadID=""2036""/>     <Channel>Microsoft-Windows-Sysmon/Operational</Channel>     <Computer>ACC-02.corp.net</Computer>     <Security UserID=""S-1-5-18""/>   </System>   <EventData>     <Data Name=""RuleName""/>     <Data Name=""UtcTime"">2022-08-05 22:31:35.901</Data>     <Data Name=""ProcessGuid"">{BEDB1A18-9A47-62ED-0000-00100C1CE701}</Data>     <Data Name=""ProcessId"">4496</Data>     <Data Name=""Image"">\\ACC-02\ADMIN$\b9b362b.exe</Data>     <Data Name=""FileVersion"">?</Data>     <Data Name=""Description"">?</Data>     <Data Name=""Product"">?</Data>     <Data Name=""Company"">?</Data>     <Data Name=""CommandLine"">\\ACC-02\ADMIN$\b9b362b.exe</Data>     <Data Name=""CurrentDirectory"">C:\Windows\system32\</Data>     <Data Name=""User"">NT AUTHORITY\SYSTEM</Data>     <Data Name=""LogonGuid"">{BEDB1A18-644A-62ED-0000-0020E7030000}</Data>     <Data Name=""LogonId"">0x00000000000003e7</Data>     <Data Name=""TerminalSessionId"">0</Data>     <Data Name=""IntegrityLevel"">System</Data>     <Data Name=""Hashes"">MD5=C7F7C90E47C5E24FECC19CCEF2EC820F,IMPHASH=DE77F3139EAF74F1B255AB7BE0B6605F</Data>     <Data Name=""ParentProcessGuid"">{BEDB1A18-644A-62ED-0000-00103A940000}</Data>     <Data Name=""ParentProcessId"">500</Data>     <Data Name=""ParentImage"">C:\Windows\System32\services.exe</Data>     <Data Name=""ParentCommandLine"">C:\Windows\system32\services.exe</Data>   </EventData> </Event> "
2022-08-05 22:31:36+00:00,ACC-02,evtx_Microsoft-Windows-Sysmon/Operational,,,0.0,Microsoft-Windows-Sysmon/Operational;Microsoft-Windows-Sysmon;3,3,4,System,,,,,tcp,false,ACC-02.corp.net,172.17.11.185,445,ACC-04,172.17.11.195,61958,-,"<Event xmlns=""http://schemas.microsoft.com/win/2004/08/events/event"">   <System>     <Provider Name=""Microsoft-Windows-Sysmon"" Guid=""{5770385F-C22A-43E0-BF4C-06F5698FFBD9}""/>     <EventID>3</EventID>     <Version>5</Version>     <Level>4</Level>     <Task>3</Task>     <Opcode>0</Opcode>     <Keywords>0x8000000000000000</Keywords>     <TimeCreated SystemTime=""2022-08-05T22:31:36.873470500Z""/>     <EventRecordID>177565</EventRecordID>     <Correlation/>     <Execution ProcessID=""1472"" ThreadID=""2040""/>     <Channel>Microsoft-Windows-Sysmon/Operational</Channel>     <Computer>ACC-02.corp.net</Computer>     <Security UserID=""S-1-5-18""/>   </System>   <EventData>     <Data Name=""RuleName""/>     <Data Name=""UtcTime"">2022-08-05 22:31:31.067</Data>     <Data Name=""ProcessGuid"">{BEDB1A18-6448-62ED-0000-0010EB030000}</Data>     <Data Name=""ProcessId"">4</Data>     <Data Name=""Image"">System</Data>     <Data Name=""User"">NT AUTHORITY\SYSTEM</Data>     <Data Name=""Protocol"">tcp</Data>     <Data Name=""Initiated"">false</Data>     <Data Name=""SourceIsIpv6"">false</Data>     <Data Name=""SourceIp"">172.17.11.185</Data>     <Data Name=""SourceHostname"">ACC-02.corp.net</Data>     <Data Name=""SourcePort"">445</Data>     <Data Name=""SourcePortName"">microsoft-ds</Data>     <Data Name=""DestinationIsIpv6"">false</Data>     <Data Name=""DestinationIp"">172.17.11.195</Data>     <Data Name=""DestinationHostname"">ACC-04</Data>     <Data Name=""DestinationPort"">61958</Data>     <Data Name=""DestinationPortName""/>   </EventData> </Event> "
2022-08-05 22:31:36+00:00,ACC-02,evtx_Microsoft-Windows-Sysmon/Operational,Lateral Movement,Network connection to another subject,0.0,Microsoft-Windows-Sysmon/Operational;Microsoft-Windows-Sysmon;3,3,696,C:\Windows\System32\svchost.exe,,,,,tcp,false,ACC-02.corp.net,172.17.11.185,135,ACC-04,172.17.11.195,61959,-,"<Event xmlns=""http://schemas.microsoft.com/win/2004/08/events/event"">   <System>     <Provider Name=""Microsoft-Windows-Sysmon"" Guid=""{5770385F-C22A-43E0-BF4C-06F5698FFBD9}""/>     <EventID>3</EventID>     <Version>5</Version>     <Level>4</Level>     <Task>3</Task>     <Opcode>0</Opcode>     <Keywords>0x8000000000000000</Keywords>     <TimeCreated SystemTime=""2022-08-05T22:31:36.874470400Z""/>     <EventRecordID>177570</EventRecordID>     <Correlation/>     <Execution ProcessID=""1472"" ThreadID=""2040""/>     <Channel>Microsoft-Windows-Sysmon/Operational</Channel>     <Computer>ACC-02.corp.net</Computer>     <Security UserID=""S-1-5-18""/>   </System>   <EventData>     <Data Name=""RuleName""/>     <Data Name=""UtcTime"">2022-08-05 22:31:31.229</Data>     <Data Name=""ProcessGuid"">{BEDB1A18-644B-62ED-0000-001029F50000}</Data>     <Data Name=""ProcessId"">696</Data>     <Data Name=""Image"">C:\Windows\System32\svchost.exe</Data>     <Data Name=""User"">NT AUTHORITY\NETWORK SERVICE</Data>     <Data Name=""Protocol"">tcp</Data>     <Data Name=""Initiated"">false</Data>     <Data Name=""SourceIsIpv6"">false</Data>     <Data Name=""SourceIp"">172.17.11.185</Data>     <Data Name=""SourceHostname"">ACC-02.corp.net</Data>     <Data Name=""SourcePort"">135</Data>     <Data Name=""SourcePortName"">epmap</Data>     <Data Name=""DestinationIsIpv6"">false</Data>     <Data Name=""DestinationIp"">172.17.11.195</Data>     <Data Name=""DestinationHostname"">ACC-04</Data>     <Data Name=""DestinationPort"">61959</Data>     <Data Name=""DestinationPortName""/>   </EventData> </Event> "
2022-08-05 22:31:36+00:00,ACC-02,evtx_Microsoft-Windows-Sysmon/Operational,Lateral Movement,Network connection to another subject,0.0,Microsoft-Windows-Sysmon/Operational;Microsoft-Windows-Sysmon;3,3,500,C:\Windows\System32\services.exe,,,,,tcp,false,ACC-02.corp.net,172.17.11.185,49183,ACC-04,172.17.11.195,61960,-,"<Event xmlns=""http://schemas.microsoft.com/win/2004/08/events/event"">   <System>     <Provider Name=""Microsoft-Windows-Sysmon"" Guid=""{5770385F-C22A-43E0-BF4C-06F5698FFBD9}""/>     <EventID>3</EventID>     <Version>5</Version>     <Level>4</Level>     <Task>3</Task>     <Opcode>0</Opcode>     <Keywords>0x8000000000000000</Keywords>     <TimeCreated SystemTime=""2022-08-05T22:31:36.874470400Z""/>     <EventRecordID>177571</EventRecordID>     <Correlation/>     <Execution ProcessID=""1472"" ThreadID=""2040""/>     <Channel>Microsoft-Windows-Sysmon/Operational</Channel>     <Computer>ACC-02.corp.net</Computer>     <Security UserID=""S-1-5-18""/>   </System>   <EventData>     <Data Name=""RuleName""/>     <Data Name=""UtcTime"">2022-08-05 22:31:31.234</Data>     <Data Name=""ProcessGuid"">{BEDB1A18-644A-62ED-0000-00103A940000}</Data>     <Data Name=""ProcessId"">500</Data>     <Data Name=""Image"">C:\Windows\System32\services.exe</Data>     <Data Name=""User"">NT AUTHORITY\SYSTEM</Data>     <Data Name=""Protocol"">tcp</Data>     <Data Name=""Initiated"">false</Data>     <Data Name=""SourceIsIpv6"">false</Data>     <Data Name=""SourceIp"">172.17.11.185</Data>     <Data Name=""SourceHostname"">ACC-02.corp.net</Data>     <Data Name=""SourcePort"">49183</Data>     <Data Name=""SourcePortName""/>     <Data Name=""DestinationIsIpv6"">false</Data>     <Data Name=""DestinationIp"">172.17.11.195</Data>     <Data Name=""DestinationHostname"">ACC-04</Data>     <Data Name=""DestinationPort"">61960</Data>     <Data Name=""DestinationPortName""/>   </EventData> </Event> "
2022-08-05 22:31:37+00:00,ACC-02,evtx_Microsoft-Windows-Sysmon/Operational,Execution,Cobalt Strike named pipe creation,0.0,Microsoft-Windows-Sysmon/Operational;Microsoft-Windows-Sysmon;17,17,4496,\\ACC-02\ADMIN$\b9b362b.exe,,,\MSSE-4463-server,,,,,,,,,,-,"<Event xmlns=""http://schemas.microsoft.com/win/2004/08/events/event"">   <System>     <Provider Name=""Microsoft-Windows-Sysmon"" Guid=""{5770385F-C22A-43E0-BF4C-06F5698FFBD9}""/>     <EventID>17</EventID>     <Version>1</Version>     <Level>4</Level>     <Task>17</Task>     <Opcode>0</Opcode>     <Keywords>0x8000000000000000</Keywords>     <TimeCreated SystemTime=""2022-08-05T22:31:37.217635800Z""/>     <EventRecordID>177574</EventRecordID>     <Correlation/>     <Execution ProcessID=""1472"" ThreadID=""2036""/>     <Channel>Microsoft-Windows-Sysmon/Operational</Channel>     <Computer>ACC-02.corp.net</Computer>     <Security UserID=""S-1-5-18""/>   </System>   <EventData>     <Data Name=""RuleName""/>     <Data Name=""UtcTime"">2022-08-05 22:31:37.217</Data>     <Data Name=""ProcessGuid"">{BEDB1A18-9A47-62ED-0000-00100C1CE701}</Data>     <Data Name=""ProcessId"">4496</Data>     <Data Name=""PipeName"">\MSSE-4463-server</Data>     <Data Name=""Image"">\\ACC-02\ADMIN$\b9b362b.exe</Data>   </EventData> </Event> "
2022-08-05 22:31:37+00:00,ACC-02,evtx_Microsoft-Windows-Sysmon/Operational,Execution,Cobalt Strike loader executed (<rnd>.exe),0.0,Microsoft-Windows-Sysmon/Operational;Microsoft-Windows-Sysmon;7,,,,,,,,,,,,,,,,-,"<Event xmlns=""http://schemas.microsoft.com/win/2004/08/events/event"">   <System>     <Provider Name=""Microsoft-Windows-Sysmon"" Guid=""{5770385F-C22A-43E0-BF4C-06F5698FFBD9}""/>     <EventID>7</EventID>     <Version>3</Version>     <Level>4</Level>     <Task>7</Task>     <Opcode>0</Opcode>     <Keywords>0x8000000000000000</Keywords>     <TimeCreated SystemTime=""2022-08-05T22:31:37.128445000Z""/>     <EventRecordID>177573</EventRecordID>     <Correlation/>     <Execution ProcessID=""1472"" ThreadID=""1136""/>     <Channel>Microsoft-Windows-Sysmon/Operational</Channel>     <Computer>ACC-02.corp.net</Computer>     <Security UserID=""S-1-5-18""/>   </System>   <EventData>     <Data Name=""RuleName""/>     <Data Name=""UtcTime"">2022-08-05 22:31:36.068</Data>     <Data Name=""ProcessGuid"">{BEDB1A18-9A47-62ED-0000-00100C1CE701}</Data>     <Data Name=""ProcessId"">4496</Data>     <Data Name=""Image"">\\ACC-02\ADMIN$\b9b362b.exe</Data>     <Data Name=""ImageLoaded"">\\ACC-02\ADMIN$\b9b362b.exe</Data>     <Data Name=""FileVersion"">?</Data>     <Data Name=""Description"">?</Data>     <Data Name=""Product"">?</Data>     <Data Name=""Company"">?</Data>     <Data Name=""Hashes"">MD5=C7F7C90E47C5E24FECC19CCEF2EC820F,IMPHASH=DE77F3139EAF74F1B255AB7BE0B6605F</Data>     <Data Name=""Signed"">false</Data>     <Data Name=""Signature""/>     <Data Name=""SignatureStatus"">Unavailable</Data>   </EventData> </Event> "
2022-08-05 22:31:38+00:00,ACC-02,evtx_Microsoft-Windows-Sysmon/Operational,Lateral Movement,Pipe \ipc_14 created for inter-beacon communication,0.0,Microsoft-Windows-Sysmon/Operational;Microsoft-Windows-Sysmon;17,17,4776,C:\Windows\SysWOW64\rundll32.exe,,,\ipc_14,,,,,,,,,,-,"<Event xmlns=""http://schemas.microsoft.com/win/2004/08/events/event"">   <System>     <Provider Name=""Microsoft-Windows-Sysmon"" Guid=""{5770385F-C22A-43E0-BF4C-06F5698FFBD9}""/>     <EventID>17</EventID>     <Version>1</Version>     <Level>4</Level>     <Task>17</Task>     <Opcode>0</Opcode>     <Keywords>0x8000000000000000</Keywords>     <TimeCreated SystemTime=""2022-08-05T22:31:38.405908700Z""/>     <EventRecordID>177609</EventRecordID>     <Correlation/>     <Execution ProcessID=""1472"" ThreadID=""2036""/>     <Channel>Microsoft-Windows-Sysmon/Operational</Channel>     <Computer>ACC-02.corp.net</Computer>     <Security UserID=""S-1-5-18""/>   </System>   <EventData>     <Data Name=""RuleName""/>     <Data Name=""UtcTime"">2022-08-05 22:31:38.374</Data>     <Data Name=""ProcessGuid"">{BEDB1A18-9A4A-62ED-0000-0010B685E701}</Data>     <Data Name=""ProcessId"">4776</Data>     <Data Name=""PipeName"">\ipc_14</Data>     <Data Name=""Image"">C:\Windows\SysWOW64\rundll32.exe</Data>   </EventData> </Event> "
2022-08-05 22:31:38+00:00,ACC-02,evtx_Microsoft-Windows-Sysmon/Operational,Execution,Cobalt Strike named pipe connection,0.0,Microsoft-Windows-Sysmon/Operational;Microsoft-Windows-Sysmon;18,18,4496,\\ACC-02\ADMIN$\b9b362b.exe,,,\MSSE-4463-server,,,,,,,,,,-,"<Event xmlns=""http://schemas.microsoft.com/win/2004/08/events/event"">   <System>     <Provider Name=""Microsoft-Windows-Sysmon"" Guid=""{5770385F-C22A-43E0-BF4C-06F5698FFBD9}""/>     <EventID>18</EventID>     <Version>1</Version>     <Level>4</Level>     <Task>18</Task>     <Opcode>0</Opcode>     <Keywords>0x8000000000000000</Keywords>     <TimeCreated SystemTime=""2022-08-05T22:31:38.265524000Z""/>     <EventRecordID>177607</EventRecordID>     <Correlation/>     <Execution ProcessID=""1472"" ThreadID=""2036""/>     <Channel>Microsoft-Windows-Sysmon/Operational</Channel>     <Computer>ACC-02.corp.net</Computer>     <Security UserID=""S-1-5-18""/>   </System>   <EventData>     <Data Name=""RuleName""/>     <Data Name=""UtcTime"">2022-08-05 22:31:38.265</Data>     <Data Name=""ProcessGuid"">{BEDB1A18-9A47-62ED-0000-00100C1CE701}</Data>     <Data Name=""ProcessId"">4496</Data>     <Data Name=""PipeName"">\MSSE-4463-server</Data>     <Data Name=""Image"">\\ACC-02\ADMIN$\b9b362b.exe</Data>   </EventData> </Event> "
2022-08-05 22:31:38+00:00,ACC-02,evtx_Microsoft-Windows-Sysmon/Operational,Execution,Cobalt Strike loader executed (<rnd>.exe),0.0,Microsoft-Windows-Sysmon/Operational;Microsoft-Windows-Sysmon;1,,4776,C:\Windows\SysWOW64\rundll32.exe,4496,\\ACC-02\ADMIN$\b9b362b.exe,,,,,,,,,,,-,"<Event xmlns=""http://schemas.microsoft.com/win/2004/08/events/event"">   <System>     <Provider Name=""Microsoft-Windows-Sysmon"" Guid=""{5770385F-C22A-43E0-BF4C-06F5698FFBD9}""/>     <EventID>1</EventID>     <Version>5</Version>     <Level>4</Level>     <Task>1</Task>     <Opcode>0</Opcode>     <Keywords>0x8000000000000000</Keywords>     <TimeCreated SystemTime=""2022-08-05T22:31:38.343515500Z""/>     <EventRecordID>177608</EventRecordID>     <Correlation/>     <Execution ProcessID=""1472"" ThreadID=""2036""/>     <Channel>Microsoft-Windows-Sysmon/Operational</Channel>     <Computer>ACC-02.corp.net</Computer>     <Security UserID=""S-1-5-18""/>   </System>   <EventData>     <Data Name=""RuleName""/>     <Data Name=""UtcTime"">2022-08-05 22:31:38.265</Data>     <Data Name=""ProcessGuid"">{BEDB1A18-9A4A-62ED-0000-0010B685E701}</Data>     <Data Name=""ProcessId"">4776</Data>     <Data Name=""Image"">C:\Windows\SysWOW64\rundll32.exe</Data>     <Data Name=""FileVersion"">6.1.7600.16385 (win7_rtm.090713-1255)</Data>     <Data Name=""Description"">Windows host process (Rundll32)</Data>     <Data Name=""Product"">Microsoft® Windows® Operating System</Data>     <Data Name=""Company"">Microsoft Corporation</Data>     <Data Name=""CommandLine"">C:\Windows\System32\rundll32.exe</Data>     <Data Name=""CurrentDirectory"">C:\Windows\system32\</Data>     <Data Name=""User"">NT AUTHORITY\SYSTEM</Data>     <Data Name=""LogonGuid"">{BEDB1A18-644A-62ED-0000-0020E7030000}</Data>     <Data Name=""LogonId"">0x00000000000003e7</Data>     <Data Name=""TerminalSessionId"">0</Data>     <Data Name=""IntegrityLevel"">System</Data>     <Data Name=""Hashes"">MD5=51138BEEA3E2C21EC44D0932C71762A8,IMPHASH=EF8A44FE2F9AD4AB85E55004AAA024A9</Data>     <Data Name=""ParentProcessGuid"">{BEDB1A18-9A47-62ED-0000-00100C1CE701}</Data>     <Data Name=""ParentProcessId"">4496</Data>     <Data Name=""ParentImage"">\\ACC-02\ADMIN$\b9b362b.exe</Data>     <Data Name=""ParentCommandLine"">\\ACC-02\ADMIN$\b9b362b.exe</Data>   </EventData> </Event> "
2022-08-05 22:31:39+00:00,ACC-04,evtx_Microsoft-Windows-Sysmon/Operational,Lateral Movement,Connect to named pipe \ipc_14 on other host,0.0,Microsoft-Windows-Sysmon/Operational;Microsoft-Windows-Sysmon;3,3,4,System,,,,,tcp,true,ACC-04.corp.net,172.17.11.195,61958,ACC-02,172.17.11.185,445,-,"<Event xmlns=""http://schemas.microsoft.com/win/2004/08/events/event"">   <System>     <Provider Name=""Microsoft-Windows-Sysmon"" Guid=""{5770385F-C22A-43E0-BF4C-06F5698FFBD9}""/>     <EventID>3</EventID>     <Version>5</Version>     <Level>4</Level>     <Task>3</Task>     <Opcode>0</Opcode>     <Keywords>0x8000000000000000</Keywords>     <TimeCreated SystemTime=""2022-08-05T22:31:39.343749300Z""/>     <EventRecordID>195939</EventRecordID>     <Correlation/>     <Execution ProcessID=""1440"" ThreadID=""1964""/>     <Channel>Microsoft-Windows-Sysmon/Operational</Channel>     <Computer>ACC-04.corp.net</Computer>     <Security UserID=""S-1-5-18""/>   </System>   <EventData>     <Data Name=""RuleName""/>     <Data Name=""UtcTime"">2022-08-05 22:31:35.212</Data>     <Data Name=""ProcessGuid"">{0EBA84BE-647D-62ED-0000-0010EB030000}</Data>     <Data Name=""ProcessId"">4</Data>     <Data Name=""Image"">System</Data>     <Data Name=""User"">NT AUTHORITY\SYSTEM</Data>     <Data Name=""Protocol"">tcp</Data>     <Data Name=""Initiated"">true</Data>     <Data Name=""SourceIsIpv6"">false</Data>     <Data Name=""SourceIp"">172.17.11.195</Data>     <Data Name=""SourceHostname"">ACC-04.corp.net</Data>     <Data Name=""SourcePort"">61958</Data>     <Data Name=""SourcePortName""/>     <Data Name=""DestinationIsIpv6"">false</Data>     <Data Name=""DestinationIp"">172.17.11.185</Data>     <Data Name=""DestinationHostname"">ACC-02</Data>     <Data Name=""DestinationPort"">445</Data>     <Data Name=""DestinationPortName"">microsoft-ds</Data>   </EventData> </Event> "
2022-08-05 22:31:39+00:00,ACC-04,evtx_Microsoft-Windows-Sysmon/Operational,Lateral Movement,Network connection to another subject,0.0,Microsoft-Windows-Sysmon/Operational;Microsoft-Windows-Sysmon;3,3,4092,C:\Windows\SysWOW64\rundll32.exe,,,,,tcp,true,ACC-04.corp.net,172.17.11.195,61959,ACC-02,172.17.11.185,135,-,"<Event xmlns=""http://schemas.microsoft.com/win/2004/08/events/event"">   <System>     <Provider Name=""Microsoft-Windows-Sysmon"" Guid=""{5770385F-C22A-43E0-BF4C-06F5698FFBD9}""/>     <EventID>3</EventID>     <Version>5</Version>     <Level>4</Level>     <Task>3</Task>     <Opcode>0</Opcode>     <Keywords>0x8000000000000000</Keywords>     <TimeCreated SystemTime=""2022-08-05T22:31:39.343749300Z""/>     <EventRecordID>195940</EventRecordID>     <Correlation/>     <Execution ProcessID=""1440"" ThreadID=""1964""/>     <Channel>Microsoft-Windows-Sysmon/Operational</Channel>     <Computer>ACC-04.corp.net</Computer>     <Security UserID=""S-1-5-18""/>   </System>   <EventData>     <Data Name=""RuleName""/>     <Data Name=""UtcTime"">2022-08-05 22:31:35.373</Data>     <Data Name=""ProcessGuid"">{0EBA84BE-9913-62ED-0000-0010ACC8EF01}</Data>     <Data Name=""ProcessId"">4092</Data>     <Data Name=""Image"">C:\Windows\SysWOW64\rundll32.exe</Data>     <Data Name=""User"">NT AUTHORITY\SYSTEM</Data>     <Data Name=""Protocol"">tcp</Data>     <Data Name=""Initiated"">true</Data>     <Data Name=""SourceIsIpv6"">false</Data>     <Data Name=""SourceIp"">172.17.11.195</Data>     <Data Name=""SourceHostname"">ACC-04.corp.net</Data>     <Data Name=""SourcePort"">61959</Data>     <Data Name=""SourcePortName""/>     <Data Name=""DestinationIsIpv6"">false</Data>     <Data Name=""DestinationIp"">172.17.11.185</Data>     <Data Name=""DestinationHostname"">ACC-02</Data>     <Data Name=""DestinationPort"">135</Data>     <Data Name=""DestinationPortName"">epmap</Data>   </EventData> </Event> "
2022-08-05 22:31:39+00:00,ACC-04,evtx_Microsoft-Windows-Sysmon/Operational,Lateral Movement,Network connection to another subject,0.0,Microsoft-Windows-Sysmon/Operational;Microsoft-Windows-Sysmon;3,3,4092,C:\Windows\SysWOW64\rundll32.exe,,,,,tcp,true,ACC-04.corp.net,172.17.11.195,61960,ACC-02,172.17.11.185,49183,-,"<Event xmlns=""http://schemas.microsoft.com/win/2004/08/events/event"">   <System>     <Provider Name=""Microsoft-Windows-Sysmon"" Guid=""{5770385F-C22A-43E0-BF4C-06F5698FFBD9}""/>     <EventID>3</EventID>     <Version>5</Version>     <Level>4</Level>     <Task>3</Task>     <Opcode>0</Opcode>     <Keywords>0x8000000000000000</Keywords>     <TimeCreated SystemTime=""2022-08-05T22:31:39.343749300Z""/>     <EventRecordID>195941</EventRecordID>     <Correlation/>     <Execution ProcessID=""1440"" ThreadID=""1964""/>     <Channel>Microsoft-Windows-Sysmon/Operational</Channel>     <Computer>ACC-04.corp.net</Computer>     <Security UserID=""S-1-5-18""/>   </System>   <EventData>     <Data Name=""RuleName""/>     <Data Name=""UtcTime"">2022-08-05 22:31:35.378</Data>     <Data Name=""ProcessGuid"">{0EBA84BE-9913-62ED-0000-0010ACC8EF01}</Data>     <Data Name=""ProcessId"">4092</Data>     <Data Name=""Image"">C:\Windows\SysWOW64\rundll32.exe</Data>     <Data Name=""User"">NT AUTHORITY\SYSTEM</Data>     <Data Name=""Protocol"">tcp</Data>     <Data Name=""Initiated"">true</Data>     <Data Name=""SourceIsIpv6"">false</Data>     <Data Name=""SourceIp"">172.17.11.195</Data>     <Data Name=""SourceHostname"">ACC-04.corp.net</Data>     <Data Name=""SourcePort"">61960</Data>     <Data Name=""SourcePortName""/>     <Data Name=""DestinationIsIpv6"">false</Data>     <Data Name=""DestinationIp"">172.17.11.185</Data>     <Data Name=""DestinationHostname"">ACC-02</Data>     <Data Name=""DestinationPort"">49183</Data>     <Data Name=""DestinationPortName""/>   </EventData> </Event> "
2022-08-05 22:31:40+00:00,ACC-02,evtx_Microsoft-Windows-Sysmon/Operational,Lateral Movement,Connection to inter-beacon named pipe \ipc_14,0.0,Microsoft-Windows-Sysmon/Operational;Microsoft-Windows-Sysmon;18,18,4,System,,,\ipc_14,,,,,,,,,,-,"<Event xmlns=""http://schemas.microsoft.com/win/2004/08/events/event"">   <System>     <Provider Name=""Microsoft-Windows-Sysmon"" Guid=""{5770385F-C22A-43E0-BF4C-06F5698FFBD9}""/>     <EventID>18</EventID>     <Version>1</Version>     <Level>4</Level>     <Task>18</Task>     <Opcode>0</Opcode>     <Keywords>0x8000000000000000</Keywords>     <TimeCreated SystemTime=""2022-08-05T22:31:40.246509500Z""/>     <EventRecordID>177643</EventRecordID>     <Correlation/>     <Execution ProcessID=""1472"" ThreadID=""2036""/>     <Channel>Microsoft-Windows-Sysmon/Operational</Channel>     <Computer>ACC-02.corp.net</Computer>     <Security UserID=""S-1-5-18""/>   </System>   <EventData>     <Data Name=""RuleName""/>     <Data Name=""UtcTime"">2022-08-05 22:31:40.246</Data>     <Data Name=""ProcessGuid"">{BEDB1A18-6448-62ED-0000-0010EB030000}</Data>     <Data Name=""ProcessId"">4</Data>     <Data Name=""PipeName"">\ipc_14</Data>     <Data Name=""Image"">System</Data>   </EventData> </Event> "
2022-08-05 22:31:41+00:00,ACC-10,evtx_Microsoft-Windows-Sysmon/Operational,Command and Control,Connection to C2,0.0,Microsoft-Windows-Sysmon/Operational;Microsoft-Windows-Sysmon;3,3,364,C:\Windows\SysWOW64\rundll32.exe,,,,,tcp,true,ACC-10.corp.net,172.17.11.184,56063,c-73-245-147-162.hsd1.fl.comcast.net,73.245.147.162,443,-,"<Event xmlns=""http://schemas.microsoft.com/win/2004/08/events/event"">   <System>     <Provider Name=""Microsoft-Windows-Sysmon"" Guid=""{5770385F-C22A-43E0-BF4C-06F5698FFBD9}""/>     <EventID>3</EventID>     <Version>5</Version>     <Level>4</Level>     <Task>3</Task>     <Opcode>0</Opcode>     <Keywords>0x8000000000000000</Keywords>     <TimeCreated SystemTime=""2022-08-05T22:31:41.601395300Z""/>     <EventRecordID>143940</EventRecordID>     <Correlation/>     <Execution ProcessID=""1428"" ThreadID=""1928""/>     <Channel>Microsoft-Windows-Sysmon/Operational</Channel>     <Computer>ACC-10.corp.net</Computer>     <Security UserID=""S-1-5-18""/>   </System>   <EventData>     <Data Name=""RuleName""/>     <Data Name=""UtcTime"">2022-08-05 22:31:35.965</Data>     <Data Name=""ProcessGuid"">{140A6FA9-8EDF-62ED-0000-0010D81B7D01}</Data>     <Data Name=""ProcessId"">364</Data>     <Data Name=""Image"">C:\Windows\SysWOW64\rundll32.exe</Data>     <Data Name=""User"">CORP\Joann.Sims</Data>     <Data Name=""Protocol"">tcp</Data>     <Data Name=""Initiated"">true</Data>     <Data Name=""SourceIsIpv6"">false</Data>     <Data Name=""SourceIp"">172.17.11.184</Data>     <Data Name=""SourceHostname"">ACC-10.corp.net</Data>     <Data Name=""SourcePort"">56063</Data>     <Data Name=""SourcePortName""/>     <Data Name=""DestinationIsIpv6"">false</Data>     <Data Name=""DestinationIp"">73.245.147.162</Data>     <Data Name=""DestinationHostname"">c-73-245-147-162.hsd1.fl.comcast.net</Data>     <Data Name=""DestinationPort"">443</Data>     <Data Name=""DestinationPortName"">https</Data>   </EventData> </Event> "
2022-08-05 22:32:34+00:00,ACC-02,evtx_Microsoft-Windows-Sysmon/Operational,Execution,Cobalt Strike named pipe creation,0.0,Microsoft-Windows-Sysmon/Operational;Microsoft-Windows-Sysmon;17,17,4776,C:\Windows\SysWOW64\rundll32.exe,,,\8498ca,,,,,,,,,,-,"<Event xmlns=""http://schemas.microsoft.com/win/2004/08/events/event"">   <System>     <Provider Name=""Microsoft-Windows-Sysmon"" Guid=""{5770385F-C22A-43E0-BF4C-06F5698FFBD9}""/>     <EventID>17</EventID>     <Version>1</Version>     <Level>4</Level>     <Task>17</Task>     <Opcode>0</Opcode>     <Keywords>0x8000000000000000</Keywords>     <TimeCreated SystemTime=""2022-08-05T22:32:34.805069600Z""/>     <EventRecordID>178025</EventRecordID>     <Correlation/>     <Execution ProcessID=""1472"" ThreadID=""2036""/>     <Channel>Microsoft-Windows-Sysmon/Operational</Channel>     <Computer>ACC-02.corp.net</Computer>     <Security UserID=""S-1-5-18""/>   </System>   <EventData>     <Data Name=""RuleName""/>     <Data Name=""UtcTime"">2022-08-05 22:32:34.805</Data>     <Data Name=""ProcessGuid"">{BEDB1A18-9A4A-62ED-0000-0010B685E701}</Data>     <Data Name=""ProcessId"">4776</Data>     <Data Name=""PipeName"">\8498ca</Data>     <Data Name=""Image"">C:\Windows\SysWOW64\rundll32.exe</Data>   </EventData> </Event> "
2022-08-05 22:32:34+00:00,ACC-02,evtx_Microsoft-Windows-Sysmon/Operational,Execution,Cobalt Strike named pipe creation,0.0,Microsoft-Windows-Sysmon/Operational;Microsoft-Windows-Sysmon;17,17,2004,C:\Windows\system32\rundll32.exe,,,\postex_596f,,,,,,,,,,-,"<Event xmlns=""http://schemas.microsoft.com/win/2004/08/events/event"">   <System>     <Provider Name=""Microsoft-Windows-Sysmon"" Guid=""{5770385F-C22A-43E0-BF4C-06F5698FFBD9}""/>     <EventID>17</EventID>     <Version>1</Version>     <Level>4</Level>     <Task>17</Task>     <Opcode>0</Opcode>     <Keywords>0x8000000000000000</Keywords>     <TimeCreated SystemTime=""2022-08-05T22:32:34.909658300Z""/>     <EventRecordID>178028</EventRecordID>     <Correlation/>     <Execution ProcessID=""1472"" ThreadID=""2036""/>     <Channel>Microsoft-Windows-Sysmon/Operational</Channel>     <Computer>ACC-02.corp.net</Computer>     <Security UserID=""S-1-5-18""/>   </System>   <EventData>     <Data Name=""RuleName""/>     <Data Name=""UtcTime"">2022-08-05 22:32:34.899</Data>     <Data Name=""ProcessGuid"">{BEDB1A18-9A82-62ED-0000-00108FA6EB01}</Data>     <Data Name=""ProcessId"">2004</Data>     <Data Name=""PipeName"">\postex_596f</Data>     <Data Name=""Image"">C:\Windows\system32\rundll32.exe</Data>   </EventData> </Event> "
2022-08-05 22:32:35+00:00,ACC-02,evtx_Microsoft-Windows-Sysmon/Operational,Credential Access,LSASS process accessed,0.0,Microsoft-Windows-Sysmon/Operational;Microsoft-Windows-Sysmon;10,10,2004,C:\Windows\system32\rundll32.exe,,,,C:\Windows\system32\lsass.exe,,,,,,,,,-,"<Event xmlns=""http://schemas.microsoft.com/win/2004/08/events/event"">   <System>     <Provider Name=""Microsoft-Windows-Sysmon"" Guid=""{5770385F-C22A-43E0-BF4C-06F5698FFBD9}""/>     <EventID>10</EventID>     <Version>3</Version>     <Level>4</Level>     <Task>10</Task>     <Opcode>0</Opcode>     <Keywords>0x8000000000000000</Keywords>     <TimeCreated SystemTime=""2022-08-05T22:32:35.535790500Z""/>     <EventRecordID>178031</EventRecordID>     <Correlation/>     <Execution ProcessID=""1472"" ThreadID=""2036""/>     <Channel>Microsoft-Windows-Sysmon/Operational</Channel>     <Computer>ACC-02.corp.net</Computer>     <Security UserID=""S-1-5-18""/>   </System>   <EventData>     <Data Name=""RuleName""/>     <Data Name=""UtcTime"">2022-08-05 22:32:35.535</Data>     <Data Name=""SourceProcessGUID"">{BEDB1A18-9A82-62ED-0000-00108FA6EB01}</Data>     <Data Name=""SourceProcessId"">2004</Data>     <Data Name=""SourceThreadId"">1008</Data>     <Data Name=""SourceImage"">C:\Windows\system32\rundll32.exe</Data>     <Data Name=""TargetProcessGUID"">{BEDB1A18-644A-62ED-0000-00102B980000}</Data>     <Data Name=""TargetProcessId"">516</Data>     <Data Name=""TargetImage"">C:\Windows\system32\lsass.exe</Data>     <Data Name=""GrantedAccess"">0x00001010</Data>     <Data Name=""CallTrace"">C:\Windows\SYSTEM32\ntdll.dll+5157a|C:\Windows\system32\KERNELBASE.dll+d817|UNKNOWN(000000000038D97C)</Data>   </EventData> </Event> "
2022-08-05 22:32:35+00:00,ACC-02,evtx_Microsoft-Windows-Sysmon/Operational,Execution,Cobalt Strike named pipe connection,0.0,Microsoft-Windows-Sysmon/Operational;Microsoft-Windows-Sysmon;18,18,4776,C:\Windows\SysWOW64\rundll32.exe,,,\postex_596f,,,,,,,,,,-,"<Event xmlns=""http://schemas.microsoft.com/win/2004/08/events/event"">   <System>     <Provider Name=""Microsoft-Windows-Sysmon"" Guid=""{5770385F-C22A-43E0-BF4C-06F5698FFBD9}""/>     <EventID>18</EventID>     <Version>1</Version>     <Level>4</Level>     <Task>18</Task>     <Opcode>0</Opcode>     <Keywords>0x8000000000000000</Keywords>     <TimeCreated SystemTime=""2022-08-05T22:32:35.395405800Z""/>     <EventRecordID>178029</EventRecordID>     <Correlation/>     <Execution ProcessID=""1472"" ThreadID=""2036""/>     <Channel>Microsoft-Windows-Sysmon/Operational</Channel>     <Computer>ACC-02.corp.net</Computer>     <Security UserID=""S-1-5-18""/>   </System>   <EventData>     <Data Name=""RuleName""/>     <Data Name=""UtcTime"">2022-08-05 22:32:35.386</Data>     <Data Name=""ProcessGuid"">{BEDB1A18-9A4A-62ED-0000-0010B685E701}</Data>     <Data Name=""ProcessId"">4776</Data>     <Data Name=""PipeName"">\postex_596f</Data>     <Data Name=""Image"">C:\Windows\SysWOW64\rundll32.exe</Data>   </EventData> </Event> "
2022-08-05 22:32:35+00:00,ACC-02,evtx_Microsoft-Windows-Sysmon/Operational,Execution,Cobalt Strike named pipe connection,0.0,Microsoft-Windows-Sysmon/Operational;Microsoft-Windows-Sysmon;18,18,3928,C:\Windows\system32\cmd.exe,,,\8498ca,,,,,,,,,,-,"<Event xmlns=""http://schemas.microsoft.com/win/2004/08/events/event"">   <System>     <Provider Name=""Microsoft-Windows-Sysmon"" Guid=""{5770385F-C22A-43E0-BF4C-06F5698FFBD9}""/>     <EventID>18</EventID>     <Version>1</Version>     <Level>4</Level>     <Task>18</Task>     <Opcode>0</Opcode>     <Keywords>0x8000000000000000</Keywords>     <TimeCreated SystemTime=""2022-08-05T22:32:35.566987100Z""/>     <EventRecordID>178033</EventRecordID>     <Correlation/>     <Execution ProcessID=""1472"" ThreadID=""2036""/>     <Channel>Microsoft-Windows-Sysmon/Operational</Channel>     <Computer>ACC-02.corp.net</Computer>     <Security UserID=""S-1-5-18""/>   </System>   <EventData>     <Data Name=""RuleName""/>     <Data Name=""UtcTime"">2022-08-05 22:32:35.566</Data>     <Data Name=""ProcessGuid"">{BEDB1A18-9A83-62ED-0000-0010FAAEEB01}</Data>     <Data Name=""ProcessId"">3928</Data>     <Data Name=""PipeName"">\8498ca</Data>     <Data Name=""Image"">C:\Windows\system32\cmd.exe</Data>   </EventData> </Event> "
2022-08-05 22:32:35+00:00,ACC-02,evtx_Microsoft-Windows-Sysmon/Operational,Privilege escalation,Result of PtH,0.0,Microsoft-Windows-Sysmon/Operational;Microsoft-Windows-Sysmon;1,,3928,C:\Windows\System32\cmd.exe,2004,C:\Windows\System32\rundll32.exe,,,,,,,,,,,-,"<Event xmlns=""http://schemas.microsoft.com/win/2004/08/events/event"">   <System>     <Provider Name=""Microsoft-Windows-Sysmon"" Guid=""{5770385F-C22A-43E0-BF4C-06F5698FFBD9}""/>     <EventID>1</EventID>     <Version>5</Version>     <Level>4</Level>     <Task>1</Task>     <Opcode>0</Opcode>     <Keywords>0x8000000000000000</Keywords>     <TimeCreated SystemTime=""2022-08-05T22:32:35.535790500Z""/>     <EventRecordID>178030</EventRecordID>     <Correlation/>     <Execution ProcessID=""1472"" ThreadID=""2036""/>     <Channel>Microsoft-Windows-Sysmon/Operational</Channel>     <Computer>ACC-02.corp.net</Computer>     <Security UserID=""S-1-5-18""/>   </System>   <EventData>     <Data Name=""RuleName""/>     <Data Name=""UtcTime"">2022-08-05 22:32:35.535</Data>     <Data Name=""ProcessGuid"">{BEDB1A18-9A83-62ED-0000-0010FAAEEB01}</Data>     <Data Name=""ProcessId"">3928</Data>     <Data Name=""Image"">C:\Windows\System32\cmd.exe</Data>     <Data Name=""FileVersion"">6.1.7601.17514 (win7sp1_rtm.101119-1850)</Data>     <Data Name=""Description"">Windows Command Processor</Data>     <Data Name=""Product"">Microsoft® Windows® Operating System</Data>     <Data Name=""Company"">Microsoft Corporation</Data>     <Data Name=""CommandLine"">C:\Windows\system32\cmd.exe /c echo 1c28e620d06 &gt; \\.\pipe\8498ca</Data>     <Data Name=""CurrentDirectory"">C:\Windows\system32\</Data>     <Data Name=""User"">NT AUTHORITY\SYSTEM</Data>     <Data Name=""LogonGuid"">{BEDB1A18-9A83-62ED-0000-0020A3AEEB01}</Data>     <Data Name=""LogonId"">0x0000000001ebaea3</Data>     <Data Name=""TerminalSessionId"">0</Data>     <Data Name=""IntegrityLevel"">System</Data>     <Data Name=""Hashes"">MD5=5746BD7E255DD6A8AFA06F7C42C1BA41,IMPHASH=D0058544E4588B1B2290B7F4D830EB0A</Data>     <Data Name=""ParentProcessGuid"">{BEDB1A18-9A82-62ED-0000-00108FA6EB01}</Data>     <Data Name=""ParentProcessId"">2004</Data>     <Data Name=""ParentImage"">C:\Windows\System32\rundll32.exe</Data>     <Data Name=""ParentCommandLine"">C:\Windows\sysnative\rundll32.exe</Data>   </EventData> </Event> "
2022-08-05 22:32:35+00:00,ACC-10,evtx_Microsoft-Windows-Sysmon/Operational,Command and Control,Connection to C2,0.0,Microsoft-Windows-Sysmon/Operational;Microsoft-Windows-Sysmon;3,3,364,C:\Windows\SysWOW64\rundll32.exe,,,,,tcp,true,ACC-10.corp.net,172.17.11.184,56156,5-131.gtt-net.cz,82.144.131.5,443,-,"<Event xmlns=""http://schemas.microsoft.com/win/2004/08/events/event"">   <System>     <Provider Name=""Microsoft-Windows-Sysmon"" Guid=""{5770385F-C22A-43E0-BF4C-06F5698FFBD9}""/>     <EventID>3</EventID>     <Version>5</Version>     <Level>4</Level>     <Task>3</Task>     <Opcode>0</Opcode>     <Keywords>0x8000000000000000</Keywords>     <TimeCreated SystemTime=""2022-08-05T22:32:35.943945300Z""/>     <EventRecordID>144316</EventRecordID>     <Correlation/>     <Execution ProcessID=""1428"" ThreadID=""1928""/>     <Channel>Microsoft-Windows-Sysmon/Operational</Channel>     <Computer>ACC-10.corp.net</Computer>     <Security UserID=""S-1-5-18""/>   </System>   <EventData>     <Data Name=""RuleName""/>     <Data Name=""UtcTime"">2022-08-05 22:32:30.162</Data>     <Data Name=""ProcessGuid"">{140A6FA9-8EDF-62ED-0000-0010D81B7D01}</Data>     <Data Name=""ProcessId"">364</Data>     <Data Name=""Image"">C:\Windows\SysWOW64\rundll32.exe</Data>     <Data Name=""User"">CORP\Joann.Sims</Data>     <Data Name=""Protocol"">tcp</Data>     <Data Name=""Initiated"">true</Data>     <Data Name=""SourceIsIpv6"">false</Data>     <Data Name=""SourceIp"">172.17.11.184</Data>     <Data Name=""SourceHostname"">ACC-10.corp.net</Data>     <Data Name=""SourcePort"">56156</Data>     <Data Name=""SourcePortName""/>     <Data Name=""DestinationIsIpv6"">false</Data>     <Data Name=""DestinationIp"">82.144.131.5</Data>     <Data Name=""DestinationHostname"">5-131.gtt-net.cz</Data>     <Data Name=""DestinationPort"">443</Data>     <Data Name=""DestinationPortName"">https</Data>   </EventData> </Event> "
2022-08-05 22:32:38+00:00,ACC-10,evtx_Microsoft-Windows-Sysmon/Operational,Command and Control,Connection to C2,0.0,Microsoft-Windows-Sysmon/Operational;Microsoft-Windows-Sysmon;3,3,364,C:\Windows\SysWOW64\rundll32.exe,,,,,tcp,true,ACC-10.corp.net,172.17.11.184,56157,5-131.gtt-net.cz,82.144.131.5,443,-,"<Event xmlns=""http://schemas.microsoft.com/win/2004/08/events/event"">   <System>     <Provider Name=""Microsoft-Windows-Sysmon"" Guid=""{5770385F-C22A-43E0-BF4C-06F5698FFBD9}""/>     <EventID>3</EventID>     <Version>5</Version>     <Level>4</Level>     <Task>3</Task>     <Opcode>0</Opcode>     <Keywords>0x8000000000000000</Keywords>     <TimeCreated SystemTime=""2022-08-05T22:32:38.008402100Z""/>     <EventRecordID>144322</EventRecordID>     <Correlation/>     <Execution ProcessID=""1428"" ThreadID=""1928""/>     <Channel>Microsoft-Windows-Sysmon/Operational</Channel>     <Computer>ACC-10.corp.net</Computer>     <Security UserID=""S-1-5-18""/>   </System>   <EventData>     <Data Name=""RuleName""/>     <Data Name=""UtcTime"">2022-08-05 22:32:31.547</Data>     <Data Name=""ProcessGuid"">{140A6FA9-8EDF-62ED-0000-0010D81B7D01}</Data>     <Data Name=""ProcessId"">364</Data>     <Data Name=""Image"">C:\Windows\SysWOW64\rundll32.exe</Data>     <Data Name=""User"">CORP\Joann.Sims</Data>     <Data Name=""Protocol"">tcp</Data>     <Data Name=""Initiated"">true</Data>     <Data Name=""SourceIsIpv6"">false</Data>     <Data Name=""SourceIp"">172.17.11.184</Data>     <Data Name=""SourceHostname"">ACC-10.corp.net</Data>     <Data Name=""SourcePort"">56157</Data>     <Data Name=""SourcePortName""/>     <Data Name=""DestinationIsIpv6"">false</Data>     <Data Name=""DestinationIp"">82.144.131.5</Data>     <Data Name=""DestinationHostname"">5-131.gtt-net.cz</Data>     <Data Name=""DestinationPort"">443</Data>     <Data Name=""DestinationPortName"">https</Data>   </EventData> </Event> "
2022-08-05 22:33:13+00:00,ACC-02,evtx_Microsoft-Windows-Sysmon/Operational,Execution,Look for swift files,0.0,Microsoft-Windows-Sysmon/Operational;Microsoft-Windows-Sysmon;1,,1288,C:\Windows\System32\WindowsPowerShell\v1.0\powershell.exe,4776,C:\Windows\SysWOW64\rundll32.exe,,,,,,,,,,,-,"<Event xmlns=""http://schemas.microsoft.com/win/2004/08/events/event"">   <System>     <Provider Name=""Microsoft-Windows-Sysmon"" Guid=""{5770385F-C22A-43E0-BF4C-06F5698FFBD9}""/>     <EventID>1</EventID>     <Version>5</Version>     <Level>4</Level>     <Task>1</Task>     <Opcode>0</Opcode>     <Keywords>0x8000000000000000</Keywords>     <TimeCreated SystemTime=""2022-08-05T22:33:13.293684600Z""/>     <EventRecordID>178084</EventRecordID>     <Correlation/>     <Execution ProcessID=""1472"" ThreadID=""2036""/>     <Channel>Microsoft-Windows-Sysmon/Operational</Channel>     <Computer>ACC-02.corp.net</Computer>     <Security UserID=""S-1-5-18""/>   </System>   <EventData>     <Data Name=""RuleName""/>     <Data Name=""UtcTime"">2022-08-05 22:33:13.293</Data>     <Data Name=""ProcessGuid"">{BEDB1A18-9AA9-62ED-0000-0010B2E2EB01}</Data>     <Data Name=""ProcessId"">1288</Data>     <Data Name=""Image"">C:\Windows\System32\WindowsPowerShell\v1.0\powershell.exe</Data>     <Data Name=""FileVersion"">10.0.14409.1005 (rs1_srvoob.161208-1155)</Data>     <Data Name=""Description"">Windows PowerShell</Data>     <Data Name=""Product"">Microsoft® Windows® Operating System</Data>     <Data Name=""Company"">Microsoft Corporation</Data>     <Data Name=""CommandLine"">powershell -nop -exec bypass -EncodedCommand RwBlAHQALQBDAGgAaQBsAGQASQB0AGUAbQAgAC0AUABhAHQAaAAgAEMAOgBcACAALQBSAGUAYwB1AHIAcwBlACAALQBJAG4AYwBsAHUAZABlACAAKgBzAHcAaQBmAHQAKgA=</Data>     <Data Name=""CurrentDirectory"">C:\Windows\system32\</Data>     <Data Name=""User"">NT AUTHORITY\SYSTEM</Data>     <Data Name=""LogonGuid"">{BEDB1A18-9A83-62ED-0000-0020A3AEEB01}</Data>     <Data Name=""LogonId"">0x0000000001ebaea3</Data>     <Data Name=""TerminalSessionId"">0</Data>     <Data Name=""IntegrityLevel"">System</Data>     <Data Name=""Hashes"">MD5=A575A7610E5F003CC36DF39E07C4BA7D,IMPHASH=CAEE994F79D85E47C06E5FA9CDEAE453</Data>     <Data Name=""ParentProcessGuid"">{BEDB1A18-9A4A-62ED-0000-0010B685E701}</Data>     <Data Name=""ParentProcessId"">4776</Data>     <Data Name=""ParentImage"">C:\Windows\SysWOW64\rundll32.exe</Data>     <Data Name=""ParentCommandLine"">C:\Windows\System32\rundll32.exe</Data>   </EventData> </Event> "
2022-08-05 22:33:14+00:00,ACC-02,evtx_Microsoft-Windows-Sysmon/Operational,Execution,Cobalt Strike named pipe creation,0.0,Microsoft-Windows-Sysmon/Operational;Microsoft-Windows-Sysmon;17,17,1288,C:\Windows\System32\WindowsPowerShell\v1.0\powershell.exe,,,\PSHost.133042123932936846.1288.DefaultAppDomain.powershell,,,,,,,,,,-,"<Event xmlns=""http://schemas.microsoft.com/win/2004/08/events/event"">   <System>     <Provider Name=""Microsoft-Windows-Sysmon"" Guid=""{5770385F-C22A-43E0-BF4C-06F5698FFBD9}""/>     <EventID>17</EventID>     <Version>1</Version>     <Level>4</Level>     <Task>17</Task>     <Opcode>0</Opcode>     <Keywords>0x8000000000000000</Keywords>     <TimeCreated SystemTime=""2022-08-05T22:33:14.045402700Z""/>     <EventRecordID>178089</EventRecordID>     <Correlation/>     <Execution ProcessID=""1472"" ThreadID=""2036""/>     <Channel>Microsoft-Windows-Sysmon/Operational</Channel>     <Computer>ACC-02.corp.net</Computer>     <Security UserID=""S-1-5-18""/>   </System>   <EventData>     <Data Name=""RuleName""/>     <Data Name=""UtcTime"">2022-08-05 22:33:14.045</Data>     <Data Name=""ProcessGuid"">{BEDB1A18-9AA9-62ED-0000-0010B2E2EB01}</Data>     <Data Name=""ProcessId"">1288</Data>     <Data Name=""PipeName"">\PSHost.133042123932936846.1288.DefaultAppDomain.powershell</Data>     <Data Name=""Image"">C:\Windows\System32\WindowsPowerShell\v1.0\powershell.exe</Data>   </EventData> </Event> "
2022-08-05 22:33:14+00:00,ACC-10,evtx_Microsoft-Windows-Sysmon/Operational,Command and Control,Connection to C2,0.0,Microsoft-Windows-Sysmon/Operational;Microsoft-Windows-Sysmon;3,3,364,C:\Windows\SysWOW64\rundll32.exe,,,,,tcp,true,ACC-10.corp.net,172.17.11.184,56158,c-73-245-147-162.hsd1.fl.comcast.net,73.245.147.162,443,-,"<Event xmlns=""http://schemas.microsoft.com/win/2004/08/events/event"">   <System>     <Provider Name=""Microsoft-Windows-Sysmon"" Guid=""{5770385F-C22A-43E0-BF4C-06F5698FFBD9}""/>     <EventID>3</EventID>     <Version>5</Version>     <Level>4</Level>     <Task>3</Task>     <Opcode>0</Opcode>     <Keywords>0x8000000000000000</Keywords>     <TimeCreated SystemTime=""2022-08-05T22:33:14.431521300Z""/>     <EventRecordID>144371</EventRecordID>     <Correlation/>     <Execution ProcessID=""1428"" ThreadID=""1928""/>     <Channel>Microsoft-Windows-Sysmon/Operational</Channel>     <Computer>ACC-10.corp.net</Computer>     <Security UserID=""S-1-5-18""/>   </System>   <EventData>     <Data Name=""RuleName""/>     <Data Name=""UtcTime"">2022-08-05 22:33:08.856</Data>     <Data Name=""ProcessGuid"">{140A6FA9-8EDF-62ED-0000-0010D81B7D01}</Data>     <Data Name=""ProcessId"">364</Data>     <Data Name=""Image"">C:\Windows\SysWOW64\rundll32.exe</Data>     <Data Name=""User"">CORP\Joann.Sims</Data>     <Data Name=""Protocol"">tcp</Data>     <Data Name=""Initiated"">true</Data>     <Data Name=""SourceIsIpv6"">false</Data>     <Data Name=""SourceIp"">172.17.11.184</Data>     <Data Name=""SourceHostname"">ACC-10.corp.net</Data>     <Data Name=""SourcePort"">56158</Data>     <Data Name=""SourcePortName""/>     <Data Name=""DestinationIsIpv6"">false</Data>     <Data Name=""DestinationIp"">73.245.147.162</Data>     <Data Name=""DestinationHostname"">c-73-245-147-162.hsd1.fl.comcast.net</Data>     <Data Name=""DestinationPort"">443</Data>     <Data Name=""DestinationPortName"">https</Data>   </EventData> </Event> "
