2022-08-05 21:51:43+00:00,ACC-10,evtx_Microsoft-Windows-Sysmon/Operational,Discovery,"Scan subnet (12 hosts, TCP 135,139,3389,445)",0.0,Microsoft-Windows-Sysmon/Operational;Microsoft-Windows-Sysmon;17,17,5160,C:\Windows\syswow64\rundll32.exe,,,\postex_50e7,,,,,,,,,,-,"<Event xmlns=""http://schemas.microsoft.com/win/2004/08/events/event"">   <System>     <Provider Name=""Microsoft-Windows-Sysmon"" Guid=""{5770385F-C22A-43E0-BF4C-06F5698FFBD9}""/>     <EventID>17</EventID>     <Version>1</Version>     <Level>4</Level>     <Task>17</Task>     <Opcode>0</Opcode>     <Keywords>0x8000000000000000</Keywords>     <TimeCreated SystemTime=""2022-08-05T21:51:43.166194800Z""/>     <EventRecordID>134151</EventRecordID>     <Correlation/>     <Execution ProcessID=""1428"" ThreadID=""1916""/>     <Channel>Microsoft-Windows-Sysmon/Operational</Channel>     <Computer>ACC-10.corp.net</Computer>     <Security UserID=""S-1-5-18""/>   </System>   <EventData>     <Data Name=""RuleName""/>     <Data Name=""UtcTime"">2022-08-05 21:51:43.166</Data>     <Data Name=""ProcessGuid"">{140A6FA9-90EF-62ED-0000-0010F1439001}</Data>     <Data Name=""ProcessId"">5160</Data>     <Data Name=""PipeName"">\postex_50e7</Data>     <Data Name=""Image"">C:\Windows\syswow64\rundll32.exe</Data>   </EventData> </Event> "
2022-08-05 21:51:43+00:00,ACC-10,evtx_Microsoft-Windows-Sysmon/Operational,Execution,Cobalt Strike named pipe connection,0.0,Microsoft-Windows-Sysmon/Operational;Microsoft-Windows-Sysmon;18,18,364,C:\Windows\SysWOW64\rundll32.exe,,,\postex_50e7,,,,,,,,,,-,"<Event xmlns=""http://schemas.microsoft.com/win/2004/08/events/event"">   <System>     <Provider Name=""Microsoft-Windows-Sysmon"" Guid=""{5770385F-C22A-43E0-BF4C-06F5698FFBD9}""/>     <EventID>18</EventID>     <Version>1</Version>     <Level>4</Level>     <Task>18</Task>     <Opcode>0</Opcode>     <Keywords>0x8000000000000000</Keywords>     <TimeCreated SystemTime=""2022-08-05T21:51:43.634601900Z""/>     <EventRecordID>134152</EventRecordID>     <Correlation/>     <Execution ProcessID=""1428"" ThreadID=""1916""/>     <Channel>Microsoft-Windows-Sysmon/Operational</Channel>     <Computer>ACC-10.corp.net</Computer>     <Security UserID=""S-1-5-18""/>   </System>   <EventData>     <Data Name=""RuleName""/>     <Data Name=""UtcTime"">2022-08-05 21:51:43.634</Data>     <Data Name=""ProcessGuid"">{140A6FA9-8EDF-62ED-0000-0010D81B7D01}</Data>     <Data Name=""ProcessId"">364</Data>     <Data Name=""PipeName"">\postex_50e7</Data>     <Data Name=""Image"">C:\Windows\SysWOW64\rundll32.exe</Data>   </EventData> </Event> "
2022-08-05 21:51:43+00:00,ACC-10,evtx_Microsoft-Windows-Sysmon/Operational,Discovery,"Scan subnet (12 hosts, TCP 135,139,3389,445)",0.0,Microsoft-Windows-Sysmon/Operational;Microsoft-Windows-Sysmon;1,,5160,C:\Windows\SysWOW64\rundll32.exe,364,C:\Windows\SysWOW64\rundll32.exe,,,,,,,,,,,-,"<Event xmlns=""http://schemas.microsoft.com/win/2004/08/events/event"">   <System>     <Provider Name=""Microsoft-Windows-Sysmon"" Guid=""{5770385F-C22A-43E0-BF4C-06F5698FFBD9}""/>     <EventID>1</EventID>     <Version>5</Version>     <Level>4</Level>     <Task>1</Task>     <Opcode>0</Opcode>     <Keywords>0x8000000000000000</Keywords>     <TimeCreated SystemTime=""2022-08-05T21:51:43.025853300Z""/>     <EventRecordID>134147</EventRecordID>     <Correlation/>     <Execution ProcessID=""1428"" ThreadID=""1916""/>     <Channel>Microsoft-Windows-Sysmon/Operational</Channel>     <Computer>ACC-10.corp.net</Computer>     <Security UserID=""S-1-5-18""/>   </System>   <EventData>     <Data Name=""RuleName""/>     <Data Name=""UtcTime"">2022-08-05 21:51:43.010</Data>     <Data Name=""ProcessGuid"">{140A6FA9-90EF-62ED-0000-0010F1439001}</Data>     <Data Name=""ProcessId"">5160</Data>     <Data Name=""Image"">C:\Windows\SysWOW64\rundll32.exe</Data>     <Data Name=""FileVersion"">6.1.7600.16385 (win7_rtm.090713-1255)</Data>     <Data Name=""Description"">Windows host process (Rundll32)</Data>     <Data Name=""Product"">Microsoft® Windows® Operating System</Data>     <Data Name=""Company"">Microsoft Corporation</Data>     <Data Name=""CommandLine"">C:\Windows\syswow64\rundll32.exe</Data>     <Data Name=""CurrentDirectory"">C:\Users\Joann.Sims\Desktop\</Data>     <Data Name=""User"">CORP\Joann.Sims</Data>     <Data Name=""LogonGuid"">{140A6FA9-6527-62ED-0000-0020EDCB0100}</Data>     <Data Name=""LogonId"">0x000000000001cbed</Data>     <Data Name=""TerminalSessionId"">1</Data>     <Data Name=""IntegrityLevel"">Medium</Data>     <Data Name=""Hashes"">MD5=51138BEEA3E2C21EC44D0932C71762A8,IMPHASH=EF8A44FE2F9AD4AB85E55004AAA024A9</Data>     <Data Name=""ParentProcessGuid"">{140A6FA9-8EDF-62ED-0000-0010D81B7D01}</Data>     <Data Name=""ParentProcessId"">364</Data>     <Data Name=""ParentImage"">C:\Windows\SysWOW64\rundll32.exe</Data>     <Data Name=""ParentCommandLine"">C:\Windows\System32\rundll32.exe</Data>   </EventData> </Event> "
2022-08-05 21:51:44+00:00,ACC-10,evtx_Microsoft-Windows-Sysmon/Operational,Command and Control,Connection to C2,0.0,Microsoft-Windows-Sysmon/Operational;Microsoft-Windows-Sysmon;3,3,364,C:\Windows\SysWOW64\rundll32.exe,,,,,tcp,true,ACC-10.corp.net,172.17.11.184,53965,c-73-245-147-162.hsd1.fl.comcast.net,73.245.147.162,443,-,"<Event xmlns=""http://schemas.microsoft.com/win/2004/08/events/event"">   <System>     <Provider Name=""Microsoft-Windows-Sysmon"" Guid=""{5770385F-C22A-43E0-BF4C-06F5698FFBD9}""/>     <EventID>3</EventID>     <Version>5</Version>     <Level>4</Level>     <Task>3</Task>     <Opcode>0</Opcode>     <Keywords>0x8000000000000000</Keywords>     <TimeCreated SystemTime=""2022-08-05T21:51:44.274935000Z""/>     <EventRecordID>134153</EventRecordID>     <Correlation/>     <Execution ProcessID=""1428"" ThreadID=""1928""/>     <Channel>Microsoft-Windows-Sysmon/Operational</Channel>     <Computer>ACC-10.corp.net</Computer>     <Security UserID=""S-1-5-18""/>   </System>   <EventData>     <Data Name=""RuleName""/>     <Data Name=""UtcTime"">2022-08-05 21:51:38.987</Data>     <Data Name=""ProcessGuid"">{140A6FA9-8EDF-62ED-0000-0010D81B7D01}</Data>     <Data Name=""ProcessId"">364</Data>     <Data Name=""Image"">C:\Windows\SysWOW64\rundll32.exe</Data>     <Data Name=""User"">CORP\Joann.Sims</Data>     <Data Name=""Protocol"">tcp</Data>     <Data Name=""Initiated"">true</Data>     <Data Name=""SourceIsIpv6"">false</Data>     <Data Name=""SourceIp"">172.17.11.184</Data>     <Data Name=""SourceHostname"">ACC-10.corp.net</Data>     <Data Name=""SourcePort"">53965</Data>     <Data Name=""SourcePortName""/>     <Data Name=""DestinationIsIpv6"">false</Data>     <Data Name=""DestinationIp"">73.245.147.162</Data>     <Data Name=""DestinationHostname"">c-73-245-147-162.hsd1.fl.comcast.net</Data>     <Data Name=""DestinationPort"">443</Data>     <Data Name=""DestinationPortName"">https</Data>   </EventData> </Event> "
2022-08-05 21:52:11+00:00,ACC-10,evtx_Microsoft-Windows-Sysmon/Operational,Discovery,"Scan subnet (12 hosts, TCP 135,139,3389,445)",0.0,Microsoft-Windows-Sysmon/Operational;Microsoft-Windows-Sysmon;3,3,5160,C:\Windows\SysWOW64\rundll32.exe,,,,,tcp,true,ACC-10.corp.net,172.17.11.184,54019,ACC-08,172.17.11.221,135,-,"<Event xmlns=""http://schemas.microsoft.com/win/2004/08/events/event"">   <System>     <Provider Name=""Microsoft-Windows-Sysmon"" Guid=""{5770385F-C22A-43E0-BF4C-06F5698FFBD9}""/>     <EventID>3</EventID>     <Version>5</Version>     <Level>4</Level>     <Task>3</Task>     <Opcode>0</Opcode>     <Keywords>0x8000000000000000</Keywords>     <TimeCreated SystemTime=""2022-08-05T21:52:11.461272200Z""/>     <EventRecordID>134343</EventRecordID>     <Correlation/>     <Execution ProcessID=""1428"" ThreadID=""1928""/>     <Channel>Microsoft-Windows-Sysmon/Operational</Channel>     <Computer>ACC-10.corp.net</Computer>     <Security UserID=""S-1-5-18""/>   </System>   <EventData>     <Data Name=""RuleName""/>     <Data Name=""UtcTime"">2022-08-05 21:52:06.353</Data>     <Data Name=""ProcessGuid"">{140A6FA9-90EF-62ED-0000-0010F1439001}</Data>     <Data Name=""ProcessId"">5160</Data>     <Data Name=""Image"">C:\Windows\SysWOW64\rundll32.exe</Data>     <Data Name=""User"">CORP\Joann.Sims</Data>     <Data Name=""Protocol"">tcp</Data>     <Data Name=""Initiated"">true</Data>     <Data Name=""SourceIsIpv6"">false</Data>     <Data Name=""SourceIp"">172.17.11.184</Data>     <Data Name=""SourceHostname"">ACC-10.corp.net</Data>     <Data Name=""SourcePort"">54019</Data>     <Data Name=""SourcePortName""/>     <Data Name=""DestinationIsIpv6"">false</Data>     <Data Name=""DestinationIp"">172.17.11.221</Data>     <Data Name=""DestinationHostname"">ACC-08</Data>     <Data Name=""DestinationPort"">135</Data>     <Data Name=""DestinationPortName"">epmap</Data>   </EventData> </Event> "
2022-08-05 21:52:11+00:00,ACC-10,evtx_Microsoft-Windows-Sysmon/Operational,Discovery,"Scan subnet (12 hosts, TCP 135,139,3389,445)",0.0,Microsoft-Windows-Sysmon/Operational;Microsoft-Windows-Sysmon;3,3,5160,C:\Windows\SysWOW64\rundll32.exe,,,,,tcp,true,ACC-10.corp.net,172.17.11.184,54027,ACC-06,172.17.11.204,135,-,"<Event xmlns=""http://schemas.microsoft.com/win/2004/08/events/event"">   <System>     <Provider Name=""Microsoft-Windows-Sysmon"" Guid=""{5770385F-C22A-43E0-BF4C-06F5698FFBD9}""/>     <EventID>3</EventID>     <Version>5</Version>     <Level>4</Level>     <Task>3</Task>     <Opcode>0</Opcode>     <Keywords>0x8000000000000000</Keywords>     <TimeCreated SystemTime=""2022-08-05T21:52:11.461272200Z""/>     <EventRecordID>134344</EventRecordID>     <Correlation/>     <Execution ProcessID=""1428"" ThreadID=""1928""/>     <Channel>Microsoft-Windows-Sysmon/Operational</Channel>     <Computer>ACC-10.corp.net</Computer>     <Security UserID=""S-1-5-18""/>   </System>   <EventData>     <Data Name=""RuleName""/>     <Data Name=""UtcTime"">2022-08-05 21:52:06.354</Data>     <Data Name=""ProcessGuid"">{140A6FA9-90EF-62ED-0000-0010F1439001}</Data>     <Data Name=""ProcessId"">5160</Data>     <Data Name=""Image"">C:\Windows\SysWOW64\rundll32.exe</Data>     <Data Name=""User"">CORP\Joann.Sims</Data>     <Data Name=""Protocol"">tcp</Data>     <Data Name=""Initiated"">true</Data>     <Data Name=""SourceIsIpv6"">false</Data>     <Data Name=""SourceIp"">172.17.11.184</Data>     <Data Name=""SourceHostname"">ACC-10.corp.net</Data>     <Data Name=""SourcePort"">54027</Data>     <Data Name=""SourcePortName""/>     <Data Name=""DestinationIsIpv6"">false</Data>     <Data Name=""DestinationIp"">172.17.11.204</Data>     <Data Name=""DestinationHostname"">ACC-06</Data>     <Data Name=""DestinationPort"">135</Data>     <Data Name=""DestinationPortName"">epmap</Data>   </EventData> </Event> "
2022-08-05 21:52:11+00:00,ACC-10,evtx_Microsoft-Windows-Sysmon/Operational,Discovery,"Scan subnet (12 hosts, TCP 135,139,3389,445)",0.0,Microsoft-Windows-Sysmon/Operational;Microsoft-Windows-Sysmon;3,3,5160,C:\Windows\SysWOW64\rundll32.exe,,,,,tcp,true,ACC-10.corp.net,172.17.11.184,54033,ACC-04,172.17.11.195,445,-,"<Event xmlns=""http://schemas.microsoft.com/win/2004/08/events/event"">   <System>     <Provider Name=""Microsoft-Windows-Sysmon"" Guid=""{5770385F-C22A-43E0-BF4C-06F5698FFBD9}""/>     <EventID>3</EventID>     <Version>5</Version>     <Level>4</Level>     <Task>3</Task>     <Opcode>0</Opcode>     <Keywords>0x8000000000000000</Keywords>     <TimeCreated SystemTime=""2022-08-05T21:52:11.461272200Z""/>     <EventRecordID>134345</EventRecordID>     <Correlation/>     <Execution ProcessID=""1428"" ThreadID=""1928""/>     <Channel>Microsoft-Windows-Sysmon/Operational</Channel>     <Computer>ACC-10.corp.net</Computer>     <Security UserID=""S-1-5-18""/>   </System>   <EventData>     <Data Name=""RuleName""/>     <Data Name=""UtcTime"">2022-08-05 21:52:06.354</Data>     <Data Name=""ProcessGuid"">{140A6FA9-90EF-62ED-0000-0010F1439001}</Data>     <Data Name=""ProcessId"">5160</Data>     <Data Name=""Image"">C:\Windows\SysWOW64\rundll32.exe</Data>     <Data Name=""User"">CORP\Joann.Sims</Data>     <Data Name=""Protocol"">tcp</Data>     <Data Name=""Initiated"">true</Data>     <Data Name=""SourceIsIpv6"">false</Data>     <Data Name=""SourceIp"">172.17.11.184</Data>     <Data Name=""SourceHostname"">ACC-10.corp.net</Data>     <Data Name=""SourcePort"">54033</Data>     <Data Name=""SourcePortName""/>     <Data Name=""DestinationIsIpv6"">false</Data>     <Data Name=""DestinationIp"">172.17.11.195</Data>     <Data Name=""DestinationHostname"">ACC-04</Data>     <Data Name=""DestinationPort"">445</Data>     <Data Name=""DestinationPortName"">microsoft-ds</Data>   </EventData> </Event> "
2022-08-05 21:52:11+00:00,ACC-10,evtx_Microsoft-Windows-Sysmon/Operational,Discovery,"Scan subnet (12 hosts, TCP 135,139,3389,445)",0.0,Microsoft-Windows-Sysmon/Operational;Microsoft-Windows-Sysmon;3,3,5160,C:\Windows\SysWOW64\rundll32.exe,,,,,tcp,true,ACC-10.corp.net,172.17.11.184,54034,ACC-04,172.17.11.195,139,-,"<Event xmlns=""http://schemas.microsoft.com/win/2004/08/events/event"">   <System>     <Provider Name=""Microsoft-Windows-Sysmon"" Guid=""{5770385F-C22A-43E0-BF4C-06F5698FFBD9}""/>     <EventID>3</EventID>     <Version>5</Version>     <Level>4</Level>     <Task>3</Task>     <Opcode>0</Opcode>     <Keywords>0x8000000000000000</Keywords>     <TimeCreated SystemTime=""2022-08-05T21:52:11.461272200Z""/>     <EventRecordID>134346</EventRecordID>     <Correlation/>     <Execution ProcessID=""1428"" ThreadID=""1928""/>     <Channel>Microsoft-Windows-Sysmon/Operational</Channel>     <Computer>ACC-10.corp.net</Computer>     <Security UserID=""S-1-5-18""/>   </System>   <EventData>     <Data Name=""RuleName""/>     <Data Name=""UtcTime"">2022-08-05 21:52:06.354</Data>     <Data Name=""ProcessGuid"">{140A6FA9-90EF-62ED-0000-0010F1439001}</Data>     <Data Name=""ProcessId"">5160</Data>     <Data Name=""Image"">C:\Windows\SysWOW64\rundll32.exe</Data>     <Data Name=""User"">CORP\Joann.Sims</Data>     <Data Name=""Protocol"">tcp</Data>     <Data Name=""Initiated"">true</Data>     <Data Name=""SourceIsIpv6"">false</Data>     <Data Name=""SourceIp"">172.17.11.184</Data>     <Data Name=""SourceHostname"">ACC-10.corp.net</Data>     <Data Name=""SourcePort"">54034</Data>     <Data Name=""SourcePortName""/>     <Data Name=""DestinationIsIpv6"">false</Data>     <Data Name=""DestinationIp"">172.17.11.195</Data>     <Data Name=""DestinationHostname"">ACC-04</Data>     <Data Name=""DestinationPort"">139</Data>     <Data Name=""DestinationPortName"">netbios-ssn</Data>   </EventData> </Event> "
2022-08-05 21:52:11+00:00,ACC-10,evtx_Microsoft-Windows-Sysmon/Operational,Discovery,"Scan subnet (12 hosts, TCP 135,139,3389,445)",0.0,Microsoft-Windows-Sysmon/Operational;Microsoft-Windows-Sysmon;3,3,5160,C:\Windows\SysWOW64\rundll32.exe,,,,,tcp,true,ACC-10.corp.net,172.17.11.184,54035,ACC-04,172.17.11.195,135,-,"<Event xmlns=""http://schemas.microsoft.com/win/2004/08/events/event"">   <System>     <Provider Name=""Microsoft-Windows-Sysmon"" Guid=""{5770385F-C22A-43E0-BF4C-06F5698FFBD9}""/>     <EventID>3</EventID>     <Version>5</Version>     <Level>4</Level>     <Task>3</Task>     <Opcode>0</Opcode>     <Keywords>0x8000000000000000</Keywords>     <TimeCreated SystemTime=""2022-08-05T21:52:11.461272200Z""/>     <EventRecordID>134347</EventRecordID>     <Correlation/>     <Execution ProcessID=""1428"" ThreadID=""1928""/>     <Channel>Microsoft-Windows-Sysmon/Operational</Channel>     <Computer>ACC-10.corp.net</Computer>     <Security UserID=""S-1-5-18""/>   </System>   <EventData>     <Data Name=""RuleName""/>     <Data Name=""UtcTime"">2022-08-05 21:52:06.355</Data>     <Data Name=""ProcessGuid"">{140A6FA9-90EF-62ED-0000-0010F1439001}</Data>     <Data Name=""ProcessId"">5160</Data>     <Data Name=""Image"">C:\Windows\SysWOW64\rundll32.exe</Data>     <Data Name=""User"">CORP\Joann.Sims</Data>     <Data Name=""Protocol"">tcp</Data>     <Data Name=""Initiated"">true</Data>     <Data Name=""SourceIsIpv6"">false</Data>     <Data Name=""SourceIp"">172.17.11.184</Data>     <Data Name=""SourceHostname"">ACC-10.corp.net</Data>     <Data Name=""SourcePort"">54035</Data>     <Data Name=""SourcePortName""/>     <Data Name=""DestinationIsIpv6"">false</Data>     <Data Name=""DestinationIp"">172.17.11.195</Data>     <Data Name=""DestinationHostname"">ACC-04</Data>     <Data Name=""DestinationPort"">135</Data>     <Data Name=""DestinationPortName"">epmap</Data>   </EventData> </Event> "
2022-08-05 21:52:11+00:00,ACC-10,evtx_Microsoft-Windows-Sysmon/Operational,Discovery,"Scan subnet (12 hosts, TCP 135,139,3389,445)",0.0,Microsoft-Windows-Sysmon/Operational;Microsoft-Windows-Sysmon;3,3,5160,C:\Windows\SysWOW64\rundll32.exe,,,,,tcp,true,ACC-10.corp.net,172.17.11.184,54039,ACC-07,172.17.11.190,135,-,"<Event xmlns=""http://schemas.microsoft.com/win/2004/08/events/event"">   <System>     <Provider Name=""Microsoft-Windows-Sysmon"" Guid=""{5770385F-C22A-43E0-BF4C-06F5698FFBD9}""/>     <EventID>3</EventID>     <Version>5</Version>     <Level>4</Level>     <Task>3</Task>     <Opcode>0</Opcode>     <Keywords>0x8000000000000000</Keywords>     <TimeCreated SystemTime=""2022-08-05T21:52:11.461272200Z""/>     <EventRecordID>134348</EventRecordID>     <Correlation/>     <Execution ProcessID=""1428"" ThreadID=""1928""/>     <Channel>Microsoft-Windows-Sysmon/Operational</Channel>     <Computer>ACC-10.corp.net</Computer>     <Security UserID=""S-1-5-18""/>   </System>   <EventData>     <Data Name=""RuleName""/>     <Data Name=""UtcTime"">2022-08-05 21:52:06.356</Data>     <Data Name=""ProcessGuid"">{140A6FA9-90EF-62ED-0000-0010F1439001}</Data>     <Data Name=""ProcessId"">5160</Data>     <Data Name=""Image"">C:\Windows\SysWOW64\rundll32.exe</Data>     <Data Name=""User"">CORP\Joann.Sims</Data>     <Data Name=""Protocol"">tcp</Data>     <Data Name=""Initiated"">true</Data>     <Data Name=""SourceIsIpv6"">false</Data>     <Data Name=""SourceIp"">172.17.11.184</Data>     <Data Name=""SourceHostname"">ACC-10.corp.net</Data>     <Data Name=""SourcePort"">54039</Data>     <Data Name=""SourcePortName""/>     <Data Name=""DestinationIsIpv6"">false</Data>     <Data Name=""DestinationIp"">172.17.11.190</Data>     <Data Name=""DestinationHostname"">ACC-07</Data>     <Data Name=""DestinationPort"">135</Data>     <Data Name=""DestinationPortName"">epmap</Data>   </EventData> </Event> "
2022-08-05 21:52:11+00:00,ACC-10,evtx_Microsoft-Windows-Sysmon/Operational,Discovery,"Scan subnet (12 hosts, TCP 135,139,3389,445)",0.0,Microsoft-Windows-Sysmon/Operational;Microsoft-Windows-Sysmon;3,3,5160,C:\Windows\SysWOW64\rundll32.exe,,,,,tcp,true,ACC-10.corp.net,172.17.11.184,54044,ACC-10.corp.net,172.17.11.184,3389,-,"<Event xmlns=""http://schemas.microsoft.com/win/2004/08/events/event"">   <System>     <Provider Name=""Microsoft-Windows-Sysmon"" Guid=""{5770385F-C22A-43E0-BF4C-06F5698FFBD9}""/>     <EventID>3</EventID>     <Version>5</Version>     <Level>4</Level>     <Task>3</Task>     <Opcode>0</Opcode>     <Keywords>0x8000000000000000</Keywords>     <TimeCreated SystemTime=""2022-08-05T21:52:11.461272200Z""/>     <EventRecordID>134349</EventRecordID>     <Correlation/>     <Execution ProcessID=""1428"" ThreadID=""1928""/>     <Channel>Microsoft-Windows-Sysmon/Operational</Channel>     <Computer>ACC-10.corp.net</Computer>     <Security UserID=""S-1-5-18""/>   </System>   <EventData>     <Data Name=""RuleName""/>     <Data Name=""UtcTime"">2022-08-05 21:52:06.356</Data>     <Data Name=""ProcessGuid"">{140A6FA9-90EF-62ED-0000-0010F1439001}</Data>     <Data Name=""ProcessId"">5160</Data>     <Data Name=""Image"">C:\Windows\SysWOW64\rundll32.exe</Data>     <Data Name=""User"">CORP\Joann.Sims</Data>     <Data Name=""Protocol"">tcp</Data>     <Data Name=""Initiated"">true</Data>     <Data Name=""SourceIsIpv6"">false</Data>     <Data Name=""SourceIp"">172.17.11.184</Data>     <Data Name=""SourceHostname"">ACC-10.corp.net</Data>     <Data Name=""SourcePort"">54044</Data>     <Data Name=""SourcePortName""/>     <Data Name=""DestinationIsIpv6"">false</Data>     <Data Name=""DestinationIp"">172.17.11.184</Data>     <Data Name=""DestinationHostname"">ACC-10.corp.net</Data>     <Data Name=""DestinationPort"">3389</Data>     <Data Name=""DestinationPortName"">ms-wbt-server</Data>   </EventData> </Event> "
2022-08-05 21:52:11+00:00,ACC-10,evtx_Microsoft-Windows-Sysmon/Operational,Discovery,"Scan subnet (12 hosts, TCP 135,139,3389,445)",0.0,Microsoft-Windows-Sysmon/Operational;Microsoft-Windows-Sysmon;3,3,5160,C:\Windows\SysWOW64\rundll32.exe,,,,,tcp,true,ACC-10.corp.net,172.17.11.184,54045,ACC-10.corp.net,172.17.11.184,445,-,"<Event xmlns=""http://schemas.microsoft.com/win/2004/08/events/event"">   <System>     <Provider Name=""Microsoft-Windows-Sysmon"" Guid=""{5770385F-C22A-43E0-BF4C-06F5698FFBD9}""/>     <EventID>3</EventID>     <Version>5</Version>     <Level>4</Level>     <Task>3</Task>     <Opcode>0</Opcode>     <Keywords>0x8000000000000000</Keywords>     <TimeCreated SystemTime=""2022-08-05T21:52:11.461272200Z""/>     <EventRecordID>134351</EventRecordID>     <Correlation/>     <Execution ProcessID=""1428"" ThreadID=""1928""/>     <Channel>Microsoft-Windows-Sysmon/Operational</Channel>     <Computer>ACC-10.corp.net</Computer>     <Security UserID=""S-1-5-18""/>   </System>   <EventData>     <Data Name=""RuleName""/>     <Data Name=""UtcTime"">2022-08-05 21:52:06.356</Data>     <Data Name=""ProcessGuid"">{140A6FA9-90EF-62ED-0000-0010F1439001}</Data>     <Data Name=""ProcessId"">5160</Data>     <Data Name=""Image"">C:\Windows\SysWOW64\rundll32.exe</Data>     <Data Name=""User"">CORP\Joann.Sims</Data>     <Data Name=""Protocol"">tcp</Data>     <Data Name=""Initiated"">true</Data>     <Data Name=""SourceIsIpv6"">false</Data>     <Data Name=""SourceIp"">172.17.11.184</Data>     <Data Name=""SourceHostname"">ACC-10.corp.net</Data>     <Data Name=""SourcePort"">54045</Data>     <Data Name=""SourcePortName""/>     <Data Name=""DestinationIsIpv6"">false</Data>     <Data Name=""DestinationIp"">172.17.11.184</Data>     <Data Name=""DestinationHostname"">ACC-10.corp.net</Data>     <Data Name=""DestinationPort"">445</Data>     <Data Name=""DestinationPortName"">microsoft-ds</Data>   </EventData> </Event> "
2022-08-05 21:52:11+00:00,ACC-10,evtx_Microsoft-Windows-Sysmon/Operational,Discovery,"Scan subnet (12 hosts, TCP 135,139,3389,445)",0.0,Microsoft-Windows-Sysmon/Operational;Microsoft-Windows-Sysmon;3,3,5160,C:\Windows\SysWOW64\rundll32.exe,,,,,tcp,true,ACC-10.corp.net,172.17.11.184,54043,ACC-02,172.17.11.185,135,-,"<Event xmlns=""http://schemas.microsoft.com/win/2004/08/events/event"">   <System>     <Provider Name=""Microsoft-Windows-Sysmon"" Guid=""{5770385F-C22A-43E0-BF4C-06F5698FFBD9}""/>     <EventID>3</EventID>     <Version>5</Version>     <Level>4</Level>     <Task>3</Task>     <Opcode>0</Opcode>     <Keywords>0x8000000000000000</Keywords>     <TimeCreated SystemTime=""2022-08-05T21:52:11.461272200Z""/>     <EventRecordID>134353</EventRecordID>     <Correlation/>     <Execution ProcessID=""1428"" ThreadID=""1928""/>     <Channel>Microsoft-Windows-Sysmon/Operational</Channel>     <Computer>ACC-10.corp.net</Computer>     <Security UserID=""S-1-5-18""/>   </System>   <EventData>     <Data Name=""RuleName""/>     <Data Name=""UtcTime"">2022-08-05 21:52:06.356</Data>     <Data Name=""ProcessGuid"">{140A6FA9-90EF-62ED-0000-0010F1439001}</Data>     <Data Name=""ProcessId"">5160</Data>     <Data Name=""Image"">C:\Windows\SysWOW64\rundll32.exe</Data>     <Data Name=""User"">CORP\Joann.Sims</Data>     <Data Name=""Protocol"">tcp</Data>     <Data Name=""Initiated"">true</Data>     <Data Name=""SourceIsIpv6"">false</Data>     <Data Name=""SourceIp"">172.17.11.184</Data>     <Data Name=""SourceHostname"">ACC-10.corp.net</Data>     <Data Name=""SourcePort"">54043</Data>     <Data Name=""SourcePortName""/>     <Data Name=""DestinationIsIpv6"">false</Data>     <Data Name=""DestinationIp"">172.17.11.185</Data>     <Data Name=""DestinationHostname"">ACC-02</Data>     <Data Name=""DestinationPort"">135</Data>     <Data Name=""DestinationPortName"">epmap</Data>   </EventData> </Event> "
2022-08-05 21:52:11+00:00,ACC-10,evtx_Microsoft-Windows-Sysmon/Operational,Discovery,"Scan subnet (12 hosts, TCP 135,139,3389,445)",0.0,Microsoft-Windows-Sysmon/Operational;Microsoft-Windows-Sysmon;3,3,5160,C:\Windows\SysWOW64\rundll32.exe,,,,,tcp,true,ACC-10.corp.net,172.17.11.184,54046,ACC-10.corp.net,172.17.11.184,139,-,"<Event xmlns=""http://schemas.microsoft.com/win/2004/08/events/event"">   <System>     <Provider Name=""Microsoft-Windows-Sysmon"" Guid=""{5770385F-C22A-43E0-BF4C-06F5698FFBD9}""/>     <EventID>3</EventID>     <Version>5</Version>     <Level>4</Level>     <Task>3</Task>     <Opcode>0</Opcode>     <Keywords>0x8000000000000000</Keywords>     <TimeCreated SystemTime=""2022-08-05T21:52:11.461272200Z""/>     <EventRecordID>134354</EventRecordID>     <Correlation/>     <Execution ProcessID=""1428"" ThreadID=""1928""/>     <Channel>Microsoft-Windows-Sysmon/Operational</Channel>     <Computer>ACC-10.corp.net</Computer>     <Security UserID=""S-1-5-18""/>   </System>   <EventData>     <Data Name=""RuleName""/>     <Data Name=""UtcTime"">2022-08-05 21:52:06.356</Data>     <Data Name=""ProcessGuid"">{140A6FA9-90EF-62ED-0000-0010F1439001}</Data>     <Data Name=""ProcessId"">5160</Data>     <Data Name=""Image"">C:\Windows\SysWOW64\rundll32.exe</Data>     <Data Name=""User"">CORP\Joann.Sims</Data>     <Data Name=""Protocol"">tcp</Data>     <Data Name=""Initiated"">true</Data>     <Data Name=""SourceIsIpv6"">false</Data>     <Data Name=""SourceIp"">172.17.11.184</Data>     <Data Name=""SourceHostname"">ACC-10.corp.net</Data>     <Data Name=""SourcePort"">54046</Data>     <Data Name=""SourcePortName""/>     <Data Name=""DestinationIsIpv6"">false</Data>     <Data Name=""DestinationIp"">172.17.11.184</Data>     <Data Name=""DestinationHostname"">ACC-10.corp.net</Data>     <Data Name=""DestinationPort"">139</Data>     <Data Name=""DestinationPortName"">netbios-ssn</Data>   </EventData> </Event> "
2022-08-05 21:52:11+00:00,ACC-10,evtx_Microsoft-Windows-Sysmon/Operational,Discovery,"Scan subnet (12 hosts, TCP 135,139,3389,445)",0.0,Microsoft-Windows-Sysmon/Operational;Microsoft-Windows-Sysmon;3,3,5160,C:\Windows\SysWOW64\rundll32.exe,,,,,tcp,true,ACC-10.corp.net,172.17.11.184,54047,ACC-10.corp.net,172.17.11.184,135,-,"<Event xmlns=""http://schemas.microsoft.com/win/2004/08/events/event"">   <System>     <Provider Name=""Microsoft-Windows-Sysmon"" Guid=""{5770385F-C22A-43E0-BF4C-06F5698FFBD9}""/>     <EventID>3</EventID>     <Version>5</Version>     <Level>4</Level>     <Task>3</Task>     <Opcode>0</Opcode>     <Keywords>0x8000000000000000</Keywords>     <TimeCreated SystemTime=""2022-08-05T21:52:11.461272200Z""/>     <EventRecordID>134356</EventRecordID>     <Correlation/>     <Execution ProcessID=""1428"" ThreadID=""1928""/>     <Channel>Microsoft-Windows-Sysmon/Operational</Channel>     <Computer>ACC-10.corp.net</Computer>     <Security UserID=""S-1-5-18""/>   </System>   <EventData>     <Data Name=""RuleName""/>     <Data Name=""UtcTime"">2022-08-05 21:52:06.356</Data>     <Data Name=""ProcessGuid"">{140A6FA9-90EF-62ED-0000-0010F1439001}</Data>     <Data Name=""ProcessId"">5160</Data>     <Data Name=""Image"">C:\Windows\SysWOW64\rundll32.exe</Data>     <Data Name=""User"">CORP\Joann.Sims</Data>     <Data Name=""Protocol"">tcp</Data>     <Data Name=""Initiated"">true</Data>     <Data Name=""SourceIsIpv6"">false</Data>     <Data Name=""SourceIp"">172.17.11.184</Data>     <Data Name=""SourceHostname"">ACC-10.corp.net</Data>     <Data Name=""SourcePort"">54047</Data>     <Data Name=""SourcePortName""/>     <Data Name=""DestinationIsIpv6"">false</Data>     <Data Name=""DestinationIp"">172.17.11.184</Data>     <Data Name=""DestinationHostname"">ACC-10.corp.net</Data>     <Data Name=""DestinationPort"">135</Data>     <Data Name=""DestinationPortName"">epmap</Data>   </EventData> </Event> "
2022-08-05 21:52:12+00:00,ACC-10,evtx_Microsoft-Windows-Sysmon/Operational,Discovery,"Scan subnet (12 hosts, TCP 135,139,3389,445)",0.0,Microsoft-Windows-Sysmon/Operational;Microsoft-Windows-Sysmon;3,3,5160,C:\Windows\SysWOW64\rundll32.exe,,,,,tcp,true,ACC-10.corp.net,172.17.11.184,54050,ACC-11,172.17.11.177,139,-,"<Event xmlns=""http://schemas.microsoft.com/win/2004/08/events/event"">   <System>     <Provider Name=""Microsoft-Windows-Sysmon"" Guid=""{5770385F-C22A-43E0-BF4C-06F5698FFBD9}""/>     <EventID>3</EventID>     <Version>5</Version>     <Level>4</Level>     <Task>3</Task>     <Opcode>0</Opcode>     <Keywords>0x8000000000000000</Keywords>     <TimeCreated SystemTime=""2022-08-05T21:52:12.717749900Z""/>     <EventRecordID>134362</EventRecordID>     <Correlation/>     <Execution ProcessID=""1428"" ThreadID=""1928""/>     <Channel>Microsoft-Windows-Sysmon/Operational</Channel>     <Computer>ACC-10.corp.net</Computer>     <Security UserID=""S-1-5-18""/>   </System>   <EventData>     <Data Name=""RuleName""/>     <Data Name=""UtcTime"">2022-08-05 21:52:06.357</Data>     <Data Name=""ProcessGuid"">{140A6FA9-90EF-62ED-0000-0010F1439001}</Data>     <Data Name=""ProcessId"">5160</Data>     <Data Name=""Image"">C:\Windows\SysWOW64\rundll32.exe</Data>     <Data Name=""User"">CORP\Joann.Sims</Data>     <Data Name=""Protocol"">tcp</Data>     <Data Name=""Initiated"">true</Data>     <Data Name=""SourceIsIpv6"">false</Data>     <Data Name=""SourceIp"">172.17.11.184</Data>     <Data Name=""SourceHostname"">ACC-10.corp.net</Data>     <Data Name=""SourcePort"">54050</Data>     <Data Name=""SourcePortName""/>     <Data Name=""DestinationIsIpv6"">false</Data>     <Data Name=""DestinationIp"">172.17.11.177</Data>     <Data Name=""DestinationHostname"">ACC-11</Data>     <Data Name=""DestinationPort"">139</Data>     <Data Name=""DestinationPortName"">netbios-ssn</Data>   </EventData> </Event> "
2022-08-05 21:52:12+00:00,ACC-10,evtx_Microsoft-Windows-Sysmon/Operational,Discovery,"Scan subnet (12 hosts, TCP 135,139,3389,445)",0.0,Microsoft-Windows-Sysmon/Operational;Microsoft-Windows-Sysmon;3,3,5160,C:\Windows\SysWOW64\rundll32.exe,,,,,tcp,true,ACC-10.corp.net,172.17.11.184,54051,ACC-11,172.17.11.177,135,-,"<Event xmlns=""http://schemas.microsoft.com/win/2004/08/events/event"">   <System>     <Provider Name=""Microsoft-Windows-Sysmon"" Guid=""{5770385F-C22A-43E0-BF4C-06F5698FFBD9}""/>     <EventID>3</EventID>     <Version>5</Version>     <Level>4</Level>     <Task>3</Task>     <Opcode>0</Opcode>     <Keywords>0x8000000000000000</Keywords>     <TimeCreated SystemTime=""2022-08-05T21:52:12.717749900Z""/>     <EventRecordID>134363</EventRecordID>     <Correlation/>     <Execution ProcessID=""1428"" ThreadID=""1928""/>     <Channel>Microsoft-Windows-Sysmon/Operational</Channel>     <Computer>ACC-10.corp.net</Computer>     <Security UserID=""S-1-5-18""/>   </System>   <EventData>     <Data Name=""RuleName""/>     <Data Name=""UtcTime"">2022-08-05 21:52:06.357</Data>     <Data Name=""ProcessGuid"">{140A6FA9-90EF-62ED-0000-0010F1439001}</Data>     <Data Name=""ProcessId"">5160</Data>     <Data Name=""Image"">C:\Windows\SysWOW64\rundll32.exe</Data>     <Data Name=""User"">CORP\Joann.Sims</Data>     <Data Name=""Protocol"">tcp</Data>     <Data Name=""Initiated"">true</Data>     <Data Name=""SourceIsIpv6"">false</Data>     <Data Name=""SourceIp"">172.17.11.184</Data>     <Data Name=""SourceHostname"">ACC-10.corp.net</Data>     <Data Name=""SourcePort"">54051</Data>     <Data Name=""SourcePortName""/>     <Data Name=""DestinationIsIpv6"">false</Data>     <Data Name=""DestinationIp"">172.17.11.177</Data>     <Data Name=""DestinationHostname"">ACC-11</Data>     <Data Name=""DestinationPort"">135</Data>     <Data Name=""DestinationPortName"">epmap</Data>   </EventData> </Event> "
2022-08-05 21:52:12+00:00,ACC-10,evtx_Microsoft-Windows-Sysmon/Operational,Discovery,"Scan subnet (12 hosts, TCP 135,139,3389,445)",0.0,Microsoft-Windows-Sysmon/Operational;Microsoft-Windows-Sysmon;3,3,5160,C:\Windows\SysWOW64\rundll32.exe,,,,,tcp,true,ACC-10.corp.net,172.17.11.184,54057,ACC-12,172.17.11.167,445,-,"<Event xmlns=""http://schemas.microsoft.com/win/2004/08/events/event"">   <System>     <Provider Name=""Microsoft-Windows-Sysmon"" Guid=""{5770385F-C22A-43E0-BF4C-06F5698FFBD9}""/>     <EventID>3</EventID>     <Version>5</Version>     <Level>4</Level>     <Task>3</Task>     <Opcode>0</Opcode>     <Keywords>0x8000000000000000</Keywords>     <TimeCreated SystemTime=""2022-08-05T21:52:12.717749900Z""/>     <EventRecordID>134364</EventRecordID>     <Correlation/>     <Execution ProcessID=""1428"" ThreadID=""1928""/>     <Channel>Microsoft-Windows-Sysmon/Operational</Channel>     <Computer>ACC-10.corp.net</Computer>     <Security UserID=""S-1-5-18""/>   </System>   <EventData>     <Data Name=""RuleName""/>     <Data Name=""UtcTime"">2022-08-05 21:52:06.358</Data>     <Data Name=""ProcessGuid"">{140A6FA9-90EF-62ED-0000-0010F1439001}</Data>     <Data Name=""ProcessId"">5160</Data>     <Data Name=""Image"">C:\Windows\SysWOW64\rundll32.exe</Data>     <Data Name=""User"">CORP\Joann.Sims</Data>     <Data Name=""Protocol"">tcp</Data>     <Data Name=""Initiated"">true</Data>     <Data Name=""SourceIsIpv6"">false</Data>     <Data Name=""SourceIp"">172.17.11.184</Data>     <Data Name=""SourceHostname"">ACC-10.corp.net</Data>     <Data Name=""SourcePort"">54057</Data>     <Data Name=""SourcePortName""/>     <Data Name=""DestinationIsIpv6"">false</Data>     <Data Name=""DestinationIp"">172.17.11.167</Data>     <Data Name=""DestinationHostname"">ACC-12</Data>     <Data Name=""DestinationPort"">445</Data>     <Data Name=""DestinationPortName"">microsoft-ds</Data>   </EventData> </Event> "
2022-08-05 21:52:12+00:00,ACC-10,evtx_Microsoft-Windows-Sysmon/Operational,Discovery,"Scan subnet (12 hosts, TCP 135,139,3389,445)",0.0,Microsoft-Windows-Sysmon/Operational;Microsoft-Windows-Sysmon;3,3,5160,C:\Windows\SysWOW64\rundll32.exe,,,,,tcp,true,ACC-10.corp.net,172.17.11.184,54058,ACC-12,172.17.11.167,139,-,"<Event xmlns=""http://schemas.microsoft.com/win/2004/08/events/event"">   <System>     <Provider Name=""Microsoft-Windows-Sysmon"" Guid=""{5770385F-C22A-43E0-BF4C-06F5698FFBD9}""/>     <EventID>3</EventID>     <Version>5</Version>     <Level>4</Level>     <Task>3</Task>     <Opcode>0</Opcode>     <Keywords>0x8000000000000000</Keywords>     <TimeCreated SystemTime=""2022-08-05T21:52:12.717749900Z""/>     <EventRecordID>134365</EventRecordID>     <Correlation/>     <Execution ProcessID=""1428"" ThreadID=""1928""/>     <Channel>Microsoft-Windows-Sysmon/Operational</Channel>     <Computer>ACC-10.corp.net</Computer>     <Security UserID=""S-1-5-18""/>   </System>   <EventData>     <Data Name=""RuleName""/>     <Data Name=""UtcTime"">2022-08-05 21:52:06.358</Data>     <Data Name=""ProcessGuid"">{140A6FA9-90EF-62ED-0000-0010F1439001}</Data>     <Data Name=""ProcessId"">5160</Data>     <Data Name=""Image"">C:\Windows\SysWOW64\rundll32.exe</Data>     <Data Name=""User"">CORP\Joann.Sims</Data>     <Data Name=""Protocol"">tcp</Data>     <Data Name=""Initiated"">true</Data>     <Data Name=""SourceIsIpv6"">false</Data>     <Data Name=""SourceIp"">172.17.11.184</Data>     <Data Name=""SourceHostname"">ACC-10.corp.net</Data>     <Data Name=""SourcePort"">54058</Data>     <Data Name=""SourcePortName""/>     <Data Name=""DestinationIsIpv6"">false</Data>     <Data Name=""DestinationIp"">172.17.11.167</Data>     <Data Name=""DestinationHostname"">ACC-12</Data>     <Data Name=""DestinationPort"">139</Data>     <Data Name=""DestinationPortName"">netbios-ssn</Data>   </EventData> </Event> "
2022-08-05 21:52:12+00:00,ACC-10,evtx_Microsoft-Windows-Sysmon/Operational,Discovery,"Scan subnet (12 hosts, TCP 135,139,3389,445)",0.0,Microsoft-Windows-Sysmon/Operational;Microsoft-Windows-Sysmon;3,3,5160,C:\Windows\SysWOW64\rundll32.exe,,,,,tcp,true,ACC-10.corp.net,172.17.11.184,54059,ACC-12,172.17.11.167,135,-,"<Event xmlns=""http://schemas.microsoft.com/win/2004/08/events/event"">   <System>     <Provider Name=""Microsoft-Windows-Sysmon"" Guid=""{5770385F-C22A-43E0-BF4C-06F5698FFBD9}""/>     <EventID>3</EventID>     <Version>5</Version>     <Level>4</Level>     <Task>3</Task>     <Opcode>0</Opcode>     <Keywords>0x8000000000000000</Keywords>     <TimeCreated SystemTime=""2022-08-05T21:52:12.717749900Z""/>     <EventRecordID>134366</EventRecordID>     <Correlation/>     <Execution ProcessID=""1428"" ThreadID=""1928""/>     <Channel>Microsoft-Windows-Sysmon/Operational</Channel>     <Computer>ACC-10.corp.net</Computer>     <Security UserID=""S-1-5-18""/>   </System>   <EventData>     <Data Name=""RuleName""/>     <Data Name=""UtcTime"">2022-08-05 21:52:06.358</Data>     <Data Name=""ProcessGuid"">{140A6FA9-90EF-62ED-0000-0010F1439001}</Data>     <Data Name=""ProcessId"">5160</Data>     <Data Name=""Image"">C:\Windows\SysWOW64\rundll32.exe</Data>     <Data Name=""User"">CORP\Joann.Sims</Data>     <Data Name=""Protocol"">tcp</Data>     <Data Name=""Initiated"">true</Data>     <Data Name=""SourceIsIpv6"">false</Data>     <Data Name=""SourceIp"">172.17.11.184</Data>     <Data Name=""SourceHostname"">ACC-10.corp.net</Data>     <Data Name=""SourcePort"">54059</Data>     <Data Name=""SourcePortName""/>     <Data Name=""DestinationIsIpv6"">false</Data>     <Data Name=""DestinationIp"">172.17.11.167</Data>     <Data Name=""DestinationHostname"">ACC-12</Data>     <Data Name=""DestinationPort"">135</Data>     <Data Name=""DestinationPortName"">epmap</Data>   </EventData> </Event> "
2022-08-05 21:52:12+00:00,ACC-10,evtx_Microsoft-Windows-Sysmon/Operational,Discovery,"Scan subnet (12 hosts, TCP 135,139,3389,445)",0.0,Microsoft-Windows-Sysmon/Operational;Microsoft-Windows-Sysmon;3,3,5160,C:\Windows\SysWOW64\rundll32.exe,,,,,tcp,true,ACC-10.corp.net,172.17.11.184,54055,ACC-03,172.17.11.171,135,-,"<Event xmlns=""http://schemas.microsoft.com/win/2004/08/events/event"">   <System>     <Provider Name=""Microsoft-Windows-Sysmon"" Guid=""{5770385F-C22A-43E0-BF4C-06F5698FFBD9}""/>     <EventID>3</EventID>     <Version>5</Version>     <Level>4</Level>     <Task>3</Task>     <Opcode>0</Opcode>     <Keywords>0x8000000000000000</Keywords>     <TimeCreated SystemTime=""2022-08-05T21:52:12.717749900Z""/>     <EventRecordID>134367</EventRecordID>     <Correlation/>     <Execution ProcessID=""1428"" ThreadID=""1928""/>     <Channel>Microsoft-Windows-Sysmon/Operational</Channel>     <Computer>ACC-10.corp.net</Computer>     <Security UserID=""S-1-5-18""/>   </System>   <EventData>     <Data Name=""RuleName""/>     <Data Name=""UtcTime"">2022-08-05 21:52:06.358</Data>     <Data Name=""ProcessGuid"">{140A6FA9-90EF-62ED-0000-0010F1439001}</Data>     <Data Name=""ProcessId"">5160</Data>     <Data Name=""Image"">C:\Windows\SysWOW64\rundll32.exe</Data>     <Data Name=""User"">CORP\Joann.Sims</Data>     <Data Name=""Protocol"">tcp</Data>     <Data Name=""Initiated"">true</Data>     <Data Name=""SourceIsIpv6"">false</Data>     <Data Name=""SourceIp"">172.17.11.184</Data>     <Data Name=""SourceHostname"">ACC-10.corp.net</Data>     <Data Name=""SourcePort"">54055</Data>     <Data Name=""SourcePortName""/>     <Data Name=""DestinationIsIpv6"">false</Data>     <Data Name=""DestinationIp"">172.17.11.171</Data>     <Data Name=""DestinationHostname"">ACC-03</Data>     <Data Name=""DestinationPort"">135</Data>     <Data Name=""DestinationPortName"">epmap</Data>   </EventData> </Event> "
2022-08-05 21:52:12+00:00,ACC-10,evtx_Microsoft-Windows-Sysmon/Operational,Discovery,"Scan subnet (12 hosts, TCP 135,139,3389,445)",0.0,Microsoft-Windows-Sysmon/Operational;Microsoft-Windows-Sysmon;3,3,5160,C:\Windows\SysWOW64\rundll32.exe,,,,,tcp,true,ACC-10.corp.net,172.17.11.184,54062,ACC-05,172.17.11.164,139,-,"<Event xmlns=""http://schemas.microsoft.com/win/2004/08/events/event"">   <System>     <Provider Name=""Microsoft-Windows-Sysmon"" Guid=""{5770385F-C22A-43E0-BF4C-06F5698FFBD9}""/>     <EventID>3</EventID>     <Version>5</Version>     <Level>4</Level>     <Task>3</Task>     <Opcode>0</Opcode>     <Keywords>0x8000000000000000</Keywords>     <TimeCreated SystemTime=""2022-08-05T21:52:12.717749900Z""/>     <EventRecordID>134368</EventRecordID>     <Correlation/>     <Execution ProcessID=""1428"" ThreadID=""1928""/>     <Channel>Microsoft-Windows-Sysmon/Operational</Channel>     <Computer>ACC-10.corp.net</Computer>     <Security UserID=""S-1-5-18""/>   </System>   <EventData>     <Data Name=""RuleName""/>     <Data Name=""UtcTime"">2022-08-05 21:52:06.359</Data>     <Data Name=""ProcessGuid"">{140A6FA9-90EF-62ED-0000-0010F1439001}</Data>     <Data Name=""ProcessId"">5160</Data>     <Data Name=""Image"">C:\Windows\SysWOW64\rundll32.exe</Data>     <Data Name=""User"">CORP\Joann.Sims</Data>     <Data Name=""Protocol"">tcp</Data>     <Data Name=""Initiated"">true</Data>     <Data Name=""SourceIsIpv6"">false</Data>     <Data Name=""SourceIp"">172.17.11.184</Data>     <Data Name=""SourceHostname"">ACC-10.corp.net</Data>     <Data Name=""SourcePort"">54062</Data>     <Data Name=""SourcePortName""/>     <Data Name=""DestinationIsIpv6"">false</Data>     <Data Name=""DestinationIp"">172.17.11.164</Data>     <Data Name=""DestinationHostname"">ACC-05</Data>     <Data Name=""DestinationPort"">139</Data>     <Data Name=""DestinationPortName"">netbios-ssn</Data>   </EventData> </Event> "
2022-08-05 21:52:12+00:00,ACC-10,evtx_Microsoft-Windows-Sysmon/Operational,Discovery,"Scan subnet (12 hosts, TCP 135,139,3389,445)",0.0,Microsoft-Windows-Sysmon/Operational;Microsoft-Windows-Sysmon;3,3,5160,C:\Windows\SysWOW64\rundll32.exe,,,,,tcp,true,ACC-10.corp.net,172.17.11.184,54063,ACC-05,172.17.11.164,135,-,"<Event xmlns=""http://schemas.microsoft.com/win/2004/08/events/event"">   <System>     <Provider Name=""Microsoft-Windows-Sysmon"" Guid=""{5770385F-C22A-43E0-BF4C-06F5698FFBD9}""/>     <EventID>3</EventID>     <Version>5</Version>     <Level>4</Level>     <Task>3</Task>     <Opcode>0</Opcode>     <Keywords>0x8000000000000000</Keywords>     <TimeCreated SystemTime=""2022-08-05T21:52:12.717749900Z""/>     <EventRecordID>134369</EventRecordID>     <Correlation/>     <Execution ProcessID=""1428"" ThreadID=""1928""/>     <Channel>Microsoft-Windows-Sysmon/Operational</Channel>     <Computer>ACC-10.corp.net</Computer>     <Security UserID=""S-1-5-18""/>   </System>   <EventData>     <Data Name=""RuleName""/>     <Data Name=""UtcTime"">2022-08-05 21:52:06.359</Data>     <Data Name=""ProcessGuid"">{140A6FA9-90EF-62ED-0000-0010F1439001}</Data>     <Data Name=""ProcessId"">5160</Data>     <Data Name=""Image"">C:\Windows\SysWOW64\rundll32.exe</Data>     <Data Name=""User"">CORP\Joann.Sims</Data>     <Data Name=""Protocol"">tcp</Data>     <Data Name=""Initiated"">true</Data>     <Data Name=""SourceIsIpv6"">false</Data>     <Data Name=""SourceIp"">172.17.11.184</Data>     <Data Name=""SourceHostname"">ACC-10.corp.net</Data>     <Data Name=""SourcePort"">54063</Data>     <Data Name=""SourcePortName""/>     <Data Name=""DestinationIsIpv6"">false</Data>     <Data Name=""DestinationIp"">172.17.11.164</Data>     <Data Name=""DestinationHostname"">ACC-05</Data>     <Data Name=""DestinationPort"">135</Data>     <Data Name=""DestinationPortName"">epmap</Data>   </EventData> </Event> "
2022-08-05 21:52:12+00:00,ACC-10,evtx_Microsoft-Windows-Sysmon/Operational,Discovery,"Scan subnet (12 hosts, TCP 135,139,3389,445)",0.0,Microsoft-Windows-Sysmon/Operational;Microsoft-Windows-Sysmon;3,3,5160,C:\Windows\SysWOW64\rundll32.exe,,,,,tcp,true,ACC-10.corp.net,172.17.11.184,54065,ACC-17,172.17.11.156,445,-,"<Event xmlns=""http://schemas.microsoft.com/win/2004/08/events/event"">   <System>     <Provider Name=""Microsoft-Windows-Sysmon"" Guid=""{5770385F-C22A-43E0-BF4C-06F5698FFBD9}""/>     <EventID>3</EventID>     <Version>5</Version>     <Level>4</Level>     <Task>3</Task>     <Opcode>0</Opcode>     <Keywords>0x8000000000000000</Keywords>     <TimeCreated SystemTime=""2022-08-05T21:52:12.717749900Z""/>     <EventRecordID>134370</EventRecordID>     <Correlation/>     <Execution ProcessID=""1428"" ThreadID=""1928""/>     <Channel>Microsoft-Windows-Sysmon/Operational</Channel>     <Computer>ACC-10.corp.net</Computer>     <Security UserID=""S-1-5-18""/>   </System>   <EventData>     <Data Name=""RuleName""/>     <Data Name=""UtcTime"">2022-08-05 21:52:06.359</Data>     <Data Name=""ProcessGuid"">{140A6FA9-90EF-62ED-0000-0010F1439001}</Data>     <Data Name=""ProcessId"">5160</Data>     <Data Name=""Image"">C:\Windows\SysWOW64\rundll32.exe</Data>     <Data Name=""User"">CORP\Joann.Sims</Data>     <Data Name=""Protocol"">tcp</Data>     <Data Name=""Initiated"">true</Data>     <Data Name=""SourceIsIpv6"">false</Data>     <Data Name=""SourceIp"">172.17.11.184</Data>     <Data Name=""SourceHostname"">ACC-10.corp.net</Data>     <Data Name=""SourcePort"">54065</Data>     <Data Name=""SourcePortName""/>     <Data Name=""DestinationIsIpv6"">false</Data>     <Data Name=""DestinationIp"">172.17.11.156</Data>     <Data Name=""DestinationHostname"">ACC-17</Data>     <Data Name=""DestinationPort"">445</Data>     <Data Name=""DestinationPortName"">microsoft-ds</Data>   </EventData> </Event> "
2022-08-05 21:52:12+00:00,ACC-10,evtx_Microsoft-Windows-Sysmon/Operational,Discovery,"Scan subnet (12 hosts, TCP 135,139,3389,445)",0.0,Microsoft-Windows-Sysmon/Operational;Microsoft-Windows-Sysmon;3,3,5160,C:\Windows\SysWOW64\rundll32.exe,,,,,tcp,true,ACC-10.corp.net,172.17.11.184,54066,ACC-17,172.17.11.156,139,-,"<Event xmlns=""http://schemas.microsoft.com/win/2004/08/events/event"">   <System>     <Provider Name=""Microsoft-Windows-Sysmon"" Guid=""{5770385F-C22A-43E0-BF4C-06F5698FFBD9}""/>     <EventID>3</EventID>     <Version>5</Version>     <Level>4</Level>     <Task>3</Task>     <Opcode>0</Opcode>     <Keywords>0x8000000000000000</Keywords>     <TimeCreated SystemTime=""2022-08-05T21:52:12.717749900Z""/>     <EventRecordID>134371</EventRecordID>     <Correlation/>     <Execution ProcessID=""1428"" ThreadID=""1928""/>     <Channel>Microsoft-Windows-Sysmon/Operational</Channel>     <Computer>ACC-10.corp.net</Computer>     <Security UserID=""S-1-5-18""/>   </System>   <EventData>     <Data Name=""RuleName""/>     <Data Name=""UtcTime"">2022-08-05 21:52:06.359</Data>     <Data Name=""ProcessGuid"">{140A6FA9-90EF-62ED-0000-0010F1439001}</Data>     <Data Name=""ProcessId"">5160</Data>     <Data Name=""Image"">C:\Windows\SysWOW64\rundll32.exe</Data>     <Data Name=""User"">CORP\Joann.Sims</Data>     <Data Name=""Protocol"">tcp</Data>     <Data Name=""Initiated"">true</Data>     <Data Name=""SourceIsIpv6"">false</Data>     <Data Name=""SourceIp"">172.17.11.184</Data>     <Data Name=""SourceHostname"">ACC-10.corp.net</Data>     <Data Name=""SourcePort"">54066</Data>     <Data Name=""SourcePortName""/>     <Data Name=""DestinationIsIpv6"">false</Data>     <Data Name=""DestinationIp"">172.17.11.156</Data>     <Data Name=""DestinationHostname"">ACC-17</Data>     <Data Name=""DestinationPort"">139</Data>     <Data Name=""DestinationPortName"">netbios-ssn</Data>   </EventData> </Event> "
2022-08-05 21:52:12+00:00,ACC-10,evtx_Microsoft-Windows-Sysmon/Operational,Discovery,"Scan subnet (12 hosts, TCP 135,139,3389,445)",0.0,Microsoft-Windows-Sysmon/Operational;Microsoft-Windows-Sysmon;3,3,5160,C:\Windows\SysWOW64\rundll32.exe,,,,,tcp,true,ACC-10.corp.net,172.17.11.184,54023,ACC-01,172.17.11.209,135,-,"<Event xmlns=""http://schemas.microsoft.com/win/2004/08/events/event"">   <System>     <Provider Name=""Microsoft-Windows-Sysmon"" Guid=""{5770385F-C22A-43E0-BF4C-06F5698FFBD9}""/>     <EventID>3</EventID>     <Version>5</Version>     <Level>4</Level>     <Task>3</Task>     <Opcode>0</Opcode>     <Keywords>0x8000000000000000</Keywords>     <TimeCreated SystemTime=""2022-08-05T21:52:12.717749900Z""/>     <EventRecordID>134372</EventRecordID>     <Correlation/>     <Execution ProcessID=""1428"" ThreadID=""1928""/>     <Channel>Microsoft-Windows-Sysmon/Operational</Channel>     <Computer>ACC-10.corp.net</Computer>     <Security UserID=""S-1-5-18""/>   </System>   <EventData>     <Data Name=""RuleName""/>     <Data Name=""UtcTime"">2022-08-05 21:52:06.453</Data>     <Data Name=""ProcessGuid"">{140A6FA9-90EF-62ED-0000-0010F1439001}</Data>     <Data Name=""ProcessId"">5160</Data>     <Data Name=""Image"">C:\Windows\SysWOW64\rundll32.exe</Data>     <Data Name=""User"">CORP\Joann.Sims</Data>     <Data Name=""Protocol"">tcp</Data>     <Data Name=""Initiated"">true</Data>     <Data Name=""SourceIsIpv6"">false</Data>     <Data Name=""SourceIp"">172.17.11.184</Data>     <Data Name=""SourceHostname"">ACC-10.corp.net</Data>     <Data Name=""SourcePort"">54023</Data>     <Data Name=""SourcePortName""/>     <Data Name=""DestinationIsIpv6"">false</Data>     <Data Name=""DestinationIp"">172.17.11.209</Data>     <Data Name=""DestinationHostname"">ACC-01</Data>     <Data Name=""DestinationPort"">135</Data>     <Data Name=""DestinationPortName"">epmap</Data>   </EventData> </Event> "
