2022-08-05 22:17:30+00:00,ACC-01,evtx_Microsoft-Windows-Sysmon/Operational,Execution,Cobalt Strike named pipe creation,0.0,Microsoft-Windows-Sysmon/Operational;Microsoft-Windows-Sysmon;17,17,2508,\\ACC-01\ADMIN$\b8a3848.exe,,,\MSSE-4019-server,,,,,,,,,,-,"<Event xmlns=""http://schemas.microsoft.com/win/2004/08/events/event"">   <System>     <Provider Name=""Microsoft-Windows-Sysmon"" Guid=""{5770385F-C22A-43E0-BF4C-06F5698FFBD9}""/>     <EventID>17</EventID>     <Version>1</Version>     <Level>4</Level>     <Task>17</Task>     <Opcode>0</Opcode>     <Keywords>0x8000000000000000</Keywords>     <TimeCreated SystemTime=""2022-08-05T22:17:30.056305800Z""/>     <EventRecordID>210331</EventRecordID>     <Correlation/>     <Execution ProcessID=""1440"" ThreadID=""1992""/>     <Channel>Microsoft-Windows-Sysmon/Operational</Channel>     <Computer>ACC-01.corp.net</Computer>     <Security UserID=""S-1-5-18""/>   </System>   <EventData>     <Data Name=""RuleName""/>     <Data Name=""UtcTime"">2022-08-05 22:17:30.056</Data>     <Data Name=""ProcessGuid"">{62886613-96FA-62ED-0000-0010B136C901}</Data>     <Data Name=""ProcessId"">2508</Data>     <Data Name=""PipeName"">\MSSE-4019-server</Data>     <Data Name=""Image"">\\ACC-01\ADMIN$\b8a3848.exe</Data>   </EventData> </Event> "
2022-08-05 22:17:30+00:00,ACC-01,evtx_Microsoft-Windows-Sysmon/Operational,Execution,Cobalt Strike loader executed (<rnd>.exe),0.0,Microsoft-Windows-Sysmon/Operational;Microsoft-Windows-Sysmon;1,,2508,\\ACC-01\ADMIN$\b8a3848.exe,476,C:\Windows\System32\services.exe,,,,,,,,,,,-,"<Event xmlns=""http://schemas.microsoft.com/win/2004/08/events/event"">   <System>     <Provider Name=""Microsoft-Windows-Sysmon"" Guid=""{5770385F-C22A-43E0-BF4C-06F5698FFBD9}""/>     <EventID>1</EventID>     <Version>5</Version>     <Level>4</Level>     <Task>1</Task>     <Opcode>0</Opcode>     <Keywords>0x8000000000000000</Keywords>     <TimeCreated SystemTime=""2022-08-05T22:17:30.025100400Z""/>     <EventRecordID>210329</EventRecordID>     <Correlation/>     <Execution ProcessID=""1440"" ThreadID=""1992""/>     <Channel>Microsoft-Windows-Sysmon/Operational</Channel>     <Computer>ACC-01.corp.net</Computer>     <Security UserID=""S-1-5-18""/>   </System>   <EventData>     <Data Name=""RuleName""/>     <Data Name=""UtcTime"">2022-08-05 22:17:30.025</Data>     <Data Name=""ProcessGuid"">{62886613-96FA-62ED-0000-0010B136C901}</Data>     <Data Name=""ProcessId"">2508</Data>     <Data Name=""Image"">\\ACC-01\ADMIN$\b8a3848.exe</Data>     <Data Name=""FileVersion"">?</Data>     <Data Name=""Description"">?</Data>     <Data Name=""Product"">?</Data>     <Data Name=""Company"">?</Data>     <Data Name=""CommandLine"">\\ACC-01\ADMIN$\b8a3848.exe</Data>     <Data Name=""CurrentDirectory"">C:\Windows\system32\</Data>     <Data Name=""User"">NT AUTHORITY\SYSTEM</Data>     <Data Name=""LogonGuid"">{62886613-6435-62ED-0000-0020E7030000}</Data>     <Data Name=""LogonId"">0x00000000000003e7</Data>     <Data Name=""TerminalSessionId"">0</Data>     <Data Name=""IntegrityLevel"">System</Data>     <Data Name=""Hashes"">MD5=48452DD856C05E2942D9311A4917BEA6,IMPHASH=DE77F3139EAF74F1B255AB7BE0B6605F</Data>     <Data Name=""ParentProcessGuid"">{62886613-6434-62ED-0000-001048930000}</Data>     <Data Name=""ParentProcessId"">476</Data>     <Data Name=""ParentImage"">C:\Windows\System32\services.exe</Data>     <Data Name=""ParentCommandLine"">C:\Windows\system32\services.exe</Data>   </EventData> </Event> "
2022-08-05 22:17:30+00:00,ACC-01,evtx_Microsoft-Windows-Sysmon/Operational,Execution,Cobalt Strike loader executed (<rnd>.exe),0.0,Microsoft-Windows-Sysmon/Operational;Microsoft-Windows-Sysmon;7,,,,,,,,,,,,,,,,-,"<Event xmlns=""http://schemas.microsoft.com/win/2004/08/events/event"">   <System>     <Provider Name=""Microsoft-Windows-Sysmon"" Guid=""{5770385F-C22A-43E0-BF4C-06F5698FFBD9}""/>     <EventID>7</EventID>     <Version>3</Version>     <Level>4</Level>     <Task>7</Task>     <Opcode>0</Opcode>     <Keywords>0x8000000000000000</Keywords>     <TimeCreated SystemTime=""2022-08-05T22:17:30.056305800Z""/>     <EventRecordID>210330</EventRecordID>     <Correlation/>     <Execution ProcessID=""1440"" ThreadID=""2004""/>     <Channel>Microsoft-Windows-Sysmon/Operational</Channel>     <Computer>ACC-01.corp.net</Computer>     <Security UserID=""S-1-5-18""/>   </System>   <EventData>     <Data Name=""RuleName""/>     <Data Name=""UtcTime"">2022-08-05 22:17:30.040</Data>     <Data Name=""ProcessGuid"">{62886613-96FA-62ED-0000-0010B136C901}</Data>     <Data Name=""ProcessId"">2508</Data>     <Data Name=""Image"">\\ACC-01\ADMIN$\b8a3848.exe</Data>     <Data Name=""ImageLoaded"">\\ACC-01\ADMIN$\b8a3848.exe</Data>     <Data Name=""FileVersion"">?</Data>     <Data Name=""Description"">?</Data>     <Data Name=""Product"">?</Data>     <Data Name=""Company"">?</Data>     <Data Name=""Hashes"">MD5=48452DD856C05E2942D9311A4917BEA6,IMPHASH=DE77F3139EAF74F1B255AB7BE0B6605F</Data>     <Data Name=""Signed"">false</Data>     <Data Name=""Signature""/>     <Data Name=""SignatureStatus"">Unavailable</Data>   </EventData> </Event> "
2022-08-05 22:17:30+00:00,ACC-10,evtx_Microsoft-Windows-Sysmon/Operational,Command and Control,Connection to C2,0.0,Microsoft-Windows-Sysmon/Operational;Microsoft-Windows-Sysmon;3,3,364,C:\Windows\SysWOW64\rundll32.exe,,,,,tcp,true,ACC-10.corp.net,172.17.11.184,55311,5-131.gtt-net.cz,82.144.131.5,443,-,"<Event xmlns=""http://schemas.microsoft.com/win/2004/08/events/event"">   <System>     <Provider Name=""Microsoft-Windows-Sysmon"" Guid=""{5770385F-C22A-43E0-BF4C-06F5698FFBD9}""/>     <EventID>3</EventID>     <Version>5</Version>     <Level>4</Level>     <Task>3</Task>     <Opcode>0</Opcode>     <Keywords>0x8000000000000000</Keywords>     <TimeCreated SystemTime=""2022-08-05T22:17:30.732720600Z""/>     <EventRecordID>140411</EventRecordID>     <Correlation/>     <Execution ProcessID=""1428"" ThreadID=""1928""/>     <Channel>Microsoft-Windows-Sysmon/Operational</Channel>     <Computer>ACC-10.corp.net</Computer>     <Security UserID=""S-1-5-18""/>   </System>   <EventData>     <Data Name=""RuleName""/>     <Data Name=""UtcTime"">2022-08-05 22:17:25.298</Data>     <Data Name=""ProcessGuid"">{140A6FA9-8EDF-62ED-0000-0010D81B7D01}</Data>     <Data Name=""ProcessId"">364</Data>     <Data Name=""Image"">C:\Windows\SysWOW64\rundll32.exe</Data>     <Data Name=""User"">CORP\Joann.Sims</Data>     <Data Name=""Protocol"">tcp</Data>     <Data Name=""Initiated"">true</Data>     <Data Name=""SourceIsIpv6"">false</Data>     <Data Name=""SourceIp"">172.17.11.184</Data>     <Data Name=""SourceHostname"">ACC-10.corp.net</Data>     <Data Name=""SourcePort"">55311</Data>     <Data Name=""SourcePortName""/>     <Data Name=""DestinationIsIpv6"">false</Data>     <Data Name=""DestinationIp"">82.144.131.5</Data>     <Data Name=""DestinationHostname"">5-131.gtt-net.cz</Data>     <Data Name=""DestinationPort"">443</Data>     <Data Name=""DestinationPortName"">https</Data>   </EventData> </Event> "
2022-08-05 22:17:31+00:00,ACC-01,evtx_Microsoft-Windows-Sysmon/Operational,Lateral Movement,Pipe \ipc_14 created for inter-beacon communication,0.0,Microsoft-Windows-Sysmon/Operational;Microsoft-Windows-Sysmon;17,17,1572,C:\Windows\SysWOW64\rundll32.exe,,,\ipc_14,,,,,,,,,,-,"<Event xmlns=""http://schemas.microsoft.com/win/2004/08/events/event"">   <System>     <Provider Name=""Microsoft-Windows-Sysmon"" Guid=""{5770385F-C22A-43E0-BF4C-06F5698FFBD9}""/>     <EventID>17</EventID>     <Version>1</Version>     <Level>4</Level>     <Task>17</Task>     <Opcode>0</Opcode>     <Keywords>0x8000000000000000</Keywords>     <TimeCreated SystemTime=""2022-08-05T22:17:31.136693700Z""/>     <EventRecordID>210345</EventRecordID>     <Correlation/>     <Execution ProcessID=""1440"" ThreadID=""1992""/>     <Channel>Microsoft-Windows-Sysmon/Operational</Channel>     <Computer>ACC-01.corp.net</Computer>     <Security UserID=""S-1-5-18""/>   </System>   <EventData>     <Data Name=""RuleName""/>     <Data Name=""UtcTime"">2022-08-05 22:17:31.136</Data>     <Data Name=""ProcessGuid"">{62886613-96FB-62ED-0000-0010653BC901}</Data>     <Data Name=""ProcessId"">1572</Data>     <Data Name=""PipeName"">\ipc_14</Data>     <Data Name=""Image"">C:\Windows\SysWOW64\rundll32.exe</Data>   </EventData> </Event> "
2022-08-05 22:17:31+00:00,ACC-01,evtx_Microsoft-Windows-Sysmon/Operational,Execution,Cobalt Strike named pipe connection,0.0,Microsoft-Windows-Sysmon/Operational;Microsoft-Windows-Sysmon;18,18,2508,\\ACC-01\ADMIN$\b8a3848.exe,,,\MSSE-4019-server,,,,,,,,,,-,"<Event xmlns=""http://schemas.microsoft.com/win/2004/08/events/event"">   <System>     <Provider Name=""Microsoft-Windows-Sysmon"" Guid=""{5770385F-C22A-43E0-BF4C-06F5698FFBD9}""/>     <EventID>18</EventID>     <Version>1</Version>     <Level>4</Level>     <Task>18</Task>     <Opcode>0</Opcode>     <Keywords>0x8000000000000000</Keywords>     <TimeCreated SystemTime=""2022-08-05T22:17:31.089885600Z""/>     <EventRecordID>210342</EventRecordID>     <Correlation/>     <Execution ProcessID=""1440"" ThreadID=""1992""/>     <Channel>Microsoft-Windows-Sysmon/Operational</Channel>     <Computer>ACC-01.corp.net</Computer>     <Security UserID=""S-1-5-18""/>   </System>   <EventData>     <Data Name=""RuleName""/>     <Data Name=""UtcTime"">2022-08-05 22:17:31.089</Data>     <Data Name=""ProcessGuid"">{62886613-96FA-62ED-0000-0010B136C901}</Data>     <Data Name=""ProcessId"">2508</Data>     <Data Name=""PipeName"">\MSSE-4019-server</Data>     <Data Name=""Image"">\\ACC-01\ADMIN$\b8a3848.exe</Data>   </EventData> </Event> "
2022-08-05 22:17:31+00:00,ACC-01,evtx_Microsoft-Windows-Sysmon/Operational,Execution,Cobalt Strike loader executed (<rnd>.exe),0.0,Microsoft-Windows-Sysmon/Operational;Microsoft-Windows-Sysmon;1,,1572,C:\Windows\SysWOW64\rundll32.exe,2508,\\ACC-01\ADMIN$\b8a3848.exe,,,,,,,,,,,-,"<Event xmlns=""http://schemas.microsoft.com/win/2004/08/events/event"">   <System>     <Provider Name=""Microsoft-Windows-Sysmon"" Guid=""{5770385F-C22A-43E0-BF4C-06F5698FFBD9}""/>     <EventID>1</EventID>     <Version>5</Version>     <Level>4</Level>     <Task>1</Task>     <Opcode>0</Opcode>     <Keywords>0x8000000000000000</Keywords>     <TimeCreated SystemTime=""2022-08-05T22:17:31.089885600Z""/>     <EventRecordID>210344</EventRecordID>     <Correlation/>     <Execution ProcessID=""1440"" ThreadID=""1992""/>     <Channel>Microsoft-Windows-Sysmon/Operational</Channel>     <Computer>ACC-01.corp.net</Computer>     <Security UserID=""S-1-5-18""/>   </System>   <EventData>     <Data Name=""RuleName""/>     <Data Name=""UtcTime"">2022-08-05 22:17:31.089</Data>     <Data Name=""ProcessGuid"">{62886613-96FB-62ED-0000-0010653BC901}</Data>     <Data Name=""ProcessId"">1572</Data>     <Data Name=""Image"">C:\Windows\SysWOW64\rundll32.exe</Data>     <Data Name=""FileVersion"">6.1.7600.16385 (win7_rtm.090713-1255)</Data>     <Data Name=""Description"">Windows host process (Rundll32)</Data>     <Data Name=""Product"">Microsoft® Windows® Operating System</Data>     <Data Name=""Company"">Microsoft Corporation</Data>     <Data Name=""CommandLine"">C:\Windows\System32\rundll32.exe</Data>     <Data Name=""CurrentDirectory"">C:\Windows\system32\</Data>     <Data Name=""User"">NT AUTHORITY\SYSTEM</Data>     <Data Name=""LogonGuid"">{62886613-6435-62ED-0000-0020E7030000}</Data>     <Data Name=""LogonId"">0x00000000000003e7</Data>     <Data Name=""TerminalSessionId"">0</Data>     <Data Name=""IntegrityLevel"">System</Data>     <Data Name=""Hashes"">MD5=51138BEEA3E2C21EC44D0932C71762A8,IMPHASH=EF8A44FE2F9AD4AB85E55004AAA024A9</Data>     <Data Name=""ParentProcessGuid"">{62886613-96FA-62ED-0000-0010B136C901}</Data>     <Data Name=""ParentProcessId"">2508</Data>     <Data Name=""ParentImage"">\\ACC-01\ADMIN$\b8a3848.exe</Data>     <Data Name=""ParentCommandLine"">\\ACC-01\ADMIN$\b8a3848.exe</Data>   </EventData> </Event> "
2022-08-05 22:17:31+00:00,ACC-01,evtx_Microsoft-Windows-Sysmon/Operational,,,0.0,Microsoft-Windows-Sysmon/Operational;Microsoft-Windows-Sysmon;3,3,4,System,,,,,tcp,false,ACC-01.corp.net,172.17.11.209,445,ACC-10,172.17.11.184,55312,-,"<Event xmlns=""http://schemas.microsoft.com/win/2004/08/events/event"">   <System>     <Provider Name=""Microsoft-Windows-Sysmon"" Guid=""{5770385F-C22A-43E0-BF4C-06F5698FFBD9}""/>     <EventID>3</EventID>     <Version>5</Version>     <Level>4</Level>     <Task>3</Task>     <Opcode>0</Opcode>     <Keywords>0x8000000000000000</Keywords>     <TimeCreated SystemTime=""2022-08-05T22:17:31.089885600Z""/>     <EventRecordID>210336</EventRecordID>     <Correlation/>     <Execution ProcessID=""1440"" ThreadID=""1996""/>     <Channel>Microsoft-Windows-Sysmon/Operational</Channel>     <Computer>ACC-01.corp.net</Computer>     <Security UserID=""S-1-5-18""/>   </System>   <EventData>     <Data Name=""RuleName""/>     <Data Name=""UtcTime"">2022-08-05 22:17:24.642</Data>     <Data Name=""ProcessGuid"">{62886613-6433-62ED-0000-0010EB030000}</Data>     <Data Name=""ProcessId"">4</Data>     <Data Name=""Image"">System</Data>     <Data Name=""User"">NT AUTHORITY\SYSTEM</Data>     <Data Name=""Protocol"">tcp</Data>     <Data Name=""Initiated"">false</Data>     <Data Name=""SourceIsIpv6"">false</Data>     <Data Name=""SourceIp"">172.17.11.209</Data>     <Data Name=""SourceHostname"">ACC-01.corp.net</Data>     <Data Name=""SourcePort"">445</Data>     <Data Name=""SourcePortName"">microsoft-ds</Data>     <Data Name=""DestinationIsIpv6"">false</Data>     <Data Name=""DestinationIp"">172.17.11.184</Data>     <Data Name=""DestinationHostname"">ACC-10</Data>     <Data Name=""DestinationPort"">55312</Data>     <Data Name=""DestinationPortName""/>   </EventData> </Event> "
2022-08-05 22:17:31+00:00,ACC-01,evtx_Microsoft-Windows-Sysmon/Operational,Lateral Movement,Network connection to another subject,0.0,Microsoft-Windows-Sysmon/Operational;Microsoft-Windows-Sysmon;3,3,692,C:\Windows\System32\svchost.exe,,,,,tcp,false,ACC-01.corp.net,172.17.11.209,135,ACC-10,172.17.11.184,55313,-,"<Event xmlns=""http://schemas.microsoft.com/win/2004/08/events/event"">   <System>     <Provider Name=""Microsoft-Windows-Sysmon"" Guid=""{5770385F-C22A-43E0-BF4C-06F5698FFBD9}""/>     <EventID>3</EventID>     <Version>5</Version>     <Level>4</Level>     <Task>3</Task>     <Opcode>0</Opcode>     <Keywords>0x8000000000000000</Keywords>     <TimeCreated SystemTime=""2022-08-05T22:17:31.089885600Z""/>     <EventRecordID>210339</EventRecordID>     <Correlation/>     <Execution ProcessID=""1440"" ThreadID=""1996""/>     <Channel>Microsoft-Windows-Sysmon/Operational</Channel>     <Computer>ACC-01.corp.net</Computer>     <Security UserID=""S-1-5-18""/>   </System>   <EventData>     <Data Name=""RuleName""/>     <Data Name=""UtcTime"">2022-08-05 22:17:24.720</Data>     <Data Name=""ProcessGuid"">{62886613-6436-62ED-0000-00108BF30000}</Data>     <Data Name=""ProcessId"">692</Data>     <Data Name=""Image"">C:\Windows\System32\svchost.exe</Data>     <Data Name=""User"">NT AUTHORITY\NETWORK SERVICE</Data>     <Data Name=""Protocol"">tcp</Data>     <Data Name=""Initiated"">false</Data>     <Data Name=""SourceIsIpv6"">false</Data>     <Data Name=""SourceIp"">172.17.11.209</Data>     <Data Name=""SourceHostname"">ACC-01.corp.net</Data>     <Data Name=""SourcePort"">135</Data>     <Data Name=""SourcePortName"">epmap</Data>     <Data Name=""DestinationIsIpv6"">false</Data>     <Data Name=""DestinationIp"">172.17.11.184</Data>     <Data Name=""DestinationHostname"">ACC-10</Data>     <Data Name=""DestinationPort"">55313</Data>     <Data Name=""DestinationPortName""/>   </EventData> </Event> "
2022-08-05 22:17:31+00:00,ACC-01,evtx_Microsoft-Windows-Sysmon/Operational,Lateral Movement,Network connection to another subject,0.0,Microsoft-Windows-Sysmon/Operational;Microsoft-Windows-Sysmon;3,3,476,C:\Windows\System32\services.exe,,,,,tcp,false,ACC-01.corp.net,172.17.11.209,49181,ACC-10,172.17.11.184,55314,-,"<Event xmlns=""http://schemas.microsoft.com/win/2004/08/events/event"">   <System>     <Provider Name=""Microsoft-Windows-Sysmon"" Guid=""{5770385F-C22A-43E0-BF4C-06F5698FFBD9}""/>     <EventID>3</EventID>     <Version>5</Version>     <Level>4</Level>     <Task>3</Task>     <Opcode>0</Opcode>     <Keywords>0x8000000000000000</Keywords>     <TimeCreated SystemTime=""2022-08-05T22:17:31.089885600Z""/>     <EventRecordID>210340</EventRecordID>     <Correlation/>     <Execution ProcessID=""1440"" ThreadID=""1996""/>     <Channel>Microsoft-Windows-Sysmon/Operational</Channel>     <Computer>ACC-01.corp.net</Computer>     <Security UserID=""S-1-5-18""/>   </System>   <EventData>     <Data Name=""RuleName""/>     <Data Name=""UtcTime"">2022-08-05 22:17:24.731</Data>     <Data Name=""ProcessGuid"">{62886613-6434-62ED-0000-001048930000}</Data>     <Data Name=""ProcessId"">476</Data>     <Data Name=""Image"">C:\Windows\System32\services.exe</Data>     <Data Name=""User"">NT AUTHORITY\SYSTEM</Data>     <Data Name=""Protocol"">tcp</Data>     <Data Name=""Initiated"">false</Data>     <Data Name=""SourceIsIpv6"">false</Data>     <Data Name=""SourceIp"">172.17.11.209</Data>     <Data Name=""SourceHostname"">ACC-01.corp.net</Data>     <Data Name=""SourcePort"">49181</Data>     <Data Name=""SourcePortName""/>     <Data Name=""DestinationIsIpv6"">false</Data>     <Data Name=""DestinationIp"">172.17.11.184</Data>     <Data Name=""DestinationHostname"">ACC-10</Data>     <Data Name=""DestinationPort"">55314</Data>     <Data Name=""DestinationPortName""/>   </EventData> </Event> "
2022-08-05 22:17:31+00:00,ACC-10,evtx_Microsoft-Windows-Sysmon/Operational,Lateral Movement,Connect to named pipe \ipc_14 on other host,0.0,Microsoft-Windows-Sysmon/Operational;Microsoft-Windows-Sysmon;3,3,4,System,,,,,tcp,true,ACC-10.corp.net,172.17.11.184,55312,ACC-01,172.17.11.209,445,-,"<Event xmlns=""http://schemas.microsoft.com/win/2004/08/events/event"">   <System>     <Provider Name=""Microsoft-Windows-Sysmon"" Guid=""{5770385F-C22A-43E0-BF4C-06F5698FFBD9}""/>     <EventID>3</EventID>     <Version>5</Version>     <Level>4</Level>     <Task>3</Task>     <Opcode>0</Opcode>     <Keywords>0x8000000000000000</Keywords>     <TimeCreated SystemTime=""2022-08-05T22:17:31.767550300Z""/>     <EventRecordID>140412</EventRecordID>     <Correlation/>     <Execution ProcessID=""1428"" ThreadID=""1928""/>     <Channel>Microsoft-Windows-Sysmon/Operational</Channel>     <Computer>ACC-10.corp.net</Computer>     <Security UserID=""S-1-5-18""/>   </System>   <EventData>     <Data Name=""RuleName""/>     <Data Name=""UtcTime"">2022-08-05 22:17:25.381</Data>     <Data Name=""ProcessGuid"">{140A6FA9-6517-62ED-0000-0010EB030000}</Data>     <Data Name=""ProcessId"">4</Data>     <Data Name=""Image"">System</Data>     <Data Name=""User"">NT AUTHORITY\SYSTEM</Data>     <Data Name=""Protocol"">tcp</Data>     <Data Name=""Initiated"">true</Data>     <Data Name=""SourceIsIpv6"">false</Data>     <Data Name=""SourceIp"">172.17.11.184</Data>     <Data Name=""SourceHostname"">ACC-10.corp.net</Data>     <Data Name=""SourcePort"">55312</Data>     <Data Name=""SourcePortName""/>     <Data Name=""DestinationIsIpv6"">false</Data>     <Data Name=""DestinationIp"">172.17.11.209</Data>     <Data Name=""DestinationHostname"">ACC-01</Data>     <Data Name=""DestinationPort"">445</Data>     <Data Name=""DestinationPortName"">microsoft-ds</Data>   </EventData> </Event> "
2022-08-05 22:17:31+00:00,ACC-10,evtx_Microsoft-Windows-Sysmon/Operational,Lateral Movement,Network connection to another subject,0.0,Microsoft-Windows-Sysmon/Operational;Microsoft-Windows-Sysmon;3,3,1604,C:\Windows\SysWOW64\rundll32.exe,,,,,tcp,true,ACC-10.corp.net,172.17.11.184,55313,ACC-01,172.17.11.209,135,-,"<Event xmlns=""http://schemas.microsoft.com/win/2004/08/events/event"">   <System>     <Provider Name=""Microsoft-Windows-Sysmon"" Guid=""{5770385F-C22A-43E0-BF4C-06F5698FFBD9}""/>     <EventID>3</EventID>     <Version>5</Version>     <Level>4</Level>     <Task>3</Task>     <Opcode>0</Opcode>     <Keywords>0x8000000000000000</Keywords>     <TimeCreated SystemTime=""2022-08-05T22:17:31.767550300Z""/>     <EventRecordID>140413</EventRecordID>     <Correlation/>     <Execution ProcessID=""1428"" ThreadID=""1928""/>     <Channel>Microsoft-Windows-Sysmon/Operational</Channel>     <Computer>ACC-10.corp.net</Computer>     <Security UserID=""S-1-5-18""/>   </System>   <EventData>     <Data Name=""RuleName""/>     <Data Name=""UtcTime"">2022-08-05 22:17:25.459</Data>     <Data Name=""ProcessGuid"">{140A6FA9-92E6-62ED-0000-0010DA999E01}</Data>     <Data Name=""ProcessId"">1604</Data>     <Data Name=""Image"">C:\Windows\SysWOW64\rundll32.exe</Data>     <Data Name=""User"">NT AUTHORITY\SYSTEM</Data>     <Data Name=""Protocol"">tcp</Data>     <Data Name=""Initiated"">true</Data>     <Data Name=""SourceIsIpv6"">false</Data>     <Data Name=""SourceIp"">172.17.11.184</Data>     <Data Name=""SourceHostname"">ACC-10.corp.net</Data>     <Data Name=""SourcePort"">55313</Data>     <Data Name=""SourcePortName""/>     <Data Name=""DestinationIsIpv6"">false</Data>     <Data Name=""DestinationIp"">172.17.11.209</Data>     <Data Name=""DestinationHostname"">ACC-01</Data>     <Data Name=""DestinationPort"">135</Data>     <Data Name=""DestinationPortName"">epmap</Data>   </EventData> </Event> "
2022-08-05 22:17:31+00:00,ACC-10,evtx_Microsoft-Windows-Sysmon/Operational,Lateral Movement,Network connection to another subject,0.0,Microsoft-Windows-Sysmon/Operational;Microsoft-Windows-Sysmon;3,3,1604,C:\Windows\SysWOW64\rundll32.exe,,,,,tcp,true,ACC-10.corp.net,172.17.11.184,55314,ACC-01,172.17.11.209,49181,-,"<Event xmlns=""http://schemas.microsoft.com/win/2004/08/events/event"">   <System>     <Provider Name=""Microsoft-Windows-Sysmon"" Guid=""{5770385F-C22A-43E0-BF4C-06F5698FFBD9}""/>     <EventID>3</EventID>     <Version>5</Version>     <Level>4</Level>     <Task>3</Task>     <Opcode>0</Opcode>     <Keywords>0x8000000000000000</Keywords>     <TimeCreated SystemTime=""2022-08-05T22:17:31.767550300Z""/>     <EventRecordID>140414</EventRecordID>     <Correlation/>     <Execution ProcessID=""1428"" ThreadID=""1928""/>     <Channel>Microsoft-Windows-Sysmon/Operational</Channel>     <Computer>ACC-10.corp.net</Computer>     <Security UserID=""S-1-5-18""/>   </System>   <EventData>     <Data Name=""RuleName""/>     <Data Name=""UtcTime"">2022-08-05 22:17:25.469</Data>     <Data Name=""ProcessGuid"">{140A6FA9-92E6-62ED-0000-0010DA999E01}</Data>     <Data Name=""ProcessId"">1604</Data>     <Data Name=""Image"">C:\Windows\SysWOW64\rundll32.exe</Data>     <Data Name=""User"">NT AUTHORITY\SYSTEM</Data>     <Data Name=""Protocol"">tcp</Data>     <Data Name=""Initiated"">true</Data>     <Data Name=""SourceIsIpv6"">false</Data>     <Data Name=""SourceIp"">172.17.11.184</Data>     <Data Name=""SourceHostname"">ACC-10.corp.net</Data>     <Data Name=""SourcePort"">55314</Data>     <Data Name=""SourcePortName""/>     <Data Name=""DestinationIsIpv6"">false</Data>     <Data Name=""DestinationIp"">172.17.11.209</Data>     <Data Name=""DestinationHostname"">ACC-01</Data>     <Data Name=""DestinationPort"">49181</Data>     <Data Name=""DestinationPortName""/>   </EventData> </Event> "
2022-08-05 22:17:33+00:00,ACC-01,evtx_Microsoft-Windows-Sysmon/Operational,Lateral Movement,Connection to inter-beacon named pipe \ipc_14,0.0,Microsoft-Windows-Sysmon/Operational;Microsoft-Windows-Sysmon;18,18,4,System,,,\ipc_14,,,,,,,,,,-,"<Event xmlns=""http://schemas.microsoft.com/win/2004/08/events/event"">   <System>     <Provider Name=""Microsoft-Windows-Sysmon"" Guid=""{5770385F-C22A-43E0-BF4C-06F5698FFBD9}""/>     <EventID>18</EventID>     <Version>1</Version>     <Level>4</Level>     <Task>18</Task>     <Opcode>0</Opcode>     <Keywords>0x8000000000000000</Keywords>     <TimeCreated SystemTime=""2022-08-05T22:17:33.059061300Z""/>     <EventRecordID>210347</EventRecordID>     <Correlation/>     <Execution ProcessID=""1440"" ThreadID=""1992""/>     <Channel>Microsoft-Windows-Sysmon/Operational</Channel>     <Computer>ACC-01.corp.net</Computer>     <Security UserID=""S-1-5-18""/>   </System>   <EventData>     <Data Name=""RuleName""/>     <Data Name=""UtcTime"">2022-08-05 22:17:33.059</Data>     <Data Name=""ProcessGuid"">{62886613-6433-62ED-0000-0010EB030000}</Data>     <Data Name=""ProcessId"">4</Data>     <Data Name=""PipeName"">\ipc_14</Data>     <Data Name=""Image"">System</Data>   </EventData> </Event> "
2022-08-05 22:17:35+00:00,ACC-10,evtx_Microsoft-Windows-Sysmon/Operational,Command and Control,Connection to C2,0.0,Microsoft-Windows-Sysmon/Operational;Microsoft-Windows-Sysmon;3,3,364,C:\Windows\SysWOW64\rundll32.exe,,,,,tcp,true,ACC-10.corp.net,172.17.11.184,55315,5-131.gtt-net.cz,82.144.131.5,443,-,"<Event xmlns=""http://schemas.microsoft.com/win/2004/08/events/event"">   <System>     <Provider Name=""Microsoft-Windows-Sysmon"" Guid=""{5770385F-C22A-43E0-BF4C-06F5698FFBD9}""/>     <EventID>3</EventID>     <Version>5</Version>     <Level>4</Level>     <Task>3</Task>     <Opcode>0</Opcode>     <Keywords>0x8000000000000000</Keywords>     <TimeCreated SystemTime=""2022-08-05T22:17:35.894853100Z""/>     <EventRecordID>140439</EventRecordID>     <Correlation/>     <Execution ProcessID=""1428"" ThreadID=""1928""/>     <Channel>Microsoft-Windows-Sysmon/Operational</Channel>     <Computer>ACC-10.corp.net</Computer>     <Security UserID=""S-1-5-18""/>   </System>   <EventData>     <Data Name=""RuleName""/>     <Data Name=""UtcTime"">2022-08-05 22:17:28.635</Data>     <Data Name=""ProcessGuid"">{140A6FA9-8EDF-62ED-0000-0010D81B7D01}</Data>     <Data Name=""ProcessId"">364</Data>     <Data Name=""Image"">C:\Windows\SysWOW64\rundll32.exe</Data>     <Data Name=""User"">CORP\Joann.Sims</Data>     <Data Name=""Protocol"">tcp</Data>     <Data Name=""Initiated"">true</Data>     <Data Name=""SourceIsIpv6"">false</Data>     <Data Name=""SourceIp"">172.17.11.184</Data>     <Data Name=""SourceHostname"">ACC-10.corp.net</Data>     <Data Name=""SourcePort"">55315</Data>     <Data Name=""SourcePortName""/>     <Data Name=""DestinationIsIpv6"">false</Data>     <Data Name=""DestinationIp"">82.144.131.5</Data>     <Data Name=""DestinationHostname"">5-131.gtt-net.cz</Data>     <Data Name=""DestinationPort"">443</Data>     <Data Name=""DestinationPortName"">https</Data>   </EventData> </Event> "
2022-08-05 22:18:08+00:00,ACC-10,evtx_Microsoft-Windows-Sysmon/Operational,Command and Control,Connection to C2,0.0,Microsoft-Windows-Sysmon/Operational;Microsoft-Windows-Sysmon;3,3,364,C:\Windows\SysWOW64\rundll32.exe,,,,,tcp,true,ACC-10.corp.net,172.17.11.184,55409,c-73-245-147-162.hsd1.fl.comcast.net,73.245.147.162,443,-,"<Event xmlns=""http://schemas.microsoft.com/win/2004/08/events/event"">   <System>     <Provider Name=""Microsoft-Windows-Sysmon"" Guid=""{5770385F-C22A-43E0-BF4C-06F5698FFBD9}""/>     <EventID>3</EventID>     <Version>5</Version>     <Level>4</Level>     <Task>3</Task>     <Opcode>0</Opcode>     <Keywords>0x8000000000000000</Keywords>     <TimeCreated SystemTime=""2022-08-05T22:18:08.779311900Z""/>     <EventRecordID>140773</EventRecordID>     <Correlation/>     <Execution ProcessID=""1428"" ThreadID=""1928""/>     <Channel>Microsoft-Windows-Sysmon/Operational</Channel>     <Computer>ACC-10.corp.net</Computer>     <Security UserID=""S-1-5-18""/>   </System>   <EventData>     <Data Name=""RuleName""/>     <Data Name=""UtcTime"">2022-08-05 22:18:02.439</Data>     <Data Name=""ProcessGuid"">{140A6FA9-8EDF-62ED-0000-0010D81B7D01}</Data>     <Data Name=""ProcessId"">364</Data>     <Data Name=""Image"">C:\Windows\SysWOW64\rundll32.exe</Data>     <Data Name=""User"">CORP\Joann.Sims</Data>     <Data Name=""Protocol"">tcp</Data>     <Data Name=""Initiated"">true</Data>     <Data Name=""SourceIsIpv6"">false</Data>     <Data Name=""SourceIp"">172.17.11.184</Data>     <Data Name=""SourceHostname"">ACC-10.corp.net</Data>     <Data Name=""SourcePort"">55409</Data>     <Data Name=""SourcePortName""/>     <Data Name=""DestinationIsIpv6"">false</Data>     <Data Name=""DestinationIp"">73.245.147.162</Data>     <Data Name=""DestinationHostname"">c-73-245-147-162.hsd1.fl.comcast.net</Data>     <Data Name=""DestinationPort"">443</Data>     <Data Name=""DestinationPortName"">https</Data>   </EventData> </Event> "
2022-08-05 22:18:08+00:00,ACC-10,evtx_Microsoft-Windows-Sysmon/Operational,Command and Control,Connection to C2,0.0,Microsoft-Windows-Sysmon/Operational;Microsoft-Windows-Sysmon;3,3,364,C:\Windows\SysWOW64\rundll32.exe,,,,,tcp,true,ACC-10.corp.net,172.17.11.184,55410,c-73-245-147-162.hsd1.fl.comcast.net,73.245.147.162,443,-,"<Event xmlns=""http://schemas.microsoft.com/win/2004/08/events/event"">   <System>     <Provider Name=""Microsoft-Windows-Sysmon"" Guid=""{5770385F-C22A-43E0-BF4C-06F5698FFBD9}""/>     <EventID>3</EventID>     <Version>5</Version>     <Level>4</Level>     <Task>3</Task>     <Opcode>0</Opcode>     <Keywords>0x8000000000000000</Keywords>     <TimeCreated SystemTime=""2022-08-05T22:18:08.779311900Z""/>     <EventRecordID>140774</EventRecordID>     <Correlation/>     <Execution ProcessID=""1428"" ThreadID=""1928""/>     <Channel>Microsoft-Windows-Sysmon/Operational</Channel>     <Computer>ACC-10.corp.net</Computer>     <Security UserID=""S-1-5-18""/>   </System>   <EventData>     <Data Name=""RuleName""/>     <Data Name=""UtcTime"">2022-08-05 22:18:02.495</Data>     <Data Name=""ProcessGuid"">{140A6FA9-8EDF-62ED-0000-0010D81B7D01}</Data>     <Data Name=""ProcessId"">364</Data>     <Data Name=""Image"">C:\Windows\SysWOW64\rundll32.exe</Data>     <Data Name=""User"">CORP\Joann.Sims</Data>     <Data Name=""Protocol"">tcp</Data>     <Data Name=""Initiated"">true</Data>     <Data Name=""SourceIsIpv6"">false</Data>     <Data Name=""SourceIp"">172.17.11.184</Data>     <Data Name=""SourceHostname"">ACC-10.corp.net</Data>     <Data Name=""SourcePort"">55410</Data>     <Data Name=""SourcePortName""/>     <Data Name=""DestinationIsIpv6"">false</Data>     <Data Name=""DestinationIp"">73.245.147.162</Data>     <Data Name=""DestinationHostname"">c-73-245-147-162.hsd1.fl.comcast.net</Data>     <Data Name=""DestinationPort"">443</Data>     <Data Name=""DestinationPortName"">https</Data>   </EventData> </Event> "
2022-08-05 22:18:41+00:00,ACC-10,evtx_Microsoft-Windows-Sysmon/Operational,Command and Control,Connection to C2,0.0,Microsoft-Windows-Sysmon/Operational;Microsoft-Windows-Sysmon;3,3,364,C:\Windows\SysWOW64\rundll32.exe,,,,,tcp,true,ACC-10.corp.net,172.17.11.184,55411,5-131.gtt-net.cz,82.144.131.5,443,-,"<Event xmlns=""http://schemas.microsoft.com/win/2004/08/events/event"">   <System>     <Provider Name=""Microsoft-Windows-Sysmon"" Guid=""{5770385F-C22A-43E0-BF4C-06F5698FFBD9}""/>     <EventID>3</EventID>     <Version>5</Version>     <Level>4</Level>     <Task>3</Task>     <Opcode>0</Opcode>     <Keywords>0x8000000000000000</Keywords>     <TimeCreated SystemTime=""2022-08-05T22:18:41.631026800Z""/>     <EventRecordID>140824</EventRecordID>     <Correlation/>     <Execution ProcessID=""1428"" ThreadID=""1928""/>     <Channel>Microsoft-Windows-Sysmon/Operational</Channel>     <Computer>ACC-10.corp.net</Computer>     <Security UserID=""S-1-5-18""/>   </System>   <EventData>     <Data Name=""RuleName""/>     <Data Name=""UtcTime"">2022-08-05 22:18:36.155</Data>     <Data Name=""ProcessGuid"">{140A6FA9-8EDF-62ED-0000-0010D81B7D01}</Data>     <Data Name=""ProcessId"">364</Data>     <Data Name=""Image"">C:\Windows\SysWOW64\rundll32.exe</Data>     <Data Name=""User"">CORP\Joann.Sims</Data>     <Data Name=""Protocol"">tcp</Data>     <Data Name=""Initiated"">true</Data>     <Data Name=""SourceIsIpv6"">false</Data>     <Data Name=""SourceIp"">172.17.11.184</Data>     <Data Name=""SourceHostname"">ACC-10.corp.net</Data>     <Data Name=""SourcePort"">55411</Data>     <Data Name=""SourcePortName""/>     <Data Name=""DestinationIsIpv6"">false</Data>     <Data Name=""DestinationIp"">82.144.131.5</Data>     <Data Name=""DestinationHostname"">5-131.gtt-net.cz</Data>     <Data Name=""DestinationPort"">443</Data>     <Data Name=""DestinationPortName"">https</Data>   </EventData> </Event> "
2022-08-05 22:18:42+00:00,ACC-10,evtx_Microsoft-Windows-Sysmon/Operational,Command and Control,Connection to C2,0.0,Microsoft-Windows-Sysmon/Operational;Microsoft-Windows-Sysmon;3,3,364,C:\Windows\SysWOW64\rundll32.exe,,,,,tcp,true,ACC-10.corp.net,172.17.11.184,55412,5-131.gtt-net.cz,82.144.131.5,443,-,"<Event xmlns=""http://schemas.microsoft.com/win/2004/08/events/event"">   <System>     <Provider Name=""Microsoft-Windows-Sysmon"" Guid=""{5770385F-C22A-43E0-BF4C-06F5698FFBD9}""/>     <EventID>3</EventID>     <Version>5</Version>     <Level>4</Level>     <Task>3</Task>     <Opcode>0</Opcode>     <Keywords>0x8000000000000000</Keywords>     <TimeCreated SystemTime=""2022-08-05T22:18:42.901597100Z""/>     <EventRecordID>140829</EventRecordID>     <Correlation/>     <Execution ProcessID=""1428"" ThreadID=""1928""/>     <Channel>Microsoft-Windows-Sysmon/Operational</Channel>     <Computer>ACC-10.corp.net</Computer>     <Security UserID=""S-1-5-18""/>   </System>   <EventData>     <Data Name=""RuleName""/>     <Data Name=""UtcTime"">2022-08-05 22:18:36.169</Data>     <Data Name=""ProcessGuid"">{140A6FA9-8EDF-62ED-0000-0010D81B7D01}</Data>     <Data Name=""ProcessId"">364</Data>     <Data Name=""Image"">C:\Windows\SysWOW64\rundll32.exe</Data>     <Data Name=""User"">CORP\Joann.Sims</Data>     <Data Name=""Protocol"">tcp</Data>     <Data Name=""Initiated"">true</Data>     <Data Name=""SourceIsIpv6"">false</Data>     <Data Name=""SourceIp"">172.17.11.184</Data>     <Data Name=""SourceHostname"">ACC-10.corp.net</Data>     <Data Name=""SourcePort"">55412</Data>     <Data Name=""SourcePortName""/>     <Data Name=""DestinationIsIpv6"">false</Data>     <Data Name=""DestinationIp"">82.144.131.5</Data>     <Data Name=""DestinationHostname"">5-131.gtt-net.cz</Data>     <Data Name=""DestinationPort"">443</Data>     <Data Name=""DestinationPortName"">https</Data>   </EventData> </Event> "
2022-08-05 22:19:37+00:00,ACC-01,evtx_Microsoft-Windows-Sysmon/Operational,Execution,Cobalt Strike named pipe creation,0.0,Microsoft-Windows-Sysmon/Operational;Microsoft-Windows-Sysmon;17,17,1572,C:\Windows\SysWOW64\rundll32.exe,,,\55bbda,,,,,,,,,,-,"<Event xmlns=""http://schemas.microsoft.com/win/2004/08/events/event"">   <System>     <Provider Name=""Microsoft-Windows-Sysmon"" Guid=""{5770385F-C22A-43E0-BF4C-06F5698FFBD9}""/>     <EventID>17</EventID>     <Version>1</Version>     <Level>4</Level>     <Task>17</Task>     <Opcode>0</Opcode>     <Keywords>0x8000000000000000</Keywords>     <TimeCreated SystemTime=""2022-08-05T22:19:37.725947700Z""/>     <EventRecordID>210970</EventRecordID>     <Correlation/>     <Execution ProcessID=""1440"" ThreadID=""1992""/>     <Channel>Microsoft-Windows-Sysmon/Operational</Channel>     <Computer>ACC-01.corp.net</Computer>     <Security UserID=""S-1-5-18""/>   </System>   <EventData>     <Data Name=""RuleName""/>     <Data Name=""UtcTime"">2022-08-05 22:19:37.725</Data>     <Data Name=""ProcessGuid"">{62886613-96FB-62ED-0000-0010653BC901}</Data>     <Data Name=""ProcessId"">1572</Data>     <Data Name=""PipeName"">\55bbda</Data>     <Data Name=""Image"">C:\Windows\SysWOW64\rundll32.exe</Data>   </EventData> </Event> "
2022-08-05 22:19:37+00:00,ACC-01,evtx_Microsoft-Windows-Sysmon/Operational,Execution,Cobalt Strike named pipe creation,0.0,Microsoft-Windows-Sysmon/Operational;Microsoft-Windows-Sysmon;17,17,5884,C:\Windows\system32\rundll32.exe,,,\postex_18e7,,,,,,,,,,-,"<Event xmlns=""http://schemas.microsoft.com/win/2004/08/events/event"">   <System>     <Provider Name=""Microsoft-Windows-Sysmon"" Guid=""{5770385F-C22A-43E0-BF4C-06F5698FFBD9}""/>     <EventID>17</EventID>     <Version>1</Version>     <Level>4</Level>     <Task>17</Task>     <Opcode>0</Opcode>     <Keywords>0x8000000000000000</Keywords>     <TimeCreated SystemTime=""2022-08-05T22:19:37.916180700Z""/>     <EventRecordID>210973</EventRecordID>     <Correlation/>     <Execution ProcessID=""1440"" ThreadID=""1992""/>     <Channel>Microsoft-Windows-Sysmon/Operational</Channel>     <Computer>ACC-01.corp.net</Computer>     <Security UserID=""S-1-5-18""/>   </System>   <EventData>     <Data Name=""RuleName""/>     <Data Name=""UtcTime"">2022-08-05 22:19:37.884</Data>     <Data Name=""ProcessGuid"">{62886613-9779-62ED-0000-00106846CE01}</Data>     <Data Name=""ProcessId"">5884</Data>     <Data Name=""PipeName"">\postex_18e7</Data>     <Data Name=""Image"">C:\Windows\system32\rundll32.exe</Data>   </EventData> </Event> "
2022-08-05 22:19:38+00:00,ACC-01,evtx_Microsoft-Windows-Sysmon/Operational,Credential Access,LSASS process accessed,0.0,Microsoft-Windows-Sysmon/Operational;Microsoft-Windows-Sysmon;10,10,5884,C:\Windows\system32\rundll32.exe,,,,C:\Windows\system32\lsass.exe,,,,,,,,,-,"<Event xmlns=""http://schemas.microsoft.com/win/2004/08/events/event"">   <System>     <Provider Name=""Microsoft-Windows-Sysmon"" Guid=""{5770385F-C22A-43E0-BF4C-06F5698FFBD9}""/>     <EventID>10</EventID>     <Version>3</Version>     <Level>4</Level>     <Task>10</Task>     <Opcode>0</Opcode>     <Keywords>0x8000000000000000</Keywords>     <TimeCreated SystemTime=""2022-08-05T22:19:38.478878100Z""/>     <EventRecordID>210976</EventRecordID>     <Correlation/>     <Execution ProcessID=""1440"" ThreadID=""1992""/>     <Channel>Microsoft-Windows-Sysmon/Operational</Channel>     <Computer>ACC-01.corp.net</Computer>     <Security UserID=""S-1-5-18""/>   </System>   <EventData>     <Data Name=""RuleName""/>     <Data Name=""UtcTime"">2022-08-05 22:19:38.463</Data>     <Data Name=""SourceProcessGUID"">{62886613-9779-62ED-0000-00106846CE01}</Data>     <Data Name=""SourceProcessId"">5884</Data>     <Data Name=""SourceThreadId"">1332</Data>     <Data Name=""SourceImage"">C:\Windows\system32\rundll32.exe</Data>     <Data Name=""TargetProcessGUID"">{62886613-6435-62ED-0000-00108C960000}</Data>     <Data Name=""TargetProcessId"">492</Data>     <Data Name=""TargetImage"">C:\Windows\system32\lsass.exe</Data>     <Data Name=""GrantedAccess"">0x00001010</Data>     <Data Name=""CallTrace"">C:\Windows\SYSTEM32\ntdll.dll+5157a|C:\Windows\system32\KERNELBASE.dll+d817|UNKNOWN(00000000001DD97C)</Data>   </EventData> </Event> "
2022-08-05 22:19:38+00:00,ACC-01,evtx_Microsoft-Windows-Sysmon/Operational,Execution,Cobalt Strike named pipe connection,0.0,Microsoft-Windows-Sysmon/Operational;Microsoft-Windows-Sysmon;18,18,1572,C:\Windows\SysWOW64\rundll32.exe,,,\postex_18e7,,,,,,,,,,-,"<Event xmlns=""http://schemas.microsoft.com/win/2004/08/events/event"">   <System>     <Provider Name=""Microsoft-Windows-Sysmon"" Guid=""{5770385F-C22A-43E0-BF4C-06F5698FFBD9}""/>     <EventID>18</EventID>     <Version>1</Version>     <Level>4</Level>     <Task>18</Task>     <Opcode>0</Opcode>     <Keywords>0x8000000000000000</Keywords>     <TimeCreated SystemTime=""2022-08-05T22:19:38.354056500Z""/>     <EventRecordID>210974</EventRecordID>     <Correlation/>     <Execution ProcessID=""1440"" ThreadID=""1992""/>     <Channel>Microsoft-Windows-Sysmon/Operational</Channel>     <Computer>ACC-01.corp.net</Computer>     <Security UserID=""S-1-5-18""/>   </System>   <EventData>     <Data Name=""RuleName""/>     <Data Name=""UtcTime"">2022-08-05 22:19:38.354</Data>     <Data Name=""ProcessGuid"">{62886613-96FB-62ED-0000-0010653BC901}</Data>     <Data Name=""ProcessId"">1572</Data>     <Data Name=""PipeName"">\postex_18e7</Data>     <Data Name=""Image"">C:\Windows\SysWOW64\rundll32.exe</Data>   </EventData> </Event> "
2022-08-05 22:19:38+00:00,ACC-01,evtx_Microsoft-Windows-Sysmon/Operational,Execution,Cobalt Strike named pipe connection,0.0,Microsoft-Windows-Sysmon/Operational;Microsoft-Windows-Sysmon;18,18,1284,C:\Windows\system32\cmd.exe,,,\55bbda,,,,,,,,,,-,"<Event xmlns=""http://schemas.microsoft.com/win/2004/08/events/event"">   <System>     <Provider Name=""Microsoft-Windows-Sysmon"" Guid=""{5770385F-C22A-43E0-BF4C-06F5698FFBD9}""/>     <EventID>18</EventID>     <Version>1</Version>     <Level>4</Level>     <Task>18</Task>     <Opcode>0</Opcode>     <Keywords>0x8000000000000000</Keywords>     <TimeCreated SystemTime=""2022-08-05T22:19:38.556891600Z""/>     <EventRecordID>210978</EventRecordID>     <Correlation/>     <Execution ProcessID=""1440"" ThreadID=""1992""/>     <Channel>Microsoft-Windows-Sysmon/Operational</Channel>     <Computer>ACC-01.corp.net</Computer>     <Security UserID=""S-1-5-18""/>   </System>   <EventData>     <Data Name=""RuleName""/>     <Data Name=""UtcTime"">2022-08-05 22:19:38.556</Data>     <Data Name=""ProcessGuid"">{62886613-977A-62ED-0000-0010F34ECE01}</Data>     <Data Name=""ProcessId"">1284</Data>     <Data Name=""PipeName"">\55bbda</Data>     <Data Name=""Image"">C:\Windows\system32\cmd.exe</Data>   </EventData> </Event> "
2022-08-05 22:19:38+00:00,ACC-01,evtx_Microsoft-Windows-Sysmon/Operational,Privilege escalation,Result of PtH,0.0,Microsoft-Windows-Sysmon/Operational;Microsoft-Windows-Sysmon;1,,1284,C:\Windows\System32\cmd.exe,5884,C:\Windows\System32\rundll32.exe,,,,,,,,,,,-,"<Event xmlns=""http://schemas.microsoft.com/win/2004/08/events/event"">   <System>     <Provider Name=""Microsoft-Windows-Sysmon"" Guid=""{5770385F-C22A-43E0-BF4C-06F5698FFBD9}""/>     <EventID>1</EventID>     <Version>5</Version>     <Level>4</Level>     <Task>1</Task>     <Opcode>0</Opcode>     <Keywords>0x8000000000000000</Keywords>     <TimeCreated SystemTime=""2022-08-05T22:19:38.478878100Z""/>     <EventRecordID>210975</EventRecordID>     <Correlation/>     <Execution ProcessID=""1440"" ThreadID=""1992""/>     <Channel>Microsoft-Windows-Sysmon/Operational</Channel>     <Computer>ACC-01.corp.net</Computer>     <Security UserID=""S-1-5-18""/>   </System>   <EventData>     <Data Name=""RuleName""/>     <Data Name=""UtcTime"">2022-08-05 22:19:38.463</Data>     <Data Name=""ProcessGuid"">{62886613-977A-62ED-0000-0010F34ECE01}</Data>     <Data Name=""ProcessId"">1284</Data>     <Data Name=""Image"">C:\Windows\System32\cmd.exe</Data>     <Data Name=""FileVersion"">6.1.7601.17514 (win7sp1_rtm.101119-1850)</Data>     <Data Name=""Description"">Windows Command Processor</Data>     <Data Name=""Product"">Microsoft® Windows® Operating System</Data>     <Data Name=""Company"">Microsoft Corporation</Data>     <Data Name=""CommandLine"">C:\Windows\system32\cmd.exe /c echo 86420bf6b30 &gt; \\.\pipe\55bbda</Data>     <Data Name=""CurrentDirectory"">C:\Windows\system32\</Data>     <Data Name=""User"">NT AUTHORITY\SYSTEM</Data>     <Data Name=""LogonGuid"">{62886613-977A-62ED-0000-00209C4ECE01}</Data>     <Data Name=""LogonId"">0x0000000001ce4e9c</Data>     <Data Name=""TerminalSessionId"">0</Data>     <Data Name=""IntegrityLevel"">System</Data>     <Data Name=""Hashes"">MD5=5746BD7E255DD6A8AFA06F7C42C1BA41,IMPHASH=D0058544E4588B1B2290B7F4D830EB0A</Data>     <Data Name=""ParentProcessGuid"">{62886613-9779-62ED-0000-00106846CE01}</Data>     <Data Name=""ParentProcessId"">5884</Data>     <Data Name=""ParentImage"">C:\Windows\System32\rundll32.exe</Data>     <Data Name=""ParentCommandLine"">C:\Windows\sysnative\rundll32.exe</Data>   </EventData> </Event> "
2022-08-05 22:19:38+00:00,ACC-10,evtx_Microsoft-Windows-Sysmon/Operational,Command and Control,Connection to C2,0.0,Microsoft-Windows-Sysmon/Operational;Microsoft-Windows-Sysmon;3,3,364,C:\Windows\SysWOW64\rundll32.exe,,,,,tcp,true,ACC-10.corp.net,172.17.11.184,55466,c-73-245-147-162.hsd1.fl.comcast.net,73.245.147.162,443,-,"<Event xmlns=""http://schemas.microsoft.com/win/2004/08/events/event"">   <System>     <Provider Name=""Microsoft-Windows-Sysmon"" Guid=""{5770385F-C22A-43E0-BF4C-06F5698FFBD9}""/>     <EventID>3</EventID>     <Version>5</Version>     <Level>4</Level>     <Task>3</Task>     <Opcode>0</Opcode>     <Keywords>0x8000000000000000</Keywords>     <TimeCreated SystemTime=""2022-08-05T22:19:38.989024400Z""/>     <EventRecordID>141079</EventRecordID>     <Correlation/>     <Execution ProcessID=""1428"" ThreadID=""1928""/>     <Channel>Microsoft-Windows-Sysmon/Operational</Channel>     <Computer>ACC-10.corp.net</Computer>     <Security UserID=""S-1-5-18""/>   </System>   <EventData>     <Data Name=""RuleName""/>     <Data Name=""UtcTime"">2022-08-05 22:19:33.061</Data>     <Data Name=""ProcessGuid"">{140A6FA9-8EDF-62ED-0000-0010D81B7D01}</Data>     <Data Name=""ProcessId"">364</Data>     <Data Name=""Image"">C:\Windows\SysWOW64\rundll32.exe</Data>     <Data Name=""User"">CORP\Joann.Sims</Data>     <Data Name=""Protocol"">tcp</Data>     <Data Name=""Initiated"">true</Data>     <Data Name=""SourceIsIpv6"">false</Data>     <Data Name=""SourceIp"">172.17.11.184</Data>     <Data Name=""SourceHostname"">ACC-10.corp.net</Data>     <Data Name=""SourcePort"">55466</Data>     <Data Name=""SourcePortName""/>     <Data Name=""DestinationIsIpv6"">false</Data>     <Data Name=""DestinationIp"">73.245.147.162</Data>     <Data Name=""DestinationHostname"">c-73-245-147-162.hsd1.fl.comcast.net</Data>     <Data Name=""DestinationPort"">443</Data>     <Data Name=""DestinationPortName"">https</Data>   </EventData> </Event> "
2022-08-05 22:19:39+00:00,ACC-10,evtx_Microsoft-Windows-Sysmon/Operational,Command and Control,Connection to C2,0.0,Microsoft-Windows-Sysmon/Operational;Microsoft-Windows-Sysmon;3,3,364,C:\Windows\SysWOW64\rundll32.exe,,,,,tcp,true,ACC-10.corp.net,172.17.11.184,55467,c-73-245-147-162.hsd1.fl.comcast.net,73.245.147.162,443,-,"<Event xmlns=""http://schemas.microsoft.com/win/2004/08/events/event"">   <System>     <Provider Name=""Microsoft-Windows-Sysmon"" Guid=""{5770385F-C22A-43E0-BF4C-06F5698FFBD9}""/>     <EventID>3</EventID>     <Version>5</Version>     <Level>4</Level>     <Task>3</Task>     <Opcode>0</Opcode>     <Keywords>0x8000000000000000</Keywords>     <TimeCreated SystemTime=""2022-08-05T22:19:39.740079900Z""/>     <EventRecordID>141084</EventRecordID>     <Correlation/>     <Execution ProcessID=""1428"" ThreadID=""1928""/>     <Channel>Microsoft-Windows-Sysmon/Operational</Channel>     <Computer>ACC-10.corp.net</Computer>     <Security UserID=""S-1-5-18""/>   </System>   <EventData>     <Data Name=""RuleName""/>     <Data Name=""UtcTime"">2022-08-05 22:19:34.416</Data>     <Data Name=""ProcessGuid"">{140A6FA9-8EDF-62ED-0000-0010D81B7D01}</Data>     <Data Name=""ProcessId"">364</Data>     <Data Name=""Image"">C:\Windows\SysWOW64\rundll32.exe</Data>     <Data Name=""User"">CORP\Joann.Sims</Data>     <Data Name=""Protocol"">tcp</Data>     <Data Name=""Initiated"">true</Data>     <Data Name=""SourceIsIpv6"">false</Data>     <Data Name=""SourceIp"">172.17.11.184</Data>     <Data Name=""SourceHostname"">ACC-10.corp.net</Data>     <Data Name=""SourcePort"">55467</Data>     <Data Name=""SourcePortName""/>     <Data Name=""DestinationIsIpv6"">false</Data>     <Data Name=""DestinationIp"">73.245.147.162</Data>     <Data Name=""DestinationHostname"">c-73-245-147-162.hsd1.fl.comcast.net</Data>     <Data Name=""DestinationPort"">443</Data>     <Data Name=""DestinationPortName"">https</Data>   </EventData> </Event> "
2022-08-05 22:20:25+00:00,ACC-01,evtx_Microsoft-Windows-Sysmon/Operational,Execution,Look for swift files,0.0,Microsoft-Windows-Sysmon/Operational;Microsoft-Windows-Sysmon;1,,212,C:\Windows\System32\WindowsPowerShell\v1.0\powershell.exe,1572,C:\Windows\SysWOW64\rundll32.exe,,,,,,,,,,,-,"<Event xmlns=""http://schemas.microsoft.com/win/2004/08/events/event"">   <System>     <Provider Name=""Microsoft-Windows-Sysmon"" Guid=""{5770385F-C22A-43E0-BF4C-06F5698FFBD9}""/>     <EventID>1</EventID>     <Version>5</Version>     <Level>4</Level>     <Task>1</Task>     <Opcode>0</Opcode>     <Keywords>0x8000000000000000</Keywords>     <TimeCreated SystemTime=""2022-08-05T22:20:25.567522800Z""/>     <EventRecordID>211098</EventRecordID>     <Correlation/>     <Execution ProcessID=""1440"" ThreadID=""1992""/>     <Channel>Microsoft-Windows-Sysmon/Operational</Channel>     <Computer>ACC-01.corp.net</Computer>     <Security UserID=""S-1-5-18""/>   </System>   <EventData>     <Data Name=""RuleName""/>     <Data Name=""UtcTime"">2022-08-05 22:20:25.536</Data>     <Data Name=""ProcessGuid"">{62886613-97A9-62ED-0000-00101974CF01}</Data>     <Data Name=""ProcessId"">212</Data>     <Data Name=""Image"">C:\Windows\System32\WindowsPowerShell\v1.0\powershell.exe</Data>     <Data Name=""FileVersion"">10.0.14409.1005 (rs1_srvoob.161208-1155)</Data>     <Data Name=""Description"">Windows PowerShell</Data>     <Data Name=""Product"">Microsoft® Windows® Operating System</Data>     <Data Name=""Company"">Microsoft Corporation</Data>     <Data Name=""CommandLine"">powershell -nop -exec bypass -EncodedCommand RwBlAHQALQBDAGgAaQBsAGQASQB0AGUAbQAgAC0AUABhAHQAaAAgAEMAOgBcACAALQBSAGUAYwB1AHIAcwBlACAALQBJAG4AYwBsAHUAZABlACAAKgBzAHcAaQBmAHQAKgA=</Data>     <Data Name=""CurrentDirectory"">C:\Windows\system32\</Data>     <Data Name=""User"">NT AUTHORITY\SYSTEM</Data>     <Data Name=""LogonGuid"">{62886613-977A-62ED-0000-00209C4ECE01}</Data>     <Data Name=""LogonId"">0x0000000001ce4e9c</Data>     <Data Name=""TerminalSessionId"">0</Data>     <Data Name=""IntegrityLevel"">System</Data>     <Data Name=""Hashes"">MD5=A575A7610E5F003CC36DF39E07C4BA7D,IMPHASH=CAEE994F79D85E47C06E5FA9CDEAE453</Data>     <Data Name=""ParentProcessGuid"">{62886613-96FB-62ED-0000-0010653BC901}</Data>     <Data Name=""ParentProcessId"">1572</Data>     <Data Name=""ParentImage"">C:\Windows\SysWOW64\rundll32.exe</Data>     <Data Name=""ParentCommandLine"">C:\Windows\System32\rundll32.exe</Data>   </EventData> </Event> "
