2022-08-05 22:23:42+00:00,ACC-10,evtx_Microsoft-Windows-Sysmon/Operational,Command and Control,Connection to C2,0.0,Microsoft-Windows-Sysmon/Operational;Microsoft-Windows-Sysmon;3,3,364,C:\Windows\SysWOW64\rundll32.exe,,,,,tcp,true,ACC-10.corp.net,172.17.11.184,55604,5-131.gtt-net.cz,82.144.131.5,443,-,"<Event xmlns=""http://schemas.microsoft.com/win/2004/08/events/event"">   <System>     <Provider Name=""Microsoft-Windows-Sysmon"" Guid=""{5770385F-C22A-43E0-BF4C-06F5698FFBD9}""/>     <EventID>3</EventID>     <Version>5</Version>     <Level>4</Level>     <Task>3</Task>     <Opcode>0</Opcode>     <Keywords>0x8000000000000000</Keywords>     <TimeCreated SystemTime=""2022-08-05T22:23:42.994046800Z""/>     <EventRecordID>141826</EventRecordID>     <Correlation/>     <Execution ProcessID=""1428"" ThreadID=""1928""/>     <Channel>Microsoft-Windows-Sysmon/Operational</Channel>     <Computer>ACC-10.corp.net</Computer>     <Security UserID=""S-1-5-18""/>   </System>   <EventData>     <Data Name=""RuleName""/>     <Data Name=""UtcTime"">2022-08-05 22:23:37.636</Data>     <Data Name=""ProcessGuid"">{140A6FA9-8EDF-62ED-0000-0010D81B7D01}</Data>     <Data Name=""ProcessId"">364</Data>     <Data Name=""Image"">C:\Windows\SysWOW64\rundll32.exe</Data>     <Data Name=""User"">CORP\Joann.Sims</Data>     <Data Name=""Protocol"">tcp</Data>     <Data Name=""Initiated"">true</Data>     <Data Name=""SourceIsIpv6"">false</Data>     <Data Name=""SourceIp"">172.17.11.184</Data>     <Data Name=""SourceHostname"">ACC-10.corp.net</Data>     <Data Name=""SourcePort"">55604</Data>     <Data Name=""SourcePortName""/>     <Data Name=""DestinationIsIpv6"">false</Data>     <Data Name=""DestinationIp"">82.144.131.5</Data>     <Data Name=""DestinationHostname"">5-131.gtt-net.cz</Data>     <Data Name=""DestinationPort"">443</Data>     <Data Name=""DestinationPortName"">https</Data>   </EventData> </Event> "
2022-08-05 22:23:44+00:00,ACC-10,evtx_Microsoft-Windows-Sysmon/Operational,Command and Control,Connection to C2,0.0,Microsoft-Windows-Sysmon/Operational;Microsoft-Windows-Sysmon;3,3,364,C:\Windows\SysWOW64\rundll32.exe,,,,,tcp,true,ACC-10.corp.net,172.17.11.184,55605,5-131.gtt-net.cz,82.144.131.5,443,-,"<Event xmlns=""http://schemas.microsoft.com/win/2004/08/events/event"">   <System>     <Provider Name=""Microsoft-Windows-Sysmon"" Guid=""{5770385F-C22A-43E0-BF4C-06F5698FFBD9}""/>     <EventID>3</EventID>     <Version>5</Version>     <Level>4</Level>     <Task>3</Task>     <Opcode>0</Opcode>     <Keywords>0x8000000000000000</Keywords>     <TimeCreated SystemTime=""2022-08-05T22:23:44.799822300Z""/>     <EventRecordID>141831</EventRecordID>     <Correlation/>     <Execution ProcessID=""1428"" ThreadID=""1928""/>     <Channel>Microsoft-Windows-Sysmon/Operational</Channel>     <Computer>ACC-10.corp.net</Computer>     <Security UserID=""S-1-5-18""/>   </System>   <EventData>     <Data Name=""RuleName""/>     <Data Name=""UtcTime"">2022-08-05 22:23:39.078</Data>     <Data Name=""ProcessGuid"">{140A6FA9-8EDF-62ED-0000-0010D81B7D01}</Data>     <Data Name=""ProcessId"">364</Data>     <Data Name=""Image"">C:\Windows\SysWOW64\rundll32.exe</Data>     <Data Name=""User"">CORP\Joann.Sims</Data>     <Data Name=""Protocol"">tcp</Data>     <Data Name=""Initiated"">true</Data>     <Data Name=""SourceIsIpv6"">false</Data>     <Data Name=""SourceIp"">172.17.11.184</Data>     <Data Name=""SourceHostname"">ACC-10.corp.net</Data>     <Data Name=""SourcePort"">55605</Data>     <Data Name=""SourcePortName""/>     <Data Name=""DestinationIsIpv6"">false</Data>     <Data Name=""DestinationIp"">82.144.131.5</Data>     <Data Name=""DestinationHostname"">5-131.gtt-net.cz</Data>     <Data Name=""DestinationPort"">443</Data>     <Data Name=""DestinationPortName"">https</Data>   </EventData> </Event> "
2022-08-05 22:23:45+00:00,ACC-07,evtx_Microsoft-Windows-Sysmon/Operational,Credential Access,LSASS process accessed,0.0,Microsoft-Windows-Sysmon/Operational;Microsoft-Windows-Sysmon;10,10,3460,C:\Windows\system32\rundll32.exe,,,,C:\Windows\system32\lsass.exe,,,,,,,,,-,"<Event xmlns=""http://schemas.microsoft.com/win/2004/08/events/event"">   <System>     <Provider Name=""Microsoft-Windows-Sysmon"" Guid=""{5770385F-C22A-43E0-BF4C-06F5698FFBD9}""/>     <EventID>10</EventID>     <Version>3</Version>     <Level>4</Level>     <Task>10</Task>     <Opcode>0</Opcode>     <Keywords>0x8000000000000000</Keywords>     <TimeCreated SystemTime=""2022-08-05T22:23:45.954076400Z""/>     <EventRecordID>176019</EventRecordID>     <Correlation/>     <Execution ProcessID=""1444"" ThreadID=""1932""/>     <Channel>Microsoft-Windows-Sysmon/Operational</Channel>     <Computer>ACC-07.corp.net</Computer>     <Security UserID=""S-1-5-18""/>   </System>   <EventData>     <Data Name=""RuleName""/>     <Data Name=""UtcTime"">2022-08-05 22:23:45.906</Data>     <Data Name=""SourceProcessGUID"">{7A60D74F-9871-62ED-0000-00103FD1B001}</Data>     <Data Name=""SourceProcessId"">3460</Data>     <Data Name=""SourceThreadId"">3568</Data>     <Data Name=""SourceImage"">C:\Windows\system32\rundll32.exe</Data>     <Data Name=""TargetProcessGUID"">{7A60D74F-64C3-62ED-0000-001002970000}</Data>     <Data Name=""TargetProcessId"">476</Data>     <Data Name=""TargetImage"">C:\Windows\system32\lsass.exe</Data>     <Data Name=""GrantedAccess"">0x00001010</Data>     <Data Name=""CallTrace"">C:\Windows\SYSTEM32\ntdll.dll+5157a|C:\Windows\system32\KERNELBASE.dll+d817|UNKNOWN(000000000018D97C)</Data>   </EventData> </Event> "
2022-08-05 22:23:45+00:00,ACC-07,evtx_Microsoft-Windows-Sysmon/Operational,Execution,Cobalt Strike named pipe creation,0.0,Microsoft-Windows-Sysmon/Operational;Microsoft-Windows-Sysmon;17,17,3208,C:\Windows\SysWOW64\rundll32.exe,,,\cef512,,,,,,,,,,-,"<Event xmlns=""http://schemas.microsoft.com/win/2004/08/events/event"">   <System>     <Provider Name=""Microsoft-Windows-Sysmon"" Guid=""{5770385F-C22A-43E0-BF4C-06F5698FFBD9}""/>     <EventID>17</EventID>     <Version>1</Version>     <Level>4</Level>     <Task>17</Task>     <Opcode>0</Opcode>     <Keywords>0x8000000000000000</Keywords>     <TimeCreated SystemTime=""2022-08-05T22:23:45.159272400Z""/>     <EventRecordID>176013</EventRecordID>     <Correlation/>     <Execution ProcessID=""1444"" ThreadID=""1932""/>     <Channel>Microsoft-Windows-Sysmon/Operational</Channel>     <Computer>ACC-07.corp.net</Computer>     <Security UserID=""S-1-5-18""/>   </System>   <EventData>     <Data Name=""RuleName""/>     <Data Name=""UtcTime"">2022-08-05 22:23:45.159</Data>     <Data Name=""ProcessGuid"">{7A60D74F-981A-62ED-0000-00105758B001}</Data>     <Data Name=""ProcessId"">3208</Data>     <Data Name=""PipeName"">\cef512</Data>     <Data Name=""Image"">C:\Windows\SysWOW64\rundll32.exe</Data>   </EventData> </Event> "
2022-08-05 22:23:45+00:00,ACC-07,evtx_Microsoft-Windows-Sysmon/Operational,Execution,Cobalt Strike named pipe creation,0.0,Microsoft-Windows-Sysmon/Operational;Microsoft-Windows-Sysmon;17,17,3460,C:\Windows\system32\rundll32.exe,,,\postex_e04a,,,,,,,,,,-,"<Event xmlns=""http://schemas.microsoft.com/win/2004/08/events/event"">   <System>     <Provider Name=""Microsoft-Windows-Sysmon"" Guid=""{5770385F-C22A-43E0-BF4C-06F5698FFBD9}""/>     <EventID>17</EventID>     <Version>1</Version>     <Level>4</Level>     <Task>17</Task>     <Opcode>0</Opcode>     <Keywords>0x8000000000000000</Keywords>     <TimeCreated SystemTime=""2022-08-05T22:23:45.317272800Z""/>     <EventRecordID>176016</EventRecordID>     <Correlation/>     <Execution ProcessID=""1444"" ThreadID=""1932""/>     <Channel>Microsoft-Windows-Sysmon/Operational</Channel>     <Computer>ACC-07.corp.net</Computer>     <Security UserID=""S-1-5-18""/>   </System>   <EventData>     <Data Name=""RuleName""/>     <Data Name=""UtcTime"">2022-08-05 22:23:45.317</Data>     <Data Name=""ProcessGuid"">{7A60D74F-9871-62ED-0000-00103FD1B001}</Data>     <Data Name=""ProcessId"">3460</Data>     <Data Name=""PipeName"">\postex_e04a</Data>     <Data Name=""Image"">C:\Windows\system32\rundll32.exe</Data>   </EventData> </Event> "
2022-08-05 22:23:45+00:00,ACC-07,evtx_Microsoft-Windows-Sysmon/Operational,Execution,Cobalt Strike named pipe connection,0.0,Microsoft-Windows-Sysmon/Operational;Microsoft-Windows-Sysmon;18,18,3208,C:\Windows\SysWOW64\rundll32.exe,,,\postex_e04a,,,,,,,,,,-,"<Event xmlns=""http://schemas.microsoft.com/win/2004/08/events/event"">   <System>     <Provider Name=""Microsoft-Windows-Sysmon"" Guid=""{5770385F-C22A-43E0-BF4C-06F5698FFBD9}""/>     <EventID>18</EventID>     <Version>1</Version>     <Level>4</Level>     <Task>18</Task>     <Opcode>0</Opcode>     <Keywords>0x8000000000000000</Keywords>     <TimeCreated SystemTime=""2022-08-05T22:23:45.797076000Z""/>     <EventRecordID>176017</EventRecordID>     <Correlation/>     <Execution ProcessID=""1444"" ThreadID=""1932""/>     <Channel>Microsoft-Windows-Sysmon/Operational</Channel>     <Computer>ACC-07.corp.net</Computer>     <Security UserID=""S-1-5-18""/>   </System>   <EventData>     <Data Name=""RuleName""/>     <Data Name=""UtcTime"">2022-08-05 22:23:45.797</Data>     <Data Name=""ProcessGuid"">{7A60D74F-981A-62ED-0000-00105758B001}</Data>     <Data Name=""ProcessId"">3208</Data>     <Data Name=""PipeName"">\postex_e04a</Data>     <Data Name=""Image"">C:\Windows\SysWOW64\rundll32.exe</Data>   </EventData> </Event> "
2022-08-05 22:23:45+00:00,ACC-07,evtx_Microsoft-Windows-Sysmon/Operational,Execution,Cobalt Strike named pipe connection,0.0,Microsoft-Windows-Sysmon/Operational;Microsoft-Windows-Sysmon;18,18,5000,C:\Windows\system32\cmd.exe,,,\cef512,,,,,,,,,,-,"<Event xmlns=""http://schemas.microsoft.com/win/2004/08/events/event"">   <System>     <Provider Name=""Microsoft-Windows-Sysmon"" Guid=""{5770385F-C22A-43E0-BF4C-06F5698FFBD9}""/>     <EventID>18</EventID>     <Version>1</Version>     <Level>4</Level>     <Task>18</Task>     <Opcode>0</Opcode>     <Keywords>0x8000000000000000</Keywords>     <TimeCreated SystemTime=""2022-08-05T22:23:45.986276500Z""/>     <EventRecordID>176021</EventRecordID>     <Correlation/>     <Execution ProcessID=""1444"" ThreadID=""1932""/>     <Channel>Microsoft-Windows-Sysmon/Operational</Channel>     <Computer>ACC-07.corp.net</Computer>     <Security UserID=""S-1-5-18""/>   </System>   <EventData>     <Data Name=""RuleName""/>     <Data Name=""UtcTime"">2022-08-05 22:23:45.986</Data>     <Data Name=""ProcessGuid"">{7A60D74F-9871-62ED-0000-001000DAB001}</Data>     <Data Name=""ProcessId"">5000</Data>     <Data Name=""PipeName"">\cef512</Data>     <Data Name=""Image"">C:\Windows\system32\cmd.exe</Data>   </EventData> </Event> "
2022-08-05 22:23:45+00:00,ACC-07,evtx_Microsoft-Windows-Sysmon/Operational,Privilege escalation,Result of PtH,0.0,Microsoft-Windows-Sysmon/Operational;Microsoft-Windows-Sysmon;1,,5000,C:\Windows\System32\cmd.exe,3460,C:\Windows\System32\rundll32.exe,,,,,,,,,,,-,"<Event xmlns=""http://schemas.microsoft.com/win/2004/08/events/event"">   <System>     <Provider Name=""Microsoft-Windows-Sysmon"" Guid=""{5770385F-C22A-43E0-BF4C-06F5698FFBD9}""/>     <EventID>1</EventID>     <Version>5</Version>     <Level>4</Level>     <Task>1</Task>     <Opcode>0</Opcode>     <Keywords>0x8000000000000000</Keywords>     <TimeCreated SystemTime=""2022-08-05T22:23:45.938476300Z""/>     <EventRecordID>176018</EventRecordID>     <Correlation/>     <Execution ProcessID=""1444"" ThreadID=""1932""/>     <Channel>Microsoft-Windows-Sysmon/Operational</Channel>     <Computer>ACC-07.corp.net</Computer>     <Security UserID=""S-1-5-18""/>   </System>   <EventData>     <Data Name=""RuleName""/>     <Data Name=""UtcTime"">2022-08-05 22:23:45.906</Data>     <Data Name=""ProcessGuid"">{7A60D74F-9871-62ED-0000-001000DAB001}</Data>     <Data Name=""ProcessId"">5000</Data>     <Data Name=""Image"">C:\Windows\System32\cmd.exe</Data>     <Data Name=""FileVersion"">6.1.7601.17514 (win7sp1_rtm.101119-1850)</Data>     <Data Name=""Description"">Windows Command Processor</Data>     <Data Name=""Product"">Microsoft® Windows® Operating System</Data>     <Data Name=""Company"">Microsoft Corporation</Data>     <Data Name=""CommandLine"">C:\Windows\system32\cmd.exe /c echo 8b6f83f777a &gt; \\.\pipe\cef512</Data>     <Data Name=""CurrentDirectory"">C:\Windows\system32\</Data>     <Data Name=""User"">NT AUTHORITY\SYSTEM</Data>     <Data Name=""LogonGuid"">{7A60D74F-9871-62ED-0000-00207BD9B001}</Data>     <Data Name=""LogonId"">0x0000000001b0d97b</Data>     <Data Name=""TerminalSessionId"">0</Data>     <Data Name=""IntegrityLevel"">System</Data>     <Data Name=""Hashes"">MD5=5746BD7E255DD6A8AFA06F7C42C1BA41,IMPHASH=D0058544E4588B1B2290B7F4D830EB0A</Data>     <Data Name=""ParentProcessGuid"">{7A60D74F-9871-62ED-0000-00103FD1B001}</Data>     <Data Name=""ParentProcessId"">3460</Data>     <Data Name=""ParentImage"">C:\Windows\System32\rundll32.exe</Data>     <Data Name=""ParentCommandLine"">C:\Windows\sysnative\rundll32.exe</Data>   </EventData> </Event> "
2022-08-05 22:24:38+00:00,ACC-10,evtx_Microsoft-Windows-Sysmon/Operational,Command and Control,Connection to C2,0.0,Microsoft-Windows-Sysmon/Operational;Microsoft-Windows-Sysmon;3,3,364,C:\Windows\SysWOW64\rundll32.exe,,,,,tcp,true,ACC-10.corp.net,172.17.11.184,55613,c-73-245-147-162.hsd1.fl.comcast.net,73.245.147.162,443,-,"<Event xmlns=""http://schemas.microsoft.com/win/2004/08/events/event"">   <System>     <Provider Name=""Microsoft-Windows-Sysmon"" Guid=""{5770385F-C22A-43E0-BF4C-06F5698FFBD9}""/>     <EventID>3</EventID>     <Version>5</Version>     <Level>4</Level>     <Task>3</Task>     <Opcode>0</Opcode>     <Keywords>0x8000000000000000</Keywords>     <TimeCreated SystemTime=""2022-08-05T22:24:38.730168800Z""/>     <EventRecordID>142012</EventRecordID>     <Correlation/>     <Execution ProcessID=""1428"" ThreadID=""1928""/>     <Channel>Microsoft-Windows-Sysmon/Operational</Channel>     <Computer>ACC-10.corp.net</Computer>     <Security UserID=""S-1-5-18""/>   </System>   <EventData>     <Data Name=""RuleName""/>     <Data Name=""UtcTime"">2022-08-05 22:24:33.408</Data>     <Data Name=""ProcessGuid"">{140A6FA9-8EDF-62ED-0000-0010D81B7D01}</Data>     <Data Name=""ProcessId"">364</Data>     <Data Name=""Image"">C:\Windows\SysWOW64\rundll32.exe</Data>     <Data Name=""User"">CORP\Joann.Sims</Data>     <Data Name=""Protocol"">tcp</Data>     <Data Name=""Initiated"">true</Data>     <Data Name=""SourceIsIpv6"">false</Data>     <Data Name=""SourceIp"">172.17.11.184</Data>     <Data Name=""SourceHostname"">ACC-10.corp.net</Data>     <Data Name=""SourcePort"">55613</Data>     <Data Name=""SourcePortName""/>     <Data Name=""DestinationIsIpv6"">false</Data>     <Data Name=""DestinationIp"">73.245.147.162</Data>     <Data Name=""DestinationHostname"">c-73-245-147-162.hsd1.fl.comcast.net</Data>     <Data Name=""DestinationPort"">443</Data>     <Data Name=""DestinationPortName"">https</Data>   </EventData> </Event> "
2022-08-05 22:24:41+00:00,ACC-07,evtx_Microsoft-Windows-Sysmon/Operational,Execution,Look for swift files,0.0,Microsoft-Windows-Sysmon/Operational;Microsoft-Windows-Sysmon;1,,3744,C:\Windows\System32\WindowsPowerShell\v1.0\powershell.exe,3208,C:\Windows\SysWOW64\rundll32.exe,,,,,,,,,,,-,"<Event xmlns=""http://schemas.microsoft.com/win/2004/08/events/event"">   <System>     <Provider Name=""Microsoft-Windows-Sysmon"" Guid=""{5770385F-C22A-43E0-BF4C-06F5698FFBD9}""/>     <EventID>1</EventID>     <Version>5</Version>     <Level>4</Level>     <Task>1</Task>     <Opcode>0</Opcode>     <Keywords>0x8000000000000000</Keywords>     <TimeCreated SystemTime=""2022-08-05T22:24:41.851743100Z""/>     <EventRecordID>176204</EventRecordID>     <Correlation/>     <Execution ProcessID=""1444"" ThreadID=""1932""/>     <Channel>Microsoft-Windows-Sysmon/Operational</Channel>     <Computer>ACC-07.corp.net</Computer>     <Security UserID=""S-1-5-18""/>   </System>   <EventData>     <Data Name=""RuleName""/>     <Data Name=""UtcTime"">2022-08-05 22:24:41.230</Data>     <Data Name=""ProcessGuid"">{7A60D74F-98A9-62ED-0000-0010F6C3B101}</Data>     <Data Name=""ProcessId"">3744</Data>     <Data Name=""Image"">C:\Windows\System32\WindowsPowerShell\v1.0\powershell.exe</Data>     <Data Name=""FileVersion"">10.0.14409.1005 (rs1_srvoob.161208-1155)</Data>     <Data Name=""Description"">Windows PowerShell</Data>     <Data Name=""Product"">Microsoft® Windows® Operating System</Data>     <Data Name=""Company"">Microsoft Corporation</Data>     <Data Name=""CommandLine"">powershell -nop -exec bypass -EncodedCommand RwBlAHQALQBDAGgAaQBsAGQASQB0AGUAbQAgAC0AUABhAHQAaAAgAEMAOgBcACAALQBSAGUAYwB1AHIAcwBlACAALQBJAG4AYwBsAHUAZABlACAAKgBzAHcAaQBmAHQAKgA=</Data>     <Data Name=""CurrentDirectory"">C:\Windows\system32\</Data>     <Data Name=""User"">NT AUTHORITY\SYSTEM</Data>     <Data Name=""LogonGuid"">{7A60D74F-9871-62ED-0000-00207BD9B001}</Data>     <Data Name=""LogonId"">0x0000000001b0d97b</Data>     <Data Name=""TerminalSessionId"">0</Data>     <Data Name=""IntegrityLevel"">System</Data>     <Data Name=""Hashes"">MD5=A575A7610E5F003CC36DF39E07C4BA7D,IMPHASH=CAEE994F79D85E47C06E5FA9CDEAE453</Data>     <Data Name=""ParentProcessGuid"">{7A60D74F-981A-62ED-0000-00105758B001}</Data>     <Data Name=""ParentProcessId"">3208</Data>     <Data Name=""ParentImage"">C:\Windows\SysWOW64\rundll32.exe</Data>     <Data Name=""ParentCommandLine"">C:\Windows\System32\rundll32.exe</Data>   </EventData> </Event> "
2022-08-05 22:24:46+00:00,ACC-07,evtx_Microsoft-Windows-Sysmon/Operational,Execution,Cobalt Strike named pipe creation,0.0,Microsoft-Windows-Sysmon/Operational;Microsoft-Windows-Sysmon;17,17,3744,C:\Windows\System32\WindowsPowerShell\v1.0\powershell.exe,,,\PSHost.133042118812301084.3744.DefaultAppDomain.powershell,,,,,,,,,,-,"<Event xmlns=""http://schemas.microsoft.com/win/2004/08/events/event"">   <System>     <Provider Name=""Microsoft-Windows-Sysmon"" Guid=""{5770385F-C22A-43E0-BF4C-06F5698FFBD9}""/>     <EventID>17</EventID>     <Version>1</Version>     <Level>4</Level>     <Task>17</Task>     <Opcode>0</Opcode>     <Keywords>0x8000000000000000</Keywords>     <TimeCreated SystemTime=""2022-08-05T22:24:46.502012800Z""/>     <EventRecordID>176209</EventRecordID>     <Correlation/>     <Execution ProcessID=""1444"" ThreadID=""1932""/>     <Channel>Microsoft-Windows-Sysmon/Operational</Channel>     <Computer>ACC-07.corp.net</Computer>     <Security UserID=""S-1-5-18""/>   </System>   <EventData>     <Data Name=""RuleName""/>     <Data Name=""UtcTime"">2022-08-05 22:24:46.486</Data>     <Data Name=""ProcessGuid"">{7A60D74F-98A9-62ED-0000-0010F6C3B101}</Data>     <Data Name=""ProcessId"">3744</Data>     <Data Name=""PipeName"">\PSHost.133042118812301084.3744.DefaultAppDomain.powershell</Data>     <Data Name=""Image"">C:\Windows\System32\WindowsPowerShell\v1.0\powershell.exe</Data>   </EventData> </Event> "
2022-08-05 22:24:50+00:00,ACC-10,evtx_Microsoft-Windows-Sysmon/Operational,Command and Control,Connection to C2,0.0,Microsoft-Windows-Sysmon/Operational;Microsoft-Windows-Sysmon;3,3,364,C:\Windows\SysWOW64\rundll32.exe,,,,,tcp,true,ACC-10.corp.net,172.17.11.184,55654,c-73-245-147-162.hsd1.fl.comcast.net,73.245.147.162,443,-,"<Event xmlns=""http://schemas.microsoft.com/win/2004/08/events/event"">   <System>     <Provider Name=""Microsoft-Windows-Sysmon"" Guid=""{5770385F-C22A-43E0-BF4C-06F5698FFBD9}""/>     <EventID>3</EventID>     <Version>5</Version>     <Level>4</Level>     <Task>3</Task>     <Opcode>0</Opcode>     <Keywords>0x8000000000000000</Keywords>     <TimeCreated SystemTime=""2022-08-05T22:24:50.853170400Z""/>     <EventRecordID>142071</EventRecordID>     <Correlation/>     <Execution ProcessID=""1428"" ThreadID=""1928""/>     <Channel>Microsoft-Windows-Sysmon/Operational</Channel>     <Computer>ACC-10.corp.net</Computer>     <Security UserID=""S-1-5-18""/>   </System>   <EventData>     <Data Name=""RuleName""/>     <Data Name=""UtcTime"">2022-08-05 22:24:44.006</Data>     <Data Name=""ProcessGuid"">{140A6FA9-8EDF-62ED-0000-0010D81B7D01}</Data>     <Data Name=""ProcessId"">364</Data>     <Data Name=""Image"">C:\Windows\SysWOW64\rundll32.exe</Data>     <Data Name=""User"">CORP\Joann.Sims</Data>     <Data Name=""Protocol"">tcp</Data>     <Data Name=""Initiated"">true</Data>     <Data Name=""SourceIsIpv6"">false</Data>     <Data Name=""SourceIp"">172.17.11.184</Data>     <Data Name=""SourceHostname"">ACC-10.corp.net</Data>     <Data Name=""SourcePort"">55654</Data>     <Data Name=""SourcePortName""/>     <Data Name=""DestinationIsIpv6"">false</Data>     <Data Name=""DestinationIp"">73.245.147.162</Data>     <Data Name=""DestinationHostname"">c-73-245-147-162.hsd1.fl.comcast.net</Data>     <Data Name=""DestinationPort"">443</Data>     <Data Name=""DestinationPortName"">https</Data>   </EventData> </Event> "
2022-08-05 22:25:30+00:00,ACC-10,evtx_Microsoft-Windows-Sysmon/Operational,Command and Control,Connection to C2,0.0,Microsoft-Windows-Sysmon/Operational;Microsoft-Windows-Sysmon;3,3,364,C:\Windows\SysWOW64\rundll32.exe,,,,,tcp,true,ACC-10.corp.net,172.17.11.184,55663,5-131.gtt-net.cz,82.144.131.5,443,-,"<Event xmlns=""http://schemas.microsoft.com/win/2004/08/events/event"">   <System>     <Provider Name=""Microsoft-Windows-Sysmon"" Guid=""{5770385F-C22A-43E0-BF4C-06F5698FFBD9}""/>     <EventID>3</EventID>     <Version>5</Version>     <Level>4</Level>     <Task>3</Task>     <Opcode>0</Opcode>     <Keywords>0x8000000000000000</Keywords>     <TimeCreated SystemTime=""2022-08-05T22:25:30.976309600Z""/>     <EventRecordID>142236</EventRecordID>     <Correlation/>     <Execution ProcessID=""1428"" ThreadID=""1928""/>     <Channel>Microsoft-Windows-Sysmon/Operational</Channel>     <Computer>ACC-10.corp.net</Computer>     <Security UserID=""S-1-5-18""/>   </System>   <EventData>     <Data Name=""RuleName""/>     <Data Name=""UtcTime"">2022-08-05 22:25:25.615</Data>     <Data Name=""ProcessGuid"">{140A6FA9-8EDF-62ED-0000-0010D81B7D01}</Data>     <Data Name=""ProcessId"">364</Data>     <Data Name=""Image"">C:\Windows\SysWOW64\rundll32.exe</Data>     <Data Name=""User"">CORP\Joann.Sims</Data>     <Data Name=""Protocol"">tcp</Data>     <Data Name=""Initiated"">true</Data>     <Data Name=""SourceIsIpv6"">false</Data>     <Data Name=""SourceIp"">172.17.11.184</Data>     <Data Name=""SourceHostname"">ACC-10.corp.net</Data>     <Data Name=""SourcePort"">55663</Data>     <Data Name=""SourcePortName""/>     <Data Name=""DestinationIsIpv6"">false</Data>     <Data Name=""DestinationIp"">82.144.131.5</Data>     <Data Name=""DestinationHostname"">5-131.gtt-net.cz</Data>     <Data Name=""DestinationPort"">443</Data>     <Data Name=""DestinationPortName"">https</Data>   </EventData> </Event> "
2022-08-05 22:25:33+00:00,ACC-07,evtx_Microsoft-Windows-Sysmon/Operational,Execution,Look for C:\ACH path,0.0,Microsoft-Windows-Sysmon/Operational;Microsoft-Windows-Sysmon;1,,4740,C:\Windows\System32\WindowsPowerShell\v1.0\powershell.exe,3208,C:\Windows\SysWOW64\rundll32.exe,,,,,,,,,,,-,"<Event xmlns=""http://schemas.microsoft.com/win/2004/08/events/event"">   <System>     <Provider Name=""Microsoft-Windows-Sysmon"" Guid=""{5770385F-C22A-43E0-BF4C-06F5698FFBD9}""/>     <EventID>1</EventID>     <Version>5</Version>     <Level>4</Level>     <Task>1</Task>     <Opcode>0</Opcode>     <Keywords>0x8000000000000000</Keywords>     <TimeCreated SystemTime=""2022-08-05T22:25:33.475373000Z""/>     <EventRecordID>176354</EventRecordID>     <Correlation/>     <Execution ProcessID=""1444"" ThreadID=""1932""/>     <Channel>Microsoft-Windows-Sysmon/Operational</Channel>     <Computer>ACC-07.corp.net</Computer>     <Security UserID=""S-1-5-18""/>   </System>   <EventData>     <Data Name=""RuleName""/>     <Data Name=""UtcTime"">2022-08-05 22:25:33.008</Data>     <Data Name=""ProcessGuid"">{7A60D74F-98DD-62ED-0000-00108A1BB901}</Data>     <Data Name=""ProcessId"">4740</Data>     <Data Name=""Image"">C:\Windows\System32\WindowsPowerShell\v1.0\powershell.exe</Data>     <Data Name=""FileVersion"">10.0.14409.1005 (rs1_srvoob.161208-1155)</Data>     <Data Name=""Description"">Windows PowerShell</Data>     <Data Name=""Product"">Microsoft® Windows® Operating System</Data>     <Data Name=""Company"">Microsoft Corporation</Data>     <Data Name=""CommandLine"">powershell -nop -exec bypass -EncodedCommand VABlAHMAdAAtAFAAYQB0AGgAIABDADoAXABBAEMASAA=</Data>     <Data Name=""CurrentDirectory"">C:\Windows\system32\</Data>     <Data Name=""User"">NT AUTHORITY\SYSTEM</Data>     <Data Name=""LogonGuid"">{7A60D74F-9871-62ED-0000-00207BD9B001}</Data>     <Data Name=""LogonId"">0x0000000001b0d97b</Data>     <Data Name=""TerminalSessionId"">0</Data>     <Data Name=""IntegrityLevel"">System</Data>     <Data Name=""Hashes"">MD5=A575A7610E5F003CC36DF39E07C4BA7D,IMPHASH=CAEE994F79D85E47C06E5FA9CDEAE453</Data>     <Data Name=""ParentProcessGuid"">{7A60D74F-981A-62ED-0000-00105758B001}</Data>     <Data Name=""ParentProcessId"">3208</Data>     <Data Name=""ParentImage"">C:\Windows\SysWOW64\rundll32.exe</Data>     <Data Name=""ParentCommandLine"">C:\Windows\System32\rundll32.exe</Data>   </EventData> </Event> "
2022-08-05 22:25:34+00:00,ACC-07,evtx_Microsoft-Windows-Sysmon/Operational,Execution,Cobalt Strike named pipe creation,0.0,Microsoft-Windows-Sysmon/Operational;Microsoft-Windows-Sysmon;17,17,4740,C:\Windows\System32\WindowsPowerShell\v1.0\powershell.exe,,,\PSHost.133042119330089584.4740.DefaultAppDomain.powershell,,,,,,,,,,-,"<Event xmlns=""http://schemas.microsoft.com/win/2004/08/events/event"">   <System>     <Provider Name=""Microsoft-Windows-Sysmon"" Guid=""{5770385F-C22A-43E0-BF4C-06F5698FFBD9}""/>     <EventID>17</EventID>     <Version>1</Version>     <Level>4</Level>     <Task>17</Task>     <Opcode>0</Opcode>     <Keywords>0x8000000000000000</Keywords>     <TimeCreated SystemTime=""2022-08-05T22:25:34.968846300Z""/>     <EventRecordID>176366</EventRecordID>     <Correlation/>     <Execution ProcessID=""1444"" ThreadID=""1932""/>     <Channel>Microsoft-Windows-Sysmon/Operational</Channel>     <Computer>ACC-07.corp.net</Computer>     <Security UserID=""S-1-5-18""/>   </System>   <EventData>     <Data Name=""RuleName""/>     <Data Name=""UtcTime"">2022-08-05 22:25:34.875</Data>     <Data Name=""ProcessGuid"">{7A60D74F-98DD-62ED-0000-00108A1BB901}</Data>     <Data Name=""ProcessId"">4740</Data>     <Data Name=""PipeName"">\PSHost.133042119330089584.4740.DefaultAppDomain.powershell</Data>     <Data Name=""Image"">C:\Windows\System32\WindowsPowerShell\v1.0\powershell.exe</Data>   </EventData> </Event> "
2022-08-05 22:25:36+00:00,ACC-10,evtx_Microsoft-Windows-Sysmon/Operational,Command and Control,Connection to C2,0.0,Microsoft-Windows-Sysmon/Operational;Microsoft-Windows-Sysmon;3,3,364,C:\Windows\SysWOW64\rundll32.exe,,,,,tcp,true,ACC-10.corp.net,172.17.11.184,55702,5-131.gtt-net.cz,82.144.131.5,443,-,"<Event xmlns=""http://schemas.microsoft.com/win/2004/08/events/event"">   <System>     <Provider Name=""Microsoft-Windows-Sysmon"" Guid=""{5770385F-C22A-43E0-BF4C-06F5698FFBD9}""/>     <EventID>3</EventID>     <Version>5</Version>     <Level>4</Level>     <Task>3</Task>     <Opcode>0</Opcode>     <Keywords>0x8000000000000000</Keywords>     <TimeCreated SystemTime=""2022-08-05T22:25:36.504954300Z""/>     <EventRecordID>142282</EventRecordID>     <Correlation/>     <Execution ProcessID=""1428"" ThreadID=""1928""/>     <Channel>Microsoft-Windows-Sysmon/Operational</Channel>     <Computer>ACC-10.corp.net</Computer>     <Security UserID=""S-1-5-18""/>   </System>   <EventData>     <Data Name=""RuleName""/>     <Data Name=""UtcTime"">2022-08-05 22:25:30.978</Data>     <Data Name=""ProcessGuid"">{140A6FA9-8EDF-62ED-0000-0010D81B7D01}</Data>     <Data Name=""ProcessId"">364</Data>     <Data Name=""Image"">C:\Windows\SysWOW64\rundll32.exe</Data>     <Data Name=""User"">CORP\Joann.Sims</Data>     <Data Name=""Protocol"">tcp</Data>     <Data Name=""Initiated"">true</Data>     <Data Name=""SourceIsIpv6"">false</Data>     <Data Name=""SourceIp"">172.17.11.184</Data>     <Data Name=""SourceHostname"">ACC-10.corp.net</Data>     <Data Name=""SourcePort"">55702</Data>     <Data Name=""SourcePortName""/>     <Data Name=""DestinationIsIpv6"">false</Data>     <Data Name=""DestinationIp"">82.144.131.5</Data>     <Data Name=""DestinationHostname"">5-131.gtt-net.cz</Data>     <Data Name=""DestinationPort"">443</Data>     <Data Name=""DestinationPortName"">https</Data>   </EventData> </Event> "
2022-08-05 22:26:26+00:00,ACC-04,evtx_Security,Execution,Cobalt Strike loader executed (<rnd>.exe),0.0,Security;Microsoft-Windows-Security-Auditing;4688,,,,,,,,,,,,,,,,-,"<Event xmlns=""http://schemas.microsoft.com/win/2004/08/events/event"">   <System>     <Provider Name=""Microsoft-Windows-Security-Auditing"" Guid=""{54849625-5478-4994-A5BA-3E3B0328C30D}""/>     <EventID>4688</EventID>     <Version>1</Version>     <Level>0</Level>     <Task>13312</Task>     <Opcode>0</Opcode>     <Keywords>0x8020000000000000</Keywords>     <TimeCreated SystemTime=""2022-08-05T22:26:26.293062200Z""/>     <EventRecordID>59122</EventRecordID>     <Correlation/>     <Execution ProcessID=""4"" ThreadID=""52""/>     <Channel>Security</Channel>     <Computer>ACC-04.corp.net</Computer>     <Security/>   </System>   <EventData>     <Data Name=""SubjectUserSid"">S-1-5-18</Data>     <Data Name=""SubjectUserName"">ACC-04$</Data>     <Data Name=""SubjectDomainName"">CORP</Data>     <Data Name=""SubjectLogonId"">0x00000000000003e7</Data>     <Data Name=""NewProcessId"">0x00000000000010a8</Data>     <Data Name=""NewProcessName"">\Device\Mup\ACC-04\ADMIN$\42f7d05.exe</Data>     <Data Name=""TokenElevationType"">%%1936</Data>     <Data Name=""ProcessId"">0x00000000000001e4</Data>     <Data Name=""CommandLine"">\\ACC-04\ADMIN$\42f7d05.exe</Data>   </EventData> </Event> "
2022-08-05 22:26:26+00:00,ACC-04,evtx_Microsoft-Windows-Sysmon/Operational,Resource Development,"Cobalt Strike loader created on disk, <rnd>.exe",0.0,Microsoft-Windows-Sysmon/Operational;Microsoft-Windows-Sysmon;11,,,,,,,,,,,,,,,,-,"<Event xmlns=""http://schemas.microsoft.com/win/2004/08/events/event"">   <System>     <Provider Name=""Microsoft-Windows-Sysmon"" Guid=""{5770385F-C22A-43E0-BF4C-06F5698FFBD9}""/>     <EventID>11</EventID>     <Version>2</Version>     <Level>4</Level>     <Task>11</Task>     <Opcode>0</Opcode>     <Keywords>0x8000000000000000</Keywords>     <TimeCreated SystemTime=""2022-08-05T22:26:26.184436700Z""/>     <EventRecordID>194303</EventRecordID>     <Correlation/>     <Execution ProcessID=""1440"" ThreadID=""1960""/>     <Channel>Microsoft-Windows-Sysmon/Operational</Channel>     <Computer>ACC-04.corp.net</Computer>     <Security UserID=""S-1-5-18""/>   </System>   <EventData>     <Data Name=""RuleName""/>     <Data Name=""UtcTime"">2022-08-05 22:26:26.184</Data>     <Data Name=""ProcessGuid"">{0EBA84BE-647D-62ED-0000-0010EB030000}</Data>     <Data Name=""ProcessId"">4</Data>     <Data Name=""Image"">System</Data>     <Data Name=""TargetFilename"">C:\Windows\42f7d05.exe</Data>     <Data Name=""CreationUtcTime"">2022-08-05 22:26:26.184</Data>   </EventData> </Event> "
2022-08-05 22:26:26+00:00,ACC-04,evtx_Microsoft-Windows-Sysmon/Operational,Persistence,Cobalt Strike loader installed as a service (<rnd>.exe),0.0,Microsoft-Windows-Sysmon/Operational;Microsoft-Windows-Sysmon;13,,,,,,,,,,,,,,,,-,"<Event xmlns=""http://schemas.microsoft.com/win/2004/08/events/event"">   <System>     <Provider Name=""Microsoft-Windows-Sysmon"" Guid=""{5770385F-C22A-43E0-BF4C-06F5698FFBD9}""/>     <EventID>13</EventID>     <Version>2</Version>     <Level>4</Level>     <Task>13</Task>     <Opcode>0</Opcode>     <Keywords>0x8000000000000000</Keywords>     <TimeCreated SystemTime=""2022-08-05T22:26:26.293062200Z""/>     <EventRecordID>194305</EventRecordID>     <Correlation/>     <Execution ProcessID=""1440"" ThreadID=""1960""/>     <Channel>Microsoft-Windows-Sysmon/Operational</Channel>     <Computer>ACC-04.corp.net</Computer>     <Security UserID=""S-1-5-18""/>   </System>   <EventData>     <Data Name=""RuleName""/>     <Data Name=""EventType"">SetValue</Data>     <Data Name=""UtcTime"">2022-08-05 22:26:26.249</Data>     <Data Name=""ProcessGuid"">{0EBA84BE-647E-62ED-0000-001032920000}</Data>     <Data Name=""ProcessId"">484</Data>     <Data Name=""Image"">C:\Windows\system32\services.exe</Data>     <Data Name=""TargetObject"">HKLM\System\CurrentControlSet\services\42f7d05\ImagePath</Data>     <Data Name=""Details"">\\ACC-04\ADMIN$\42f7d05.exe</Data>   </EventData> </Event> "
2022-08-05 22:26:26+00:00,ACC-04,evtx_Microsoft-Windows-Sysmon/Operational,Execution,Cobalt Strike named pipe creation,0.0,Microsoft-Windows-Sysmon/Operational;Microsoft-Windows-Sysmon;17,17,4264,\\ACC-04\ADMIN$\42f7d05.exe,,,\MSSE-5911-server,,,,,,,,,,-,"<Event xmlns=""http://schemas.microsoft.com/win/2004/08/events/event"">   <System>     <Provider Name=""Microsoft-Windows-Sysmon"" Guid=""{5770385F-C22A-43E0-BF4C-06F5698FFBD9}""/>     <EventID>17</EventID>     <Version>1</Version>     <Level>4</Level>     <Task>17</Task>     <Opcode>0</Opcode>     <Keywords>0x8000000000000000</Keywords>     <TimeCreated SystemTime=""2022-08-05T22:26:26.324269200Z""/>     <EventRecordID>194308</EventRecordID>     <Correlation/>     <Execution ProcessID=""1440"" ThreadID=""1960""/>     <Channel>Microsoft-Windows-Sysmon/Operational</Channel>     <Computer>ACC-04.corp.net</Computer>     <Security UserID=""S-1-5-18""/>   </System>   <EventData>     <Data Name=""RuleName""/>     <Data Name=""UtcTime"">2022-08-05 22:26:26.324</Data>     <Data Name=""ProcessGuid"">{0EBA84BE-9912-62ED-0000-0010B3C2EF01}</Data>     <Data Name=""ProcessId"">4264</Data>     <Data Name=""PipeName"">\MSSE-5911-server</Data>     <Data Name=""Image"">\\ACC-04\ADMIN$\42f7d05.exe</Data>   </EventData> </Event> "
2022-08-05 22:26:26+00:00,ACC-04,evtx_Microsoft-Windows-Sysmon/Operational,Execution,Cobalt Strike loader executed (<rnd>.exe),0.0,Microsoft-Windows-Sysmon/Operational;Microsoft-Windows-Sysmon;1,,4264,\\ACC-04\ADMIN$\42f7d05.exe,484,C:\Windows\System32\services.exe,,,,,,,,,,,-,"<Event xmlns=""http://schemas.microsoft.com/win/2004/08/events/event"">   <System>     <Provider Name=""Microsoft-Windows-Sysmon"" Guid=""{5770385F-C22A-43E0-BF4C-06F5698FFBD9}""/>     <EventID>1</EventID>     <Version>5</Version>     <Level>4</Level>     <Task>1</Task>     <Opcode>0</Opcode>     <Keywords>0x8000000000000000</Keywords>     <TimeCreated SystemTime=""2022-08-05T22:26:26.293062200Z""/>     <EventRecordID>194306</EventRecordID>     <Correlation/>     <Execution ProcessID=""1440"" ThreadID=""1960""/>     <Channel>Microsoft-Windows-Sysmon/Operational</Channel>     <Computer>ACC-04.corp.net</Computer>     <Security UserID=""S-1-5-18""/>   </System>   <EventData>     <Data Name=""RuleName""/>     <Data Name=""UtcTime"">2022-08-05 22:26:26.293</Data>     <Data Name=""ProcessGuid"">{0EBA84BE-9912-62ED-0000-0010B3C2EF01}</Data>     <Data Name=""ProcessId"">4264</Data>     <Data Name=""Image"">\\ACC-04\ADMIN$\42f7d05.exe</Data>     <Data Name=""FileVersion"">?</Data>     <Data Name=""Description"">?</Data>     <Data Name=""Product"">?</Data>     <Data Name=""Company"">?</Data>     <Data Name=""CommandLine"">\\ACC-04\ADMIN$\42f7d05.exe</Data>     <Data Name=""CurrentDirectory"">C:\Windows\system32\</Data>     <Data Name=""User"">NT AUTHORITY\SYSTEM</Data>     <Data Name=""LogonGuid"">{0EBA84BE-647E-62ED-0000-0020E7030000}</Data>     <Data Name=""LogonId"">0x00000000000003e7</Data>     <Data Name=""TerminalSessionId"">0</Data>     <Data Name=""IntegrityLevel"">System</Data>     <Data Name=""Hashes"">MD5=EB1EF2CC4520FB57C1F73817E7261BC6,IMPHASH=DE77F3139EAF74F1B255AB7BE0B6605F</Data>     <Data Name=""ParentProcessGuid"">{0EBA84BE-647E-62ED-0000-001032920000}</Data>     <Data Name=""ParentProcessId"">484</Data>     <Data Name=""ParentImage"">C:\Windows\System32\services.exe</Data>     <Data Name=""ParentCommandLine"">C:\Windows\system32\services.exe</Data>   </EventData> </Event> "
2022-08-05 22:26:26+00:00,ACC-04,evtx_Microsoft-Windows-Sysmon/Operational,Execution,Cobalt Strike loader executed (<rnd>.exe),0.0,Microsoft-Windows-Sysmon/Operational;Microsoft-Windows-Sysmon;7,,,,,,,,,,,,,,,,-,"<Event xmlns=""http://schemas.microsoft.com/win/2004/08/events/event"">   <System>     <Provider Name=""Microsoft-Windows-Sysmon"" Guid=""{5770385F-C22A-43E0-BF4C-06F5698FFBD9}""/>     <EventID>7</EventID>     <Version>3</Version>     <Level>4</Level>     <Task>7</Task>     <Opcode>0</Opcode>     <Keywords>0x8000000000000000</Keywords>     <TimeCreated SystemTime=""2022-08-05T22:26:26.324269200Z""/>     <EventRecordID>194307</EventRecordID>     <Correlation/>     <Execution ProcessID=""1440"" ThreadID=""1972""/>     <Channel>Microsoft-Windows-Sysmon/Operational</Channel>     <Computer>ACC-04.corp.net</Computer>     <Security UserID=""S-1-5-18""/>   </System>   <EventData>     <Data Name=""RuleName""/>     <Data Name=""UtcTime"">2022-08-05 22:26:26.293</Data>     <Data Name=""ProcessGuid"">{0EBA84BE-9912-62ED-0000-0010B3C2EF01}</Data>     <Data Name=""ProcessId"">4264</Data>     <Data Name=""Image"">\\ACC-04\ADMIN$\42f7d05.exe</Data>     <Data Name=""ImageLoaded"">\\ACC-04\ADMIN$\42f7d05.exe</Data>     <Data Name=""FileVersion"">?</Data>     <Data Name=""Description"">?</Data>     <Data Name=""Product"">?</Data>     <Data Name=""Company"">?</Data>     <Data Name=""Hashes"">MD5=EB1EF2CC4520FB57C1F73817E7261BC6,IMPHASH=DE77F3139EAF74F1B255AB7BE0B6605F</Data>     <Data Name=""Signed"">false</Data>     <Data Name=""Signature""/>     <Data Name=""SignatureStatus"">Unavailable</Data>   </EventData> </Event> "
2022-08-05 22:26:26+00:00,ACC-04,evtx_System,Persistence,Cobalt Strike loader installed as a service (<rnd>.exe),0.0,System;Service Control Manager;7045,,,,,,,,,,,,,,,,-,"<Event xmlns=""http://schemas.microsoft.com/win/2004/08/events/event"">   <System>     <Provider Name=""Service Control Manager"" Guid=""{555908d1-a6d7-4695-8e1e-26931d2012f4}"" EventSourceName=""Service Control Manager""/>     <EventID Qualifiers=""16384"">7045</EventID>     <Version>0</Version>     <Level>4</Level>     <Task>0</Task>     <Opcode>0</Opcode>     <Keywords>0x8080000000000000</Keywords>     <TimeCreated SystemTime=""2022-08-05T22:26:26.249851600Z""/>     <EventRecordID>2289</EventRecordID>     <Correlation/>     <Execution ProcessID=""484"" ThreadID=""3772""/>     <Channel>System</Channel>     <Computer>ACC-04.corp.net</Computer>     <Security UserID=""S-1-5-21-630013646-370140792-1742049304-1000""/>   </System>   <EventData>     <Data Name=""ServiceName"">42f7d05</Data>     <Data Name=""ImagePath"">\\ACC-04\ADMIN$\42f7d05.exe</Data>     <Data Name=""ServiceType"">user mode service</Data>     <Data Name=""StartType"">demand start</Data>     <Data Name=""AccountName"">LocalSystem</Data>   </EventData> </Event> "
2022-08-05 22:26:26+00:00,ACC-10,evtx_Microsoft-Windows-Sysmon/Operational,Command and Control,Connection to C2,0.0,Microsoft-Windows-Sysmon/Operational;Microsoft-Windows-Sysmon;3,3,364,C:\Windows\SysWOW64\rundll32.exe,,,,,tcp,true,ACC-10.corp.net,172.17.11.184,55707,c-73-245-147-162.hsd1.fl.comcast.net,73.245.147.162,443,-,"<Event xmlns=""http://schemas.microsoft.com/win/2004/08/events/event"">   <System>     <Provider Name=""Microsoft-Windows-Sysmon"" Guid=""{5770385F-C22A-43E0-BF4C-06F5698FFBD9}""/>     <EventID>3</EventID>     <Version>5</Version>     <Level>4</Level>     <Task>3</Task>     <Opcode>0</Opcode>     <Keywords>0x8000000000000000</Keywords>     <TimeCreated SystemTime=""2022-08-05T22:26:26.699726400Z""/>     <EventRecordID>142351</EventRecordID>     <Correlation/>     <Execution ProcessID=""1428"" ThreadID=""1928""/>     <Channel>Microsoft-Windows-Sysmon/Operational</Channel>     <Computer>ACC-10.corp.net</Computer>     <Security UserID=""S-1-5-18""/>   </System>   <EventData>     <Data Name=""RuleName""/>     <Data Name=""UtcTime"">2022-08-05 22:26:21.396</Data>     <Data Name=""ProcessGuid"">{140A6FA9-8EDF-62ED-0000-0010D81B7D01}</Data>     <Data Name=""ProcessId"">364</Data>     <Data Name=""Image"">C:\Windows\SysWOW64\rundll32.exe</Data>     <Data Name=""User"">CORP\Joann.Sims</Data>     <Data Name=""Protocol"">tcp</Data>     <Data Name=""Initiated"">true</Data>     <Data Name=""SourceIsIpv6"">false</Data>     <Data Name=""SourceIp"">172.17.11.184</Data>     <Data Name=""SourceHostname"">ACC-10.corp.net</Data>     <Data Name=""SourcePort"">55707</Data>     <Data Name=""SourcePortName""/>     <Data Name=""DestinationIsIpv6"">false</Data>     <Data Name=""DestinationIp"">73.245.147.162</Data>     <Data Name=""DestinationHostname"">c-73-245-147-162.hsd1.fl.comcast.net</Data>     <Data Name=""DestinationPort"">443</Data>     <Data Name=""DestinationPortName"">https</Data>   </EventData> </Event> "
2022-08-05 22:26:27+00:00,ACC-04,evtx_Microsoft-Windows-Sysmon/Operational,Lateral Movement,Pipe \ipc_14 created for inter-beacon communication,0.0,Microsoft-Windows-Sysmon/Operational;Microsoft-Windows-Sysmon;17,17,4092,C:\Windows\SysWOW64\rundll32.exe,,,\ipc_14,,,,,,,,,,-,"<Event xmlns=""http://schemas.microsoft.com/win/2004/08/events/event"">   <System>     <Provider Name=""Microsoft-Windows-Sysmon"" Guid=""{5770385F-C22A-43E0-BF4C-06F5698FFBD9}""/>     <EventID>17</EventID>     <Version>1</Version>     <Level>4</Level>     <Task>17</Task>     <Opcode>0</Opcode>     <Keywords>0x8000000000000000</Keywords>     <TimeCreated SystemTime=""2022-08-05T22:26:27.422318300Z""/>     <EventRecordID>194315</EventRecordID>     <Correlation/>     <Execution ProcessID=""1440"" ThreadID=""1960""/>     <Channel>Microsoft-Windows-Sysmon/Operational</Channel>     <Computer>ACC-04.corp.net</Computer>     <Security UserID=""S-1-5-18""/>   </System>   <EventData>     <Data Name=""RuleName""/>     <Data Name=""UtcTime"">2022-08-05 22:26:27.422</Data>     <Data Name=""ProcessGuid"">{0EBA84BE-9913-62ED-0000-0010ACC8EF01}</Data>     <Data Name=""ProcessId"">4092</Data>     <Data Name=""PipeName"">\ipc_14</Data>     <Data Name=""Image"">C:\Windows\SysWOW64\rundll32.exe</Data>   </EventData> </Event> "
2022-08-05 22:26:27+00:00,ACC-04,evtx_Microsoft-Windows-Sysmon/Operational,Execution,Cobalt Strike named pipe connection,0.0,Microsoft-Windows-Sysmon/Operational;Microsoft-Windows-Sysmon;18,18,4264,\\ACC-04\ADMIN$\42f7d05.exe,,,\MSSE-5911-server,,,,,,,,,,-,"<Event xmlns=""http://schemas.microsoft.com/win/2004/08/events/event"">   <System>     <Provider Name=""Microsoft-Windows-Sysmon"" Guid=""{5770385F-C22A-43E0-BF4C-06F5698FFBD9}""/>     <EventID>18</EventID>     <Version>1</Version>     <Level>4</Level>     <Task>18</Task>     <Opcode>0</Opcode>     <Keywords>0x8000000000000000</Keywords>     <TimeCreated SystemTime=""2022-08-05T22:26:27.319694600Z""/>     <EventRecordID>194313</EventRecordID>     <Correlation/>     <Execution ProcessID=""1440"" ThreadID=""1960""/>     <Channel>Microsoft-Windows-Sysmon/Operational</Channel>     <Computer>ACC-04.corp.net</Computer>     <Security UserID=""S-1-5-18""/>   </System>   <EventData>     <Data Name=""RuleName""/>     <Data Name=""UtcTime"">2022-08-05 22:26:27.319</Data>     <Data Name=""ProcessGuid"">{0EBA84BE-9912-62ED-0000-0010B3C2EF01}</Data>     <Data Name=""ProcessId"">4264</Data>     <Data Name=""PipeName"">\MSSE-5911-server</Data>     <Data Name=""Image"">\\ACC-04\ADMIN$\42f7d05.exe</Data>   </EventData> </Event> "
2022-08-05 22:26:27+00:00,ACC-04,evtx_Microsoft-Windows-Sysmon/Operational,Execution,Cobalt Strike loader executed (<rnd>.exe),0.0,Microsoft-Windows-Sysmon/Operational;Microsoft-Windows-Sysmon;1,,4092,C:\Windows\SysWOW64\rundll32.exe,4264,\\ACC-04\ADMIN$\42f7d05.exe,,,,,,,,,,,-,"<Event xmlns=""http://schemas.microsoft.com/win/2004/08/events/event"">   <System>     <Provider Name=""Microsoft-Windows-Sysmon"" Guid=""{5770385F-C22A-43E0-BF4C-06F5698FFBD9}""/>     <EventID>1</EventID>     <Version>5</Version>     <Level>4</Level>     <Task>1</Task>     <Opcode>0</Opcode>     <Keywords>0x8000000000000000</Keywords>     <TimeCreated SystemTime=""2022-08-05T22:26:27.325696400Z""/>     <EventRecordID>194314</EventRecordID>     <Correlation/>     <Execution ProcessID=""1440"" ThreadID=""1960""/>     <Channel>Microsoft-Windows-Sysmon/Operational</Channel>     <Computer>ACC-04.corp.net</Computer>     <Security UserID=""S-1-5-18""/>   </System>   <EventData>     <Data Name=""RuleName""/>     <Data Name=""UtcTime"">2022-08-05 22:26:27.322</Data>     <Data Name=""ProcessGuid"">{0EBA84BE-9913-62ED-0000-0010ACC8EF01}</Data>     <Data Name=""ProcessId"">4092</Data>     <Data Name=""Image"">C:\Windows\SysWOW64\rundll32.exe</Data>     <Data Name=""FileVersion"">6.1.7600.16385 (win7_rtm.090713-1255)</Data>     <Data Name=""Description"">Windows host process (Rundll32)</Data>     <Data Name=""Product"">Microsoft® Windows® Operating System</Data>     <Data Name=""Company"">Microsoft Corporation</Data>     <Data Name=""CommandLine"">C:\Windows\System32\rundll32.exe</Data>     <Data Name=""CurrentDirectory"">C:\Windows\system32\</Data>     <Data Name=""User"">NT AUTHORITY\SYSTEM</Data>     <Data Name=""LogonGuid"">{0EBA84BE-647E-62ED-0000-0020E7030000}</Data>     <Data Name=""LogonId"">0x00000000000003e7</Data>     <Data Name=""TerminalSessionId"">0</Data>     <Data Name=""IntegrityLevel"">System</Data>     <Data Name=""Hashes"">MD5=51138BEEA3E2C21EC44D0932C71762A8,IMPHASH=EF8A44FE2F9AD4AB85E55004AAA024A9</Data>     <Data Name=""ParentProcessGuid"">{0EBA84BE-9912-62ED-0000-0010B3C2EF01}</Data>     <Data Name=""ParentProcessId"">4264</Data>     <Data Name=""ParentImage"">\\ACC-04\ADMIN$\42f7d05.exe</Data>     <Data Name=""ParentCommandLine"">\\ACC-04\ADMIN$\42f7d05.exe</Data>   </EventData> </Event> "
2022-08-05 22:26:28+00:00,ACC-04,evtx_Microsoft-Windows-Sysmon/Operational,,,0.0,Microsoft-Windows-Sysmon/Operational;Microsoft-Windows-Sysmon;3,3,4,System,,,,,tcp,false,ACC-04.corp.net,172.17.11.195,445,ACC-07,172.17.11.190,59176,-,"<Event xmlns=""http://schemas.microsoft.com/win/2004/08/events/event"">   <System>     <Provider Name=""Microsoft-Windows-Sysmon"" Guid=""{5770385F-C22A-43E0-BF4C-06F5698FFBD9}""/>     <EventID>3</EventID>     <Version>5</Version>     <Level>4</Level>     <Task>3</Task>     <Opcode>0</Opcode>     <Keywords>0x8000000000000000</Keywords>     <TimeCreated SystemTime=""2022-08-05T22:26:28.191693600Z""/>     <EventRecordID>194316</EventRecordID>     <Correlation/>     <Execution ProcessID=""1440"" ThreadID=""1964""/>     <Channel>Microsoft-Windows-Sysmon/Operational</Channel>     <Computer>ACC-04.corp.net</Computer>     <Security UserID=""S-1-5-18""/>   </System>   <EventData>     <Data Name=""RuleName""/>     <Data Name=""UtcTime"">2022-08-05 22:26:25.822</Data>     <Data Name=""ProcessGuid"">{0EBA84BE-647D-62ED-0000-0010EB030000}</Data>     <Data Name=""ProcessId"">4</Data>     <Data Name=""Image"">System</Data>     <Data Name=""User"">NT AUTHORITY\SYSTEM</Data>     <Data Name=""Protocol"">tcp</Data>     <Data Name=""Initiated"">false</Data>     <Data Name=""SourceIsIpv6"">false</Data>     <Data Name=""SourceIp"">172.17.11.195</Data>     <Data Name=""SourceHostname"">ACC-04.corp.net</Data>     <Data Name=""SourcePort"">445</Data>     <Data Name=""SourcePortName"">microsoft-ds</Data>     <Data Name=""DestinationIsIpv6"">false</Data>     <Data Name=""DestinationIp"">172.17.11.190</Data>     <Data Name=""DestinationHostname"">ACC-07</Data>     <Data Name=""DestinationPort"">59176</Data>     <Data Name=""DestinationPortName""/>   </EventData> </Event> "
2022-08-05 22:26:28+00:00,ACC-04,evtx_Microsoft-Windows-Sysmon/Operational,Lateral Movement,Network connection to another subject,0.0,Microsoft-Windows-Sysmon/Operational;Microsoft-Windows-Sysmon;3,3,704,C:\Windows\System32\svchost.exe,,,,,tcp,false,ACC-04.corp.net,172.17.11.195,135,ACC-07,172.17.11.190,59177,-,"<Event xmlns=""http://schemas.microsoft.com/win/2004/08/events/event"">   <System>     <Provider Name=""Microsoft-Windows-Sysmon"" Guid=""{5770385F-C22A-43E0-BF4C-06F5698FFBD9}""/>     <EventID>3</EventID>     <Version>5</Version>     <Level>4</Level>     <Task>3</Task>     <Opcode>0</Opcode>     <Keywords>0x8000000000000000</Keywords>     <TimeCreated SystemTime=""2022-08-05T22:26:28.191693600Z""/>     <EventRecordID>194319</EventRecordID>     <Correlation/>     <Execution ProcessID=""1440"" ThreadID=""1964""/>     <Channel>Microsoft-Windows-Sysmon/Operational</Channel>     <Computer>ACC-04.corp.net</Computer>     <Security UserID=""S-1-5-18""/>   </System>   <EventData>     <Data Name=""RuleName""/>     <Data Name=""UtcTime"">2022-08-05 22:26:25.880</Data>     <Data Name=""ProcessGuid"">{0EBA84BE-647E-62ED-0000-0010F0F40000}</Data>     <Data Name=""ProcessId"">704</Data>     <Data Name=""Image"">C:\Windows\System32\svchost.exe</Data>     <Data Name=""User"">NT AUTHORITY\NETWORK SERVICE</Data>     <Data Name=""Protocol"">tcp</Data>     <Data Name=""Initiated"">false</Data>     <Data Name=""SourceIsIpv6"">false</Data>     <Data Name=""SourceIp"">172.17.11.195</Data>     <Data Name=""SourceHostname"">ACC-04.corp.net</Data>     <Data Name=""SourcePort"">135</Data>     <Data Name=""SourcePortName"">epmap</Data>     <Data Name=""DestinationIsIpv6"">false</Data>     <Data Name=""DestinationIp"">172.17.11.190</Data>     <Data Name=""DestinationHostname"">ACC-07</Data>     <Data Name=""DestinationPort"">59177</Data>     <Data Name=""DestinationPortName""/>   </EventData> </Event> "
