2022-08-05 22:26:28+00:00,ACC-04,evtx_Microsoft-Windows-Sysmon/Operational,Lateral Movement,Network connection to another subject,0.0,Microsoft-Windows-Sysmon/Operational;Microsoft-Windows-Sysmon;3,3,484,C:\Windows\System32\services.exe,,,,,tcp,false,ACC-04.corp.net,172.17.11.195,49155,ACC-07,172.17.11.190,59178,-,"<Event xmlns=""http://schemas.microsoft.com/win/2004/08/events/event"">   <System>     <Provider Name=""Microsoft-Windows-Sysmon"" Guid=""{5770385F-C22A-43E0-BF4C-06F5698FFBD9}""/>     <EventID>3</EventID>     <Version>5</Version>     <Level>4</Level>     <Task>3</Task>     <Opcode>0</Opcode>     <Keywords>0x8000000000000000</Keywords>     <TimeCreated SystemTime=""2022-08-05T22:26:28.191693600Z""/>     <EventRecordID>194320</EventRecordID>     <Correlation/>     <Execution ProcessID=""1440"" ThreadID=""1964""/>     <Channel>Microsoft-Windows-Sysmon/Operational</Channel>     <Computer>ACC-04.corp.net</Computer>     <Security UserID=""S-1-5-18""/>   </System>   <EventData>     <Data Name=""RuleName""/>     <Data Name=""UtcTime"">2022-08-05 22:26:25.892</Data>     <Data Name=""ProcessGuid"">{0EBA84BE-647E-62ED-0000-001032920000}</Data>     <Data Name=""ProcessId"">484</Data>     <Data Name=""Image"">C:\Windows\System32\services.exe</Data>     <Data Name=""User"">NT AUTHORITY\SYSTEM</Data>     <Data Name=""Protocol"">tcp</Data>     <Data Name=""Initiated"">false</Data>     <Data Name=""SourceIsIpv6"">false</Data>     <Data Name=""SourceIp"">172.17.11.195</Data>     <Data Name=""SourceHostname"">ACC-04.corp.net</Data>     <Data Name=""SourcePort"">49155</Data>     <Data Name=""SourcePortName""/>     <Data Name=""DestinationIsIpv6"">false</Data>     <Data Name=""DestinationIp"">172.17.11.190</Data>     <Data Name=""DestinationHostname"">ACC-07</Data>     <Data Name=""DestinationPort"">59178</Data>     <Data Name=""DestinationPortName""/>   </EventData> </Event> "
2022-08-05 22:26:29+00:00,ACC-04,evtx_Microsoft-Windows-Sysmon/Operational,Lateral Movement,Connection to inter-beacon named pipe \ipc_14,0.0,Microsoft-Windows-Sysmon/Operational;Microsoft-Windows-Sysmon;18,18,4,System,,,\ipc_14,,,,,,,,,,-,"<Event xmlns=""http://schemas.microsoft.com/win/2004/08/events/event"">   <System>     <Provider Name=""Microsoft-Windows-Sysmon"" Guid=""{5770385F-C22A-43E0-BF4C-06F5698FFBD9}""/>     <EventID>18</EventID>     <Version>1</Version>     <Level>4</Level>     <Task>18</Task>     <Opcode>0</Opcode>     <Keywords>0x8000000000000000</Keywords>     <TimeCreated SystemTime=""2022-08-05T22:26:29.314151200Z""/>     <EventRecordID>194324</EventRecordID>     <Correlation/>     <Execution ProcessID=""1440"" ThreadID=""1960""/>     <Channel>Microsoft-Windows-Sysmon/Operational</Channel>     <Computer>ACC-04.corp.net</Computer>     <Security UserID=""S-1-5-18""/>   </System>   <EventData>     <Data Name=""RuleName""/>     <Data Name=""UtcTime"">2022-08-05 22:26:29.314</Data>     <Data Name=""ProcessGuid"">{0EBA84BE-647D-62ED-0000-0010EB030000}</Data>     <Data Name=""ProcessId"">4</Data>     <Data Name=""PipeName"">\ipc_14</Data>     <Data Name=""Image"">System</Data>   </EventData> </Event> "
2022-08-05 22:26:30+00:00,ACC-10,evtx_Microsoft-Windows-Sysmon/Operational,Command and Control,Connection to C2,0.0,Microsoft-Windows-Sysmon/Operational;Microsoft-Windows-Sysmon;3,3,364,C:\Windows\SysWOW64\rundll32.exe,,,,,tcp,true,ACC-10.corp.net,172.17.11.184,55708,c-73-245-147-162.hsd1.fl.comcast.net,73.245.147.162,443,-,"<Event xmlns=""http://schemas.microsoft.com/win/2004/08/events/event"">   <System>     <Provider Name=""Microsoft-Windows-Sysmon"" Guid=""{5770385F-C22A-43E0-BF4C-06F5698FFBD9}""/>     <EventID>3</EventID>     <Version>5</Version>     <Level>4</Level>     <Task>3</Task>     <Opcode>0</Opcode>     <Keywords>0x8000000000000000</Keywords>     <TimeCreated SystemTime=""2022-08-05T22:26:30.526130700Z""/>     <EventRecordID>142360</EventRecordID>     <Correlation/>     <Execution ProcessID=""1428"" ThreadID=""1928""/>     <Channel>Microsoft-Windows-Sysmon/Operational</Channel>     <Computer>ACC-10.corp.net</Computer>     <Security UserID=""S-1-5-18""/>   </System>   <EventData>     <Data Name=""RuleName""/>     <Data Name=""UtcTime"">2022-08-05 22:26:24.992</Data>     <Data Name=""ProcessGuid"">{140A6FA9-8EDF-62ED-0000-0010D81B7D01}</Data>     <Data Name=""ProcessId"">364</Data>     <Data Name=""Image"">C:\Windows\SysWOW64\rundll32.exe</Data>     <Data Name=""User"">CORP\Joann.Sims</Data>     <Data Name=""Protocol"">tcp</Data>     <Data Name=""Initiated"">true</Data>     <Data Name=""SourceIsIpv6"">false</Data>     <Data Name=""SourceIp"">172.17.11.184</Data>     <Data Name=""SourceHostname"">ACC-10.corp.net</Data>     <Data Name=""SourcePort"">55708</Data>     <Data Name=""SourcePortName""/>     <Data Name=""DestinationIsIpv6"">false</Data>     <Data Name=""DestinationIp"">73.245.147.162</Data>     <Data Name=""DestinationHostname"">c-73-245-147-162.hsd1.fl.comcast.net</Data>     <Data Name=""DestinationPort"">443</Data>     <Data Name=""DestinationPortName"">https</Data>   </EventData> </Event> "
2022-08-05 22:26:32+00:00,ACC-07,evtx_Microsoft-Windows-Sysmon/Operational,Lateral Movement,Connect to named pipe \ipc_14 on other host,0.0,Microsoft-Windows-Sysmon/Operational;Microsoft-Windows-Sysmon;3,3,4,System,,,,,tcp,true,ACC-07.corp.net,172.17.11.190,59176,ACC-04,172.17.11.195,445,-,"<Event xmlns=""http://schemas.microsoft.com/win/2004/08/events/event"">   <System>     <Provider Name=""Microsoft-Windows-Sysmon"" Guid=""{5770385F-C22A-43E0-BF4C-06F5698FFBD9}""/>     <EventID>3</EventID>     <Version>5</Version>     <Level>4</Level>     <Task>3</Task>     <Opcode>0</Opcode>     <Keywords>0x8000000000000000</Keywords>     <TimeCreated SystemTime=""2022-08-05T22:26:32.987488000Z""/>     <EventRecordID>176555</EventRecordID>     <Correlation/>     <Execution ProcessID=""1444"" ThreadID=""1936""/>     <Channel>Microsoft-Windows-Sysmon/Operational</Channel>     <Computer>ACC-07.corp.net</Computer>     <Security UserID=""S-1-5-18""/>   </System>   <EventData>     <Data Name=""RuleName""/>     <Data Name=""UtcTime"">2022-08-05 22:26:29.031</Data>     <Data Name=""ProcessGuid"">{7A60D74F-64C3-62ED-0000-0010EB030000}</Data>     <Data Name=""ProcessId"">4</Data>     <Data Name=""Image"">System</Data>     <Data Name=""User"">NT AUTHORITY\SYSTEM</Data>     <Data Name=""Protocol"">tcp</Data>     <Data Name=""Initiated"">true</Data>     <Data Name=""SourceIsIpv6"">false</Data>     <Data Name=""SourceIp"">172.17.11.190</Data>     <Data Name=""SourceHostname"">ACC-07.corp.net</Data>     <Data Name=""SourcePort"">59176</Data>     <Data Name=""SourcePortName""/>     <Data Name=""DestinationIsIpv6"">false</Data>     <Data Name=""DestinationIp"">172.17.11.195</Data>     <Data Name=""DestinationHostname"">ACC-04</Data>     <Data Name=""DestinationPort"">445</Data>     <Data Name=""DestinationPortName"">microsoft-ds</Data>   </EventData> </Event> "
2022-08-05 22:26:32+00:00,ACC-07,evtx_Microsoft-Windows-Sysmon/Operational,Lateral Movement,Network connection to another subject,0.0,Microsoft-Windows-Sysmon/Operational;Microsoft-Windows-Sysmon;3,3,3208,C:\Windows\SysWOW64\rundll32.exe,,,,,tcp,true,ACC-07.corp.net,172.17.11.190,59177,ACC-04,172.17.11.195,135,-,"<Event xmlns=""http://schemas.microsoft.com/win/2004/08/events/event"">   <System>     <Provider Name=""Microsoft-Windows-Sysmon"" Guid=""{5770385F-C22A-43E0-BF4C-06F5698FFBD9}""/>     <EventID>3</EventID>     <Version>5</Version>     <Level>4</Level>     <Task>3</Task>     <Opcode>0</Opcode>     <Keywords>0x8000000000000000</Keywords>     <TimeCreated SystemTime=""2022-08-05T22:26:32.987488000Z""/>     <EventRecordID>176556</EventRecordID>     <Correlation/>     <Execution ProcessID=""1444"" ThreadID=""1936""/>     <Channel>Microsoft-Windows-Sysmon/Operational</Channel>     <Computer>ACC-07.corp.net</Computer>     <Security UserID=""S-1-5-18""/>   </System>   <EventData>     <Data Name=""RuleName""/>     <Data Name=""UtcTime"">2022-08-05 22:26:29.088</Data>     <Data Name=""ProcessGuid"">{7A60D74F-981A-62ED-0000-00105758B001}</Data>     <Data Name=""ProcessId"">3208</Data>     <Data Name=""Image"">C:\Windows\SysWOW64\rundll32.exe</Data>     <Data Name=""User"">NT AUTHORITY\SYSTEM</Data>     <Data Name=""Protocol"">tcp</Data>     <Data Name=""Initiated"">true</Data>     <Data Name=""SourceIsIpv6"">false</Data>     <Data Name=""SourceIp"">172.17.11.190</Data>     <Data Name=""SourceHostname"">ACC-07.corp.net</Data>     <Data Name=""SourcePort"">59177</Data>     <Data Name=""SourcePortName""/>     <Data Name=""DestinationIsIpv6"">false</Data>     <Data Name=""DestinationIp"">172.17.11.195</Data>     <Data Name=""DestinationHostname"">ACC-04</Data>     <Data Name=""DestinationPort"">135</Data>     <Data Name=""DestinationPortName"">epmap</Data>   </EventData> </Event> "
2022-08-05 22:26:32+00:00,ACC-07,evtx_Microsoft-Windows-Sysmon/Operational,Lateral Movement,Network connection to another subject,0.0,Microsoft-Windows-Sysmon/Operational;Microsoft-Windows-Sysmon;3,3,3208,C:\Windows\SysWOW64\rundll32.exe,,,,,tcp,true,ACC-07.corp.net,172.17.11.190,59178,ACC-04,172.17.11.195,49155,-,"<Event xmlns=""http://schemas.microsoft.com/win/2004/08/events/event"">   <System>     <Provider Name=""Microsoft-Windows-Sysmon"" Guid=""{5770385F-C22A-43E0-BF4C-06F5698FFBD9}""/>     <EventID>3</EventID>     <Version>5</Version>     <Level>4</Level>     <Task>3</Task>     <Opcode>0</Opcode>     <Keywords>0x8000000000000000</Keywords>     <TimeCreated SystemTime=""2022-08-05T22:26:32.987488000Z""/>     <EventRecordID>176557</EventRecordID>     <Correlation/>     <Execution ProcessID=""1444"" ThreadID=""1936""/>     <Channel>Microsoft-Windows-Sysmon/Operational</Channel>     <Computer>ACC-07.corp.net</Computer>     <Security UserID=""S-1-5-18""/>   </System>   <EventData>     <Data Name=""RuleName""/>     <Data Name=""UtcTime"">2022-08-05 22:26:29.101</Data>     <Data Name=""ProcessGuid"">{7A60D74F-981A-62ED-0000-00105758B001}</Data>     <Data Name=""ProcessId"">3208</Data>     <Data Name=""Image"">C:\Windows\SysWOW64\rundll32.exe</Data>     <Data Name=""User"">NT AUTHORITY\SYSTEM</Data>     <Data Name=""Protocol"">tcp</Data>     <Data Name=""Initiated"">true</Data>     <Data Name=""SourceIsIpv6"">false</Data>     <Data Name=""SourceIp"">172.17.11.190</Data>     <Data Name=""SourceHostname"">ACC-07.corp.net</Data>     <Data Name=""SourcePort"">59178</Data>     <Data Name=""SourcePortName""/>     <Data Name=""DestinationIsIpv6"">false</Data>     <Data Name=""DestinationIp"">172.17.11.195</Data>     <Data Name=""DestinationHostname"">ACC-04</Data>     <Data Name=""DestinationPort"">49155</Data>     <Data Name=""DestinationPortName""/>   </EventData> </Event> "
2022-08-05 22:27:02+00:00,ACC-10,evtx_Microsoft-Windows-Sysmon/Operational,Command and Control,Connection to C2,0.0,Microsoft-Windows-Sysmon/Operational;Microsoft-Windows-Sysmon;3,3,364,C:\Windows\SysWOW64\rundll32.exe,,,,,tcp,true,ACC-10.corp.net,172.17.11.184,55709,5-131.gtt-net.cz,82.144.131.5,443,-,"<Event xmlns=""http://schemas.microsoft.com/win/2004/08/events/event"">   <System>     <Provider Name=""Microsoft-Windows-Sysmon"" Guid=""{5770385F-C22A-43E0-BF4C-06F5698FFBD9}""/>     <EventID>3</EventID>     <Version>5</Version>     <Level>4</Level>     <Task>3</Task>     <Opcode>0</Opcode>     <Keywords>0x8000000000000000</Keywords>     <TimeCreated SystemTime=""2022-08-05T22:27:02.671746400Z""/>     <EventRecordID>142404</EventRecordID>     <Correlation/>     <Execution ProcessID=""1428"" ThreadID=""1928""/>     <Channel>Microsoft-Windows-Sysmon/Operational</Channel>     <Computer>ACC-10.corp.net</Computer>     <Security UserID=""S-1-5-18""/>   </System>   <EventData>     <Data Name=""RuleName""/>     <Data Name=""UtcTime"">2022-08-05 22:26:57.154</Data>     <Data Name=""ProcessGuid"">{140A6FA9-8EDF-62ED-0000-0010D81B7D01}</Data>     <Data Name=""ProcessId"">364</Data>     <Data Name=""Image"">C:\Windows\SysWOW64\rundll32.exe</Data>     <Data Name=""User"">CORP\Joann.Sims</Data>     <Data Name=""Protocol"">tcp</Data>     <Data Name=""Initiated"">true</Data>     <Data Name=""SourceIsIpv6"">false</Data>     <Data Name=""SourceIp"">172.17.11.184</Data>     <Data Name=""SourceHostname"">ACC-10.corp.net</Data>     <Data Name=""SourcePort"">55709</Data>     <Data Name=""SourcePortName""/>     <Data Name=""DestinationIsIpv6"">false</Data>     <Data Name=""DestinationIp"">82.144.131.5</Data>     <Data Name=""DestinationHostname"">5-131.gtt-net.cz</Data>     <Data Name=""DestinationPort"">443</Data>     <Data Name=""DestinationPortName"">https</Data>   </EventData> </Event> "
2022-08-05 22:27:02+00:00,ACC-10,evtx_Microsoft-Windows-Sysmon/Operational,Command and Control,Connection to C2,0.0,Microsoft-Windows-Sysmon/Operational;Microsoft-Windows-Sysmon;3,3,364,C:\Windows\SysWOW64\rundll32.exe,,,,,tcp,true,ACC-10.corp.net,172.17.11.184,55710,5-131.gtt-net.cz,82.144.131.5,443,-,"<Event xmlns=""http://schemas.microsoft.com/win/2004/08/events/event"">   <System>     <Provider Name=""Microsoft-Windows-Sysmon"" Guid=""{5770385F-C22A-43E0-BF4C-06F5698FFBD9}""/>     <EventID>3</EventID>     <Version>5</Version>     <Level>4</Level>     <Task>3</Task>     <Opcode>0</Opcode>     <Keywords>0x8000000000000000</Keywords>     <TimeCreated SystemTime=""2022-08-05T22:27:02.671746400Z""/>     <EventRecordID>142405</EventRecordID>     <Correlation/>     <Execution ProcessID=""1428"" ThreadID=""1928""/>     <Channel>Microsoft-Windows-Sysmon/Operational</Channel>     <Computer>ACC-10.corp.net</Computer>     <Security UserID=""S-1-5-18""/>   </System>   <EventData>     <Data Name=""RuleName""/>     <Data Name=""UtcTime"">2022-08-05 22:26:57.204</Data>     <Data Name=""ProcessGuid"">{140A6FA9-8EDF-62ED-0000-0010D81B7D01}</Data>     <Data Name=""ProcessId"">364</Data>     <Data Name=""Image"">C:\Windows\SysWOW64\rundll32.exe</Data>     <Data Name=""User"">CORP\Joann.Sims</Data>     <Data Name=""Protocol"">tcp</Data>     <Data Name=""Initiated"">true</Data>     <Data Name=""SourceIsIpv6"">false</Data>     <Data Name=""SourceIp"">172.17.11.184</Data>     <Data Name=""SourceHostname"">ACC-10.corp.net</Data>     <Data Name=""SourcePort"">55710</Data>     <Data Name=""SourcePortName""/>     <Data Name=""DestinationIsIpv6"">false</Data>     <Data Name=""DestinationIp"">82.144.131.5</Data>     <Data Name=""DestinationHostname"">5-131.gtt-net.cz</Data>     <Data Name=""DestinationPort"">443</Data>     <Data Name=""DestinationPortName"">https</Data>   </EventData> </Event> "
2022-08-05 22:28:01+00:00,ACC-10,evtx_Microsoft-Windows-Sysmon/Operational,Command and Control,Connection to C2,0.0,Microsoft-Windows-Sysmon/Operational;Microsoft-Windows-Sysmon;3,3,364,C:\Windows\SysWOW64\rundll32.exe,,,,,tcp,true,ACC-10.corp.net,172.17.11.184,55764,c-73-245-147-162.hsd1.fl.comcast.net,73.245.147.162,443,-,"<Event xmlns=""http://schemas.microsoft.com/win/2004/08/events/event"">   <System>     <Provider Name=""Microsoft-Windows-Sysmon"" Guid=""{5770385F-C22A-43E0-BF4C-06F5698FFBD9}""/>     <EventID>3</EventID>     <Version>5</Version>     <Level>4</Level>     <Task>3</Task>     <Opcode>0</Opcode>     <Keywords>0x8000000000000000</Keywords>     <TimeCreated SystemTime=""2022-08-05T22:28:01.888509300Z""/>     <EventRecordID>142667</EventRecordID>     <Correlation/>     <Execution ProcessID=""1428"" ThreadID=""1928""/>     <Channel>Microsoft-Windows-Sysmon/Operational</Channel>     <Computer>ACC-10.corp.net</Computer>     <Security UserID=""S-1-5-18""/>   </System>   <EventData>     <Data Name=""RuleName""/>     <Data Name=""UtcTime"">2022-08-05 22:27:56.520</Data>     <Data Name=""ProcessGuid"">{140A6FA9-8EDF-62ED-0000-0010D81B7D01}</Data>     <Data Name=""ProcessId"">364</Data>     <Data Name=""Image"">C:\Windows\SysWOW64\rundll32.exe</Data>     <Data Name=""User"">CORP\Joann.Sims</Data>     <Data Name=""Protocol"">tcp</Data>     <Data Name=""Initiated"">true</Data>     <Data Name=""SourceIsIpv6"">false</Data>     <Data Name=""SourceIp"">172.17.11.184</Data>     <Data Name=""SourceHostname"">ACC-10.corp.net</Data>     <Data Name=""SourcePort"">55764</Data>     <Data Name=""SourcePortName""/>     <Data Name=""DestinationIsIpv6"">false</Data>     <Data Name=""DestinationIp"">73.245.147.162</Data>     <Data Name=""DestinationHostname"">c-73-245-147-162.hsd1.fl.comcast.net</Data>     <Data Name=""DestinationPort"">443</Data>     <Data Name=""DestinationPortName"">https</Data>   </EventData> </Event> "
2022-08-05 22:28:02+00:00,ACC-04,evtx_Microsoft-Windows-Sysmon/Operational,Execution,Cobalt Strike named pipe creation,0.0,Microsoft-Windows-Sysmon/Operational;Microsoft-Windows-Sysmon;17,17,4092,C:\Windows\SysWOW64\rundll32.exe,,,\fee489,,,,,,,,,,-,"<Event xmlns=""http://schemas.microsoft.com/win/2004/08/events/event"">   <System>     <Provider Name=""Microsoft-Windows-Sysmon"" Guid=""{5770385F-C22A-43E0-BF4C-06F5698FFBD9}""/>     <EventID>17</EventID>     <Version>1</Version>     <Level>4</Level>     <Task>17</Task>     <Opcode>0</Opcode>     <Keywords>0x8000000000000000</Keywords>     <TimeCreated SystemTime=""2022-08-05T22:28:02.330999000Z""/>     <EventRecordID>194640</EventRecordID>     <Correlation/>     <Execution ProcessID=""1440"" ThreadID=""1960""/>     <Channel>Microsoft-Windows-Sysmon/Operational</Channel>     <Computer>ACC-04.corp.net</Computer>     <Security UserID=""S-1-5-18""/>   </System>   <EventData>     <Data Name=""RuleName""/>     <Data Name=""UtcTime"">2022-08-05 22:28:02.330</Data>     <Data Name=""ProcessGuid"">{0EBA84BE-9913-62ED-0000-0010ACC8EF01}</Data>     <Data Name=""ProcessId"">4092</Data>     <Data Name=""PipeName"">\fee489</Data>     <Data Name=""Image"">C:\Windows\SysWOW64\rundll32.exe</Data>   </EventData> </Event> "
2022-08-05 22:28:02+00:00,ACC-04,evtx_Microsoft-Windows-Sysmon/Operational,Execution,Cobalt Strike named pipe creation,0.0,Microsoft-Windows-Sysmon/Operational;Microsoft-Windows-Sysmon;17,17,4300,C:\Windows\system32\rundll32.exe,,,\postex_c748,,,,,,,,,,-,"<Event xmlns=""http://schemas.microsoft.com/win/2004/08/events/event"">   <System>     <Provider Name=""Microsoft-Windows-Sysmon"" Guid=""{5770385F-C22A-43E0-BF4C-06F5698FFBD9}""/>     <EventID>17</EventID>     <Version>1</Version>     <Level>4</Level>     <Task>17</Task>     <Opcode>0</Opcode>     <Keywords>0x8000000000000000</Keywords>     <TimeCreated SystemTime=""2022-08-05T22:28:02.503637800Z""/>     <EventRecordID>194643</EventRecordID>     <Correlation/>     <Execution ProcessID=""1440"" ThreadID=""1960""/>     <Channel>Microsoft-Windows-Sysmon/Operational</Channel>     <Computer>ACC-04.corp.net</Computer>     <Security UserID=""S-1-5-18""/>   </System>   <EventData>     <Data Name=""RuleName""/>     <Data Name=""UtcTime"">2022-08-05 22:28:02.488</Data>     <Data Name=""ProcessGuid"">{0EBA84BE-9972-62ED-0000-001017C1F201}</Data>     <Data Name=""ProcessId"">4300</Data>     <Data Name=""PipeName"">\postex_c748</Data>     <Data Name=""Image"">C:\Windows\system32\rundll32.exe</Data>   </EventData> </Event> "
2022-08-05 22:28:02+00:00,ACC-04,evtx_Microsoft-Windows-Sysmon/Operational,Execution,Cobalt Strike named pipe connection,0.0,Microsoft-Windows-Sysmon/Operational;Microsoft-Windows-Sysmon;18,18,4092,C:\Windows\SysWOW64\rundll32.exe,,,\postex_c748,,,,,,,,,,-,"<Event xmlns=""http://schemas.microsoft.com/win/2004/08/events/event"">   <System>     <Provider Name=""Microsoft-Windows-Sysmon"" Guid=""{5770385F-C22A-43E0-BF4C-06F5698FFBD9}""/>     <EventID>18</EventID>     <Version>1</Version>     <Level>4</Level>     <Task>18</Task>     <Opcode>0</Opcode>     <Keywords>0x8000000000000000</Keywords>     <TimeCreated SystemTime=""2022-08-05T22:28:02.967142600Z""/>     <EventRecordID>194644</EventRecordID>     <Correlation/>     <Execution ProcessID=""1440"" ThreadID=""1960""/>     <Channel>Microsoft-Windows-Sysmon/Operational</Channel>     <Computer>ACC-04.corp.net</Computer>     <Security UserID=""S-1-5-18""/>   </System>   <EventData>     <Data Name=""RuleName""/>     <Data Name=""UtcTime"">2022-08-05 22:28:02.967</Data>     <Data Name=""ProcessGuid"">{0EBA84BE-9913-62ED-0000-0010ACC8EF01}</Data>     <Data Name=""ProcessId"">4092</Data>     <Data Name=""PipeName"">\postex_c748</Data>     <Data Name=""Image"">C:\Windows\SysWOW64\rundll32.exe</Data>   </EventData> </Event> "
2022-08-05 22:28:03+00:00,ACC-04,evtx_Microsoft-Windows-Sysmon/Operational,Credential Access,LSASS process accessed,0.0,Microsoft-Windows-Sysmon/Operational;Microsoft-Windows-Sysmon;10,10,4300,C:\Windows\system32\rundll32.exe,,,,C:\Windows\system32\lsass.exe,,,,,,,,,-,"<Event xmlns=""http://schemas.microsoft.com/win/2004/08/events/event"">   <System>     <Provider Name=""Microsoft-Windows-Sysmon"" Guid=""{5770385F-C22A-43E0-BF4C-06F5698FFBD9}""/>     <EventID>10</EventID>     <Version>3</Version>     <Level>4</Level>     <Task>10</Task>     <Opcode>0</Opcode>     <Keywords>0x8000000000000000</Keywords>     <TimeCreated SystemTime=""2022-08-05T22:28:03.077367400Z""/>     <EventRecordID>194646</EventRecordID>     <Correlation/>     <Execution ProcessID=""1440"" ThreadID=""1960""/>     <Channel>Microsoft-Windows-Sysmon/Operational</Channel>     <Computer>ACC-04.corp.net</Computer>     <Security UserID=""S-1-5-18""/>   </System>   <EventData>     <Data Name=""RuleName""/>     <Data Name=""UtcTime"">2022-08-05 22:28:03.077</Data>     <Data Name=""SourceProcessGUID"">{0EBA84BE-9972-62ED-0000-001017C1F201}</Data>     <Data Name=""SourceProcessId"">4300</Data>     <Data Name=""SourceThreadId"">6040</Data>     <Data Name=""SourceImage"">C:\Windows\system32\rundll32.exe</Data>     <Data Name=""TargetProcessGUID"">{0EBA84BE-647E-62ED-0000-00101E970000}</Data>     <Data Name=""TargetProcessId"">512</Data>     <Data Name=""TargetImage"">C:\Windows\system32\lsass.exe</Data>     <Data Name=""GrantedAccess"">0x00001010</Data>     <Data Name=""CallTrace"">C:\Windows\SYSTEM32\ntdll.dll+5157a|C:\Windows\system32\KERNELBASE.dll+d817|UNKNOWN(000000000040D97C)</Data>   </EventData> </Event> "
2022-08-05 22:28:03+00:00,ACC-04,evtx_Microsoft-Windows-Sysmon/Operational,Execution,Cobalt Strike named pipe connection,0.0,Microsoft-Windows-Sysmon/Operational;Microsoft-Windows-Sysmon;18,18,4952,C:\Windows\system32\cmd.exe,,,\fee489,,,,,,,,,,-,"<Event xmlns=""http://schemas.microsoft.com/win/2004/08/events/event"">   <System>     <Provider Name=""Microsoft-Windows-Sysmon"" Guid=""{5770385F-C22A-43E0-BF4C-06F5698FFBD9}""/>     <EventID>18</EventID>     <Version>1</Version>     <Level>4</Level>     <Task>18</Task>     <Opcode>0</Opcode>     <Keywords>0x8000000000000000</Keywords>     <TimeCreated SystemTime=""2022-08-05T22:28:03.108574400Z""/>     <EventRecordID>194648</EventRecordID>     <Correlation/>     <Execution ProcessID=""1440"" ThreadID=""1960""/>     <Channel>Microsoft-Windows-Sysmon/Operational</Channel>     <Computer>ACC-04.corp.net</Computer>     <Security UserID=""S-1-5-18""/>   </System>   <EventData>     <Data Name=""RuleName""/>     <Data Name=""UtcTime"">2022-08-05 22:28:03.108</Data>     <Data Name=""ProcessGuid"">{0EBA84BE-9973-62ED-0000-0010BFC9F201}</Data>     <Data Name=""ProcessId"">4952</Data>     <Data Name=""PipeName"">\fee489</Data>     <Data Name=""Image"">C:\Windows\system32\cmd.exe</Data>   </EventData> </Event> "
2022-08-05 22:28:03+00:00,ACC-04,evtx_Microsoft-Windows-Sysmon/Operational,Privilege escalation,Result of PtH,0.0,Microsoft-Windows-Sysmon/Operational;Microsoft-Windows-Sysmon;1,,4952,C:\Windows\System32\cmd.exe,4300,C:\Windows\System32\rundll32.exe,,,,,,,,,,,-,"<Event xmlns=""http://schemas.microsoft.com/win/2004/08/events/event"">   <System>     <Provider Name=""Microsoft-Windows-Sysmon"" Guid=""{5770385F-C22A-43E0-BF4C-06F5698FFBD9}""/>     <EventID>1</EventID>     <Version>5</Version>     <Level>4</Level>     <Task>1</Task>     <Opcode>0</Opcode>     <Keywords>0x8000000000000000</Keywords>     <TimeCreated SystemTime=""2022-08-05T22:28:03.077367400Z""/>     <EventRecordID>194645</EventRecordID>     <Correlation/>     <Execution ProcessID=""1440"" ThreadID=""1960""/>     <Channel>Microsoft-Windows-Sysmon/Operational</Channel>     <Computer>ACC-04.corp.net</Computer>     <Security UserID=""S-1-5-18""/>   </System>   <EventData>     <Data Name=""RuleName""/>     <Data Name=""UtcTime"">2022-08-05 22:28:03.077</Data>     <Data Name=""ProcessGuid"">{0EBA84BE-9973-62ED-0000-0010BFC9F201}</Data>     <Data Name=""ProcessId"">4952</Data>     <Data Name=""Image"">C:\Windows\System32\cmd.exe</Data>     <Data Name=""FileVersion"">6.1.7601.17514 (win7sp1_rtm.101119-1850)</Data>     <Data Name=""Description"">Windows Command Processor</Data>     <Data Name=""Product"">Microsoft® Windows® Operating System</Data>     <Data Name=""Company"">Microsoft Corporation</Data>     <Data Name=""CommandLine"">C:\Windows\system32\cmd.exe /c echo 2b34c792c33 &gt; \\.\pipe\fee489</Data>     <Data Name=""CurrentDirectory"">C:\Windows\system32\</Data>     <Data Name=""User"">NT AUTHORITY\SYSTEM</Data>     <Data Name=""LogonGuid"">{0EBA84BE-9973-62ED-0000-002068C9F201}</Data>     <Data Name=""LogonId"">0x0000000001f2c968</Data>     <Data Name=""TerminalSessionId"">0</Data>     <Data Name=""IntegrityLevel"">System</Data>     <Data Name=""Hashes"">MD5=5746BD7E255DD6A8AFA06F7C42C1BA41,IMPHASH=D0058544E4588B1B2290B7F4D830EB0A</Data>     <Data Name=""ParentProcessGuid"">{0EBA84BE-9972-62ED-0000-001017C1F201}</Data>     <Data Name=""ParentProcessId"">4300</Data>     <Data Name=""ParentImage"">C:\Windows\System32\rundll32.exe</Data>     <Data Name=""ParentCommandLine"">C:\Windows\sysnative\rundll32.exe</Data>   </EventData> </Event> "
2022-08-05 22:28:05+00:00,ACC-10,evtx_Microsoft-Windows-Sysmon/Operational,Command and Control,Connection to C2,0.0,Microsoft-Windows-Sysmon/Operational;Microsoft-Windows-Sysmon;3,3,364,C:\Windows\SysWOW64\rundll32.exe,,,,,tcp,true,ACC-10.corp.net,172.17.11.184,55765,c-73-245-147-162.hsd1.fl.comcast.net,73.245.147.162,443,-,"<Event xmlns=""http://schemas.microsoft.com/win/2004/08/events/event"">   <System>     <Provider Name=""Microsoft-Windows-Sysmon"" Guid=""{5770385F-C22A-43E0-BF4C-06F5698FFBD9}""/>     <EventID>3</EventID>     <Version>5</Version>     <Level>4</Level>     <Task>3</Task>     <Opcode>0</Opcode>     <Keywords>0x8000000000000000</Keywords>     <TimeCreated SystemTime=""2022-08-05T22:28:05.941694900Z""/>     <EventRecordID>142672</EventRecordID>     <Correlation/>     <Execution ProcessID=""1428"" ThreadID=""1928""/>     <Channel>Microsoft-Windows-Sysmon/Operational</Channel>     <Computer>ACC-10.corp.net</Computer>     <Security UserID=""S-1-5-18""/>   </System>   <EventData>     <Data Name=""RuleName""/>     <Data Name=""UtcTime"">2022-08-05 22:27:59.265</Data>     <Data Name=""ProcessGuid"">{140A6FA9-8EDF-62ED-0000-0010D81B7D01}</Data>     <Data Name=""ProcessId"">364</Data>     <Data Name=""Image"">C:\Windows\SysWOW64\rundll32.exe</Data>     <Data Name=""User"">CORP\Joann.Sims</Data>     <Data Name=""Protocol"">tcp</Data>     <Data Name=""Initiated"">true</Data>     <Data Name=""SourceIsIpv6"">false</Data>     <Data Name=""SourceIp"">172.17.11.184</Data>     <Data Name=""SourceHostname"">ACC-10.corp.net</Data>     <Data Name=""SourcePort"">55765</Data>     <Data Name=""SourcePortName""/>     <Data Name=""DestinationIsIpv6"">false</Data>     <Data Name=""DestinationIp"">73.245.147.162</Data>     <Data Name=""DestinationHostname"">c-73-245-147-162.hsd1.fl.comcast.net</Data>     <Data Name=""DestinationPort"">443</Data>     <Data Name=""DestinationPortName"">https</Data>   </EventData> </Event> "
2022-08-05 22:28:40+00:00,ACC-10,evtx_Microsoft-Windows-Sysmon/Operational,Command and Control,Connection to C2,0.0,Microsoft-Windows-Sysmon/Operational;Microsoft-Windows-Sysmon;3,3,364,C:\Windows\SysWOW64\rundll32.exe,,,,,tcp,true,ACC-10.corp.net,172.17.11.184,55768,5-131.gtt-net.cz,82.144.131.5,443,-,"<Event xmlns=""http://schemas.microsoft.com/win/2004/08/events/event"">   <System>     <Provider Name=""Microsoft-Windows-Sysmon"" Guid=""{5770385F-C22A-43E0-BF4C-06F5698FFBD9}""/>     <EventID>3</EventID>     <Version>5</Version>     <Level>4</Level>     <Task>3</Task>     <Opcode>0</Opcode>     <Keywords>0x8000000000000000</Keywords>     <TimeCreated SystemTime=""2022-08-05T22:28:40.009200500Z""/>     <EventRecordID>142728</EventRecordID>     <Correlation/>     <Execution ProcessID=""1428"" ThreadID=""1928""/>     <Channel>Microsoft-Windows-Sysmon/Operational</Channel>     <Computer>ACC-10.corp.net</Computer>     <Security UserID=""S-1-5-18""/>   </System>   <EventData>     <Data Name=""RuleName""/>     <Data Name=""UtcTime"">2022-08-05 22:28:34.501</Data>     <Data Name=""ProcessGuid"">{140A6FA9-8EDF-62ED-0000-0010D81B7D01}</Data>     <Data Name=""ProcessId"">364</Data>     <Data Name=""Image"">C:\Windows\SysWOW64\rundll32.exe</Data>     <Data Name=""User"">CORP\Joann.Sims</Data>     <Data Name=""Protocol"">tcp</Data>     <Data Name=""Initiated"">true</Data>     <Data Name=""SourceIsIpv6"">false</Data>     <Data Name=""SourceIp"">172.17.11.184</Data>     <Data Name=""SourceHostname"">ACC-10.corp.net</Data>     <Data Name=""SourcePort"">55768</Data>     <Data Name=""SourcePortName""/>     <Data Name=""DestinationIsIpv6"">false</Data>     <Data Name=""DestinationIp"">82.144.131.5</Data>     <Data Name=""DestinationHostname"">5-131.gtt-net.cz</Data>     <Data Name=""DestinationPort"">443</Data>     <Data Name=""DestinationPortName"">https</Data>   </EventData> </Event> "
2022-08-05 22:28:40+00:00,ACC-10,evtx_Microsoft-Windows-Sysmon/Operational,Command and Control,Connection to C2,0.0,Microsoft-Windows-Sysmon/Operational;Microsoft-Windows-Sysmon;3,3,364,C:\Windows\SysWOW64\rundll32.exe,,,,,tcp,true,ACC-10.corp.net,172.17.11.184,55769,5-131.gtt-net.cz,82.144.131.5,443,-,"<Event xmlns=""http://schemas.microsoft.com/win/2004/08/events/event"">   <System>     <Provider Name=""Microsoft-Windows-Sysmon"" Guid=""{5770385F-C22A-43E0-BF4C-06F5698FFBD9}""/>     <EventID>3</EventID>     <Version>5</Version>     <Level>4</Level>     <Task>3</Task>     <Opcode>0</Opcode>     <Keywords>0x8000000000000000</Keywords>     <TimeCreated SystemTime=""2022-08-05T22:28:40.009200500Z""/>     <EventRecordID>142729</EventRecordID>     <Correlation/>     <Execution ProcessID=""1428"" ThreadID=""1928""/>     <Channel>Microsoft-Windows-Sysmon/Operational</Channel>     <Computer>ACC-10.corp.net</Computer>     <Security UserID=""S-1-5-18""/>   </System>   <EventData>     <Data Name=""RuleName""/>     <Data Name=""UtcTime"">2022-08-05 22:28:34.557</Data>     <Data Name=""ProcessGuid"">{140A6FA9-8EDF-62ED-0000-0010D81B7D01}</Data>     <Data Name=""ProcessId"">364</Data>     <Data Name=""Image"">C:\Windows\SysWOW64\rundll32.exe</Data>     <Data Name=""User"">CORP\Joann.Sims</Data>     <Data Name=""Protocol"">tcp</Data>     <Data Name=""Initiated"">true</Data>     <Data Name=""SourceIsIpv6"">false</Data>     <Data Name=""SourceIp"">172.17.11.184</Data>     <Data Name=""SourceHostname"">ACC-10.corp.net</Data>     <Data Name=""SourcePort"">55769</Data>     <Data Name=""SourcePortName""/>     <Data Name=""DestinationIsIpv6"">false</Data>     <Data Name=""DestinationIp"">82.144.131.5</Data>     <Data Name=""DestinationHostname"">5-131.gtt-net.cz</Data>     <Data Name=""DestinationPort"">443</Data>     <Data Name=""DestinationPortName"">https</Data>   </EventData> </Event> "
2022-08-05 22:29:38+00:00,ACC-04,evtx_Microsoft-Windows-Sysmon/Operational,Execution,Look for swift files,0.0,Microsoft-Windows-Sysmon/Operational;Microsoft-Windows-Sysmon;1,,3736,C:\Windows\System32\WindowsPowerShell\v1.0\powershell.exe,4092,C:\Windows\SysWOW64\rundll32.exe,,,,,,,,,,,-,"<Event xmlns=""http://schemas.microsoft.com/win/2004/08/events/event"">   <System>     <Provider Name=""Microsoft-Windows-Sysmon"" Guid=""{5770385F-C22A-43E0-BF4C-06F5698FFBD9}""/>     <EventID>1</EventID>     <Version>5</Version>     <Level>4</Level>     <Task>1</Task>     <Opcode>0</Opcode>     <Keywords>0x8000000000000000</Keywords>     <TimeCreated SystemTime=""2022-08-05T22:29:38.921359700Z""/>     <EventRecordID>195144</EventRecordID>     <Correlation/>     <Execution ProcessID=""1440"" ThreadID=""1960""/>     <Channel>Microsoft-Windows-Sysmon/Operational</Channel>     <Computer>ACC-04.corp.net</Computer>     <Security UserID=""S-1-5-18""/>   </System>   <EventData>     <Data Name=""RuleName""/>     <Data Name=""UtcTime"">2022-08-05 22:29:38.905</Data>     <Data Name=""ProcessGuid"">{0EBA84BE-99D2-62ED-0000-0010D03EF701}</Data>     <Data Name=""ProcessId"">3736</Data>     <Data Name=""Image"">C:\Windows\System32\WindowsPowerShell\v1.0\powershell.exe</Data>     <Data Name=""FileVersion"">10.0.14409.1005 (rs1_srvoob.161208-1155)</Data>     <Data Name=""Description"">Windows PowerShell</Data>     <Data Name=""Product"">Microsoft® Windows® Operating System</Data>     <Data Name=""Company"">Microsoft Corporation</Data>     <Data Name=""CommandLine"">powershell -nop -exec bypass -EncodedCommand RwBlAHQALQBDAGgAaQBsAGQASQB0AGUAbQAgAC0AUABhAHQAaAAgAEMAOgBcACAALQBSAGUAYwB1AHIAcwBlACAALQBJAG4AYwBsAHUAZABlACAAKgBzAHcAaQBmAHQAKgA=</Data>     <Data Name=""CurrentDirectory"">C:\Windows\system32\</Data>     <Data Name=""User"">NT AUTHORITY\SYSTEM</Data>     <Data Name=""LogonGuid"">{0EBA84BE-9973-62ED-0000-002068C9F201}</Data>     <Data Name=""LogonId"">0x0000000001f2c968</Data>     <Data Name=""TerminalSessionId"">0</Data>     <Data Name=""IntegrityLevel"">System</Data>     <Data Name=""Hashes"">MD5=A575A7610E5F003CC36DF39E07C4BA7D,IMPHASH=CAEE994F79D85E47C06E5FA9CDEAE453</Data>     <Data Name=""ParentProcessGuid"">{0EBA84BE-9913-62ED-0000-0010ACC8EF01}</Data>     <Data Name=""ParentProcessId"">4092</Data>     <Data Name=""ParentImage"">C:\Windows\SysWOW64\rundll32.exe</Data>     <Data Name=""ParentCommandLine"">C:\Windows\System32\rundll32.exe</Data>   </EventData> </Event> "
2022-08-05 22:29:39+00:00,ACC-10,evtx_Microsoft-Windows-Sysmon/Operational,Command and Control,Connection to C2,0.0,Microsoft-Windows-Sysmon/Operational;Microsoft-Windows-Sysmon;3,3,364,C:\Windows\SysWOW64\rundll32.exe,,,,,tcp,true,ACC-10.corp.net,172.17.11.184,55862,c-73-245-147-162.hsd1.fl.comcast.net,73.245.147.162,443,-,"<Event xmlns=""http://schemas.microsoft.com/win/2004/08/events/event"">   <System>     <Provider Name=""Microsoft-Windows-Sysmon"" Guid=""{5770385F-C22A-43E0-BF4C-06F5698FFBD9}""/>     <EventID>3</EventID>     <Version>5</Version>     <Level>4</Level>     <Task>3</Task>     <Opcode>0</Opcode>     <Keywords>0x8000000000000000</Keywords>     <TimeCreated SystemTime=""2022-08-05T22:29:39.709967700Z""/>     <EventRecordID>143169</EventRecordID>     <Correlation/>     <Execution ProcessID=""1428"" ThreadID=""1928""/>     <Channel>Microsoft-Windows-Sysmon/Operational</Channel>     <Computer>ACC-10.corp.net</Computer>     <Security UserID=""S-1-5-18""/>   </System>   <EventData>     <Data Name=""RuleName""/>     <Data Name=""UtcTime"">2022-08-05 22:29:34.298</Data>     <Data Name=""ProcessGuid"">{140A6FA9-8EDF-62ED-0000-0010D81B7D01}</Data>     <Data Name=""ProcessId"">364</Data>     <Data Name=""Image"">C:\Windows\SysWOW64\rundll32.exe</Data>     <Data Name=""User"">CORP\Joann.Sims</Data>     <Data Name=""Protocol"">tcp</Data>     <Data Name=""Initiated"">true</Data>     <Data Name=""SourceIsIpv6"">false</Data>     <Data Name=""SourceIp"">172.17.11.184</Data>     <Data Name=""SourceHostname"">ACC-10.corp.net</Data>     <Data Name=""SourcePort"">55862</Data>     <Data Name=""SourcePortName""/>     <Data Name=""DestinationIsIpv6"">false</Data>     <Data Name=""DestinationIp"">73.245.147.162</Data>     <Data Name=""DestinationHostname"">c-73-245-147-162.hsd1.fl.comcast.net</Data>     <Data Name=""DestinationPort"">443</Data>     <Data Name=""DestinationPortName"">https</Data>   </EventData> </Event> "
2022-08-05 22:29:41+00:00,ACC-04,evtx_Microsoft-Windows-Sysmon/Operational,Execution,Cobalt Strike named pipe creation,0.0,Microsoft-Windows-Sysmon/Operational;Microsoft-Windows-Sysmon;17,17,3736,C:\Windows\System32\WindowsPowerShell\v1.0\powershell.exe,,,\PSHost.133042121789057603.3736.DefaultAppDomain.powershell,,,,,,,,,,-,"<Event xmlns=""http://schemas.microsoft.com/win/2004/08/events/event"">   <System>     <Provider Name=""Microsoft-Windows-Sysmon"" Guid=""{5770385F-C22A-43E0-BF4C-06F5698FFBD9}""/>     <EventID>17</EventID>     <Version>1</Version>     <Level>4</Level>     <Task>17</Task>     <Opcode>0</Opcode>     <Keywords>0x8000000000000000</Keywords>     <TimeCreated SystemTime=""2022-08-05T22:29:41.872299700Z""/>     <EventRecordID>195197</EventRecordID>     <Correlation/>     <Execution ProcessID=""1440"" ThreadID=""1960""/>     <Channel>Microsoft-Windows-Sysmon/Operational</Channel>     <Computer>ACC-04.corp.net</Computer>     <Security UserID=""S-1-5-18""/>   </System>   <EventData>     <Data Name=""RuleName""/>     <Data Name=""UtcTime"">2022-08-05 22:29:41.702</Data>     <Data Name=""ProcessGuid"">{0EBA84BE-99D2-62ED-0000-0010D03EF701}</Data>     <Data Name=""ProcessId"">3736</Data>     <Data Name=""PipeName"">\PSHost.133042121789057603.3736.DefaultAppDomain.powershell</Data>     <Data Name=""Image"">C:\Windows\System32\WindowsPowerShell\v1.0\powershell.exe</Data>   </EventData> </Event> "
2022-08-05 22:29:52+00:00,ACC-10,evtx_Microsoft-Windows-Sysmon/Operational,Command and Control,Connection to C2,0.0,Microsoft-Windows-Sysmon/Operational;Microsoft-Windows-Sysmon;3,3,364,C:\Windows\SysWOW64\rundll32.exe,,,,,tcp,true,ACC-10.corp.net,172.17.11.184,55909,c-73-245-147-162.hsd1.fl.comcast.net,73.245.147.162,443,-,"<Event xmlns=""http://schemas.microsoft.com/win/2004/08/events/event"">   <System>     <Provider Name=""Microsoft-Windows-Sysmon"" Guid=""{5770385F-C22A-43E0-BF4C-06F5698FFBD9}""/>     <EventID>3</EventID>     <Version>5</Version>     <Level>4</Level>     <Task>3</Task>     <Opcode>0</Opcode>     <Keywords>0x8000000000000000</Keywords>     <TimeCreated SystemTime=""2022-08-05T22:29:52.844919300Z""/>     <EventRecordID>143284</EventRecordID>     <Correlation/>     <Execution ProcessID=""1428"" ThreadID=""1928""/>     <Channel>Microsoft-Windows-Sysmon/Operational</Channel>     <Computer>ACC-10.corp.net</Computer>     <Security UserID=""S-1-5-18""/>   </System>   <EventData>     <Data Name=""RuleName""/>     <Data Name=""UtcTime"">2022-08-05 22:29:44.682</Data>     <Data Name=""ProcessGuid"">{140A6FA9-8EDF-62ED-0000-0010D81B7D01}</Data>     <Data Name=""ProcessId"">364</Data>     <Data Name=""Image"">C:\Windows\SysWOW64\rundll32.exe</Data>     <Data Name=""User"">CORP\Joann.Sims</Data>     <Data Name=""Protocol"">tcp</Data>     <Data Name=""Initiated"">true</Data>     <Data Name=""SourceIsIpv6"">false</Data>     <Data Name=""SourceIp"">172.17.11.184</Data>     <Data Name=""SourceHostname"">ACC-10.corp.net</Data>     <Data Name=""SourcePort"">55909</Data>     <Data Name=""SourcePortName""/>     <Data Name=""DestinationIsIpv6"">false</Data>     <Data Name=""DestinationIp"">73.245.147.162</Data>     <Data Name=""DestinationHostname"">c-73-245-147-162.hsd1.fl.comcast.net</Data>     <Data Name=""DestinationPort"">443</Data>     <Data Name=""DestinationPortName"">https</Data>   </EventData> </Event> "
2022-08-05 22:30:33+00:00,ACC-04,evtx_Microsoft-Windows-Sysmon/Operational,Execution,Cobalt Strike named pipe creation,0.0,Microsoft-Windows-Sysmon/Operational;Microsoft-Windows-Sysmon;17,17,1264,C:\Windows\System32\WindowsPowerShell\v1.0\powershell.exe,,,\PSHost.133042122336071621.1264.DefaultAppDomain.powershell,,,,,,,,,,-,"<Event xmlns=""http://schemas.microsoft.com/win/2004/08/events/event"">   <System>     <Provider Name=""Microsoft-Windows-Sysmon"" Guid=""{5770385F-C22A-43E0-BF4C-06F5698FFBD9}""/>     <EventID>17</EventID>     <Version>1</Version>     <Level>4</Level>     <Task>17</Task>     <Opcode>0</Opcode>     <Keywords>0x8000000000000000</Keywords>     <TimeCreated SystemTime=""2022-08-05T22:30:33.799156100Z""/>     <EventRecordID>195504</EventRecordID>     <Correlation/>     <Execution ProcessID=""1440"" ThreadID=""1960""/>     <Channel>Microsoft-Windows-Sysmon/Operational</Channel>     <Computer>ACC-04.corp.net</Computer>     <Security UserID=""S-1-5-18""/>   </System>   <EventData>     <Data Name=""RuleName""/>     <Data Name=""UtcTime"">2022-08-05 22:30:33.764</Data>     <Data Name=""ProcessGuid"">{0EBA84BE-9A09-62ED-0000-00100C0B0302}</Data>     <Data Name=""ProcessId"">1264</Data>     <Data Name=""PipeName"">\PSHost.133042122336071621.1264.DefaultAppDomain.powershell</Data>     <Data Name=""Image"">C:\Windows\System32\WindowsPowerShell\v1.0\powershell.exe</Data>   </EventData> </Event> "
2022-08-05 22:30:33+00:00,ACC-04,evtx_Microsoft-Windows-Sysmon/Operational,Execution,Look for C:\ACH path,0.0,Microsoft-Windows-Sysmon/Operational;Microsoft-Windows-Sysmon;1,,1264,C:\Windows\System32\WindowsPowerShell\v1.0\powershell.exe,4092,C:\Windows\SysWOW64\rundll32.exe,,,,,,,,,,,-,"<Event xmlns=""http://schemas.microsoft.com/win/2004/08/events/event"">   <System>     <Provider Name=""Microsoft-Windows-Sysmon"" Guid=""{5770385F-C22A-43E0-BF4C-06F5698FFBD9}""/>     <EventID>1</EventID>     <Version>5</Version>     <Level>4</Level>     <Task>1</Task>     <Opcode>0</Opcode>     <Keywords>0x8000000000000000</Keywords>     <TimeCreated SystemTime=""2022-08-05T22:30:33.638360900Z""/>     <EventRecordID>195500</EventRecordID>     <Correlation/>     <Execution ProcessID=""1440"" ThreadID=""1960""/>     <Channel>Microsoft-Windows-Sysmon/Operational</Channel>     <Computer>ACC-04.corp.net</Computer>     <Security UserID=""S-1-5-18""/>   </System>   <EventData>     <Data Name=""RuleName""/>     <Data Name=""UtcTime"">2022-08-05 22:30:33.607</Data>     <Data Name=""ProcessGuid"">{0EBA84BE-9A09-62ED-0000-00100C0B0302}</Data>     <Data Name=""ProcessId"">1264</Data>     <Data Name=""Image"">C:\Windows\System32\WindowsPowerShell\v1.0\powershell.exe</Data>     <Data Name=""FileVersion"">10.0.14409.1005 (rs1_srvoob.161208-1155)</Data>     <Data Name=""Description"">Windows PowerShell</Data>     <Data Name=""Product"">Microsoft® Windows® Operating System</Data>     <Data Name=""Company"">Microsoft Corporation</Data>     <Data Name=""CommandLine"">powershell -nop -exec bypass -EncodedCommand VABlAHMAdAAtAFAAYQB0AGgAIABDADoAXABBAEMASAA=</Data>     <Data Name=""CurrentDirectory"">C:\Windows\system32\</Data>     <Data Name=""User"">NT AUTHORITY\SYSTEM</Data>     <Data Name=""LogonGuid"">{0EBA84BE-9973-62ED-0000-002068C9F201}</Data>     <Data Name=""LogonId"">0x0000000001f2c968</Data>     <Data Name=""TerminalSessionId"">0</Data>     <Data Name=""IntegrityLevel"">System</Data>     <Data Name=""Hashes"">MD5=A575A7610E5F003CC36DF39E07C4BA7D,IMPHASH=CAEE994F79D85E47C06E5FA9CDEAE453</Data>     <Data Name=""ParentProcessGuid"">{0EBA84BE-9913-62ED-0000-0010ACC8EF01}</Data>     <Data Name=""ParentProcessId"">4092</Data>     <Data Name=""ParentImage"">C:\Windows\SysWOW64\rundll32.exe</Data>     <Data Name=""ParentCommandLine"">C:\Windows\System32\rundll32.exe</Data>   </EventData> </Event> "
2022-08-05 22:30:37+00:00,ACC-10,evtx_Microsoft-Windows-Sysmon/Operational,Command and Control,Connection to C2,0.0,Microsoft-Windows-Sysmon/Operational;Microsoft-Windows-Sysmon;3,3,364,C:\Windows\SysWOW64\rundll32.exe,,,,,tcp,true,ACC-10.corp.net,172.17.11.184,55944,5-131.gtt-net.cz,82.144.131.5,443,-,"<Event xmlns=""http://schemas.microsoft.com/win/2004/08/events/event"">   <System>     <Provider Name=""Microsoft-Windows-Sysmon"" Guid=""{5770385F-C22A-43E0-BF4C-06F5698FFBD9}""/>     <EventID>3</EventID>     <Version>5</Version>     <Level>4</Level>     <Task>3</Task>     <Opcode>0</Opcode>     <Keywords>0x8000000000000000</Keywords>     <TimeCreated SystemTime=""2022-08-05T22:30:37.115702100Z""/>     <EventRecordID>143526</EventRecordID>     <Correlation/>     <Execution ProcessID=""1428"" ThreadID=""1928""/>     <Channel>Microsoft-Windows-Sysmon/Operational</Channel>     <Computer>ACC-10.corp.net</Computer>     <Security UserID=""S-1-5-18""/>   </System>   <EventData>     <Data Name=""RuleName""/>     <Data Name=""UtcTime"">2022-08-05 22:30:29.031</Data>     <Data Name=""ProcessGuid"">{140A6FA9-8EDF-62ED-0000-0010D81B7D01}</Data>     <Data Name=""ProcessId"">364</Data>     <Data Name=""Image"">C:\Windows\SysWOW64\rundll32.exe</Data>     <Data Name=""User"">CORP\Joann.Sims</Data>     <Data Name=""Protocol"">tcp</Data>     <Data Name=""Initiated"">true</Data>     <Data Name=""SourceIsIpv6"">false</Data>     <Data Name=""SourceIp"">172.17.11.184</Data>     <Data Name=""SourceHostname"">ACC-10.corp.net</Data>     <Data Name=""SourcePort"">55944</Data>     <Data Name=""SourcePortName""/>     <Data Name=""DestinationIsIpv6"">false</Data>     <Data Name=""DestinationIp"">82.144.131.5</Data>     <Data Name=""DestinationHostname"">5-131.gtt-net.cz</Data>     <Data Name=""DestinationPort"">443</Data>     <Data Name=""DestinationPortName"">https</Data>   </EventData> </Event> "
2022-08-05 22:30:37+00:00,ACC-10,evtx_Microsoft-Windows-Sysmon/Operational,Command and Control,Connection to C2,0.0,Microsoft-Windows-Sysmon/Operational;Microsoft-Windows-Sysmon;3,3,364,C:\Windows\SysWOW64\rundll32.exe,,,,,tcp,true,ACC-10.corp.net,172.17.11.184,55945,5-131.gtt-net.cz,82.144.131.5,443,-,"<Event xmlns=""http://schemas.microsoft.com/win/2004/08/events/event"">   <System>     <Provider Name=""Microsoft-Windows-Sysmon"" Guid=""{5770385F-C22A-43E0-BF4C-06F5698FFBD9}""/>     <EventID>3</EventID>     <Version>5</Version>     <Level>4</Level>     <Task>3</Task>     <Opcode>0</Opcode>     <Keywords>0x8000000000000000</Keywords>     <TimeCreated SystemTime=""2022-08-05T22:30:37.115702100Z""/>     <EventRecordID>143527</EventRecordID>     <Correlation/>     <Execution ProcessID=""1428"" ThreadID=""1928""/>     <Channel>Microsoft-Windows-Sysmon/Operational</Channel>     <Computer>ACC-10.corp.net</Computer>     <Security UserID=""S-1-5-18""/>   </System>   <EventData>     <Data Name=""RuleName""/>     <Data Name=""UtcTime"">2022-08-05 22:30:30.027</Data>     <Data Name=""ProcessGuid"">{140A6FA9-8EDF-62ED-0000-0010D81B7D01}</Data>     <Data Name=""ProcessId"">364</Data>     <Data Name=""Image"">C:\Windows\SysWOW64\rundll32.exe</Data>     <Data Name=""User"">CORP\Joann.Sims</Data>     <Data Name=""Protocol"">tcp</Data>     <Data Name=""Initiated"">true</Data>     <Data Name=""SourceIsIpv6"">false</Data>     <Data Name=""SourceIp"">172.17.11.184</Data>     <Data Name=""SourceHostname"">ACC-10.corp.net</Data>     <Data Name=""SourcePort"">55945</Data>     <Data Name=""SourcePortName""/>     <Data Name=""DestinationIsIpv6"">false</Data>     <Data Name=""DestinationIp"">82.144.131.5</Data>     <Data Name=""DestinationHostname"">5-131.gtt-net.cz</Data>     <Data Name=""DestinationPort"">443</Data>     <Data Name=""DestinationPortName"">https</Data>   </EventData> </Event> "
2022-08-05 22:31:34+00:00,ACC-10,evtx_Microsoft-Windows-Sysmon/Operational,Command and Control,Connection to C2,0.0,Microsoft-Windows-Sysmon/Operational;Microsoft-Windows-Sysmon;3,3,364,C:\Windows\SysWOW64\rundll32.exe,,,,,tcp,true,ACC-10.corp.net,172.17.11.184,56062,c-73-245-147-162.hsd1.fl.comcast.net,73.245.147.162,443,-,"<Event xmlns=""http://schemas.microsoft.com/win/2004/08/events/event"">   <System>     <Provider Name=""Microsoft-Windows-Sysmon"" Guid=""{5770385F-C22A-43E0-BF4C-06F5698FFBD9}""/>     <EventID>3</EventID>     <Version>5</Version>     <Level>4</Level>     <Task>3</Task>     <Opcode>0</Opcode>     <Keywords>0x8000000000000000</Keywords>     <TimeCreated SystemTime=""2022-08-05T22:31:34.917422100Z""/>     <EventRecordID>143929</EventRecordID>     <Correlation/>     <Execution ProcessID=""1428"" ThreadID=""1928""/>     <Channel>Microsoft-Windows-Sysmon/Operational</Channel>     <Computer>ACC-10.corp.net</Computer>     <Security UserID=""S-1-5-18""/>   </System>   <EventData>     <Data Name=""RuleName""/>     <Data Name=""UtcTime"">2022-08-05 22:31:28.702</Data>     <Data Name=""ProcessGuid"">{140A6FA9-8EDF-62ED-0000-0010D81B7D01}</Data>     <Data Name=""ProcessId"">364</Data>     <Data Name=""Image"">C:\Windows\SysWOW64\rundll32.exe</Data>     <Data Name=""User"">CORP\Joann.Sims</Data>     <Data Name=""Protocol"">tcp</Data>     <Data Name=""Initiated"">true</Data>     <Data Name=""SourceIsIpv6"">false</Data>     <Data Name=""SourceIp"">172.17.11.184</Data>     <Data Name=""SourceHostname"">ACC-10.corp.net</Data>     <Data Name=""SourcePort"">56062</Data>     <Data Name=""SourcePortName""/>     <Data Name=""DestinationIsIpv6"">false</Data>     <Data Name=""DestinationIp"">73.245.147.162</Data>     <Data Name=""DestinationHostname"">c-73-245-147-162.hsd1.fl.comcast.net</Data>     <Data Name=""DestinationPort"">443</Data>     <Data Name=""DestinationPortName"">https</Data>   </EventData> </Event> "
