2022-08-05 23:03:41+00:00,ACC-10,evtx_Microsoft-Windows-Sysmon/Operational,Command and Control,Connection to C2,0.0,Microsoft-Windows-Sysmon/Operational;Microsoft-Windows-Sysmon;3,3,364,C:\Windows\SysWOW64\rundll32.exe,,,,,tcp,true,ACC-10.corp.net,172.17.11.184,51883,c-73-245-147-162.hsd1.fl.comcast.net,73.245.147.162,443,-,"<Event xmlns=""http://schemas.microsoft.com/win/2004/08/events/event"">   <System>     <Provider Name=""Microsoft-Windows-Sysmon"" Guid=""{5770385F-C22A-43E0-BF4C-06F5698FFBD9}""/>     <EventID>3</EventID>     <Version>5</Version>     <Level>4</Level>     <Task>3</Task>     <Opcode>0</Opcode>     <Keywords>0x8000000000000000</Keywords>     <TimeCreated SystemTime=""2022-08-05T23:03:41.098903400Z""/>     <EventRecordID>152429</EventRecordID>     <Correlation/>     <Execution ProcessID=""1428"" ThreadID=""1928""/>     <Channel>Microsoft-Windows-Sysmon/Operational</Channel>     <Computer>ACC-10.corp.net</Computer>     <Security UserID=""S-1-5-18""/>   </System>   <EventData>     <Data Name=""RuleName""/>     <Data Name=""UtcTime"">2022-08-05 23:03:34.533</Data>     <Data Name=""ProcessGuid"">{140A6FA9-8EDF-62ED-0000-0010D81B7D01}</Data>     <Data Name=""ProcessId"">364</Data>     <Data Name=""Image"">C:\Windows\SysWOW64\rundll32.exe</Data>     <Data Name=""User"">CORP\Joann.Sims</Data>     <Data Name=""Protocol"">tcp</Data>     <Data Name=""Initiated"">true</Data>     <Data Name=""SourceIsIpv6"">false</Data>     <Data Name=""SourceIp"">172.17.11.184</Data>     <Data Name=""SourceHostname"">ACC-10.corp.net</Data>     <Data Name=""SourcePort"">51883</Data>     <Data Name=""SourcePortName""/>     <Data Name=""DestinationIsIpv6"">false</Data>     <Data Name=""DestinationIp"">73.245.147.162</Data>     <Data Name=""DestinationHostname"">c-73-245-147-162.hsd1.fl.comcast.net</Data>     <Data Name=""DestinationPort"">443</Data>     <Data Name=""DestinationPortName"">https</Data>   </EventData> </Event> "
2022-08-05 23:04:23+00:00,ACC-10,evtx_Microsoft-Windows-Sysmon/Operational,Command and Control,Connection to C2,0.0,Microsoft-Windows-Sysmon/Operational;Microsoft-Windows-Sysmon;3,3,364,C:\Windows\SysWOW64\rundll32.exe,,,,,tcp,true,ACC-10.corp.net,172.17.11.184,51884,5-131.gtt-net.cz,82.144.131.5,443,-,"<Event xmlns=""http://schemas.microsoft.com/win/2004/08/events/event"">   <System>     <Provider Name=""Microsoft-Windows-Sysmon"" Guid=""{5770385F-C22A-43E0-BF4C-06F5698FFBD9}""/>     <EventID>3</EventID>     <Version>5</Version>     <Level>4</Level>     <Task>3</Task>     <Opcode>0</Opcode>     <Keywords>0x8000000000000000</Keywords>     <TimeCreated SystemTime=""2022-08-05T23:04:23.355677300Z""/>     <EventRecordID>152487</EventRecordID>     <Correlation/>     <Execution ProcessID=""1428"" ThreadID=""1928""/>     <Channel>Microsoft-Windows-Sysmon/Operational</Channel>     <Computer>ACC-10.corp.net</Computer>     <Security UserID=""S-1-5-18""/>   </System>   <EventData>     <Data Name=""RuleName""/>     <Data Name=""UtcTime"">2022-08-05 23:04:17.809</Data>     <Data Name=""ProcessGuid"">{140A6FA9-8EDF-62ED-0000-0010D81B7D01}</Data>     <Data Name=""ProcessId"">364</Data>     <Data Name=""Image"">C:\Windows\SysWOW64\rundll32.exe</Data>     <Data Name=""User"">CORP\Joann.Sims</Data>     <Data Name=""Protocol"">tcp</Data>     <Data Name=""Initiated"">true</Data>     <Data Name=""SourceIsIpv6"">false</Data>     <Data Name=""SourceIp"">172.17.11.184</Data>     <Data Name=""SourceHostname"">ACC-10.corp.net</Data>     <Data Name=""SourcePort"">51884</Data>     <Data Name=""SourcePortName""/>     <Data Name=""DestinationIsIpv6"">false</Data>     <Data Name=""DestinationIp"">82.144.131.5</Data>     <Data Name=""DestinationHostname"">5-131.gtt-net.cz</Data>     <Data Name=""DestinationPort"">443</Data>     <Data Name=""DestinationPortName"">https</Data>   </EventData> </Event> "
2022-08-05 23:04:23+00:00,ACC-10,evtx_Microsoft-Windows-Sysmon/Operational,Command and Control,Connection to C2,0.0,Microsoft-Windows-Sysmon/Operational;Microsoft-Windows-Sysmon;3,3,364,C:\Windows\SysWOW64\rundll32.exe,,,,,tcp,true,ACC-10.corp.net,172.17.11.184,51885,5-131.gtt-net.cz,82.144.131.5,443,-,"<Event xmlns=""http://schemas.microsoft.com/win/2004/08/events/event"">   <System>     <Provider Name=""Microsoft-Windows-Sysmon"" Guid=""{5770385F-C22A-43E0-BF4C-06F5698FFBD9}""/>     <EventID>3</EventID>     <Version>5</Version>     <Level>4</Level>     <Task>3</Task>     <Opcode>0</Opcode>     <Keywords>0x8000000000000000</Keywords>     <TimeCreated SystemTime=""2022-08-05T23:04:23.355677300Z""/>     <EventRecordID>152488</EventRecordID>     <Correlation/>     <Execution ProcessID=""1428"" ThreadID=""1928""/>     <Channel>Microsoft-Windows-Sysmon/Operational</Channel>     <Computer>ACC-10.corp.net</Computer>     <Security UserID=""S-1-5-18""/>   </System>   <EventData>     <Data Name=""RuleName""/>     <Data Name=""UtcTime"">2022-08-05 23:04:17.897</Data>     <Data Name=""ProcessGuid"">{140A6FA9-8EDF-62ED-0000-0010D81B7D01}</Data>     <Data Name=""ProcessId"">364</Data>     <Data Name=""Image"">C:\Windows\SysWOW64\rundll32.exe</Data>     <Data Name=""User"">CORP\Joann.Sims</Data>     <Data Name=""Protocol"">tcp</Data>     <Data Name=""Initiated"">true</Data>     <Data Name=""SourceIsIpv6"">false</Data>     <Data Name=""SourceIp"">172.17.11.184</Data>     <Data Name=""SourceHostname"">ACC-10.corp.net</Data>     <Data Name=""SourcePort"">51885</Data>     <Data Name=""SourcePortName""/>     <Data Name=""DestinationIsIpv6"">false</Data>     <Data Name=""DestinationIp"">82.144.131.5</Data>     <Data Name=""DestinationHostname"">5-131.gtt-net.cz</Data>     <Data Name=""DestinationPort"">443</Data>     <Data Name=""DestinationPortName"">https</Data>   </EventData> </Event> "
2022-08-05 23:04:54+00:00,ACC-10,evtx_Microsoft-Windows-Sysmon/Operational,Command and Control,Connection to C2,0.0,Microsoft-Windows-Sysmon/Operational;Microsoft-Windows-Sysmon;3,3,364,C:\Windows\SysWOW64\rundll32.exe,,,,,tcp,true,ACC-10.corp.net,172.17.11.184,51939,c-73-245-147-162.hsd1.fl.comcast.net,73.245.147.162,443,-,"<Event xmlns=""http://schemas.microsoft.com/win/2004/08/events/event"">   <System>     <Provider Name=""Microsoft-Windows-Sysmon"" Guid=""{5770385F-C22A-43E0-BF4C-06F5698FFBD9}""/>     <EventID>3</EventID>     <Version>5</Version>     <Level>4</Level>     <Task>3</Task>     <Opcode>0</Opcode>     <Keywords>0x8000000000000000</Keywords>     <TimeCreated SystemTime=""2022-08-05T23:04:54.014611100Z""/>     <EventRecordID>152700</EventRecordID>     <Correlation/>     <Execution ProcessID=""1428"" ThreadID=""1928""/>     <Channel>Microsoft-Windows-Sysmon/Operational</Channel>     <Computer>ACC-10.corp.net</Computer>     <Security UserID=""S-1-5-18""/>   </System>   <EventData>     <Data Name=""RuleName""/>     <Data Name=""UtcTime"">2022-08-05 23:04:48.012</Data>     <Data Name=""ProcessGuid"">{140A6FA9-8EDF-62ED-0000-0010D81B7D01}</Data>     <Data Name=""ProcessId"">364</Data>     <Data Name=""Image"">C:\Windows\SysWOW64\rundll32.exe</Data>     <Data Name=""User"">CORP\Joann.Sims</Data>     <Data Name=""Protocol"">tcp</Data>     <Data Name=""Initiated"">true</Data>     <Data Name=""SourceIsIpv6"">false</Data>     <Data Name=""SourceIp"">172.17.11.184</Data>     <Data Name=""SourceHostname"">ACC-10.corp.net</Data>     <Data Name=""SourcePort"">51939</Data>     <Data Name=""SourcePortName""/>     <Data Name=""DestinationIsIpv6"">false</Data>     <Data Name=""DestinationIp"">73.245.147.162</Data>     <Data Name=""DestinationHostname"">c-73-245-147-162.hsd1.fl.comcast.net</Data>     <Data Name=""DestinationPort"">443</Data>     <Data Name=""DestinationPortName"">https</Data>   </EventData> </Event> "
2022-08-05 23:04:56+00:00,ACC-10,evtx_Microsoft-Windows-Sysmon/Operational,Command and Control,Connection to C2,0.0,Microsoft-Windows-Sysmon/Operational;Microsoft-Windows-Sysmon;3,3,364,C:\Windows\SysWOW64\rundll32.exe,,,,,tcp,true,ACC-10.corp.net,172.17.11.184,51940,c-73-245-147-162.hsd1.fl.comcast.net,73.245.147.162,443,-,"<Event xmlns=""http://schemas.microsoft.com/win/2004/08/events/event"">   <System>     <Provider Name=""Microsoft-Windows-Sysmon"" Guid=""{5770385F-C22A-43E0-BF4C-06F5698FFBD9}""/>     <EventID>3</EventID>     <Version>5</Version>     <Level>4</Level>     <Task>3</Task>     <Opcode>0</Opcode>     <Keywords>0x8000000000000000</Keywords>     <TimeCreated SystemTime=""2022-08-05T23:04:56.014411100Z""/>     <EventRecordID>152705</EventRecordID>     <Correlation/>     <Execution ProcessID=""1428"" ThreadID=""1928""/>     <Channel>Microsoft-Windows-Sysmon/Operational</Channel>     <Computer>ACC-10.corp.net</Computer>     <Security UserID=""S-1-5-18""/>   </System>   <EventData>     <Data Name=""RuleName""/>     <Data Name=""UtcTime"">2022-08-05 23:04:48.069</Data>     <Data Name=""ProcessGuid"">{140A6FA9-8EDF-62ED-0000-0010D81B7D01}</Data>     <Data Name=""ProcessId"">364</Data>     <Data Name=""Image"">C:\Windows\SysWOW64\rundll32.exe</Data>     <Data Name=""User"">CORP\Joann.Sims</Data>     <Data Name=""Protocol"">tcp</Data>     <Data Name=""Initiated"">true</Data>     <Data Name=""SourceIsIpv6"">false</Data>     <Data Name=""SourceIp"">172.17.11.184</Data>     <Data Name=""SourceHostname"">ACC-10.corp.net</Data>     <Data Name=""SourcePort"">51940</Data>     <Data Name=""SourcePortName""/>     <Data Name=""DestinationIsIpv6"">false</Data>     <Data Name=""DestinationIp"">73.245.147.162</Data>     <Data Name=""DestinationHostname"">c-73-245-147-162.hsd1.fl.comcast.net</Data>     <Data Name=""DestinationPort"">443</Data>     <Data Name=""DestinationPortName"">https</Data>   </EventData> </Event> "
2022-08-05 23:05:34+00:00,ACC-10,evtx_Microsoft-Windows-Sysmon/Operational,Command and Control,Connection to C2,0.0,Microsoft-Windows-Sysmon/Operational;Microsoft-Windows-Sysmon;3,3,364,C:\Windows\SysWOW64\rundll32.exe,,,,,tcp,true,ACC-10.corp.net,172.17.11.184,51971,5-131.gtt-net.cz,82.144.131.5,443,-,"<Event xmlns=""http://schemas.microsoft.com/win/2004/08/events/event"">   <System>     <Provider Name=""Microsoft-Windows-Sysmon"" Guid=""{5770385F-C22A-43E0-BF4C-06F5698FFBD9}""/>     <EventID>3</EventID>     <Version>5</Version>     <Level>4</Level>     <Task>3</Task>     <Opcode>0</Opcode>     <Keywords>0x8000000000000000</Keywords>     <TimeCreated SystemTime=""2022-08-05T23:05:34.075604600Z""/>     <EventRecordID>152893</EventRecordID>     <Correlation/>     <Execution ProcessID=""1428"" ThreadID=""1928""/>     <Channel>Microsoft-Windows-Sysmon/Operational</Channel>     <Computer>ACC-10.corp.net</Computer>     <Security UserID=""S-1-5-18""/>   </System>   <EventData>     <Data Name=""RuleName""/>     <Data Name=""UtcTime"">2022-08-05 23:05:27.892</Data>     <Data Name=""ProcessGuid"">{140A6FA9-8EDF-62ED-0000-0010D81B7D01}</Data>     <Data Name=""ProcessId"">364</Data>     <Data Name=""Image"">C:\Windows\SysWOW64\rundll32.exe</Data>     <Data Name=""User"">CORP\Joann.Sims</Data>     <Data Name=""Protocol"">tcp</Data>     <Data Name=""Initiated"">true</Data>     <Data Name=""SourceIsIpv6"">false</Data>     <Data Name=""SourceIp"">172.17.11.184</Data>     <Data Name=""SourceHostname"">ACC-10.corp.net</Data>     <Data Name=""SourcePort"">51971</Data>     <Data Name=""SourcePortName""/>     <Data Name=""DestinationIsIpv6"">false</Data>     <Data Name=""DestinationIp"">82.144.131.5</Data>     <Data Name=""DestinationHostname"">5-131.gtt-net.cz</Data>     <Data Name=""DestinationPort"">443</Data>     <Data Name=""DestinationPortName"">https</Data>   </EventData> </Event> "
2022-08-05 23:05:36+00:00,ACC-10,evtx_Microsoft-Windows-Sysmon/Operational,Command and Control,Connection to C2,0.0,Microsoft-Windows-Sysmon/Operational;Microsoft-Windows-Sysmon;3,3,364,C:\Windows\SysWOW64\rundll32.exe,,,,,tcp,true,ACC-10.corp.net,172.17.11.184,51990,5-131.gtt-net.cz,82.144.131.5,443,-,"<Event xmlns=""http://schemas.microsoft.com/win/2004/08/events/event"">   <System>     <Provider Name=""Microsoft-Windows-Sysmon"" Guid=""{5770385F-C22A-43E0-BF4C-06F5698FFBD9}""/>     <EventID>3</EventID>     <Version>5</Version>     <Level>4</Level>     <Task>3</Task>     <Opcode>0</Opcode>     <Keywords>0x8000000000000000</Keywords>     <TimeCreated SystemTime=""2022-08-05T23:05:36.075404600Z""/>     <EventRecordID>152916</EventRecordID>     <Correlation/>     <Execution ProcessID=""1428"" ThreadID=""1928""/>     <Channel>Microsoft-Windows-Sysmon/Operational</Channel>     <Computer>ACC-10.corp.net</Computer>     <Security UserID=""S-1-5-18""/>   </System>   <EventData>     <Data Name=""RuleName""/>     <Data Name=""UtcTime"">2022-08-05 23:05:29.164</Data>     <Data Name=""ProcessGuid"">{140A6FA9-8EDF-62ED-0000-0010D81B7D01}</Data>     <Data Name=""ProcessId"">364</Data>     <Data Name=""Image"">C:\Windows\SysWOW64\rundll32.exe</Data>     <Data Name=""User"">CORP\Joann.Sims</Data>     <Data Name=""Protocol"">tcp</Data>     <Data Name=""Initiated"">true</Data>     <Data Name=""SourceIsIpv6"">false</Data>     <Data Name=""SourceIp"">172.17.11.184</Data>     <Data Name=""SourceHostname"">ACC-10.corp.net</Data>     <Data Name=""SourcePort"">51990</Data>     <Data Name=""SourcePortName""/>     <Data Name=""DestinationIsIpv6"">false</Data>     <Data Name=""DestinationIp"">82.144.131.5</Data>     <Data Name=""DestinationHostname"">5-131.gtt-net.cz</Data>     <Data Name=""DestinationPort"">443</Data>     <Data Name=""DestinationPortName"">https</Data>   </EventData> </Event> "
2022-08-05 23:06:16+00:00,ACC-10,evtx_Microsoft-Windows-Sysmon/Operational,Command and Control,Connection to C2,0.0,Microsoft-Windows-Sysmon/Operational;Microsoft-Windows-Sysmon;3,3,364,C:\Windows\SysWOW64\rundll32.exe,,,,,tcp,true,ACC-10.corp.net,172.17.11.184,51991,c-73-245-147-162.hsd1.fl.comcast.net,73.245.147.162,443,-,"<Event xmlns=""http://schemas.microsoft.com/win/2004/08/events/event"">   <System>     <Provider Name=""Microsoft-Windows-Sysmon"" Guid=""{5770385F-C22A-43E0-BF4C-06F5698FFBD9}""/>     <EventID>3</EventID>     <Version>5</Version>     <Level>4</Level>     <Task>3</Task>     <Opcode>0</Opcode>     <Keywords>0x8000000000000000</Keywords>     <TimeCreated SystemTime=""2022-08-05T23:06:16.838327900Z""/>     <EventRecordID>152981</EventRecordID>     <Correlation/>     <Execution ProcessID=""1428"" ThreadID=""1928""/>     <Channel>Microsoft-Windows-Sysmon/Operational</Channel>     <Computer>ACC-10.corp.net</Computer>     <Security UserID=""S-1-5-18""/>   </System>   <EventData>     <Data Name=""RuleName""/>     <Data Name=""UtcTime"">2022-08-05 23:06:11.326</Data>     <Data Name=""ProcessGuid"">{140A6FA9-8EDF-62ED-0000-0010D81B7D01}</Data>     <Data Name=""ProcessId"">364</Data>     <Data Name=""Image"">C:\Windows\SysWOW64\rundll32.exe</Data>     <Data Name=""User"">CORP\Joann.Sims</Data>     <Data Name=""Protocol"">tcp</Data>     <Data Name=""Initiated"">true</Data>     <Data Name=""SourceIsIpv6"">false</Data>     <Data Name=""SourceIp"">172.17.11.184</Data>     <Data Name=""SourceHostname"">ACC-10.corp.net</Data>     <Data Name=""SourcePort"">51991</Data>     <Data Name=""SourcePortName""/>     <Data Name=""DestinationIsIpv6"">false</Data>     <Data Name=""DestinationIp"">73.245.147.162</Data>     <Data Name=""DestinationHostname"">c-73-245-147-162.hsd1.fl.comcast.net</Data>     <Data Name=""DestinationPort"">443</Data>     <Data Name=""DestinationPortName"">https</Data>   </EventData> </Event> "
2022-08-05 23:06:16+00:00,ACC-10,evtx_Microsoft-Windows-Sysmon/Operational,Command and Control,Connection to C2,0.0,Microsoft-Windows-Sysmon/Operational;Microsoft-Windows-Sysmon;3,3,364,C:\Windows\SysWOW64\rundll32.exe,,,,,tcp,true,ACC-10.corp.net,172.17.11.184,51992,c-73-245-147-162.hsd1.fl.comcast.net,73.245.147.162,443,-,"<Event xmlns=""http://schemas.microsoft.com/win/2004/08/events/event"">   <System>     <Provider Name=""Microsoft-Windows-Sysmon"" Guid=""{5770385F-C22A-43E0-BF4C-06F5698FFBD9}""/>     <EventID>3</EventID>     <Version>5</Version>     <Level>4</Level>     <Task>3</Task>     <Opcode>0</Opcode>     <Keywords>0x8000000000000000</Keywords>     <TimeCreated SystemTime=""2022-08-05T23:06:16.838327900Z""/>     <EventRecordID>152982</EventRecordID>     <Correlation/>     <Execution ProcessID=""1428"" ThreadID=""1928""/>     <Channel>Microsoft-Windows-Sysmon/Operational</Channel>     <Computer>ACC-10.corp.net</Computer>     <Security UserID=""S-1-5-18""/>   </System>   <EventData>     <Data Name=""RuleName""/>     <Data Name=""UtcTime"">2022-08-05 23:06:11.389</Data>     <Data Name=""ProcessGuid"">{140A6FA9-8EDF-62ED-0000-0010D81B7D01}</Data>     <Data Name=""ProcessId"">364</Data>     <Data Name=""Image"">C:\Windows\SysWOW64\rundll32.exe</Data>     <Data Name=""User"">CORP\Joann.Sims</Data>     <Data Name=""Protocol"">tcp</Data>     <Data Name=""Initiated"">true</Data>     <Data Name=""SourceIsIpv6"">false</Data>     <Data Name=""SourceIp"">172.17.11.184</Data>     <Data Name=""SourceHostname"">ACC-10.corp.net</Data>     <Data Name=""SourcePort"">51992</Data>     <Data Name=""SourcePortName""/>     <Data Name=""DestinationIsIpv6"">false</Data>     <Data Name=""DestinationIp"">73.245.147.162</Data>     <Data Name=""DestinationHostname"">c-73-245-147-162.hsd1.fl.comcast.net</Data>     <Data Name=""DestinationPort"">443</Data>     <Data Name=""DestinationPortName"">https</Data>   </EventData> </Event> "
2022-08-05 23:07:14+00:00,ACC-10,evtx_Microsoft-Windows-Sysmon/Operational,Command and Control,Connection to C2,0.0,Microsoft-Windows-Sysmon/Operational;Microsoft-Windows-Sysmon;3,3,364,C:\Windows\SysWOW64\rundll32.exe,,,,,tcp,true,ACC-10.corp.net,172.17.11.184,51993,5-131.gtt-net.cz,82.144.131.5,443,-,"<Event xmlns=""http://schemas.microsoft.com/win/2004/08/events/event"">   <System>     <Provider Name=""Microsoft-Windows-Sysmon"" Guid=""{5770385F-C22A-43E0-BF4C-06F5698FFBD9}""/>     <EventID>3</EventID>     <Version>5</Version>     <Level>4</Level>     <Task>3</Task>     <Opcode>0</Opcode>     <Keywords>0x8000000000000000</Keywords>     <TimeCreated SystemTime=""2022-08-05T23:07:14.165136500Z""/>     <EventRecordID>153068</EventRecordID>     <Correlation/>     <Execution ProcessID=""1428"" ThreadID=""1928""/>     <Channel>Microsoft-Windows-Sysmon/Operational</Channel>     <Computer>ACC-10.corp.net</Computer>     <Security UserID=""S-1-5-18""/>   </System>   <EventData>     <Data Name=""RuleName""/>     <Data Name=""UtcTime"">2022-08-05 23:07:08.555</Data>     <Data Name=""ProcessGuid"">{140A6FA9-8EDF-62ED-0000-0010D81B7D01}</Data>     <Data Name=""ProcessId"">364</Data>     <Data Name=""Image"">C:\Windows\SysWOW64\rundll32.exe</Data>     <Data Name=""User"">CORP\Joann.Sims</Data>     <Data Name=""Protocol"">tcp</Data>     <Data Name=""Initiated"">true</Data>     <Data Name=""SourceIsIpv6"">false</Data>     <Data Name=""SourceIp"">172.17.11.184</Data>     <Data Name=""SourceHostname"">ACC-10.corp.net</Data>     <Data Name=""SourcePort"">51993</Data>     <Data Name=""SourcePortName""/>     <Data Name=""DestinationIsIpv6"">false</Data>     <Data Name=""DestinationIp"">82.144.131.5</Data>     <Data Name=""DestinationHostname"">5-131.gtt-net.cz</Data>     <Data Name=""DestinationPort"">443</Data>     <Data Name=""DestinationPortName"">https</Data>   </EventData> </Event> "
2022-08-05 23:07:15+00:00,ACC-10,evtx_Microsoft-Windows-Sysmon/Operational,Command and Control,Connection to C2,0.0,Microsoft-Windows-Sysmon/Operational;Microsoft-Windows-Sysmon;3,3,364,C:\Windows\SysWOW64\rundll32.exe,,,,,tcp,true,ACC-10.corp.net,172.17.11.184,51994,5-131.gtt-net.cz,82.144.131.5,443,-,"<Event xmlns=""http://schemas.microsoft.com/win/2004/08/events/event"">   <System>     <Provider Name=""Microsoft-Windows-Sysmon"" Guid=""{5770385F-C22A-43E0-BF4C-06F5698FFBD9}""/>     <EventID>3</EventID>     <Version>5</Version>     <Level>4</Level>     <Task>3</Task>     <Opcode>0</Opcode>     <Keywords>0x8000000000000000</Keywords>     <TimeCreated SystemTime=""2022-08-05T23:07:15.976124100Z""/>     <EventRecordID>153073</EventRecordID>     <Correlation/>     <Execution ProcessID=""1428"" ThreadID=""1928""/>     <Channel>Microsoft-Windows-Sysmon/Operational</Channel>     <Computer>ACC-10.corp.net</Computer>     <Security UserID=""S-1-5-18""/>   </System>   <EventData>     <Data Name=""RuleName""/>     <Data Name=""UtcTime"">2022-08-05 23:07:08.648</Data>     <Data Name=""ProcessGuid"">{140A6FA9-8EDF-62ED-0000-0010D81B7D01}</Data>     <Data Name=""ProcessId"">364</Data>     <Data Name=""Image"">C:\Windows\SysWOW64\rundll32.exe</Data>     <Data Name=""User"">CORP\Joann.Sims</Data>     <Data Name=""Protocol"">tcp</Data>     <Data Name=""Initiated"">true</Data>     <Data Name=""SourceIsIpv6"">false</Data>     <Data Name=""SourceIp"">172.17.11.184</Data>     <Data Name=""SourceHostname"">ACC-10.corp.net</Data>     <Data Name=""SourcePort"">51994</Data>     <Data Name=""SourcePortName""/>     <Data Name=""DestinationIsIpv6"">false</Data>     <Data Name=""DestinationIp"">82.144.131.5</Data>     <Data Name=""DestinationHostname"">5-131.gtt-net.cz</Data>     <Data Name=""DestinationPort"">443</Data>     <Data Name=""DestinationPortName"">https</Data>   </EventData> </Event> "
2022-08-05 23:08:10+00:00,ACC-10,evtx_Microsoft-Windows-Sysmon/Operational,Command and Control,Connection to C2,0.0,Microsoft-Windows-Sysmon/Operational;Microsoft-Windows-Sysmon;3,3,364,C:\Windows\SysWOW64\rundll32.exe,,,,,tcp,true,ACC-10.corp.net,172.17.11.184,52127,c-73-245-147-162.hsd1.fl.comcast.net,73.245.147.162,443,-,"<Event xmlns=""http://schemas.microsoft.com/win/2004/08/events/event"">   <System>     <Provider Name=""Microsoft-Windows-Sysmon"" Guid=""{5770385F-C22A-43E0-BF4C-06F5698FFBD9}""/>     <EventID>3</EventID>     <Version>5</Version>     <Level>4</Level>     <Task>3</Task>     <Opcode>0</Opcode>     <Keywords>0x8000000000000000</Keywords>     <TimeCreated SystemTime=""2022-08-05T23:08:10.600052900Z""/>     <EventRecordID>153403</EventRecordID>     <Correlation/>     <Execution ProcessID=""1428"" ThreadID=""1928""/>     <Channel>Microsoft-Windows-Sysmon/Operational</Channel>     <Computer>ACC-10.corp.net</Computer>     <Security UserID=""S-1-5-18""/>   </System>   <EventData>     <Data Name=""RuleName""/>     <Data Name=""UtcTime"">2022-08-05 23:08:05.123</Data>     <Data Name=""ProcessGuid"">{140A6FA9-8EDF-62ED-0000-0010D81B7D01}</Data>     <Data Name=""ProcessId"">364</Data>     <Data Name=""Image"">C:\Windows\SysWOW64\rundll32.exe</Data>     <Data Name=""User"">CORP\Joann.Sims</Data>     <Data Name=""Protocol"">tcp</Data>     <Data Name=""Initiated"">true</Data>     <Data Name=""SourceIsIpv6"">false</Data>     <Data Name=""SourceIp"">172.17.11.184</Data>     <Data Name=""SourceHostname"">ACC-10.corp.net</Data>     <Data Name=""SourcePort"">52127</Data>     <Data Name=""SourcePortName""/>     <Data Name=""DestinationIsIpv6"">false</Data>     <Data Name=""DestinationIp"">73.245.147.162</Data>     <Data Name=""DestinationHostname"">c-73-245-147-162.hsd1.fl.comcast.net</Data>     <Data Name=""DestinationPort"">443</Data>     <Data Name=""DestinationPortName"">https</Data>   </EventData> </Event> "
2022-08-05 23:08:12+00:00,ACC-10,evtx_Microsoft-Windows-Sysmon/Operational,Command and Control,Connection to C2,0.0,Microsoft-Windows-Sysmon/Operational;Microsoft-Windows-Sysmon;3,3,364,C:\Windows\SysWOW64\rundll32.exe,,,,,tcp,true,ACC-10.corp.net,172.17.11.184,52128,c-73-245-147-162.hsd1.fl.comcast.net,73.245.147.162,443,-,"<Event xmlns=""http://schemas.microsoft.com/win/2004/08/events/event"">   <System>     <Provider Name=""Microsoft-Windows-Sysmon"" Guid=""{5770385F-C22A-43E0-BF4C-06F5698FFBD9}""/>     <EventID>3</EventID>     <Version>5</Version>     <Level>4</Level>     <Task>3</Task>     <Opcode>0</Opcode>     <Keywords>0x8000000000000000</Keywords>     <TimeCreated SystemTime=""2022-08-05T23:08:12.110683800Z""/>     <EventRecordID>153408</EventRecordID>     <Correlation/>     <Execution ProcessID=""1428"" ThreadID=""1928""/>     <Channel>Microsoft-Windows-Sysmon/Operational</Channel>     <Computer>ACC-10.corp.net</Computer>     <Security UserID=""S-1-5-18""/>   </System>   <EventData>     <Data Name=""RuleName""/>     <Data Name=""UtcTime"">2022-08-05 23:08:05.202</Data>     <Data Name=""ProcessGuid"">{140A6FA9-8EDF-62ED-0000-0010D81B7D01}</Data>     <Data Name=""ProcessId"">364</Data>     <Data Name=""Image"">C:\Windows\SysWOW64\rundll32.exe</Data>     <Data Name=""User"">CORP\Joann.Sims</Data>     <Data Name=""Protocol"">tcp</Data>     <Data Name=""Initiated"">true</Data>     <Data Name=""SourceIsIpv6"">false</Data>     <Data Name=""SourceIp"">172.17.11.184</Data>     <Data Name=""SourceHostname"">ACC-10.corp.net</Data>     <Data Name=""SourcePort"">52128</Data>     <Data Name=""SourcePortName""/>     <Data Name=""DestinationIsIpv6"">false</Data>     <Data Name=""DestinationIp"">73.245.147.162</Data>     <Data Name=""DestinationHostname"">c-73-245-147-162.hsd1.fl.comcast.net</Data>     <Data Name=""DestinationPort"">443</Data>     <Data Name=""DestinationPortName"">https</Data>   </EventData> </Event> "
2022-08-05 23:08:56+00:00,ACC-10,evtx_Microsoft-Windows-Sysmon/Operational,Command and Control,Connection to C2,0.0,Microsoft-Windows-Sysmon/Operational;Microsoft-Windows-Sysmon;3,3,364,C:\Windows\SysWOW64\rundll32.exe,,,,,tcp,true,ACC-10.corp.net,172.17.11.184,52212,5-131.gtt-net.cz,82.144.131.5,443,-,"<Event xmlns=""http://schemas.microsoft.com/win/2004/08/events/event"">   <System>     <Provider Name=""Microsoft-Windows-Sysmon"" Guid=""{5770385F-C22A-43E0-BF4C-06F5698FFBD9}""/>     <EventID>3</EventID>     <Version>5</Version>     <Level>4</Level>     <Task>3</Task>     <Opcode>0</Opcode>     <Keywords>0x8000000000000000</Keywords>     <TimeCreated SystemTime=""2022-08-05T23:08:56.074017500Z""/>     <EventRecordID>153657</EventRecordID>     <Correlation/>     <Execution ProcessID=""1428"" ThreadID=""1928""/>     <Channel>Microsoft-Windows-Sysmon/Operational</Channel>     <Computer>ACC-10.corp.net</Computer>     <Security UserID=""S-1-5-18""/>   </System>   <EventData>     <Data Name=""RuleName""/>     <Data Name=""UtcTime"">2022-08-05 23:08:49.786</Data>     <Data Name=""ProcessGuid"">{140A6FA9-8EDF-62ED-0000-0010D81B7D01}</Data>     <Data Name=""ProcessId"">364</Data>     <Data Name=""Image"">C:\Windows\SysWOW64\rundll32.exe</Data>     <Data Name=""User"">CORP\Joann.Sims</Data>     <Data Name=""Protocol"">tcp</Data>     <Data Name=""Initiated"">true</Data>     <Data Name=""SourceIsIpv6"">false</Data>     <Data Name=""SourceIp"">172.17.11.184</Data>     <Data Name=""SourceHostname"">ACC-10.corp.net</Data>     <Data Name=""SourcePort"">52212</Data>     <Data Name=""SourcePortName""/>     <Data Name=""DestinationIsIpv6"">false</Data>     <Data Name=""DestinationIp"">82.144.131.5</Data>     <Data Name=""DestinationHostname"">5-131.gtt-net.cz</Data>     <Data Name=""DestinationPort"">443</Data>     <Data Name=""DestinationPortName"">https</Data>   </EventData> </Event> "
2022-08-05 23:08:56+00:00,ACC-10,evtx_Microsoft-Windows-Sysmon/Operational,Command and Control,Connection to C2,0.0,Microsoft-Windows-Sysmon/Operational;Microsoft-Windows-Sysmon;3,3,364,C:\Windows\SysWOW64\rundll32.exe,,,,,tcp,true,ACC-10.corp.net,172.17.11.184,52231,5-131.gtt-net.cz,82.144.131.5,443,-,"<Event xmlns=""http://schemas.microsoft.com/win/2004/08/events/event"">   <System>     <Provider Name=""Microsoft-Windows-Sysmon"" Guid=""{5770385F-C22A-43E0-BF4C-06F5698FFBD9}""/>     <EventID>3</EventID>     <Version>5</Version>     <Level>4</Level>     <Task>3</Task>     <Opcode>0</Opcode>     <Keywords>0x8000000000000000</Keywords>     <TimeCreated SystemTime=""2022-08-05T23:08:56.074017500Z""/>     <EventRecordID>153676</EventRecordID>     <Correlation/>     <Execution ProcessID=""1428"" ThreadID=""1928""/>     <Channel>Microsoft-Windows-Sysmon/Operational</Channel>     <Computer>ACC-10.corp.net</Computer>     <Security UserID=""S-1-5-18""/>   </System>   <EventData>     <Data Name=""RuleName""/>     <Data Name=""UtcTime"">2022-08-05 23:08:50.344</Data>     <Data Name=""ProcessGuid"">{140A6FA9-8EDF-62ED-0000-0010D81B7D01}</Data>     <Data Name=""ProcessId"">364</Data>     <Data Name=""Image"">C:\Windows\SysWOW64\rundll32.exe</Data>     <Data Name=""User"">CORP\Joann.Sims</Data>     <Data Name=""Protocol"">tcp</Data>     <Data Name=""Initiated"">true</Data>     <Data Name=""SourceIsIpv6"">false</Data>     <Data Name=""SourceIp"">172.17.11.184</Data>     <Data Name=""SourceHostname"">ACC-10.corp.net</Data>     <Data Name=""SourcePort"">52231</Data>     <Data Name=""SourcePortName""/>     <Data Name=""DestinationIsIpv6"">false</Data>     <Data Name=""DestinationIp"">82.144.131.5</Data>     <Data Name=""DestinationHostname"">5-131.gtt-net.cz</Data>     <Data Name=""DestinationPort"">443</Data>     <Data Name=""DestinationPortName"">https</Data>   </EventData> </Event> "
2022-08-05 23:09:34+00:00,ACC-10,evtx_Microsoft-Windows-Sysmon/Operational,Command and Control,Connection to C2,0.0,Microsoft-Windows-Sysmon/Operational;Microsoft-Windows-Sysmon;3,3,364,C:\Windows\SysWOW64\rundll32.exe,,,,,tcp,true,ACC-10.corp.net,172.17.11.184,52234,c-73-245-147-162.hsd1.fl.comcast.net,73.245.147.162,443,-,"<Event xmlns=""http://schemas.microsoft.com/win/2004/08/events/event"">   <System>     <Provider Name=""Microsoft-Windows-Sysmon"" Guid=""{5770385F-C22A-43E0-BF4C-06F5698FFBD9}""/>     <EventID>3</EventID>     <Version>5</Version>     <Level>4</Level>     <Task>3</Task>     <Opcode>0</Opcode>     <Keywords>0x8000000000000000</Keywords>     <TimeCreated SystemTime=""2022-08-05T23:09:34.071634600Z""/>     <EventRecordID>153733</EventRecordID>     <Correlation/>     <Execution ProcessID=""1428"" ThreadID=""1928""/>     <Channel>Microsoft-Windows-Sysmon/Operational</Channel>     <Computer>ACC-10.corp.net</Computer>     <Security UserID=""S-1-5-18""/>   </System>   <EventData>     <Data Name=""RuleName""/>     <Data Name=""UtcTime"">2022-08-05 23:09:28.421</Data>     <Data Name=""ProcessGuid"">{140A6FA9-8EDF-62ED-0000-0010D81B7D01}</Data>     <Data Name=""ProcessId"">364</Data>     <Data Name=""Image"">C:\Windows\SysWOW64\rundll32.exe</Data>     <Data Name=""User"">CORP\Joann.Sims</Data>     <Data Name=""Protocol"">tcp</Data>     <Data Name=""Initiated"">true</Data>     <Data Name=""SourceIsIpv6"">false</Data>     <Data Name=""SourceIp"">172.17.11.184</Data>     <Data Name=""SourceHostname"">ACC-10.corp.net</Data>     <Data Name=""SourcePort"">52234</Data>     <Data Name=""SourcePortName""/>     <Data Name=""DestinationIsIpv6"">false</Data>     <Data Name=""DestinationIp"">73.245.147.162</Data>     <Data Name=""DestinationHostname"">c-73-245-147-162.hsd1.fl.comcast.net</Data>     <Data Name=""DestinationPort"">443</Data>     <Data Name=""DestinationPortName"">https</Data>   </EventData> </Event> "
2022-08-05 23:09:34+00:00,ACC-10,evtx_Microsoft-Windows-Sysmon/Operational,Command and Control,Connection to C2,0.0,Microsoft-Windows-Sysmon/Operational;Microsoft-Windows-Sysmon;3,3,364,C:\Windows\SysWOW64\rundll32.exe,,,,,tcp,true,ACC-10.corp.net,172.17.11.184,52235,c-73-245-147-162.hsd1.fl.comcast.net,73.245.147.162,443,-,"<Event xmlns=""http://schemas.microsoft.com/win/2004/08/events/event"">   <System>     <Provider Name=""Microsoft-Windows-Sysmon"" Guid=""{5770385F-C22A-43E0-BF4C-06F5698FFBD9}""/>     <EventID>3</EventID>     <Version>5</Version>     <Level>4</Level>     <Task>3</Task>     <Opcode>0</Opcode>     <Keywords>0x8000000000000000</Keywords>     <TimeCreated SystemTime=""2022-08-05T23:09:34.071634600Z""/>     <EventRecordID>153734</EventRecordID>     <Correlation/>     <Execution ProcessID=""1428"" ThreadID=""1928""/>     <Channel>Microsoft-Windows-Sysmon/Operational</Channel>     <Computer>ACC-10.corp.net</Computer>     <Security UserID=""S-1-5-18""/>   </System>   <EventData>     <Data Name=""RuleName""/>     <Data Name=""UtcTime"">2022-08-05 23:09:28.488</Data>     <Data Name=""ProcessGuid"">{140A6FA9-8EDF-62ED-0000-0010D81B7D01}</Data>     <Data Name=""ProcessId"">364</Data>     <Data Name=""Image"">C:\Windows\SysWOW64\rundll32.exe</Data>     <Data Name=""User"">CORP\Joann.Sims</Data>     <Data Name=""Protocol"">tcp</Data>     <Data Name=""Initiated"">true</Data>     <Data Name=""SourceIsIpv6"">false</Data>     <Data Name=""SourceIp"">172.17.11.184</Data>     <Data Name=""SourceHostname"">ACC-10.corp.net</Data>     <Data Name=""SourcePort"">52235</Data>     <Data Name=""SourcePortName""/>     <Data Name=""DestinationIsIpv6"">false</Data>     <Data Name=""DestinationIp"">73.245.147.162</Data>     <Data Name=""DestinationHostname"">c-73-245-147-162.hsd1.fl.comcast.net</Data>     <Data Name=""DestinationPort"">443</Data>     <Data Name=""DestinationPortName"">https</Data>   </EventData> </Event> "
2022-08-05 23:10:08+00:00,ACC-10,evtx_Microsoft-Windows-Sysmon/Operational,Command and Control,Connection to C2,0.0,Microsoft-Windows-Sysmon/Operational;Microsoft-Windows-Sysmon;3,3,364,C:\Windows\SysWOW64\rundll32.exe,,,,,tcp,true,ACC-10.corp.net,172.17.11.184,52284,5-131.gtt-net.cz,82.144.131.5,443,-,"<Event xmlns=""http://schemas.microsoft.com/win/2004/08/events/event"">   <System>     <Provider Name=""Microsoft-Windows-Sysmon"" Guid=""{5770385F-C22A-43E0-BF4C-06F5698FFBD9}""/>     <EventID>3</EventID>     <Version>5</Version>     <Level>4</Level>     <Task>3</Task>     <Opcode>0</Opcode>     <Keywords>0x8000000000000000</Keywords>     <TimeCreated SystemTime=""2022-08-05T23:10:08.166907200Z""/>     <EventRecordID>153870</EventRecordID>     <Correlation/>     <Execution ProcessID=""1428"" ThreadID=""1928""/>     <Channel>Microsoft-Windows-Sysmon/Operational</Channel>     <Computer>ACC-10.corp.net</Computer>     <Security UserID=""S-1-5-18""/>   </System>   <EventData>     <Data Name=""RuleName""/>     <Data Name=""UtcTime"">2022-08-05 23:10:02.697</Data>     <Data Name=""ProcessGuid"">{140A6FA9-8EDF-62ED-0000-0010D81B7D01}</Data>     <Data Name=""ProcessId"">364</Data>     <Data Name=""Image"">C:\Windows\SysWOW64\rundll32.exe</Data>     <Data Name=""User"">CORP\Joann.Sims</Data>     <Data Name=""Protocol"">tcp</Data>     <Data Name=""Initiated"">true</Data>     <Data Name=""SourceIsIpv6"">false</Data>     <Data Name=""SourceIp"">172.17.11.184</Data>     <Data Name=""SourceHostname"">ACC-10.corp.net</Data>     <Data Name=""SourcePort"">52284</Data>     <Data Name=""SourcePortName""/>     <Data Name=""DestinationIsIpv6"">false</Data>     <Data Name=""DestinationIp"">82.144.131.5</Data>     <Data Name=""DestinationHostname"">5-131.gtt-net.cz</Data>     <Data Name=""DestinationPort"">443</Data>     <Data Name=""DestinationPortName"">https</Data>   </EventData> </Event> "
2022-08-05 23:10:08+00:00,ACC-10,evtx_Microsoft-Windows-Sysmon/Operational,Command and Control,Connection to C2,0.0,Microsoft-Windows-Sysmon/Operational;Microsoft-Windows-Sysmon;3,3,364,C:\Windows\SysWOW64\rundll32.exe,,,,,tcp,true,ACC-10.corp.net,172.17.11.184,52285,5-131.gtt-net.cz,82.144.131.5,443,-,"<Event xmlns=""http://schemas.microsoft.com/win/2004/08/events/event"">   <System>     <Provider Name=""Microsoft-Windows-Sysmon"" Guid=""{5770385F-C22A-43E0-BF4C-06F5698FFBD9}""/>     <EventID>3</EventID>     <Version>5</Version>     <Level>4</Level>     <Task>3</Task>     <Opcode>0</Opcode>     <Keywords>0x8000000000000000</Keywords>     <TimeCreated SystemTime=""2022-08-05T23:10:08.166907200Z""/>     <EventRecordID>153872</EventRecordID>     <Correlation/>     <Execution ProcessID=""1428"" ThreadID=""1928""/>     <Channel>Microsoft-Windows-Sysmon/Operational</Channel>     <Computer>ACC-10.corp.net</Computer>     <Security UserID=""S-1-5-18""/>   </System>   <EventData>     <Data Name=""RuleName""/>     <Data Name=""UtcTime"">2022-08-05 23:10:02.776</Data>     <Data Name=""ProcessGuid"">{140A6FA9-8EDF-62ED-0000-0010D81B7D01}</Data>     <Data Name=""ProcessId"">364</Data>     <Data Name=""Image"">C:\Windows\SysWOW64\rundll32.exe</Data>     <Data Name=""User"">CORP\Joann.Sims</Data>     <Data Name=""Protocol"">tcp</Data>     <Data Name=""Initiated"">true</Data>     <Data Name=""SourceIsIpv6"">false</Data>     <Data Name=""SourceIp"">172.17.11.184</Data>     <Data Name=""SourceHostname"">ACC-10.corp.net</Data>     <Data Name=""SourcePort"">52285</Data>     <Data Name=""SourcePortName""/>     <Data Name=""DestinationIsIpv6"">false</Data>     <Data Name=""DestinationIp"">82.144.131.5</Data>     <Data Name=""DestinationHostname"">5-131.gtt-net.cz</Data>     <Data Name=""DestinationPort"">443</Data>     <Data Name=""DestinationPortName"">https</Data>   </EventData> </Event> "
2022-08-05 23:10:42+00:00,ACC-10,evtx_Microsoft-Windows-Sysmon/Operational,Command and Control,Connection to C2,0.0,Microsoft-Windows-Sysmon/Operational;Microsoft-Windows-Sysmon;3,3,364,C:\Windows\SysWOW64\rundll32.exe,,,,,tcp,true,ACC-10.corp.net,172.17.11.184,52288,c-73-245-147-162.hsd1.fl.comcast.net,73.245.147.162,443,-,"<Event xmlns=""http://schemas.microsoft.com/win/2004/08/events/event"">   <System>     <Provider Name=""Microsoft-Windows-Sysmon"" Guid=""{5770385F-C22A-43E0-BF4C-06F5698FFBD9}""/>     <EventID>3</EventID>     <Version>5</Version>     <Level>4</Level>     <Task>3</Task>     <Opcode>0</Opcode>     <Keywords>0x8000000000000000</Keywords>     <TimeCreated SystemTime=""2022-08-05T23:10:42.005233100Z""/>     <EventRecordID>153930</EventRecordID>     <Correlation/>     <Execution ProcessID=""1428"" ThreadID=""1928""/>     <Channel>Microsoft-Windows-Sysmon/Operational</Channel>     <Computer>ACC-10.corp.net</Computer>     <Security UserID=""S-1-5-18""/>   </System>   <EventData>     <Data Name=""RuleName""/>     <Data Name=""UtcTime"">2022-08-05 23:10:36.590</Data>     <Data Name=""ProcessGuid"">{140A6FA9-8EDF-62ED-0000-0010D81B7D01}</Data>     <Data Name=""ProcessId"">364</Data>     <Data Name=""Image"">C:\Windows\SysWOW64\rundll32.exe</Data>     <Data Name=""User"">CORP\Joann.Sims</Data>     <Data Name=""Protocol"">tcp</Data>     <Data Name=""Initiated"">true</Data>     <Data Name=""SourceIsIpv6"">false</Data>     <Data Name=""SourceIp"">172.17.11.184</Data>     <Data Name=""SourceHostname"">ACC-10.corp.net</Data>     <Data Name=""SourcePort"">52288</Data>     <Data Name=""SourcePortName""/>     <Data Name=""DestinationIsIpv6"">false</Data>     <Data Name=""DestinationIp"">73.245.147.162</Data>     <Data Name=""DestinationHostname"">c-73-245-147-162.hsd1.fl.comcast.net</Data>     <Data Name=""DestinationPort"">443</Data>     <Data Name=""DestinationPortName"">https</Data>   </EventData> </Event> "
2022-08-05 23:10:44+00:00,ACC-10,evtx_Microsoft-Windows-Sysmon/Operational,Command and Control,Connection to C2,0.0,Microsoft-Windows-Sysmon/Operational;Microsoft-Windows-Sysmon;3,3,364,C:\Windows\SysWOW64\rundll32.exe,,,,,tcp,true,ACC-10.corp.net,172.17.11.184,52289,c-73-245-147-162.hsd1.fl.comcast.net,73.245.147.162,443,-,"<Event xmlns=""http://schemas.microsoft.com/win/2004/08/events/event"">   <System>     <Provider Name=""Microsoft-Windows-Sysmon"" Guid=""{5770385F-C22A-43E0-BF4C-06F5698FFBD9}""/>     <EventID>3</EventID>     <Version>5</Version>     <Level>4</Level>     <Task>3</Task>     <Opcode>0</Opcode>     <Keywords>0x8000000000000000</Keywords>     <TimeCreated SystemTime=""2022-08-05T23:10:44.019788100Z""/>     <EventRecordID>153935</EventRecordID>     <Correlation/>     <Execution ProcessID=""1428"" ThreadID=""1928""/>     <Channel>Microsoft-Windows-Sysmon/Operational</Channel>     <Computer>ACC-10.corp.net</Computer>     <Security UserID=""S-1-5-18""/>   </System>   <EventData>     <Data Name=""RuleName""/>     <Data Name=""UtcTime"">2022-08-05 23:10:36.655</Data>     <Data Name=""ProcessGuid"">{140A6FA9-8EDF-62ED-0000-0010D81B7D01}</Data>     <Data Name=""ProcessId"">364</Data>     <Data Name=""Image"">C:\Windows\SysWOW64\rundll32.exe</Data>     <Data Name=""User"">CORP\Joann.Sims</Data>     <Data Name=""Protocol"">tcp</Data>     <Data Name=""Initiated"">true</Data>     <Data Name=""SourceIsIpv6"">false</Data>     <Data Name=""SourceIp"">172.17.11.184</Data>     <Data Name=""SourceHostname"">ACC-10.corp.net</Data>     <Data Name=""SourcePort"">52289</Data>     <Data Name=""SourcePortName""/>     <Data Name=""DestinationIsIpv6"">false</Data>     <Data Name=""DestinationIp"">73.245.147.162</Data>     <Data Name=""DestinationHostname"">c-73-245-147-162.hsd1.fl.comcast.net</Data>     <Data Name=""DestinationPort"">443</Data>     <Data Name=""DestinationPortName"">https</Data>   </EventData> </Event> "
2022-08-05 23:11:23+00:00,ACC-10,evtx_Microsoft-Windows-Sysmon/Operational,Command and Control,Connection to C2,0.0,Microsoft-Windows-Sysmon/Operational;Microsoft-Windows-Sysmon;3,3,364,C:\Windows\SysWOW64\rundll32.exe,,,,,tcp,true,ACC-10.corp.net,172.17.11.184,52337,5-131.gtt-net.cz,82.144.131.5,443,-,"<Event xmlns=""http://schemas.microsoft.com/win/2004/08/events/event"">   <System>     <Provider Name=""Microsoft-Windows-Sysmon"" Guid=""{5770385F-C22A-43E0-BF4C-06F5698FFBD9}""/>     <EventID>3</EventID>     <Version>5</Version>     <Level>4</Level>     <Task>3</Task>     <Opcode>0</Opcode>     <Keywords>0x8000000000000000</Keywords>     <TimeCreated SystemTime=""2022-08-05T23:11:23.836409300Z""/>     <EventRecordID>154138</EventRecordID>     <Correlation/>     <Execution ProcessID=""1428"" ThreadID=""1928""/>     <Channel>Microsoft-Windows-Sysmon/Operational</Channel>     <Computer>ACC-10.corp.net</Computer>     <Security UserID=""S-1-5-18""/>   </System>   <EventData>     <Data Name=""RuleName""/>     <Data Name=""UtcTime"">2022-08-05 23:11:18.355</Data>     <Data Name=""ProcessGuid"">{140A6FA9-8EDF-62ED-0000-0010D81B7D01}</Data>     <Data Name=""ProcessId"">364</Data>     <Data Name=""Image"">C:\Windows\SysWOW64\rundll32.exe</Data>     <Data Name=""User"">CORP\Joann.Sims</Data>     <Data Name=""Protocol"">tcp</Data>     <Data Name=""Initiated"">true</Data>     <Data Name=""SourceIsIpv6"">false</Data>     <Data Name=""SourceIp"">172.17.11.184</Data>     <Data Name=""SourceHostname"">ACC-10.corp.net</Data>     <Data Name=""SourcePort"">52337</Data>     <Data Name=""SourcePortName""/>     <Data Name=""DestinationIsIpv6"">false</Data>     <Data Name=""DestinationIp"">82.144.131.5</Data>     <Data Name=""DestinationHostname"">5-131.gtt-net.cz</Data>     <Data Name=""DestinationPort"">443</Data>     <Data Name=""DestinationPortName"">https</Data>   </EventData> </Event> "
2022-08-05 23:11:23+00:00,ACC-10,evtx_Microsoft-Windows-Sysmon/Operational,Command and Control,Connection to C2,0.0,Microsoft-Windows-Sysmon/Operational;Microsoft-Windows-Sysmon;3,3,364,C:\Windows\SysWOW64\rundll32.exe,,,,,tcp,true,ACC-10.corp.net,172.17.11.184,52338,5-131.gtt-net.cz,82.144.131.5,443,-,"<Event xmlns=""http://schemas.microsoft.com/win/2004/08/events/event"">   <System>     <Provider Name=""Microsoft-Windows-Sysmon"" Guid=""{5770385F-C22A-43E0-BF4C-06F5698FFBD9}""/>     <EventID>3</EventID>     <Version>5</Version>     <Level>4</Level>     <Task>3</Task>     <Opcode>0</Opcode>     <Keywords>0x8000000000000000</Keywords>     <TimeCreated SystemTime=""2022-08-05T23:11:23.836409300Z""/>     <EventRecordID>154139</EventRecordID>     <Correlation/>     <Execution ProcessID=""1428"" ThreadID=""1928""/>     <Channel>Microsoft-Windows-Sysmon/Operational</Channel>     <Computer>ACC-10.corp.net</Computer>     <Security UserID=""S-1-5-18""/>   </System>   <EventData>     <Data Name=""RuleName""/>     <Data Name=""UtcTime"">2022-08-05 23:11:18.463</Data>     <Data Name=""ProcessGuid"">{140A6FA9-8EDF-62ED-0000-0010D81B7D01}</Data>     <Data Name=""ProcessId"">364</Data>     <Data Name=""Image"">C:\Windows\SysWOW64\rundll32.exe</Data>     <Data Name=""User"">CORP\Joann.Sims</Data>     <Data Name=""Protocol"">tcp</Data>     <Data Name=""Initiated"">true</Data>     <Data Name=""SourceIsIpv6"">false</Data>     <Data Name=""SourceIp"">172.17.11.184</Data>     <Data Name=""SourceHostname"">ACC-10.corp.net</Data>     <Data Name=""SourcePort"">52338</Data>     <Data Name=""SourcePortName""/>     <Data Name=""DestinationIsIpv6"">false</Data>     <Data Name=""DestinationIp"">82.144.131.5</Data>     <Data Name=""DestinationHostname"">5-131.gtt-net.cz</Data>     <Data Name=""DestinationPort"">443</Data>     <Data Name=""DestinationPortName"">https</Data>   </EventData> </Event> "
2022-08-05 23:11:59+00:00,ACC-10,evtx_Microsoft-Windows-Sysmon/Operational,Command and Control,Connection to C2,0.0,Microsoft-Windows-Sysmon/Operational;Microsoft-Windows-Sysmon;3,3,364,C:\Windows\SysWOW64\rundll32.exe,,,,,tcp,true,ACC-10.corp.net,172.17.11.184,52342,c-73-245-147-162.hsd1.fl.comcast.net,73.245.147.162,443,-,"<Event xmlns=""http://schemas.microsoft.com/win/2004/08/events/event"">   <System>     <Provider Name=""Microsoft-Windows-Sysmon"" Guid=""{5770385F-C22A-43E0-BF4C-06F5698FFBD9}""/>     <EventID>3</EventID>     <Version>5</Version>     <Level>4</Level>     <Task>3</Task>     <Opcode>0</Opcode>     <Keywords>0x8000000000000000</Keywords>     <TimeCreated SystemTime=""2022-08-05T23:11:59.069620500Z""/>     <EventRecordID>154188</EventRecordID>     <Correlation/>     <Execution ProcessID=""1428"" ThreadID=""1928""/>     <Channel>Microsoft-Windows-Sysmon/Operational</Channel>     <Computer>ACC-10.corp.net</Computer>     <Security UserID=""S-1-5-18""/>   </System>   <EventData>     <Data Name=""RuleName""/>     <Data Name=""UtcTime"">2022-08-05 23:11:53.519</Data>     <Data Name=""ProcessGuid"">{140A6FA9-8EDF-62ED-0000-0010D81B7D01}</Data>     <Data Name=""ProcessId"">364</Data>     <Data Name=""Image"">C:\Windows\SysWOW64\rundll32.exe</Data>     <Data Name=""User"">CORP\Joann.Sims</Data>     <Data Name=""Protocol"">tcp</Data>     <Data Name=""Initiated"">true</Data>     <Data Name=""SourceIsIpv6"">false</Data>     <Data Name=""SourceIp"">172.17.11.184</Data>     <Data Name=""SourceHostname"">ACC-10.corp.net</Data>     <Data Name=""SourcePort"">52342</Data>     <Data Name=""SourcePortName""/>     <Data Name=""DestinationIsIpv6"">false</Data>     <Data Name=""DestinationIp"">73.245.147.162</Data>     <Data Name=""DestinationHostname"">c-73-245-147-162.hsd1.fl.comcast.net</Data>     <Data Name=""DestinationPort"">443</Data>     <Data Name=""DestinationPortName"">https</Data>   </EventData> </Event> "
2022-08-05 23:11:59+00:00,ACC-10,evtx_Microsoft-Windows-Sysmon/Operational,Command and Control,Connection to C2,0.0,Microsoft-Windows-Sysmon/Operational;Microsoft-Windows-Sysmon;3,3,364,C:\Windows\SysWOW64\rundll32.exe,,,,,tcp,true,ACC-10.corp.net,172.17.11.184,52343,c-73-245-147-162.hsd1.fl.comcast.net,73.245.147.162,443,-,"<Event xmlns=""http://schemas.microsoft.com/win/2004/08/events/event"">   <System>     <Provider Name=""Microsoft-Windows-Sysmon"" Guid=""{5770385F-C22A-43E0-BF4C-06F5698FFBD9}""/>     <EventID>3</EventID>     <Version>5</Version>     <Level>4</Level>     <Task>3</Task>     <Opcode>0</Opcode>     <Keywords>0x8000000000000000</Keywords>     <TimeCreated SystemTime=""2022-08-05T23:11:59.069620500Z""/>     <EventRecordID>154189</EventRecordID>     <Correlation/>     <Execution ProcessID=""1428"" ThreadID=""1928""/>     <Channel>Microsoft-Windows-Sysmon/Operational</Channel>     <Computer>ACC-10.corp.net</Computer>     <Security UserID=""S-1-5-18""/>   </System>   <EventData>     <Data Name=""RuleName""/>     <Data Name=""UtcTime"">2022-08-05 23:11:53.615</Data>     <Data Name=""ProcessGuid"">{140A6FA9-8EDF-62ED-0000-0010D81B7D01}</Data>     <Data Name=""ProcessId"">364</Data>     <Data Name=""Image"">C:\Windows\SysWOW64\rundll32.exe</Data>     <Data Name=""User"">CORP\Joann.Sims</Data>     <Data Name=""Protocol"">tcp</Data>     <Data Name=""Initiated"">true</Data>     <Data Name=""SourceIsIpv6"">false</Data>     <Data Name=""SourceIp"">172.17.11.184</Data>     <Data Name=""SourceHostname"">ACC-10.corp.net</Data>     <Data Name=""SourcePort"">52343</Data>     <Data Name=""SourcePortName""/>     <Data Name=""DestinationIsIpv6"">false</Data>     <Data Name=""DestinationIp"">73.245.147.162</Data>     <Data Name=""DestinationHostname"">c-73-245-147-162.hsd1.fl.comcast.net</Data>     <Data Name=""DestinationPort"">443</Data>     <Data Name=""DestinationPortName"">https</Data>   </EventData> </Event> "
