2022-08-05 21:52:12+00:00,ACC-10,evtx_Microsoft-Windows-Sysmon/Operational,Discovery,"Scan subnet (12 hosts, TCP 135,139,3389,445)",0.0,Microsoft-Windows-Sysmon/Operational;Microsoft-Windows-Sysmon;3,3,5160,C:\Windows\SysWOW64\rundll32.exe,,,,,tcp,true,ACC-10.corp.net,172.17.11.184,54031,ACC-09,172.17.11.203,135,-,"<Event xmlns=""http://schemas.microsoft.com/win/2004/08/events/event"">   <System>     <Provider Name=""Microsoft-Windows-Sysmon"" Guid=""{5770385F-C22A-43E0-BF4C-06F5698FFBD9}""/>     <EventID>3</EventID>     <Version>5</Version>     <Level>4</Level>     <Task>3</Task>     <Opcode>0</Opcode>     <Keywords>0x8000000000000000</Keywords>     <TimeCreated SystemTime=""2022-08-05T21:52:12.717749900Z""/>     <EventRecordID>134373</EventRecordID>     <Correlation/>     <Execution ProcessID=""1428"" ThreadID=""1928""/>     <Channel>Microsoft-Windows-Sysmon/Operational</Channel>     <Computer>ACC-10.corp.net</Computer>     <Security UserID=""S-1-5-18""/>   </System>   <EventData>     <Data Name=""RuleName""/>     <Data Name=""UtcTime"">2022-08-05 21:52:06.515</Data>     <Data Name=""ProcessGuid"">{140A6FA9-90EF-62ED-0000-0010F1439001}</Data>     <Data Name=""ProcessId"">5160</Data>     <Data Name=""Image"">C:\Windows\SysWOW64\rundll32.exe</Data>     <Data Name=""User"">CORP\Joann.Sims</Data>     <Data Name=""Protocol"">tcp</Data>     <Data Name=""Initiated"">true</Data>     <Data Name=""SourceIsIpv6"">false</Data>     <Data Name=""SourceIp"">172.17.11.184</Data>     <Data Name=""SourceHostname"">ACC-10.corp.net</Data>     <Data Name=""SourcePort"">54031</Data>     <Data Name=""SourcePortName""/>     <Data Name=""DestinationIsIpv6"">false</Data>     <Data Name=""DestinationIp"">172.17.11.203</Data>     <Data Name=""DestinationHostname"">ACC-09</Data>     <Data Name=""DestinationPort"">135</Data>     <Data Name=""DestinationPortName"">epmap</Data>   </EventData> </Event> "
2022-08-05 21:52:14+00:00,ACC-10,evtx_Microsoft-Windows-Sysmon/Operational,Discovery,"Scan subnet (12 hosts, TCP 135,139,3389,445)",0.0,Microsoft-Windows-Sysmon/Operational;Microsoft-Windows-Sysmon;3,3,5160,C:\Windows\SysWOW64\rundll32.exe,,,,,tcp,true,ACC-10.corp.net,172.17.11.184,54032,ACC-04,172.17.11.195,3389,-,"<Event xmlns=""http://schemas.microsoft.com/win/2004/08/events/event"">   <System>     <Provider Name=""Microsoft-Windows-Sysmon"" Guid=""{5770385F-C22A-43E0-BF4C-06F5698FFBD9}""/>     <EventID>3</EventID>     <Version>5</Version>     <Level>4</Level>     <Task>3</Task>     <Opcode>0</Opcode>     <Keywords>0x8000000000000000</Keywords>     <TimeCreated SystemTime=""2022-08-05T21:52:14.543190300Z""/>     <EventRecordID>134374</EventRecordID>     <Correlation/>     <Execution ProcessID=""1428"" ThreadID=""1928""/>     <Channel>Microsoft-Windows-Sysmon/Operational</Channel>     <Computer>ACC-10.corp.net</Computer>     <Security UserID=""S-1-5-18""/>   </System>   <EventData>     <Data Name=""RuleName""/>     <Data Name=""UtcTime"">2022-08-05 21:52:09.355</Data>     <Data Name=""ProcessGuid"">{140A6FA9-90EF-62ED-0000-0010F1439001}</Data>     <Data Name=""ProcessId"">5160</Data>     <Data Name=""Image"">C:\Windows\SysWOW64\rundll32.exe</Data>     <Data Name=""User"">CORP\Joann.Sims</Data>     <Data Name=""Protocol"">tcp</Data>     <Data Name=""Initiated"">true</Data>     <Data Name=""SourceIsIpv6"">false</Data>     <Data Name=""SourceIp"">172.17.11.184</Data>     <Data Name=""SourceHostname"">ACC-10.corp.net</Data>     <Data Name=""SourcePort"">54032</Data>     <Data Name=""SourcePortName""/>     <Data Name=""DestinationIsIpv6"">false</Data>     <Data Name=""DestinationIp"">172.17.11.195</Data>     <Data Name=""DestinationHostname"">ACC-04</Data>     <Data Name=""DestinationPort"">3389</Data>     <Data Name=""DestinationPortName"">ms-wbt-server</Data>   </EventData> </Event> "
2022-08-05 21:52:14+00:00,ACC-10,evtx_Microsoft-Windows-Sysmon/Operational,Discovery,"Scan subnet (12 hosts, TCP 135,139,3389,445)",0.0,Microsoft-Windows-Sysmon/Operational;Microsoft-Windows-Sysmon;3,3,5160,C:\Windows\SysWOW64\rundll32.exe,,,,,tcp,true,ACC-10.corp.net,172.17.11.184,54028,ACC-09,172.17.11.203,3389,-,"<Event xmlns=""http://schemas.microsoft.com/win/2004/08/events/event"">   <System>     <Provider Name=""Microsoft-Windows-Sysmon"" Guid=""{5770385F-C22A-43E0-BF4C-06F5698FFBD9}""/>     <EventID>3</EventID>     <Version>5</Version>     <Level>4</Level>     <Task>3</Task>     <Opcode>0</Opcode>     <Keywords>0x8000000000000000</Keywords>     <TimeCreated SystemTime=""2022-08-05T21:52:14.543190300Z""/>     <EventRecordID>134375</EventRecordID>     <Correlation/>     <Execution ProcessID=""1428"" ThreadID=""1928""/>     <Channel>Microsoft-Windows-Sysmon/Operational</Channel>     <Computer>ACC-10.corp.net</Computer>     <Security UserID=""S-1-5-18""/>   </System>   <EventData>     <Data Name=""RuleName""/>     <Data Name=""UtcTime"">2022-08-05 21:52:09.356</Data>     <Data Name=""ProcessGuid"">{140A6FA9-90EF-62ED-0000-0010F1439001}</Data>     <Data Name=""ProcessId"">5160</Data>     <Data Name=""Image"">C:\Windows\SysWOW64\rundll32.exe</Data>     <Data Name=""User"">CORP\Joann.Sims</Data>     <Data Name=""Protocol"">tcp</Data>     <Data Name=""Initiated"">true</Data>     <Data Name=""SourceIsIpv6"">false</Data>     <Data Name=""SourceIp"">172.17.11.184</Data>     <Data Name=""SourceHostname"">ACC-10.corp.net</Data>     <Data Name=""SourcePort"">54028</Data>     <Data Name=""SourcePortName""/>     <Data Name=""DestinationIsIpv6"">false</Data>     <Data Name=""DestinationIp"">172.17.11.203</Data>     <Data Name=""DestinationHostname"">ACC-09</Data>     <Data Name=""DestinationPort"">3389</Data>     <Data Name=""DestinationPortName"">ms-wbt-server</Data>   </EventData> </Event> "
2022-08-05 21:52:14+00:00,ACC-10,evtx_Microsoft-Windows-Sysmon/Operational,Discovery,"Scan subnet (12 hosts, TCP 135,139,3389,445)",0.0,Microsoft-Windows-Sysmon/Operational;Microsoft-Windows-Sysmon;3,3,5160,C:\Windows\SysWOW64\rundll32.exe,,,,,tcp,true,ACC-10.corp.net,172.17.11.184,54056,ACC-12,172.17.11.167,3389,-,"<Event xmlns=""http://schemas.microsoft.com/win/2004/08/events/event"">   <System>     <Provider Name=""Microsoft-Windows-Sysmon"" Guid=""{5770385F-C22A-43E0-BF4C-06F5698FFBD9}""/>     <EventID>3</EventID>     <Version>5</Version>     <Level>4</Level>     <Task>3</Task>     <Opcode>0</Opcode>     <Keywords>0x8000000000000000</Keywords>     <TimeCreated SystemTime=""2022-08-05T21:52:14.543190300Z""/>     <EventRecordID>134376</EventRecordID>     <Correlation/>     <Execution ProcessID=""1428"" ThreadID=""1928""/>     <Channel>Microsoft-Windows-Sysmon/Operational</Channel>     <Computer>ACC-10.corp.net</Computer>     <Security UserID=""S-1-5-18""/>   </System>   <EventData>     <Data Name=""RuleName""/>     <Data Name=""UtcTime"">2022-08-05 21:52:09.358</Data>     <Data Name=""ProcessGuid"">{140A6FA9-90EF-62ED-0000-0010F1439001}</Data>     <Data Name=""ProcessId"">5160</Data>     <Data Name=""Image"">C:\Windows\SysWOW64\rundll32.exe</Data>     <Data Name=""User"">CORP\Joann.Sims</Data>     <Data Name=""Protocol"">tcp</Data>     <Data Name=""Initiated"">true</Data>     <Data Name=""SourceIsIpv6"">false</Data>     <Data Name=""SourceIp"">172.17.11.184</Data>     <Data Name=""SourceHostname"">ACC-10.corp.net</Data>     <Data Name=""SourcePort"">54056</Data>     <Data Name=""SourcePortName""/>     <Data Name=""DestinationIsIpv6"">false</Data>     <Data Name=""DestinationIp"">172.17.11.167</Data>     <Data Name=""DestinationHostname"">ACC-12</Data>     <Data Name=""DestinationPort"">3389</Data>     <Data Name=""DestinationPortName"">ms-wbt-server</Data>   </EventData> </Event> "
2022-08-05 21:52:16+00:00,ACC-10,evtx_Microsoft-Windows-Sysmon/Operational,Discovery,"Scan subnet (12 hosts, TCP 135,139,3389,445)",0.0,Microsoft-Windows-Sysmon/Operational;Microsoft-Windows-Sysmon;3,3,5160,C:\Windows\SysWOW64\rundll32.exe,,,,,tcp,true,ACC-10.corp.net,172.17.11.184,54026,ACC-06,172.17.11.204,139,-,"<Event xmlns=""http://schemas.microsoft.com/win/2004/08/events/event"">   <System>     <Provider Name=""Microsoft-Windows-Sysmon"" Guid=""{5770385F-C22A-43E0-BF4C-06F5698FFBD9}""/>     <EventID>3</EventID>     <Version>5</Version>     <Level>4</Level>     <Task>3</Task>     <Opcode>0</Opcode>     <Keywords>0x8000000000000000</Keywords>     <TimeCreated SystemTime=""2022-08-05T21:52:16.605131900Z""/>     <EventRecordID>134381</EventRecordID>     <Correlation/>     <Execution ProcessID=""1428"" ThreadID=""1928""/>     <Channel>Microsoft-Windows-Sysmon/Operational</Channel>     <Computer>ACC-10.corp.net</Computer>     <Security UserID=""S-1-5-18""/>   </System>   <EventData>     <Data Name=""RuleName""/>     <Data Name=""UtcTime"">2022-08-05 21:52:09.362</Data>     <Data Name=""ProcessGuid"">{140A6FA9-90EF-62ED-0000-0010F1439001}</Data>     <Data Name=""ProcessId"">5160</Data>     <Data Name=""Image"">C:\Windows\SysWOW64\rundll32.exe</Data>     <Data Name=""User"">CORP\Joann.Sims</Data>     <Data Name=""Protocol"">tcp</Data>     <Data Name=""Initiated"">true</Data>     <Data Name=""SourceIsIpv6"">false</Data>     <Data Name=""SourceIp"">172.17.11.184</Data>     <Data Name=""SourceHostname"">ACC-10.corp.net</Data>     <Data Name=""SourcePort"">54026</Data>     <Data Name=""SourcePortName""/>     <Data Name=""DestinationIsIpv6"">false</Data>     <Data Name=""DestinationIp"">172.17.11.204</Data>     <Data Name=""DestinationHostname"">ACC-06</Data>     <Data Name=""DestinationPort"">139</Data>     <Data Name=""DestinationPortName"">netbios-ssn</Data>   </EventData> </Event> "
2022-08-05 21:52:16+00:00,ACC-10,evtx_Microsoft-Windows-Sysmon/Operational,Discovery,"Scan subnet (12 hosts, TCP 135,139,3389,445)",0.0,Microsoft-Windows-Sysmon/Operational;Microsoft-Windows-Sysmon;3,3,5160,C:\Windows\SysWOW64\rundll32.exe,,,,,tcp,true,ACC-10.corp.net,172.17.11.184,54024,ACC-06,172.17.11.204,3389,-,"<Event xmlns=""http://schemas.microsoft.com/win/2004/08/events/event"">   <System>     <Provider Name=""Microsoft-Windows-Sysmon"" Guid=""{5770385F-C22A-43E0-BF4C-06F5698FFBD9}""/>     <EventID>3</EventID>     <Version>5</Version>     <Level>4</Level>     <Task>3</Task>     <Opcode>0</Opcode>     <Keywords>0x8000000000000000</Keywords>     <TimeCreated SystemTime=""2022-08-05T21:52:16.605131900Z""/>     <EventRecordID>134382</EventRecordID>     <Correlation/>     <Execution ProcessID=""1428"" ThreadID=""1928""/>     <Channel>Microsoft-Windows-Sysmon/Operational</Channel>     <Computer>ACC-10.corp.net</Computer>     <Security UserID=""S-1-5-18""/>   </System>   <EventData>     <Data Name=""RuleName""/>     <Data Name=""UtcTime"">2022-08-05 21:52:09.362</Data>     <Data Name=""ProcessGuid"">{140A6FA9-90EF-62ED-0000-0010F1439001}</Data>     <Data Name=""ProcessId"">5160</Data>     <Data Name=""Image"">C:\Windows\SysWOW64\rundll32.exe</Data>     <Data Name=""User"">CORP\Joann.Sims</Data>     <Data Name=""Protocol"">tcp</Data>     <Data Name=""Initiated"">true</Data>     <Data Name=""SourceIsIpv6"">false</Data>     <Data Name=""SourceIp"">172.17.11.184</Data>     <Data Name=""SourceHostname"">ACC-10.corp.net</Data>     <Data Name=""SourcePort"">54024</Data>     <Data Name=""SourcePortName""/>     <Data Name=""DestinationIsIpv6"">false</Data>     <Data Name=""DestinationIp"">172.17.11.204</Data>     <Data Name=""DestinationHostname"">ACC-06</Data>     <Data Name=""DestinationPort"">3389</Data>     <Data Name=""DestinationPortName"">ms-wbt-server</Data>   </EventData> </Event> "
2022-08-05 21:52:16+00:00,ACC-10,evtx_Microsoft-Windows-Sysmon/Operational,Discovery,"Scan subnet (12 hosts, TCP 135,139,3389,445)",0.0,Microsoft-Windows-Sysmon/Operational;Microsoft-Windows-Sysmon;3,3,5160,C:\Windows\SysWOW64\rundll32.exe,,,,,tcp,true,ACC-10.corp.net,172.17.11.184,54025,ACC-06,172.17.11.204,445,-,"<Event xmlns=""http://schemas.microsoft.com/win/2004/08/events/event"">   <System>     <Provider Name=""Microsoft-Windows-Sysmon"" Guid=""{5770385F-C22A-43E0-BF4C-06F5698FFBD9}""/>     <EventID>3</EventID>     <Version>5</Version>     <Level>4</Level>     <Task>3</Task>     <Opcode>0</Opcode>     <Keywords>0x8000000000000000</Keywords>     <TimeCreated SystemTime=""2022-08-05T21:52:16.605131900Z""/>     <EventRecordID>134383</EventRecordID>     <Correlation/>     <Execution ProcessID=""1428"" ThreadID=""1928""/>     <Channel>Microsoft-Windows-Sysmon/Operational</Channel>     <Computer>ACC-10.corp.net</Computer>     <Security UserID=""S-1-5-18""/>   </System>   <EventData>     <Data Name=""RuleName""/>     <Data Name=""UtcTime"">2022-08-05 21:52:09.362</Data>     <Data Name=""ProcessGuid"">{140A6FA9-90EF-62ED-0000-0010F1439001}</Data>     <Data Name=""ProcessId"">5160</Data>     <Data Name=""Image"">C:\Windows\SysWOW64\rundll32.exe</Data>     <Data Name=""User"">CORP\Joann.Sims</Data>     <Data Name=""Protocol"">tcp</Data>     <Data Name=""Initiated"">true</Data>     <Data Name=""SourceIsIpv6"">false</Data>     <Data Name=""SourceIp"">172.17.11.184</Data>     <Data Name=""SourceHostname"">ACC-10.corp.net</Data>     <Data Name=""SourcePort"">54025</Data>     <Data Name=""SourcePortName""/>     <Data Name=""DestinationIsIpv6"">false</Data>     <Data Name=""DestinationIp"">172.17.11.204</Data>     <Data Name=""DestinationHostname"">ACC-06</Data>     <Data Name=""DestinationPort"">445</Data>     <Data Name=""DestinationPortName"">microsoft-ds</Data>   </EventData> </Event> "
2022-08-05 21:52:16+00:00,ACC-10,evtx_Microsoft-Windows-Sysmon/Operational,Discovery,"Scan subnet (12 hosts, TCP 135,139,3389,445)",0.0,Microsoft-Windows-Sysmon/Operational;Microsoft-Windows-Sysmon;3,3,5160,C:\Windows\SysWOW64\rundll32.exe,,,,,tcp,true,ACC-10.corp.net,172.17.11.184,54060,ACC-05,172.17.11.164,3389,-,"<Event xmlns=""http://schemas.microsoft.com/win/2004/08/events/event"">   <System>     <Provider Name=""Microsoft-Windows-Sysmon"" Guid=""{5770385F-C22A-43E0-BF4C-06F5698FFBD9}""/>     <EventID>3</EventID>     <Version>5</Version>     <Level>4</Level>     <Task>3</Task>     <Opcode>0</Opcode>     <Keywords>0x8000000000000000</Keywords>     <TimeCreated SystemTime=""2022-08-05T21:52:16.605131900Z""/>     <EventRecordID>134384</EventRecordID>     <Correlation/>     <Execution ProcessID=""1428"" ThreadID=""1928""/>     <Channel>Microsoft-Windows-Sysmon/Operational</Channel>     <Computer>ACC-10.corp.net</Computer>     <Security UserID=""S-1-5-18""/>   </System>   <EventData>     <Data Name=""RuleName""/>     <Data Name=""UtcTime"">2022-08-05 21:52:09.373</Data>     <Data Name=""ProcessGuid"">{140A6FA9-90EF-62ED-0000-0010F1439001}</Data>     <Data Name=""ProcessId"">5160</Data>     <Data Name=""Image"">C:\Windows\SysWOW64\rundll32.exe</Data>     <Data Name=""User"">CORP\Joann.Sims</Data>     <Data Name=""Protocol"">tcp</Data>     <Data Name=""Initiated"">true</Data>     <Data Name=""SourceIsIpv6"">false</Data>     <Data Name=""SourceIp"">172.17.11.184</Data>     <Data Name=""SourceHostname"">ACC-10.corp.net</Data>     <Data Name=""SourcePort"">54060</Data>     <Data Name=""SourcePortName""/>     <Data Name=""DestinationIsIpv6"">false</Data>     <Data Name=""DestinationIp"">172.17.11.164</Data>     <Data Name=""DestinationHostname"">ACC-05</Data>     <Data Name=""DestinationPort"">3389</Data>     <Data Name=""DestinationPortName"">ms-wbt-server</Data>   </EventData> </Event> "
2022-08-05 21:52:16+00:00,ACC-10,evtx_Microsoft-Windows-Sysmon/Operational,Discovery,"Scan subnet (12 hosts, TCP 135,139,3389,445)",0.0,Microsoft-Windows-Sysmon/Operational;Microsoft-Windows-Sysmon;3,3,5160,C:\Windows\SysWOW64\rundll32.exe,,,,,tcp,true,ACC-10.corp.net,172.17.11.184,54061,ACC-05,172.17.11.164,445,-,"<Event xmlns=""http://schemas.microsoft.com/win/2004/08/events/event"">   <System>     <Provider Name=""Microsoft-Windows-Sysmon"" Guid=""{5770385F-C22A-43E0-BF4C-06F5698FFBD9}""/>     <EventID>3</EventID>     <Version>5</Version>     <Level>4</Level>     <Task>3</Task>     <Opcode>0</Opcode>     <Keywords>0x8000000000000000</Keywords>     <TimeCreated SystemTime=""2022-08-05T21:52:16.605131900Z""/>     <EventRecordID>134385</EventRecordID>     <Correlation/>     <Execution ProcessID=""1428"" ThreadID=""1928""/>     <Channel>Microsoft-Windows-Sysmon/Operational</Channel>     <Computer>ACC-10.corp.net</Computer>     <Security UserID=""S-1-5-18""/>   </System>   <EventData>     <Data Name=""RuleName""/>     <Data Name=""UtcTime"">2022-08-05 21:52:09.373</Data>     <Data Name=""ProcessGuid"">{140A6FA9-90EF-62ED-0000-0010F1439001}</Data>     <Data Name=""ProcessId"">5160</Data>     <Data Name=""Image"">C:\Windows\SysWOW64\rundll32.exe</Data>     <Data Name=""User"">CORP\Joann.Sims</Data>     <Data Name=""Protocol"">tcp</Data>     <Data Name=""Initiated"">true</Data>     <Data Name=""SourceIsIpv6"">false</Data>     <Data Name=""SourceIp"">172.17.11.184</Data>     <Data Name=""SourceHostname"">ACC-10.corp.net</Data>     <Data Name=""SourcePort"">54061</Data>     <Data Name=""SourcePortName""/>     <Data Name=""DestinationIsIpv6"">false</Data>     <Data Name=""DestinationIp"">172.17.11.164</Data>     <Data Name=""DestinationHostname"">ACC-05</Data>     <Data Name=""DestinationPort"">445</Data>     <Data Name=""DestinationPortName"">microsoft-ds</Data>   </EventData> </Event> "
2022-08-05 21:52:16+00:00,ACC-10,evtx_Microsoft-Windows-Sysmon/Operational,Discovery,"Scan subnet (12 hosts, TCP 135,139,3389,445)",0.0,Microsoft-Windows-Sysmon/Operational;Microsoft-Windows-Sysmon;3,3,5160,C:\Windows\SysWOW64\rundll32.exe,,,,,tcp,true,ACC-10.corp.net,172.17.11.184,54048,ACC-11,172.17.11.177,3389,-,"<Event xmlns=""http://schemas.microsoft.com/win/2004/08/events/event"">   <System>     <Provider Name=""Microsoft-Windows-Sysmon"" Guid=""{5770385F-C22A-43E0-BF4C-06F5698FFBD9}""/>     <EventID>3</EventID>     <Version>5</Version>     <Level>4</Level>     <Task>3</Task>     <Opcode>0</Opcode>     <Keywords>0x8000000000000000</Keywords>     <TimeCreated SystemTime=""2022-08-05T21:52:16.605131900Z""/>     <EventRecordID>134386</EventRecordID>     <Correlation/>     <Execution ProcessID=""1428"" ThreadID=""1928""/>     <Channel>Microsoft-Windows-Sysmon/Operational</Channel>     <Computer>ACC-10.corp.net</Computer>     <Security UserID=""S-1-5-18""/>   </System>   <EventData>     <Data Name=""RuleName""/>     <Data Name=""UtcTime"">2022-08-05 21:52:09.375</Data>     <Data Name=""ProcessGuid"">{140A6FA9-90EF-62ED-0000-0010F1439001}</Data>     <Data Name=""ProcessId"">5160</Data>     <Data Name=""Image"">C:\Windows\SysWOW64\rundll32.exe</Data>     <Data Name=""User"">CORP\Joann.Sims</Data>     <Data Name=""Protocol"">tcp</Data>     <Data Name=""Initiated"">true</Data>     <Data Name=""SourceIsIpv6"">false</Data>     <Data Name=""SourceIp"">172.17.11.184</Data>     <Data Name=""SourceHostname"">ACC-10.corp.net</Data>     <Data Name=""SourcePort"">54048</Data>     <Data Name=""SourcePortName""/>     <Data Name=""DestinationIsIpv6"">false</Data>     <Data Name=""DestinationIp"">172.17.11.177</Data>     <Data Name=""DestinationHostname"">ACC-11</Data>     <Data Name=""DestinationPort"">3389</Data>     <Data Name=""DestinationPortName"">ms-wbt-server</Data>   </EventData> </Event> "
2022-08-05 21:52:16+00:00,ACC-10,evtx_Microsoft-Windows-Sysmon/Operational,Discovery,"Scan subnet (12 hosts, TCP 135,139,3389,445)",0.0,Microsoft-Windows-Sysmon/Operational;Microsoft-Windows-Sysmon;3,3,5160,C:\Windows\SysWOW64\rundll32.exe,,,,,tcp,true,ACC-10.corp.net,172.17.11.184,54049,ACC-11,172.17.11.177,445,-,"<Event xmlns=""http://schemas.microsoft.com/win/2004/08/events/event"">   <System>     <Provider Name=""Microsoft-Windows-Sysmon"" Guid=""{5770385F-C22A-43E0-BF4C-06F5698FFBD9}""/>     <EventID>3</EventID>     <Version>5</Version>     <Level>4</Level>     <Task>3</Task>     <Opcode>0</Opcode>     <Keywords>0x8000000000000000</Keywords>     <TimeCreated SystemTime=""2022-08-05T21:52:16.605131900Z""/>     <EventRecordID>134387</EventRecordID>     <Correlation/>     <Execution ProcessID=""1428"" ThreadID=""1928""/>     <Channel>Microsoft-Windows-Sysmon/Operational</Channel>     <Computer>ACC-10.corp.net</Computer>     <Security UserID=""S-1-5-18""/>   </System>   <EventData>     <Data Name=""RuleName""/>     <Data Name=""UtcTime"">2022-08-05 21:52:09.375</Data>     <Data Name=""ProcessGuid"">{140A6FA9-90EF-62ED-0000-0010F1439001}</Data>     <Data Name=""ProcessId"">5160</Data>     <Data Name=""Image"">C:\Windows\SysWOW64\rundll32.exe</Data>     <Data Name=""User"">CORP\Joann.Sims</Data>     <Data Name=""Protocol"">tcp</Data>     <Data Name=""Initiated"">true</Data>     <Data Name=""SourceIsIpv6"">false</Data>     <Data Name=""SourceIp"">172.17.11.184</Data>     <Data Name=""SourceHostname"">ACC-10.corp.net</Data>     <Data Name=""SourcePort"">54049</Data>     <Data Name=""SourcePortName""/>     <Data Name=""DestinationIsIpv6"">false</Data>     <Data Name=""DestinationIp"">172.17.11.177</Data>     <Data Name=""DestinationHostname"">ACC-11</Data>     <Data Name=""DestinationPort"">445</Data>     <Data Name=""DestinationPortName"">microsoft-ds</Data>   </EventData> </Event> "
2022-08-05 21:52:16+00:00,ACC-10,evtx_Microsoft-Windows-Sysmon/Operational,Discovery,"Scan subnet (12 hosts, TCP 135,139,3389,445)",0.0,Microsoft-Windows-Sysmon/Operational;Microsoft-Windows-Sysmon;3,3,5160,C:\Windows\SysWOW64\rundll32.exe,,,,,tcp,true,ACC-10.corp.net,172.17.11.184,54030,ACC-09,172.17.11.203,139,-,"<Event xmlns=""http://schemas.microsoft.com/win/2004/08/events/event"">   <System>     <Provider Name=""Microsoft-Windows-Sysmon"" Guid=""{5770385F-C22A-43E0-BF4C-06F5698FFBD9}""/>     <EventID>3</EventID>     <Version>5</Version>     <Level>4</Level>     <Task>3</Task>     <Opcode>0</Opcode>     <Keywords>0x8000000000000000</Keywords>     <TimeCreated SystemTime=""2022-08-05T21:52:16.605131900Z""/>     <EventRecordID>134388</EventRecordID>     <Correlation/>     <Execution ProcessID=""1428"" ThreadID=""1928""/>     <Channel>Microsoft-Windows-Sysmon/Operational</Channel>     <Computer>ACC-10.corp.net</Computer>     <Security UserID=""S-1-5-18""/>   </System>   <EventData>     <Data Name=""RuleName""/>     <Data Name=""UtcTime"">2022-08-05 21:52:09.382</Data>     <Data Name=""ProcessGuid"">{140A6FA9-90EF-62ED-0000-0010F1439001}</Data>     <Data Name=""ProcessId"">5160</Data>     <Data Name=""Image"">C:\Windows\SysWOW64\rundll32.exe</Data>     <Data Name=""User"">CORP\Joann.Sims</Data>     <Data Name=""Protocol"">tcp</Data>     <Data Name=""Initiated"">true</Data>     <Data Name=""SourceIsIpv6"">false</Data>     <Data Name=""SourceIp"">172.17.11.184</Data>     <Data Name=""SourceHostname"">ACC-10.corp.net</Data>     <Data Name=""SourcePort"">54030</Data>     <Data Name=""SourcePortName""/>     <Data Name=""DestinationIsIpv6"">false</Data>     <Data Name=""DestinationIp"">172.17.11.203</Data>     <Data Name=""DestinationHostname"">ACC-09</Data>     <Data Name=""DestinationPort"">139</Data>     <Data Name=""DestinationPortName"">netbios-ssn</Data>   </EventData> </Event> "
2022-08-05 21:52:16+00:00,ACC-10,evtx_Microsoft-Windows-Sysmon/Operational,Discovery,"Scan subnet (12 hosts, TCP 135,139,3389,445)",0.0,Microsoft-Windows-Sysmon/Operational;Microsoft-Windows-Sysmon;3,3,5160,C:\Windows\SysWOW64\rundll32.exe,,,,,tcp,true,ACC-10.corp.net,172.17.11.184,54029,ACC-09,172.17.11.203,445,-,"<Event xmlns=""http://schemas.microsoft.com/win/2004/08/events/event"">   <System>     <Provider Name=""Microsoft-Windows-Sysmon"" Guid=""{5770385F-C22A-43E0-BF4C-06F5698FFBD9}""/>     <EventID>3</EventID>     <Version>5</Version>     <Level>4</Level>     <Task>3</Task>     <Opcode>0</Opcode>     <Keywords>0x8000000000000000</Keywords>     <TimeCreated SystemTime=""2022-08-05T21:52:16.605131900Z""/>     <EventRecordID>134389</EventRecordID>     <Correlation/>     <Execution ProcessID=""1428"" ThreadID=""1928""/>     <Channel>Microsoft-Windows-Sysmon/Operational</Channel>     <Computer>ACC-10.corp.net</Computer>     <Security UserID=""S-1-5-18""/>   </System>   <EventData>     <Data Name=""RuleName""/>     <Data Name=""UtcTime"">2022-08-05 21:52:09.383</Data>     <Data Name=""ProcessGuid"">{140A6FA9-90EF-62ED-0000-0010F1439001}</Data>     <Data Name=""ProcessId"">5160</Data>     <Data Name=""Image"">C:\Windows\SysWOW64\rundll32.exe</Data>     <Data Name=""User"">CORP\Joann.Sims</Data>     <Data Name=""Protocol"">tcp</Data>     <Data Name=""Initiated"">true</Data>     <Data Name=""SourceIsIpv6"">false</Data>     <Data Name=""SourceIp"">172.17.11.184</Data>     <Data Name=""SourceHostname"">ACC-10.corp.net</Data>     <Data Name=""SourcePort"">54029</Data>     <Data Name=""SourcePortName""/>     <Data Name=""DestinationIsIpv6"">false</Data>     <Data Name=""DestinationIp"">172.17.11.203</Data>     <Data Name=""DestinationHostname"">ACC-09</Data>     <Data Name=""DestinationPort"">445</Data>     <Data Name=""DestinationPortName"">microsoft-ds</Data>   </EventData> </Event> "
2022-08-05 21:52:16+00:00,ACC-10,evtx_Microsoft-Windows-Sysmon/Operational,Discovery,"Scan subnet (12 hosts, TCP 135,139,3389,445)",0.0,Microsoft-Windows-Sysmon/Operational;Microsoft-Windows-Sysmon;3,3,5160,C:\Windows\SysWOW64\rundll32.exe,,,,,tcp,true,ACC-10.corp.net,172.17.11.184,54052,ACC-03,172.17.11.171,3389,-,"<Event xmlns=""http://schemas.microsoft.com/win/2004/08/events/event"">   <System>     <Provider Name=""Microsoft-Windows-Sysmon"" Guid=""{5770385F-C22A-43E0-BF4C-06F5698FFBD9}""/>     <EventID>3</EventID>     <Version>5</Version>     <Level>4</Level>     <Task>3</Task>     <Opcode>0</Opcode>     <Keywords>0x8000000000000000</Keywords>     <TimeCreated SystemTime=""2022-08-05T21:52:16.605131900Z""/>     <EventRecordID>134390</EventRecordID>     <Correlation/>     <Execution ProcessID=""1428"" ThreadID=""1928""/>     <Channel>Microsoft-Windows-Sysmon/Operational</Channel>     <Computer>ACC-10.corp.net</Computer>     <Security UserID=""S-1-5-18""/>   </System>   <EventData>     <Data Name=""RuleName""/>     <Data Name=""UtcTime"">2022-08-05 21:52:09.470</Data>     <Data Name=""ProcessGuid"">{140A6FA9-90EF-62ED-0000-0010F1439001}</Data>     <Data Name=""ProcessId"">5160</Data>     <Data Name=""Image"">C:\Windows\SysWOW64\rundll32.exe</Data>     <Data Name=""User"">CORP\Joann.Sims</Data>     <Data Name=""Protocol"">tcp</Data>     <Data Name=""Initiated"">true</Data>     <Data Name=""SourceIsIpv6"">false</Data>     <Data Name=""SourceIp"">172.17.11.184</Data>     <Data Name=""SourceHostname"">ACC-10.corp.net</Data>     <Data Name=""SourcePort"">54052</Data>     <Data Name=""SourcePortName""/>     <Data Name=""DestinationIsIpv6"">false</Data>     <Data Name=""DestinationIp"">172.17.11.171</Data>     <Data Name=""DestinationHostname"">ACC-03</Data>     <Data Name=""DestinationPort"">3389</Data>     <Data Name=""DestinationPortName"">ms-wbt-server</Data>   </EventData> </Event> "
2022-08-05 21:52:16+00:00,ACC-10,evtx_Microsoft-Windows-Sysmon/Operational,Discovery,"Scan subnet (12 hosts, TCP 135,139,3389,445)",0.0,Microsoft-Windows-Sysmon/Operational;Microsoft-Windows-Sysmon;3,3,5160,C:\Windows\SysWOW64\rundll32.exe,,,,,tcp,true,ACC-10.corp.net,172.17.11.184,54054,ACC-03,172.17.11.171,139,-,"<Event xmlns=""http://schemas.microsoft.com/win/2004/08/events/event"">   <System>     <Provider Name=""Microsoft-Windows-Sysmon"" Guid=""{5770385F-C22A-43E0-BF4C-06F5698FFBD9}""/>     <EventID>3</EventID>     <Version>5</Version>     <Level>4</Level>     <Task>3</Task>     <Opcode>0</Opcode>     <Keywords>0x8000000000000000</Keywords>     <TimeCreated SystemTime=""2022-08-05T21:52:16.605131900Z""/>     <EventRecordID>134391</EventRecordID>     <Correlation/>     <Execution ProcessID=""1428"" ThreadID=""1928""/>     <Channel>Microsoft-Windows-Sysmon/Operational</Channel>     <Computer>ACC-10.corp.net</Computer>     <Security UserID=""S-1-5-18""/>   </System>   <EventData>     <Data Name=""RuleName""/>     <Data Name=""UtcTime"">2022-08-05 21:52:09.470</Data>     <Data Name=""ProcessGuid"">{140A6FA9-90EF-62ED-0000-0010F1439001}</Data>     <Data Name=""ProcessId"">5160</Data>     <Data Name=""Image"">C:\Windows\SysWOW64\rundll32.exe</Data>     <Data Name=""User"">CORP\Joann.Sims</Data>     <Data Name=""Protocol"">tcp</Data>     <Data Name=""Initiated"">true</Data>     <Data Name=""SourceIsIpv6"">false</Data>     <Data Name=""SourceIp"">172.17.11.184</Data>     <Data Name=""SourceHostname"">ACC-10.corp.net</Data>     <Data Name=""SourcePort"">54054</Data>     <Data Name=""SourcePortName""/>     <Data Name=""DestinationIsIpv6"">false</Data>     <Data Name=""DestinationIp"">172.17.11.171</Data>     <Data Name=""DestinationHostname"">ACC-03</Data>     <Data Name=""DestinationPort"">139</Data>     <Data Name=""DestinationPortName"">netbios-ssn</Data>   </EventData> </Event> "
2022-08-05 21:52:16+00:00,ACC-10,evtx_Microsoft-Windows-Sysmon/Operational,Discovery,"Scan subnet (12 hosts, TCP 135,139,3389,445)",0.0,Microsoft-Windows-Sysmon/Operational;Microsoft-Windows-Sysmon;3,3,5160,C:\Windows\SysWOW64\rundll32.exe,,,,,tcp,true,ACC-10.corp.net,172.17.11.184,54053,ACC-03,172.17.11.171,445,-,"<Event xmlns=""http://schemas.microsoft.com/win/2004/08/events/event"">   <System>     <Provider Name=""Microsoft-Windows-Sysmon"" Guid=""{5770385F-C22A-43E0-BF4C-06F5698FFBD9}""/>     <EventID>3</EventID>     <Version>5</Version>     <Level>4</Level>     <Task>3</Task>     <Opcode>0</Opcode>     <Keywords>0x8000000000000000</Keywords>     <TimeCreated SystemTime=""2022-08-05T21:52:16.605131900Z""/>     <EventRecordID>134392</EventRecordID>     <Correlation/>     <Execution ProcessID=""1428"" ThreadID=""1928""/>     <Channel>Microsoft-Windows-Sysmon/Operational</Channel>     <Computer>ACC-10.corp.net</Computer>     <Security UserID=""S-1-5-18""/>   </System>   <EventData>     <Data Name=""RuleName""/>     <Data Name=""UtcTime"">2022-08-05 21:52:09.470</Data>     <Data Name=""ProcessGuid"">{140A6FA9-90EF-62ED-0000-0010F1439001}</Data>     <Data Name=""ProcessId"">5160</Data>     <Data Name=""Image"">C:\Windows\SysWOW64\rundll32.exe</Data>     <Data Name=""User"">CORP\Joann.Sims</Data>     <Data Name=""Protocol"">tcp</Data>     <Data Name=""Initiated"">true</Data>     <Data Name=""SourceIsIpv6"">false</Data>     <Data Name=""SourceIp"">172.17.11.184</Data>     <Data Name=""SourceHostname"">ACC-10.corp.net</Data>     <Data Name=""SourcePort"">54053</Data>     <Data Name=""SourcePortName""/>     <Data Name=""DestinationIsIpv6"">false</Data>     <Data Name=""DestinationIp"">172.17.11.171</Data>     <Data Name=""DestinationHostname"">ACC-03</Data>     <Data Name=""DestinationPort"">445</Data>     <Data Name=""DestinationPortName"">microsoft-ds</Data>   </EventData> </Event> "
2022-08-05 21:52:16+00:00,ACC-10,evtx_Microsoft-Windows-Sysmon/Operational,Discovery,"Scan subnet (12 hosts, TCP 135,139,3389,445)",0.0,Microsoft-Windows-Sysmon/Operational;Microsoft-Windows-Sysmon;3,3,5160,C:\Windows\SysWOW64\rundll32.exe,,,,,tcp,true,ACC-10.corp.net,172.17.11.184,54037,ACC-07,172.17.11.190,445,-,"<Event xmlns=""http://schemas.microsoft.com/win/2004/08/events/event"">   <System>     <Provider Name=""Microsoft-Windows-Sysmon"" Guid=""{5770385F-C22A-43E0-BF4C-06F5698FFBD9}""/>     <EventID>3</EventID>     <Version>5</Version>     <Level>4</Level>     <Task>3</Task>     <Opcode>0</Opcode>     <Keywords>0x8000000000000000</Keywords>     <TimeCreated SystemTime=""2022-08-05T21:52:16.605131900Z""/>     <EventRecordID>134393</EventRecordID>     <Correlation/>     <Execution ProcessID=""1428"" ThreadID=""1928""/>     <Channel>Microsoft-Windows-Sysmon/Operational</Channel>     <Computer>ACC-10.corp.net</Computer>     <Security UserID=""S-1-5-18""/>   </System>   <EventData>     <Data Name=""RuleName""/>     <Data Name=""UtcTime"">2022-08-05 21:52:09.514</Data>     <Data Name=""ProcessGuid"">{140A6FA9-90EF-62ED-0000-0010F1439001}</Data>     <Data Name=""ProcessId"">5160</Data>     <Data Name=""Image"">C:\Windows\SysWOW64\rundll32.exe</Data>     <Data Name=""User"">CORP\Joann.Sims</Data>     <Data Name=""Protocol"">tcp</Data>     <Data Name=""Initiated"">true</Data>     <Data Name=""SourceIsIpv6"">false</Data>     <Data Name=""SourceIp"">172.17.11.184</Data>     <Data Name=""SourceHostname"">ACC-10.corp.net</Data>     <Data Name=""SourcePort"">54037</Data>     <Data Name=""SourcePortName""/>     <Data Name=""DestinationIsIpv6"">false</Data>     <Data Name=""DestinationIp"">172.17.11.190</Data>     <Data Name=""DestinationHostname"">ACC-07</Data>     <Data Name=""DestinationPort"">445</Data>     <Data Name=""DestinationPortName"">microsoft-ds</Data>   </EventData> </Event> "
2022-08-05 21:52:16+00:00,ACC-10,evtx_Microsoft-Windows-Sysmon/Operational,Discovery,"Scan subnet (12 hosts, TCP 135,139,3389,445)",0.0,Microsoft-Windows-Sysmon/Operational;Microsoft-Windows-Sysmon;3,3,5160,C:\Windows\SysWOW64\rundll32.exe,,,,,tcp,true,ACC-10.corp.net,172.17.11.184,54036,ACC-07,172.17.11.190,3389,-,"<Event xmlns=""http://schemas.microsoft.com/win/2004/08/events/event"">   <System>     <Provider Name=""Microsoft-Windows-Sysmon"" Guid=""{5770385F-C22A-43E0-BF4C-06F5698FFBD9}""/>     <EventID>3</EventID>     <Version>5</Version>     <Level>4</Level>     <Task>3</Task>     <Opcode>0</Opcode>     <Keywords>0x8000000000000000</Keywords>     <TimeCreated SystemTime=""2022-08-05T21:52:16.605131900Z""/>     <EventRecordID>134394</EventRecordID>     <Correlation/>     <Execution ProcessID=""1428"" ThreadID=""1928""/>     <Channel>Microsoft-Windows-Sysmon/Operational</Channel>     <Computer>ACC-10.corp.net</Computer>     <Security UserID=""S-1-5-18""/>   </System>   <EventData>     <Data Name=""RuleName""/>     <Data Name=""UtcTime"">2022-08-05 21:52:09.516</Data>     <Data Name=""ProcessGuid"">{140A6FA9-90EF-62ED-0000-0010F1439001}</Data>     <Data Name=""ProcessId"">5160</Data>     <Data Name=""Image"">C:\Windows\SysWOW64\rundll32.exe</Data>     <Data Name=""User"">CORP\Joann.Sims</Data>     <Data Name=""Protocol"">tcp</Data>     <Data Name=""Initiated"">true</Data>     <Data Name=""SourceIsIpv6"">false</Data>     <Data Name=""SourceIp"">172.17.11.184</Data>     <Data Name=""SourceHostname"">ACC-10.corp.net</Data>     <Data Name=""SourcePort"">54036</Data>     <Data Name=""SourcePortName""/>     <Data Name=""DestinationIsIpv6"">false</Data>     <Data Name=""DestinationIp"">172.17.11.190</Data>     <Data Name=""DestinationHostname"">ACC-07</Data>     <Data Name=""DestinationPort"">3389</Data>     <Data Name=""DestinationPortName"">ms-wbt-server</Data>   </EventData> </Event> "
2022-08-05 21:52:16+00:00,ACC-10,evtx_Microsoft-Windows-Sysmon/Operational,Discovery,"Scan subnet (12 hosts, TCP 135,139,3389,445)",0.0,Microsoft-Windows-Sysmon/Operational;Microsoft-Windows-Sysmon;3,3,5160,C:\Windows\SysWOW64\rundll32.exe,,,,,tcp,true,ACC-10.corp.net,172.17.11.184,54038,ACC-07,172.17.11.190,139,-,"<Event xmlns=""http://schemas.microsoft.com/win/2004/08/events/event"">   <System>     <Provider Name=""Microsoft-Windows-Sysmon"" Guid=""{5770385F-C22A-43E0-BF4C-06F5698FFBD9}""/>     <EventID>3</EventID>     <Version>5</Version>     <Level>4</Level>     <Task>3</Task>     <Opcode>0</Opcode>     <Keywords>0x8000000000000000</Keywords>     <TimeCreated SystemTime=""2022-08-05T21:52:16.605131900Z""/>     <EventRecordID>134395</EventRecordID>     <Correlation/>     <Execution ProcessID=""1428"" ThreadID=""1928""/>     <Channel>Microsoft-Windows-Sysmon/Operational</Channel>     <Computer>ACC-10.corp.net</Computer>     <Security UserID=""S-1-5-18""/>   </System>   <EventData>     <Data Name=""RuleName""/>     <Data Name=""UtcTime"">2022-08-05 21:52:09.516</Data>     <Data Name=""ProcessGuid"">{140A6FA9-90EF-62ED-0000-0010F1439001}</Data>     <Data Name=""ProcessId"">5160</Data>     <Data Name=""Image"">C:\Windows\SysWOW64\rundll32.exe</Data>     <Data Name=""User"">CORP\Joann.Sims</Data>     <Data Name=""Protocol"">tcp</Data>     <Data Name=""Initiated"">true</Data>     <Data Name=""SourceIsIpv6"">false</Data>     <Data Name=""SourceIp"">172.17.11.184</Data>     <Data Name=""SourceHostname"">ACC-10.corp.net</Data>     <Data Name=""SourcePort"">54038</Data>     <Data Name=""SourcePortName""/>     <Data Name=""DestinationIsIpv6"">false</Data>     <Data Name=""DestinationIp"">172.17.11.190</Data>     <Data Name=""DestinationHostname"">ACC-07</Data>     <Data Name=""DestinationPort"">139</Data>     <Data Name=""DestinationPortName"">netbios-ssn</Data>   </EventData> </Event> "
2022-08-05 21:52:16+00:00,ACC-10,evtx_Microsoft-Windows-Sysmon/Operational,Discovery,"Scan subnet (12 hosts, TCP 135,139,3389,445)",0.0,Microsoft-Windows-Sysmon/Operational;Microsoft-Windows-Sysmon;3,3,5160,C:\Windows\SysWOW64\rundll32.exe,,,,,tcp,true,ACC-10.corp.net,172.17.11.184,54018,ACC-08,172.17.11.221,139,-,"<Event xmlns=""http://schemas.microsoft.com/win/2004/08/events/event"">   <System>     <Provider Name=""Microsoft-Windows-Sysmon"" Guid=""{5770385F-C22A-43E0-BF4C-06F5698FFBD9}""/>     <EventID>3</EventID>     <Version>5</Version>     <Level>4</Level>     <Task>3</Task>     <Opcode>0</Opcode>     <Keywords>0x8000000000000000</Keywords>     <TimeCreated SystemTime=""2022-08-05T21:52:16.605131900Z""/>     <EventRecordID>134396</EventRecordID>     <Correlation/>     <Execution ProcessID=""1428"" ThreadID=""1928""/>     <Channel>Microsoft-Windows-Sysmon/Operational</Channel>     <Computer>ACC-10.corp.net</Computer>     <Security UserID=""S-1-5-18""/>   </System>   <EventData>     <Data Name=""RuleName""/>     <Data Name=""UtcTime"">2022-08-05 21:52:09.527</Data>     <Data Name=""ProcessGuid"">{140A6FA9-90EF-62ED-0000-0010F1439001}</Data>     <Data Name=""ProcessId"">5160</Data>     <Data Name=""Image"">C:\Windows\SysWOW64\rundll32.exe</Data>     <Data Name=""User"">CORP\Joann.Sims</Data>     <Data Name=""Protocol"">tcp</Data>     <Data Name=""Initiated"">true</Data>     <Data Name=""SourceIsIpv6"">false</Data>     <Data Name=""SourceIp"">172.17.11.184</Data>     <Data Name=""SourceHostname"">ACC-10.corp.net</Data>     <Data Name=""SourcePort"">54018</Data>     <Data Name=""SourcePortName""/>     <Data Name=""DestinationIsIpv6"">false</Data>     <Data Name=""DestinationIp"">172.17.11.221</Data>     <Data Name=""DestinationHostname"">ACC-08</Data>     <Data Name=""DestinationPort"">139</Data>     <Data Name=""DestinationPortName"">netbios-ssn</Data>   </EventData> </Event> "
2022-08-05 21:52:16+00:00,ACC-10,evtx_Microsoft-Windows-Sysmon/Operational,Discovery,"Scan subnet (12 hosts, TCP 135,139,3389,445)",0.0,Microsoft-Windows-Sysmon/Operational;Microsoft-Windows-Sysmon;3,3,5160,C:\Windows\SysWOW64\rundll32.exe,,,,,tcp,true,ACC-10.corp.net,172.17.11.184,54016,ACC-08,172.17.11.221,3389,-,"<Event xmlns=""http://schemas.microsoft.com/win/2004/08/events/event"">   <System>     <Provider Name=""Microsoft-Windows-Sysmon"" Guid=""{5770385F-C22A-43E0-BF4C-06F5698FFBD9}""/>     <EventID>3</EventID>     <Version>5</Version>     <Level>4</Level>     <Task>3</Task>     <Opcode>0</Opcode>     <Keywords>0x8000000000000000</Keywords>     <TimeCreated SystemTime=""2022-08-05T21:52:16.605131900Z""/>     <EventRecordID>134397</EventRecordID>     <Correlation/>     <Execution ProcessID=""1428"" ThreadID=""1928""/>     <Channel>Microsoft-Windows-Sysmon/Operational</Channel>     <Computer>ACC-10.corp.net</Computer>     <Security UserID=""S-1-5-18""/>   </System>   <EventData>     <Data Name=""RuleName""/>     <Data Name=""UtcTime"">2022-08-05 21:52:09.527</Data>     <Data Name=""ProcessGuid"">{140A6FA9-90EF-62ED-0000-0010F1439001}</Data>     <Data Name=""ProcessId"">5160</Data>     <Data Name=""Image"">C:\Windows\SysWOW64\rundll32.exe</Data>     <Data Name=""User"">CORP\Joann.Sims</Data>     <Data Name=""Protocol"">tcp</Data>     <Data Name=""Initiated"">true</Data>     <Data Name=""SourceIsIpv6"">false</Data>     <Data Name=""SourceIp"">172.17.11.184</Data>     <Data Name=""SourceHostname"">ACC-10.corp.net</Data>     <Data Name=""SourcePort"">54016</Data>     <Data Name=""SourcePortName""/>     <Data Name=""DestinationIsIpv6"">false</Data>     <Data Name=""DestinationIp"">172.17.11.221</Data>     <Data Name=""DestinationHostname"">ACC-08</Data>     <Data Name=""DestinationPort"">3389</Data>     <Data Name=""DestinationPortName"">ms-wbt-server</Data>   </EventData> </Event> "
2022-08-05 21:52:16+00:00,ACC-10,evtx_Microsoft-Windows-Sysmon/Operational,Discovery,"Scan subnet (12 hosts, TCP 135,139,3389,445)",0.0,Microsoft-Windows-Sysmon/Operational;Microsoft-Windows-Sysmon;3,3,5160,C:\Windows\SysWOW64\rundll32.exe,,,,,tcp,true,ACC-10.corp.net,172.17.11.184,54017,ACC-08,172.17.11.221,445,-,"<Event xmlns=""http://schemas.microsoft.com/win/2004/08/events/event"">   <System>     <Provider Name=""Microsoft-Windows-Sysmon"" Guid=""{5770385F-C22A-43E0-BF4C-06F5698FFBD9}""/>     <EventID>3</EventID>     <Version>5</Version>     <Level>4</Level>     <Task>3</Task>     <Opcode>0</Opcode>     <Keywords>0x8000000000000000</Keywords>     <TimeCreated SystemTime=""2022-08-05T21:52:16.605131900Z""/>     <EventRecordID>134398</EventRecordID>     <Correlation/>     <Execution ProcessID=""1428"" ThreadID=""1928""/>     <Channel>Microsoft-Windows-Sysmon/Operational</Channel>     <Computer>ACC-10.corp.net</Computer>     <Security UserID=""S-1-5-18""/>   </System>   <EventData>     <Data Name=""RuleName""/>     <Data Name=""UtcTime"">2022-08-05 21:52:09.527</Data>     <Data Name=""ProcessGuid"">{140A6FA9-90EF-62ED-0000-0010F1439001}</Data>     <Data Name=""ProcessId"">5160</Data>     <Data Name=""Image"">C:\Windows\SysWOW64\rundll32.exe</Data>     <Data Name=""User"">CORP\Joann.Sims</Data>     <Data Name=""Protocol"">tcp</Data>     <Data Name=""Initiated"">true</Data>     <Data Name=""SourceIsIpv6"">false</Data>     <Data Name=""SourceIp"">172.17.11.184</Data>     <Data Name=""SourceHostname"">ACC-10.corp.net</Data>     <Data Name=""SourcePort"">54017</Data>     <Data Name=""SourcePortName""/>     <Data Name=""DestinationIsIpv6"">false</Data>     <Data Name=""DestinationIp"">172.17.11.221</Data>     <Data Name=""DestinationHostname"">ACC-08</Data>     <Data Name=""DestinationPort"">445</Data>     <Data Name=""DestinationPortName"">microsoft-ds</Data>   </EventData> </Event> "
2022-08-05 21:52:16+00:00,ACC-10,evtx_Microsoft-Windows-Sysmon/Operational,Discovery,"Scan subnet (12 hosts, TCP 135,139,3389,445)",0.0,Microsoft-Windows-Sysmon/Operational;Microsoft-Windows-Sysmon;3,3,5160,C:\Windows\SysWOW64\rundll32.exe,,,,,tcp,true,ACC-10.corp.net,172.17.11.184,54040,ACC-02,172.17.11.185,3389,-,"<Event xmlns=""http://schemas.microsoft.com/win/2004/08/events/event"">   <System>     <Provider Name=""Microsoft-Windows-Sysmon"" Guid=""{5770385F-C22A-43E0-BF4C-06F5698FFBD9}""/>     <EventID>3</EventID>     <Version>5</Version>     <Level>4</Level>     <Task>3</Task>     <Opcode>0</Opcode>     <Keywords>0x8000000000000000</Keywords>     <TimeCreated SystemTime=""2022-08-05T21:52:16.605131900Z""/>     <EventRecordID>134399</EventRecordID>     <Correlation/>     <Execution ProcessID=""1428"" ThreadID=""1928""/>     <Channel>Microsoft-Windows-Sysmon/Operational</Channel>     <Computer>ACC-10.corp.net</Computer>     <Security UserID=""S-1-5-18""/>   </System>   <EventData>     <Data Name=""RuleName""/>     <Data Name=""UtcTime"">2022-08-05 21:52:09.527</Data>     <Data Name=""ProcessGuid"">{140A6FA9-90EF-62ED-0000-0010F1439001}</Data>     <Data Name=""ProcessId"">5160</Data>     <Data Name=""Image"">C:\Windows\SysWOW64\rundll32.exe</Data>     <Data Name=""User"">CORP\Joann.Sims</Data>     <Data Name=""Protocol"">tcp</Data>     <Data Name=""Initiated"">true</Data>     <Data Name=""SourceIsIpv6"">false</Data>     <Data Name=""SourceIp"">172.17.11.184</Data>     <Data Name=""SourceHostname"">ACC-10.corp.net</Data>     <Data Name=""SourcePort"">54040</Data>     <Data Name=""SourcePortName""/>     <Data Name=""DestinationIsIpv6"">false</Data>     <Data Name=""DestinationIp"">172.17.11.185</Data>     <Data Name=""DestinationHostname"">ACC-02</Data>     <Data Name=""DestinationPort"">3389</Data>     <Data Name=""DestinationPortName"">ms-wbt-server</Data>   </EventData> </Event> "
2022-08-05 21:52:16+00:00,ACC-10,evtx_Microsoft-Windows-Sysmon/Operational,Discovery,"Scan subnet (12 hosts, TCP 135,139,3389,445)",0.0,Microsoft-Windows-Sysmon/Operational;Microsoft-Windows-Sysmon;3,3,5160,C:\Windows\SysWOW64\rundll32.exe,,,,,tcp,true,ACC-10.corp.net,172.17.11.184,54042,ACC-02,172.17.11.185,139,-,"<Event xmlns=""http://schemas.microsoft.com/win/2004/08/events/event"">   <System>     <Provider Name=""Microsoft-Windows-Sysmon"" Guid=""{5770385F-C22A-43E0-BF4C-06F5698FFBD9}""/>     <EventID>3</EventID>     <Version>5</Version>     <Level>4</Level>     <Task>3</Task>     <Opcode>0</Opcode>     <Keywords>0x8000000000000000</Keywords>     <TimeCreated SystemTime=""2022-08-05T21:52:16.605131900Z""/>     <EventRecordID>134400</EventRecordID>     <Correlation/>     <Execution ProcessID=""1428"" ThreadID=""1928""/>     <Channel>Microsoft-Windows-Sysmon/Operational</Channel>     <Computer>ACC-10.corp.net</Computer>     <Security UserID=""S-1-5-18""/>   </System>   <EventData>     <Data Name=""RuleName""/>     <Data Name=""UtcTime"">2022-08-05 21:52:09.527</Data>     <Data Name=""ProcessGuid"">{140A6FA9-90EF-62ED-0000-0010F1439001}</Data>     <Data Name=""ProcessId"">5160</Data>     <Data Name=""Image"">C:\Windows\SysWOW64\rundll32.exe</Data>     <Data Name=""User"">CORP\Joann.Sims</Data>     <Data Name=""Protocol"">tcp</Data>     <Data Name=""Initiated"">true</Data>     <Data Name=""SourceIsIpv6"">false</Data>     <Data Name=""SourceIp"">172.17.11.184</Data>     <Data Name=""SourceHostname"">ACC-10.corp.net</Data>     <Data Name=""SourcePort"">54042</Data>     <Data Name=""SourcePortName""/>     <Data Name=""DestinationIsIpv6"">false</Data>     <Data Name=""DestinationIp"">172.17.11.185</Data>     <Data Name=""DestinationHostname"">ACC-02</Data>     <Data Name=""DestinationPort"">139</Data>     <Data Name=""DestinationPortName"">netbios-ssn</Data>   </EventData> </Event> "
2022-08-05 21:52:16+00:00,ACC-10,evtx_Microsoft-Windows-Sysmon/Operational,Discovery,"Scan subnet (12 hosts, TCP 135,139,3389,445)",0.0,Microsoft-Windows-Sysmon/Operational;Microsoft-Windows-Sysmon;3,3,5160,C:\Windows\SysWOW64\rundll32.exe,,,,,tcp,true,ACC-10.corp.net,172.17.11.184,54041,ACC-02,172.17.11.185,445,-,"<Event xmlns=""http://schemas.microsoft.com/win/2004/08/events/event"">   <System>     <Provider Name=""Microsoft-Windows-Sysmon"" Guid=""{5770385F-C22A-43E0-BF4C-06F5698FFBD9}""/>     <EventID>3</EventID>     <Version>5</Version>     <Level>4</Level>     <Task>3</Task>     <Opcode>0</Opcode>     <Keywords>0x8000000000000000</Keywords>     <TimeCreated SystemTime=""2022-08-05T21:52:16.605131900Z""/>     <EventRecordID>134401</EventRecordID>     <Correlation/>     <Execution ProcessID=""1428"" ThreadID=""1928""/>     <Channel>Microsoft-Windows-Sysmon/Operational</Channel>     <Computer>ACC-10.corp.net</Computer>     <Security UserID=""S-1-5-18""/>   </System>   <EventData>     <Data Name=""RuleName""/>     <Data Name=""UtcTime"">2022-08-05 21:52:09.527</Data>     <Data Name=""ProcessGuid"">{140A6FA9-90EF-62ED-0000-0010F1439001}</Data>     <Data Name=""ProcessId"">5160</Data>     <Data Name=""Image"">C:\Windows\SysWOW64\rundll32.exe</Data>     <Data Name=""User"">CORP\Joann.Sims</Data>     <Data Name=""Protocol"">tcp</Data>     <Data Name=""Initiated"">true</Data>     <Data Name=""SourceIsIpv6"">false</Data>     <Data Name=""SourceIp"">172.17.11.184</Data>     <Data Name=""SourceHostname"">ACC-10.corp.net</Data>     <Data Name=""SourcePort"">54041</Data>     <Data Name=""SourcePortName""/>     <Data Name=""DestinationIsIpv6"">false</Data>     <Data Name=""DestinationIp"">172.17.11.185</Data>     <Data Name=""DestinationHostname"">ACC-02</Data>     <Data Name=""DestinationPort"">445</Data>     <Data Name=""DestinationPortName"">microsoft-ds</Data>   </EventData> </Event> "
2022-08-05 21:52:16+00:00,ACC-10,evtx_Microsoft-Windows-Sysmon/Operational,Discovery,"Scan subnet (12 hosts, TCP 135,139,3389,445)",0.0,Microsoft-Windows-Sysmon/Operational;Microsoft-Windows-Sysmon;3,3,5160,C:\Windows\SysWOW64\rundll32.exe,,,,,tcp,true,ACC-10.corp.net,172.17.11.184,54021,ACC-01,172.17.11.209,445,-,"<Event xmlns=""http://schemas.microsoft.com/win/2004/08/events/event"">   <System>     <Provider Name=""Microsoft-Windows-Sysmon"" Guid=""{5770385F-C22A-43E0-BF4C-06F5698FFBD9}""/>     <EventID>3</EventID>     <Version>5</Version>     <Level>4</Level>     <Task>3</Task>     <Opcode>0</Opcode>     <Keywords>0x8000000000000000</Keywords>     <TimeCreated SystemTime=""2022-08-05T21:52:16.605131900Z""/>     <EventRecordID>134402</EventRecordID>     <Correlation/>     <Execution ProcessID=""1428"" ThreadID=""1928""/>     <Channel>Microsoft-Windows-Sysmon/Operational</Channel>     <Computer>ACC-10.corp.net</Computer>     <Security UserID=""S-1-5-18""/>   </System>   <EventData>     <Data Name=""RuleName""/>     <Data Name=""UtcTime"">2022-08-05 21:52:09.586</Data>     <Data Name=""ProcessGuid"">{140A6FA9-90EF-62ED-0000-0010F1439001}</Data>     <Data Name=""ProcessId"">5160</Data>     <Data Name=""Image"">C:\Windows\SysWOW64\rundll32.exe</Data>     <Data Name=""User"">CORP\Joann.Sims</Data>     <Data Name=""Protocol"">tcp</Data>     <Data Name=""Initiated"">true</Data>     <Data Name=""SourceIsIpv6"">false</Data>     <Data Name=""SourceIp"">172.17.11.184</Data>     <Data Name=""SourceHostname"">ACC-10.corp.net</Data>     <Data Name=""SourcePort"">54021</Data>     <Data Name=""SourcePortName""/>     <Data Name=""DestinationIsIpv6"">false</Data>     <Data Name=""DestinationIp"">172.17.11.209</Data>     <Data Name=""DestinationHostname"">ACC-01</Data>     <Data Name=""DestinationPort"">445</Data>     <Data Name=""DestinationPortName"">microsoft-ds</Data>   </EventData> </Event> "
