2022-08-05 21:52:16+00:00,ACC-10,evtx_Microsoft-Windows-Sysmon/Operational,Discovery,"Scan subnet (12 hosts, TCP 135,139,3389,445)",0.0,Microsoft-Windows-Sysmon/Operational;Microsoft-Windows-Sysmon;3,3,5160,C:\Windows\SysWOW64\rundll32.exe,,,,,tcp,true,ACC-10.corp.net,172.17.11.184,54020,ACC-01,172.17.11.209,3389,-,"<Event xmlns=""http://schemas.microsoft.com/win/2004/08/events/event"">   <System>     <Provider Name=""Microsoft-Windows-Sysmon"" Guid=""{5770385F-C22A-43E0-BF4C-06F5698FFBD9}""/>     <EventID>3</EventID>     <Version>5</Version>     <Level>4</Level>     <Task>3</Task>     <Opcode>0</Opcode>     <Keywords>0x8000000000000000</Keywords>     <TimeCreated SystemTime=""2022-08-05T21:52:16.605131900Z""/>     <EventRecordID>134403</EventRecordID>     <Correlation/>     <Execution ProcessID=""1428"" ThreadID=""1928""/>     <Channel>Microsoft-Windows-Sysmon/Operational</Channel>     <Computer>ACC-10.corp.net</Computer>     <Security UserID=""S-1-5-18""/>   </System>   <EventData>     <Data Name=""RuleName""/>     <Data Name=""UtcTime"">2022-08-05 21:52:09.587</Data>     <Data Name=""ProcessGuid"">{140A6FA9-90EF-62ED-0000-0010F1439001}</Data>     <Data Name=""ProcessId"">5160</Data>     <Data Name=""Image"">C:\Windows\SysWOW64\rundll32.exe</Data>     <Data Name=""User"">CORP\Joann.Sims</Data>     <Data Name=""Protocol"">tcp</Data>     <Data Name=""Initiated"">true</Data>     <Data Name=""SourceIsIpv6"">false</Data>     <Data Name=""SourceIp"">172.17.11.184</Data>     <Data Name=""SourceHostname"">ACC-10.corp.net</Data>     <Data Name=""SourcePort"">54020</Data>     <Data Name=""SourcePortName""/>     <Data Name=""DestinationIsIpv6"">false</Data>     <Data Name=""DestinationIp"">172.17.11.209</Data>     <Data Name=""DestinationHostname"">ACC-01</Data>     <Data Name=""DestinationPort"">3389</Data>     <Data Name=""DestinationPortName"">ms-wbt-server</Data>   </EventData> </Event> "
2022-08-05 21:52:16+00:00,ACC-10,evtx_Microsoft-Windows-Sysmon/Operational,Discovery,"Scan subnet (12 hosts, TCP 135,139,3389,445)",0.0,Microsoft-Windows-Sysmon/Operational;Microsoft-Windows-Sysmon;3,3,5160,C:\Windows\SysWOW64\rundll32.exe,,,,,tcp,true,ACC-10.corp.net,172.17.11.184,54022,ACC-01,172.17.11.209,139,-,"<Event xmlns=""http://schemas.microsoft.com/win/2004/08/events/event"">   <System>     <Provider Name=""Microsoft-Windows-Sysmon"" Guid=""{5770385F-C22A-43E0-BF4C-06F5698FFBD9}""/>     <EventID>3</EventID>     <Version>5</Version>     <Level>4</Level>     <Task>3</Task>     <Opcode>0</Opcode>     <Keywords>0x8000000000000000</Keywords>     <TimeCreated SystemTime=""2022-08-05T21:52:16.605131900Z""/>     <EventRecordID>134404</EventRecordID>     <Correlation/>     <Execution ProcessID=""1428"" ThreadID=""1928""/>     <Channel>Microsoft-Windows-Sysmon/Operational</Channel>     <Computer>ACC-10.corp.net</Computer>     <Security UserID=""S-1-5-18""/>   </System>   <EventData>     <Data Name=""RuleName""/>     <Data Name=""UtcTime"">2022-08-05 21:52:09.587</Data>     <Data Name=""ProcessGuid"">{140A6FA9-90EF-62ED-0000-0010F1439001}</Data>     <Data Name=""ProcessId"">5160</Data>     <Data Name=""Image"">C:\Windows\SysWOW64\rundll32.exe</Data>     <Data Name=""User"">CORP\Joann.Sims</Data>     <Data Name=""Protocol"">tcp</Data>     <Data Name=""Initiated"">true</Data>     <Data Name=""SourceIsIpv6"">false</Data>     <Data Name=""SourceIp"">172.17.11.184</Data>     <Data Name=""SourceHostname"">ACC-10.corp.net</Data>     <Data Name=""SourcePort"">54022</Data>     <Data Name=""SourcePortName""/>     <Data Name=""DestinationIsIpv6"">false</Data>     <Data Name=""DestinationIp"">172.17.11.209</Data>     <Data Name=""DestinationHostname"">ACC-01</Data>     <Data Name=""DestinationPort"">139</Data>     <Data Name=""DestinationPortName"">netbios-ssn</Data>   </EventData> </Event> "
2022-08-05 21:52:33+00:00,ACC-10,evtx_Microsoft-Windows-Sysmon/Operational,Command and Control,Connection to C2,0.0,Microsoft-Windows-Sysmon/Operational;Microsoft-Windows-Sysmon;3,3,364,C:\Windows\SysWOW64\rundll32.exe,,,,,tcp,true,ACC-10.corp.net,172.17.11.184,54080,5-131.gtt-net.cz,82.144.131.5,443,-,"<Event xmlns=""http://schemas.microsoft.com/win/2004/08/events/event"">   <System>     <Provider Name=""Microsoft-Windows-Sysmon"" Guid=""{5770385F-C22A-43E0-BF4C-06F5698FFBD9}""/>     <EventID>3</EventID>     <Version>5</Version>     <Level>4</Level>     <Task>3</Task>     <Opcode>0</Opcode>     <Keywords>0x8000000000000000</Keywords>     <TimeCreated SystemTime=""2022-08-05T21:52:33.002341500Z""/>     <EventRecordID>134441</EventRecordID>     <Correlation/>     <Execution ProcessID=""1428"" ThreadID=""1928""/>     <Channel>Microsoft-Windows-Sysmon/Operational</Channel>     <Computer>ACC-10.corp.net</Computer>     <Security UserID=""S-1-5-18""/>   </System>   <EventData>     <Data Name=""RuleName""/>     <Data Name=""UtcTime"">2022-08-05 21:52:27.852</Data>     <Data Name=""ProcessGuid"">{140A6FA9-8EDF-62ED-0000-0010D81B7D01}</Data>     <Data Name=""ProcessId"">364</Data>     <Data Name=""Image"">C:\Windows\SysWOW64\rundll32.exe</Data>     <Data Name=""User"">CORP\Joann.Sims</Data>     <Data Name=""Protocol"">tcp</Data>     <Data Name=""Initiated"">true</Data>     <Data Name=""SourceIsIpv6"">false</Data>     <Data Name=""SourceIp"">172.17.11.184</Data>     <Data Name=""SourceHostname"">ACC-10.corp.net</Data>     <Data Name=""SourcePort"">54080</Data>     <Data Name=""SourcePortName""/>     <Data Name=""DestinationIsIpv6"">false</Data>     <Data Name=""DestinationIp"">82.144.131.5</Data>     <Data Name=""DestinationHostname"">5-131.gtt-net.cz</Data>     <Data Name=""DestinationPort"">443</Data>     <Data Name=""DestinationPortName"">https</Data>   </EventData> </Event> "
2022-08-05 21:52:34+00:00,ACC-10,evtx_Microsoft-Windows-Sysmon/Operational,Command and Control,Connection to C2,0.0,Microsoft-Windows-Sysmon/Operational;Microsoft-Windows-Sysmon;3,3,364,C:\Windows\SysWOW64\rundll32.exe,,,,,tcp,true,ACC-10.corp.net,172.17.11.184,54081,5-131.gtt-net.cz,82.144.131.5,443,-,"<Event xmlns=""http://schemas.microsoft.com/win/2004/08/events/event"">   <System>     <Provider Name=""Microsoft-Windows-Sysmon"" Guid=""{5770385F-C22A-43E0-BF4C-06F5698FFBD9}""/>     <EventID>3</EventID>     <Version>5</Version>     <Level>4</Level>     <Task>3</Task>     <Opcode>0</Opcode>     <Keywords>0x8000000000000000</Keywords>     <TimeCreated SystemTime=""2022-08-05T21:52:34.523907400Z""/>     <EventRecordID>134446</EventRecordID>     <Correlation/>     <Execution ProcessID=""1428"" ThreadID=""1928""/>     <Channel>Microsoft-Windows-Sysmon/Operational</Channel>     <Computer>ACC-10.corp.net</Computer>     <Security UserID=""S-1-5-18""/>   </System>   <EventData>     <Data Name=""RuleName""/>     <Data Name=""UtcTime"">2022-08-05 21:52:27.860</Data>     <Data Name=""ProcessGuid"">{140A6FA9-8EDF-62ED-0000-0010D81B7D01}</Data>     <Data Name=""ProcessId"">364</Data>     <Data Name=""Image"">C:\Windows\SysWOW64\rundll32.exe</Data>     <Data Name=""User"">CORP\Joann.Sims</Data>     <Data Name=""Protocol"">tcp</Data>     <Data Name=""Initiated"">true</Data>     <Data Name=""SourceIsIpv6"">false</Data>     <Data Name=""SourceIp"">172.17.11.184</Data>     <Data Name=""SourceHostname"">ACC-10.corp.net</Data>     <Data Name=""SourcePort"">54081</Data>     <Data Name=""SourcePortName""/>     <Data Name=""DestinationIsIpv6"">false</Data>     <Data Name=""DestinationIp"">82.144.131.5</Data>     <Data Name=""DestinationHostname"">5-131.gtt-net.cz</Data>     <Data Name=""DestinationPort"">443</Data>     <Data Name=""DestinationPortName"">https</Data>   </EventData> </Event> "
2022-08-05 21:53:15+00:00,ACC-10,evtx_Microsoft-Windows-Sysmon/Operational,Command and Control,Connection to C2,0.0,Microsoft-Windows-Sysmon/Operational;Microsoft-Windows-Sysmon;3,3,364,C:\Windows\SysWOW64\rundll32.exe,,,,,tcp,true,ACC-10.corp.net,172.17.11.184,54091,c-73-245-147-162.hsd1.fl.comcast.net,73.245.147.162,443,-,"<Event xmlns=""http://schemas.microsoft.com/win/2004/08/events/event"">   <System>     <Provider Name=""Microsoft-Windows-Sysmon"" Guid=""{5770385F-C22A-43E0-BF4C-06F5698FFBD9}""/>     <EventID>3</EventID>     <Version>5</Version>     <Level>4</Level>     <Task>3</Task>     <Opcode>0</Opcode>     <Keywords>0x8000000000000000</Keywords>     <TimeCreated SystemTime=""2022-08-05T21:53:15.277373100Z""/>     <EventRecordID>134512</EventRecordID>     <Correlation/>     <Execution ProcessID=""1428"" ThreadID=""1928""/>     <Channel>Microsoft-Windows-Sysmon/Operational</Channel>     <Computer>ACC-10.corp.net</Computer>     <Security UserID=""S-1-5-18""/>   </System>   <EventData>     <Data Name=""RuleName""/>     <Data Name=""UtcTime"">2022-08-05 21:53:10.041</Data>     <Data Name=""ProcessGuid"">{140A6FA9-8EDF-62ED-0000-0010D81B7D01}</Data>     <Data Name=""ProcessId"">364</Data>     <Data Name=""Image"">C:\Windows\SysWOW64\rundll32.exe</Data>     <Data Name=""User"">CORP\Joann.Sims</Data>     <Data Name=""Protocol"">tcp</Data>     <Data Name=""Initiated"">true</Data>     <Data Name=""SourceIsIpv6"">false</Data>     <Data Name=""SourceIp"">172.17.11.184</Data>     <Data Name=""SourceHostname"">ACC-10.corp.net</Data>     <Data Name=""SourcePort"">54091</Data>     <Data Name=""SourcePortName""/>     <Data Name=""DestinationIsIpv6"">false</Data>     <Data Name=""DestinationIp"">73.245.147.162</Data>     <Data Name=""DestinationHostname"">c-73-245-147-162.hsd1.fl.comcast.net</Data>     <Data Name=""DestinationPort"">443</Data>     <Data Name=""DestinationPortName"">https</Data>   </EventData> </Event> "
2022-08-05 21:53:15+00:00,ACC-10,evtx_Microsoft-Windows-Sysmon/Operational,Command and Control,Connection to C2,0.0,Microsoft-Windows-Sysmon/Operational;Microsoft-Windows-Sysmon;3,3,364,C:\Windows\SysWOW64\rundll32.exe,,,,,tcp,true,ACC-10.corp.net,172.17.11.184,54092,c-73-245-147-162.hsd1.fl.comcast.net,73.245.147.162,443,-,"<Event xmlns=""http://schemas.microsoft.com/win/2004/08/events/event"">   <System>     <Provider Name=""Microsoft-Windows-Sysmon"" Guid=""{5770385F-C22A-43E0-BF4C-06F5698FFBD9}""/>     <EventID>3</EventID>     <Version>5</Version>     <Level>4</Level>     <Task>3</Task>     <Opcode>0</Opcode>     <Keywords>0x8000000000000000</Keywords>     <TimeCreated SystemTime=""2022-08-05T21:53:15.277373100Z""/>     <EventRecordID>134513</EventRecordID>     <Correlation/>     <Execution ProcessID=""1428"" ThreadID=""1928""/>     <Channel>Microsoft-Windows-Sysmon/Operational</Channel>     <Computer>ACC-10.corp.net</Computer>     <Security UserID=""S-1-5-18""/>   </System>   <EventData>     <Data Name=""RuleName""/>     <Data Name=""UtcTime"">2022-08-05 21:53:10.049</Data>     <Data Name=""ProcessGuid"">{140A6FA9-8EDF-62ED-0000-0010D81B7D01}</Data>     <Data Name=""ProcessId"">364</Data>     <Data Name=""Image"">C:\Windows\SysWOW64\rundll32.exe</Data>     <Data Name=""User"">CORP\Joann.Sims</Data>     <Data Name=""Protocol"">tcp</Data>     <Data Name=""Initiated"">true</Data>     <Data Name=""SourceIsIpv6"">false</Data>     <Data Name=""SourceIp"">172.17.11.184</Data>     <Data Name=""SourceHostname"">ACC-10.corp.net</Data>     <Data Name=""SourcePort"">54092</Data>     <Data Name=""SourcePortName""/>     <Data Name=""DestinationIsIpv6"">false</Data>     <Data Name=""DestinationIp"">73.245.147.162</Data>     <Data Name=""DestinationHostname"">c-73-245-147-162.hsd1.fl.comcast.net</Data>     <Data Name=""DestinationPort"">443</Data>     <Data Name=""DestinationPortName"">https</Data>   </EventData> </Event> "
2022-08-05 21:53:54+00:00,ACC-10,evtx_Microsoft-Windows-Sysmon/Operational,Command and Control,Connection to C2,0.0,Microsoft-Windows-Sysmon/Operational;Microsoft-Windows-Sysmon;3,3,364,C:\Windows\SysWOW64\rundll32.exe,,,,,tcp,true,ACC-10.corp.net,172.17.11.184,54094,5-131.gtt-net.cz,82.144.131.5,443,-,"<Event xmlns=""http://schemas.microsoft.com/win/2004/08/events/event"">   <System>     <Provider Name=""Microsoft-Windows-Sysmon"" Guid=""{5770385F-C22A-43E0-BF4C-06F5698FFBD9}""/>     <EventID>3</EventID>     <Version>5</Version>     <Level>4</Level>     <Task>3</Task>     <Opcode>0</Opcode>     <Keywords>0x8000000000000000</Keywords>     <TimeCreated SystemTime=""2022-08-05T21:53:54.506586800Z""/>     <EventRecordID>134571</EventRecordID>     <Correlation/>     <Execution ProcessID=""1428"" ThreadID=""1928""/>     <Channel>Microsoft-Windows-Sysmon/Operational</Channel>     <Computer>ACC-10.corp.net</Computer>     <Security UserID=""S-1-5-18""/>   </System>   <EventData>     <Data Name=""RuleName""/>     <Data Name=""UtcTime"">2022-08-05 21:53:48.810</Data>     <Data Name=""ProcessGuid"">{140A6FA9-8EDF-62ED-0000-0010D81B7D01}</Data>     <Data Name=""ProcessId"">364</Data>     <Data Name=""Image"">C:\Windows\SysWOW64\rundll32.exe</Data>     <Data Name=""User"">CORP\Joann.Sims</Data>     <Data Name=""Protocol"">tcp</Data>     <Data Name=""Initiated"">true</Data>     <Data Name=""SourceIsIpv6"">false</Data>     <Data Name=""SourceIp"">172.17.11.184</Data>     <Data Name=""SourceHostname"">ACC-10.corp.net</Data>     <Data Name=""SourcePort"">54094</Data>     <Data Name=""SourcePortName""/>     <Data Name=""DestinationIsIpv6"">false</Data>     <Data Name=""DestinationIp"">82.144.131.5</Data>     <Data Name=""DestinationHostname"">5-131.gtt-net.cz</Data>     <Data Name=""DestinationPort"">443</Data>     <Data Name=""DestinationPortName"">https</Data>   </EventData> </Event> "
2022-08-05 21:53:56+00:00,ACC-10,evtx_Microsoft-Windows-Sysmon/Operational,Command and Control,Connection to C2,0.0,Microsoft-Windows-Sysmon/Operational;Microsoft-Windows-Sysmon;3,3,364,C:\Windows\SysWOW64\rundll32.exe,,,,,tcp,true,ACC-10.corp.net,172.17.11.184,54095,5-131.gtt-net.cz,82.144.131.5,443,-,"<Event xmlns=""http://schemas.microsoft.com/win/2004/08/events/event"">   <System>     <Provider Name=""Microsoft-Windows-Sysmon"" Guid=""{5770385F-C22A-43E0-BF4C-06F5698FFBD9}""/>     <EventID>3</EventID>     <Version>5</Version>     <Level>4</Level>     <Task>3</Task>     <Opcode>0</Opcode>     <Keywords>0x8000000000000000</Keywords>     <TimeCreated SystemTime=""2022-08-05T21:53:56.543112500Z""/>     <EventRecordID>134576</EventRecordID>     <Correlation/>     <Execution ProcessID=""1428"" ThreadID=""1928""/>     <Channel>Microsoft-Windows-Sysmon/Operational</Channel>     <Computer>ACC-10.corp.net</Computer>     <Security UserID=""S-1-5-18""/>   </System>   <EventData>     <Data Name=""RuleName""/>     <Data Name=""UtcTime"">2022-08-05 21:53:48.816</Data>     <Data Name=""ProcessGuid"">{140A6FA9-8EDF-62ED-0000-0010D81B7D01}</Data>     <Data Name=""ProcessId"">364</Data>     <Data Name=""Image"">C:\Windows\SysWOW64\rundll32.exe</Data>     <Data Name=""User"">CORP\Joann.Sims</Data>     <Data Name=""Protocol"">tcp</Data>     <Data Name=""Initiated"">true</Data>     <Data Name=""SourceIsIpv6"">false</Data>     <Data Name=""SourceIp"">172.17.11.184</Data>     <Data Name=""SourceHostname"">ACC-10.corp.net</Data>     <Data Name=""SourcePort"">54095</Data>     <Data Name=""SourcePortName""/>     <Data Name=""DestinationIsIpv6"">false</Data>     <Data Name=""DestinationIp"">82.144.131.5</Data>     <Data Name=""DestinationHostname"">5-131.gtt-net.cz</Data>     <Data Name=""DestinationPort"">443</Data>     <Data Name=""DestinationPortName"">https</Data>   </EventData> </Event> "
2022-08-05 21:54:28+00:00,ACC-10,evtx_Microsoft-Windows-Sysmon/Operational,Lateral Movement,Pipe \ipc_14 created for inter-beacon communication,0.0,Microsoft-Windows-Sysmon/Operational;Microsoft-Windows-Sysmon;17,17,5232,C:\Windows\syswow64\rundll32.exe,,,\ipc_14,,,,,,,,,,-,"<Event xmlns=""http://schemas.microsoft.com/win/2004/08/events/event"">   <System>     <Provider Name=""Microsoft-Windows-Sysmon"" Guid=""{5770385F-C22A-43E0-BF4C-06F5698FFBD9}""/>     <EventID>17</EventID>     <Version>1</Version>     <Level>4</Level>     <Task>17</Task>     <Opcode>0</Opcode>     <Keywords>0x8000000000000000</Keywords>     <TimeCreated SystemTime=""2022-08-05T21:54:28.680588600Z""/>     <EventRecordID>134624</EventRecordID>     <Correlation/>     <Execution ProcessID=""1428"" ThreadID=""1916""/>     <Channel>Microsoft-Windows-Sysmon/Operational</Channel>     <Computer>ACC-10.corp.net</Computer>     <Security UserID=""S-1-5-18""/>   </System>   <EventData>     <Data Name=""RuleName""/>     <Data Name=""UtcTime"">2022-08-05 21:54:28.680</Data>     <Data Name=""ProcessGuid"">{140A6FA9-9194-62ED-0000-001071F59201}</Data>     <Data Name=""ProcessId"">5232</Data>     <Data Name=""PipeName"">\ipc_14</Data>     <Data Name=""Image"">C:\Windows\syswow64\rundll32.exe</Data>   </EventData> </Event> "
2022-08-05 21:54:28+00:00,ACC-10,evtx_Microsoft-Windows-Sysmon/Operational,Lateral Movement,Initiate \ipc_14 named pipe for inter-beacon communication,0.0,Microsoft-Windows-Sysmon/Operational;Microsoft-Windows-Sysmon;1,,5232,C:\Windows\SysWOW64\rundll32.exe,364,C:\Windows\SysWOW64\rundll32.exe,,,,,,,,,,,-,"<Event xmlns=""http://schemas.microsoft.com/win/2004/08/events/event"">   <System>     <Provider Name=""Microsoft-Windows-Sysmon"" Guid=""{5770385F-C22A-43E0-BF4C-06F5698FFBD9}""/>     <EventID>1</EventID>     <Version>5</Version>     <Level>4</Level>     <Task>1</Task>     <Opcode>0</Opcode>     <Keywords>0x8000000000000000</Keywords>     <TimeCreated SystemTime=""2022-08-05T21:54:28.540248900Z""/>     <EventRecordID>134623</EventRecordID>     <Correlation/>     <Execution ProcessID=""1428"" ThreadID=""1916""/>     <Channel>Microsoft-Windows-Sysmon/Operational</Channel>     <Computer>ACC-10.corp.net</Computer>     <Security UserID=""S-1-5-18""/>   </System>   <EventData>     <Data Name=""RuleName""/>     <Data Name=""UtcTime"">2022-08-05 21:54:28.524</Data>     <Data Name=""ProcessGuid"">{140A6FA9-9194-62ED-0000-001071F59201}</Data>     <Data Name=""ProcessId"">5232</Data>     <Data Name=""Image"">C:\Windows\SysWOW64\rundll32.exe</Data>     <Data Name=""FileVersion"">6.1.7600.16385 (win7_rtm.090713-1255)</Data>     <Data Name=""Description"">Windows host process (Rundll32)</Data>     <Data Name=""Product"">Microsoft® Windows® Operating System</Data>     <Data Name=""Company"">Microsoft Corporation</Data>     <Data Name=""CommandLine"">C:\Windows\syswow64\rundll32.exe</Data>     <Data Name=""CurrentDirectory"">C:\Users\Joann.Sims\Desktop\</Data>     <Data Name=""User"">CORP\Joann.Sims</Data>     <Data Name=""LogonGuid"">{140A6FA9-9194-62ED-0000-00201CF59201}</Data>     <Data Name=""LogonId"">0x000000000192f51c</Data>     <Data Name=""TerminalSessionId"">1</Data>     <Data Name=""IntegrityLevel"">High</Data>     <Data Name=""Hashes"">MD5=51138BEEA3E2C21EC44D0932C71762A8,IMPHASH=EF8A44FE2F9AD4AB85E55004AAA024A9</Data>     <Data Name=""ParentProcessGuid"">{140A6FA9-8EDF-62ED-0000-0010D81B7D01}</Data>     <Data Name=""ParentProcessId"">364</Data>     <Data Name=""ParentImage"">C:\Windows\SysWOW64\rundll32.exe</Data>     <Data Name=""ParentCommandLine"">C:\Windows\System32\rundll32.exe</Data>   </EventData> </Event> "
2022-08-05 21:54:29+00:00,ACC-10,evtx_Microsoft-Windows-Sysmon/Operational,Lateral Movement,Connection to inter-beacon named pipe \ipc_14,0.0,Microsoft-Windows-Sysmon/Operational;Microsoft-Windows-Sysmon;18,18,364,C:\Windows\SysWOW64\rundll32.exe,,,\ipc_14,,,,,,,,,,-,"<Event xmlns=""http://schemas.microsoft.com/win/2004/08/events/event"">   <System>     <Provider Name=""Microsoft-Windows-Sysmon"" Guid=""{5770385F-C22A-43E0-BF4C-06F5698FFBD9}""/>     <EventID>18</EventID>     <Version>1</Version>     <Level>4</Level>     <Task>18</Task>     <Opcode>0</Opcode>     <Keywords>0x8000000000000000</Keywords>     <TimeCreated SystemTime=""2022-08-05T21:54:29.655370000Z""/>     <EventRecordID>134626</EventRecordID>     <Correlation/>     <Execution ProcessID=""1428"" ThreadID=""1916""/>     <Channel>Microsoft-Windows-Sysmon/Operational</Channel>     <Computer>ACC-10.corp.net</Computer>     <Security UserID=""S-1-5-18""/>   </System>   <EventData>     <Data Name=""RuleName""/>     <Data Name=""UtcTime"">2022-08-05 21:54:29.655</Data>     <Data Name=""ProcessGuid"">{140A6FA9-8EDF-62ED-0000-0010D81B7D01}</Data>     <Data Name=""ProcessId"">364</Data>     <Data Name=""PipeName"">\ipc_14</Data>     <Data Name=""Image"">C:\Windows\SysWOW64\rundll32.exe</Data>   </EventData> </Event> "
2022-08-05 21:54:29+00:00,ACC-10,evtx_Microsoft-Windows-Sysmon/Operational,Command and Control,Connection to C2,0.0,Microsoft-Windows-Sysmon/Operational;Microsoft-Windows-Sysmon;3,3,364,C:\Windows\SysWOW64\rundll32.exe,,,,,tcp,true,ACC-10.corp.net,172.17.11.184,54096,c-73-245-147-162.hsd1.fl.comcast.net,73.245.147.162,443,-,"<Event xmlns=""http://schemas.microsoft.com/win/2004/08/events/event"">   <System>     <Provider Name=""Microsoft-Windows-Sysmon"" Guid=""{5770385F-C22A-43E0-BF4C-06F5698FFBD9}""/>     <EventID>3</EventID>     <Version>5</Version>     <Level>4</Level>     <Task>3</Task>     <Opcode>0</Opcode>     <Keywords>0x8000000000000000</Keywords>     <TimeCreated SystemTime=""2022-08-05T21:54:29.514030700Z""/>     <EventRecordID>134625</EventRecordID>     <Correlation/>     <Execution ProcessID=""1428"" ThreadID=""1928""/>     <Channel>Microsoft-Windows-Sysmon/Operational</Channel>     <Computer>ACC-10.corp.net</Computer>     <Security UserID=""S-1-5-18""/>   </System>   <EventData>     <Data Name=""RuleName""/>     <Data Name=""UtcTime"">2022-08-05 21:54:24.441</Data>     <Data Name=""ProcessGuid"">{140A6FA9-8EDF-62ED-0000-0010D81B7D01}</Data>     <Data Name=""ProcessId"">364</Data>     <Data Name=""Image"">C:\Windows\SysWOW64\rundll32.exe</Data>     <Data Name=""User"">CORP\Joann.Sims</Data>     <Data Name=""Protocol"">tcp</Data>     <Data Name=""Initiated"">true</Data>     <Data Name=""SourceIsIpv6"">false</Data>     <Data Name=""SourceIp"">172.17.11.184</Data>     <Data Name=""SourceHostname"">ACC-10.corp.net</Data>     <Data Name=""SourcePort"">54096</Data>     <Data Name=""SourcePortName""/>     <Data Name=""DestinationIsIpv6"">false</Data>     <Data Name=""DestinationIp"">73.245.147.162</Data>     <Data Name=""DestinationHostname"">c-73-245-147-162.hsd1.fl.comcast.net</Data>     <Data Name=""DestinationPort"">443</Data>     <Data Name=""DestinationPortName"">https</Data>   </EventData> </Event> "
2022-08-05 21:54:30+00:00,ACC-10,evtx_Microsoft-Windows-Sysmon/Operational,Command and Control,Connection to C2,0.0,Microsoft-Windows-Sysmon/Operational;Microsoft-Windows-Sysmon;3,3,364,C:\Windows\SysWOW64\rundll32.exe,,,,,tcp,true,ACC-10.corp.net,172.17.11.184,54097,c-73-245-147-162.hsd1.fl.comcast.net,73.245.147.162,443,-,"<Event xmlns=""http://schemas.microsoft.com/win/2004/08/events/event"">   <System>     <Provider Name=""Microsoft-Windows-Sysmon"" Guid=""{5770385F-C22A-43E0-BF4C-06F5698FFBD9}""/>     <EventID>3</EventID>     <Version>5</Version>     <Level>4</Level>     <Task>3</Task>     <Opcode>0</Opcode>     <Keywords>0x8000000000000000</Keywords>     <TimeCreated SystemTime=""2022-08-05T21:54:30.793484200Z""/>     <EventRecordID>134627</EventRecordID>     <Correlation/>     <Execution ProcessID=""1428"" ThreadID=""1928""/>     <Channel>Microsoft-Windows-Sysmon/Operational</Channel>     <Computer>ACC-10.corp.net</Computer>     <Security UserID=""S-1-5-18""/>   </System>   <EventData>     <Data Name=""RuleName""/>     <Data Name=""UtcTime"">2022-08-05 21:54:25.704</Data>     <Data Name=""ProcessGuid"">{140A6FA9-8EDF-62ED-0000-0010D81B7D01}</Data>     <Data Name=""ProcessId"">364</Data>     <Data Name=""Image"">C:\Windows\SysWOW64\rundll32.exe</Data>     <Data Name=""User"">CORP\Joann.Sims</Data>     <Data Name=""Protocol"">tcp</Data>     <Data Name=""Initiated"">true</Data>     <Data Name=""SourceIsIpv6"">false</Data>     <Data Name=""SourceIp"">172.17.11.184</Data>     <Data Name=""SourceHostname"">ACC-10.corp.net</Data>     <Data Name=""SourcePort"">54097</Data>     <Data Name=""SourcePortName""/>     <Data Name=""DestinationIsIpv6"">false</Data>     <Data Name=""DestinationIp"">73.245.147.162</Data>     <Data Name=""DestinationHostname"">c-73-245-147-162.hsd1.fl.comcast.net</Data>     <Data Name=""DestinationPort"">443</Data>     <Data Name=""DestinationPortName"">https</Data>   </EventData> </Event> "
2022-08-05 21:55:26+00:00,ACC-10,evtx_Microsoft-Windows-Sysmon/Operational,Command and Control,Connection to C2,0.0,Microsoft-Windows-Sysmon/Operational;Microsoft-Windows-Sysmon;3,3,364,C:\Windows\SysWOW64\rundll32.exe,,,,,tcp,true,ACC-10.corp.net,172.17.11.184,54146,5-131.gtt-net.cz,82.144.131.5,443,-,"<Event xmlns=""http://schemas.microsoft.com/win/2004/08/events/event"">   <System>     <Provider Name=""Microsoft-Windows-Sysmon"" Guid=""{5770385F-C22A-43E0-BF4C-06F5698FFBD9}""/>     <EventID>3</EventID>     <Version>5</Version>     <Level>4</Level>     <Task>3</Task>     <Opcode>0</Opcode>     <Keywords>0x8000000000000000</Keywords>     <TimeCreated SystemTime=""2022-08-05T21:55:26.216334200Z""/>     <EventRecordID>134917</EventRecordID>     <Correlation/>     <Execution ProcessID=""1428"" ThreadID=""1928""/>     <Channel>Microsoft-Windows-Sysmon/Operational</Channel>     <Computer>ACC-10.corp.net</Computer>     <Security UserID=""S-1-5-18""/>   </System>   <EventData>     <Data Name=""RuleName""/>     <Data Name=""UtcTime"">2022-08-05 21:55:21.092</Data>     <Data Name=""ProcessGuid"">{140A6FA9-8EDF-62ED-0000-0010D81B7D01}</Data>     <Data Name=""ProcessId"">364</Data>     <Data Name=""Image"">C:\Windows\SysWOW64\rundll32.exe</Data>     <Data Name=""User"">CORP\Joann.Sims</Data>     <Data Name=""Protocol"">tcp</Data>     <Data Name=""Initiated"">true</Data>     <Data Name=""SourceIsIpv6"">false</Data>     <Data Name=""SourceIp"">172.17.11.184</Data>     <Data Name=""SourceHostname"">ACC-10.corp.net</Data>     <Data Name=""SourcePort"">54146</Data>     <Data Name=""SourcePortName""/>     <Data Name=""DestinationIsIpv6"">false</Data>     <Data Name=""DestinationIp"">82.144.131.5</Data>     <Data Name=""DestinationHostname"">5-131.gtt-net.cz</Data>     <Data Name=""DestinationPort"">443</Data>     <Data Name=""DestinationPortName"">https</Data>   </EventData> </Event> "
2022-08-05 21:55:27+00:00,ACC-10,evtx_Microsoft-Windows-Sysmon/Operational,Command and Control,Connection to C2,0.0,Microsoft-Windows-Sysmon/Operational;Microsoft-Windows-Sysmon;3,3,364,C:\Windows\SysWOW64\rundll32.exe,,,,,tcp,true,ACC-10.corp.net,172.17.11.184,54147,5-131.gtt-net.cz,82.144.131.5,443,-,"<Event xmlns=""http://schemas.microsoft.com/win/2004/08/events/event"">   <System>     <Provider Name=""Microsoft-Windows-Sysmon"" Guid=""{5770385F-C22A-43E0-BF4C-06F5698FFBD9}""/>     <EventID>3</EventID>     <Version>5</Version>     <Level>4</Level>     <Task>3</Task>     <Opcode>0</Opcode>     <Keywords>0x8000000000000000</Keywords>     <TimeCreated SystemTime=""2022-08-05T21:55:27.553769100Z""/>     <EventRecordID>134961</EventRecordID>     <Correlation/>     <Execution ProcessID=""1428"" ThreadID=""1928""/>     <Channel>Microsoft-Windows-Sysmon/Operational</Channel>     <Computer>ACC-10.corp.net</Computer>     <Security UserID=""S-1-5-18""/>   </System>   <EventData>     <Data Name=""RuleName""/>     <Data Name=""UtcTime"">2022-08-05 21:55:21.113</Data>     <Data Name=""ProcessGuid"">{140A6FA9-8EDF-62ED-0000-0010D81B7D01}</Data>     <Data Name=""ProcessId"">364</Data>     <Data Name=""Image"">C:\Windows\SysWOW64\rundll32.exe</Data>     <Data Name=""User"">CORP\Joann.Sims</Data>     <Data Name=""Protocol"">tcp</Data>     <Data Name=""Initiated"">true</Data>     <Data Name=""SourceIsIpv6"">false</Data>     <Data Name=""SourceIp"">172.17.11.184</Data>     <Data Name=""SourceHostname"">ACC-10.corp.net</Data>     <Data Name=""SourcePort"">54147</Data>     <Data Name=""SourcePortName""/>     <Data Name=""DestinationIsIpv6"">false</Data>     <Data Name=""DestinationIp"">82.144.131.5</Data>     <Data Name=""DestinationHostname"">5-131.gtt-net.cz</Data>     <Data Name=""DestinationPort"">443</Data>     <Data Name=""DestinationPortName"">https</Data>   </EventData> </Event> "
2022-08-05 21:56:08+00:00,ACC-10,evtx_Microsoft-Windows-Sysmon/Operational,Command and Control,Connection to C2,0.0,Microsoft-Windows-Sysmon/Operational;Microsoft-Windows-Sysmon;3,3,364,C:\Windows\SysWOW64\rundll32.exe,,,,,tcp,true,ACC-10.corp.net,172.17.11.184,54218,c-73-245-147-162.hsd1.fl.comcast.net,73.245.147.162,443,-,"<Event xmlns=""http://schemas.microsoft.com/win/2004/08/events/event"">   <System>     <Provider Name=""Microsoft-Windows-Sysmon"" Guid=""{5770385F-C22A-43E0-BF4C-06F5698FFBD9}""/>     <EventID>3</EventID>     <Version>5</Version>     <Level>4</Level>     <Task>3</Task>     <Opcode>0</Opcode>     <Keywords>0x8000000000000000</Keywords>     <TimeCreated SystemTime=""2022-08-05T21:56:08.642419400Z""/>     <EventRecordID>135104</EventRecordID>     <Correlation/>     <Execution ProcessID=""1428"" ThreadID=""1928""/>     <Channel>Microsoft-Windows-Sysmon/Operational</Channel>     <Computer>ACC-10.corp.net</Computer>     <Security UserID=""S-1-5-18""/>   </System>   <EventData>     <Data Name=""RuleName""/>     <Data Name=""UtcTime"">2022-08-05 21:56:03.463</Data>     <Data Name=""ProcessGuid"">{140A6FA9-8EDF-62ED-0000-0010D81B7D01}</Data>     <Data Name=""ProcessId"">364</Data>     <Data Name=""Image"">C:\Windows\SysWOW64\rundll32.exe</Data>     <Data Name=""User"">CORP\Joann.Sims</Data>     <Data Name=""Protocol"">tcp</Data>     <Data Name=""Initiated"">true</Data>     <Data Name=""SourceIsIpv6"">false</Data>     <Data Name=""SourceIp"">172.17.11.184</Data>     <Data Name=""SourceHostname"">ACC-10.corp.net</Data>     <Data Name=""SourcePort"">54218</Data>     <Data Name=""SourcePortName""/>     <Data Name=""DestinationIsIpv6"">false</Data>     <Data Name=""DestinationIp"">73.245.147.162</Data>     <Data Name=""DestinationHostname"">c-73-245-147-162.hsd1.fl.comcast.net</Data>     <Data Name=""DestinationPort"">443</Data>     <Data Name=""DestinationPortName"">https</Data>   </EventData> </Event> "
2022-08-05 21:56:08+00:00,ACC-10,evtx_Microsoft-Windows-Sysmon/Operational,Command and Control,Connection to C2,0.0,Microsoft-Windows-Sysmon/Operational;Microsoft-Windows-Sysmon;3,3,364,C:\Windows\SysWOW64\rundll32.exe,,,,,tcp,true,ACC-10.corp.net,172.17.11.184,54219,c-73-245-147-162.hsd1.fl.comcast.net,73.245.147.162,443,-,"<Event xmlns=""http://schemas.microsoft.com/win/2004/08/events/event"">   <System>     <Provider Name=""Microsoft-Windows-Sysmon"" Guid=""{5770385F-C22A-43E0-BF4C-06F5698FFBD9}""/>     <EventID>3</EventID>     <Version>5</Version>     <Level>4</Level>     <Task>3</Task>     <Opcode>0</Opcode>     <Keywords>0x8000000000000000</Keywords>     <TimeCreated SystemTime=""2022-08-05T21:56:08.642419400Z""/>     <EventRecordID>135105</EventRecordID>     <Correlation/>     <Execution ProcessID=""1428"" ThreadID=""1928""/>     <Channel>Microsoft-Windows-Sysmon/Operational</Channel>     <Computer>ACC-10.corp.net</Computer>     <Security UserID=""S-1-5-18""/>   </System>   <EventData>     <Data Name=""RuleName""/>     <Data Name=""UtcTime"">2022-08-05 21:56:03.474</Data>     <Data Name=""ProcessGuid"">{140A6FA9-8EDF-62ED-0000-0010D81B7D01}</Data>     <Data Name=""ProcessId"">364</Data>     <Data Name=""Image"">C:\Windows\SysWOW64\rundll32.exe</Data>     <Data Name=""User"">CORP\Joann.Sims</Data>     <Data Name=""Protocol"">tcp</Data>     <Data Name=""Initiated"">true</Data>     <Data Name=""SourceIsIpv6"">false</Data>     <Data Name=""SourceIp"">172.17.11.184</Data>     <Data Name=""SourceHostname"">ACC-10.corp.net</Data>     <Data Name=""SourcePort"">54219</Data>     <Data Name=""SourcePortName""/>     <Data Name=""DestinationIsIpv6"">false</Data>     <Data Name=""DestinationIp"">73.245.147.162</Data>     <Data Name=""DestinationHostname"">c-73-245-147-162.hsd1.fl.comcast.net</Data>     <Data Name=""DestinationPort"">443</Data>     <Data Name=""DestinationPortName"">https</Data>   </EventData> </Event> "
2022-08-05 21:57:00+00:00,ACC-10,evtx_Microsoft-Windows-Sysmon/Operational,Command and Control,Connection to C2,0.0,Microsoft-Windows-Sysmon/Operational;Microsoft-Windows-Sysmon;3,3,364,C:\Windows\SysWOW64\rundll32.exe,,,,,tcp,true,ACC-10.corp.net,172.17.11.184,54220,5-131.gtt-net.cz,82.144.131.5,443,-,"<Event xmlns=""http://schemas.microsoft.com/win/2004/08/events/event"">   <System>     <Provider Name=""Microsoft-Windows-Sysmon"" Guid=""{5770385F-C22A-43E0-BF4C-06F5698FFBD9}""/>     <EventID>3</EventID>     <Version>5</Version>     <Level>4</Level>     <Task>3</Task>     <Opcode>0</Opcode>     <Keywords>0x8000000000000000</Keywords>     <TimeCreated SystemTime=""2022-08-05T21:57:00.560173700Z""/>     <EventRecordID>135177</EventRecordID>     <Correlation/>     <Execution ProcessID=""1428"" ThreadID=""1928""/>     <Channel>Microsoft-Windows-Sysmon/Operational</Channel>     <Computer>ACC-10.corp.net</Computer>     <Security UserID=""S-1-5-18""/>   </System>   <EventData>     <Data Name=""RuleName""/>     <Data Name=""UtcTime"">2022-08-05 21:56:55.313</Data>     <Data Name=""ProcessGuid"">{140A6FA9-8EDF-62ED-0000-0010D81B7D01}</Data>     <Data Name=""ProcessId"">364</Data>     <Data Name=""Image"">C:\Windows\SysWOW64\rundll32.exe</Data>     <Data Name=""User"">CORP\Joann.Sims</Data>     <Data Name=""Protocol"">tcp</Data>     <Data Name=""Initiated"">true</Data>     <Data Name=""SourceIsIpv6"">false</Data>     <Data Name=""SourceIp"">172.17.11.184</Data>     <Data Name=""SourceHostname"">ACC-10.corp.net</Data>     <Data Name=""SourcePort"">54220</Data>     <Data Name=""SourcePortName""/>     <Data Name=""DestinationIsIpv6"">false</Data>     <Data Name=""DestinationIp"">82.144.131.5</Data>     <Data Name=""DestinationHostname"">5-131.gtt-net.cz</Data>     <Data Name=""DestinationPort"">443</Data>     <Data Name=""DestinationPortName"">https</Data>   </EventData> </Event> "
2022-08-05 21:57:00+00:00,ACC-10,evtx_Microsoft-Windows-Sysmon/Operational,Command and Control,Connection to C2,0.0,Microsoft-Windows-Sysmon/Operational;Microsoft-Windows-Sysmon;3,3,364,C:\Windows\SysWOW64\rundll32.exe,,,,,tcp,true,ACC-10.corp.net,172.17.11.184,54221,5-131.gtt-net.cz,82.144.131.5,443,-,"<Event xmlns=""http://schemas.microsoft.com/win/2004/08/events/event"">   <System>     <Provider Name=""Microsoft-Windows-Sysmon"" Guid=""{5770385F-C22A-43E0-BF4C-06F5698FFBD9}""/>     <EventID>3</EventID>     <Version>5</Version>     <Level>4</Level>     <Task>3</Task>     <Opcode>0</Opcode>     <Keywords>0x8000000000000000</Keywords>     <TimeCreated SystemTime=""2022-08-05T21:57:00.560173700Z""/>     <EventRecordID>135178</EventRecordID>     <Correlation/>     <Execution ProcessID=""1428"" ThreadID=""1928""/>     <Channel>Microsoft-Windows-Sysmon/Operational</Channel>     <Computer>ACC-10.corp.net</Computer>     <Security UserID=""S-1-5-18""/>   </System>   <EventData>     <Data Name=""RuleName""/>     <Data Name=""UtcTime"">2022-08-05 21:56:55.328</Data>     <Data Name=""ProcessGuid"">{140A6FA9-8EDF-62ED-0000-0010D81B7D01}</Data>     <Data Name=""ProcessId"">364</Data>     <Data Name=""Image"">C:\Windows\SysWOW64\rundll32.exe</Data>     <Data Name=""User"">CORP\Joann.Sims</Data>     <Data Name=""Protocol"">tcp</Data>     <Data Name=""Initiated"">true</Data>     <Data Name=""SourceIsIpv6"">false</Data>     <Data Name=""SourceIp"">172.17.11.184</Data>     <Data Name=""SourceHostname"">ACC-10.corp.net</Data>     <Data Name=""SourcePort"">54221</Data>     <Data Name=""SourcePortName""/>     <Data Name=""DestinationIsIpv6"">false</Data>     <Data Name=""DestinationIp"">82.144.131.5</Data>     <Data Name=""DestinationHostname"">5-131.gtt-net.cz</Data>     <Data Name=""DestinationPort"">443</Data>     <Data Name=""DestinationPortName"">https</Data>   </EventData> </Event> "
2022-08-05 21:57:44+00:00,ACC-10,evtx_Microsoft-Windows-Sysmon/Operational,Command and Control,Connection to C2,0.0,Microsoft-Windows-Sysmon/Operational;Microsoft-Windows-Sysmon;3,3,364,C:\Windows\SysWOW64\rundll32.exe,,,,,tcp,true,ACC-10.corp.net,172.17.11.184,54222,c-73-245-147-162.hsd1.fl.comcast.net,73.245.147.162,443,-,"<Event xmlns=""http://schemas.microsoft.com/win/2004/08/events/event"">   <System>     <Provider Name=""Microsoft-Windows-Sysmon"" Guid=""{5770385F-C22A-43E0-BF4C-06F5698FFBD9}""/>     <EventID>3</EventID>     <Version>5</Version>     <Level>4</Level>     <Task>3</Task>     <Opcode>0</Opcode>     <Keywords>0x8000000000000000</Keywords>     <TimeCreated SystemTime=""2022-08-05T21:57:44.769210600Z""/>     <EventRecordID>135243</EventRecordID>     <Correlation/>     <Execution ProcessID=""1428"" ThreadID=""1928""/>     <Channel>Microsoft-Windows-Sysmon/Operational</Channel>     <Computer>ACC-10.corp.net</Computer>     <Security UserID=""S-1-5-18""/>   </System>   <EventData>     <Data Name=""RuleName""/>     <Data Name=""UtcTime"">2022-08-05 21:57:39.714</Data>     <Data Name=""ProcessGuid"">{140A6FA9-8EDF-62ED-0000-0010D81B7D01}</Data>     <Data Name=""ProcessId"">364</Data>     <Data Name=""Image"">C:\Windows\SysWOW64\rundll32.exe</Data>     <Data Name=""User"">CORP\Joann.Sims</Data>     <Data Name=""Protocol"">tcp</Data>     <Data Name=""Initiated"">true</Data>     <Data Name=""SourceIsIpv6"">false</Data>     <Data Name=""SourceIp"">172.17.11.184</Data>     <Data Name=""SourceHostname"">ACC-10.corp.net</Data>     <Data Name=""SourcePort"">54222</Data>     <Data Name=""SourcePortName""/>     <Data Name=""DestinationIsIpv6"">false</Data>     <Data Name=""DestinationIp"">73.245.147.162</Data>     <Data Name=""DestinationHostname"">c-73-245-147-162.hsd1.fl.comcast.net</Data>     <Data Name=""DestinationPort"">443</Data>     <Data Name=""DestinationPortName"">https</Data>   </EventData> </Event> "
2022-08-05 21:57:44+00:00,ACC-10,evtx_Microsoft-Windows-Sysmon/Operational,Command and Control,Connection to C2,0.0,Microsoft-Windows-Sysmon/Operational;Microsoft-Windows-Sysmon;3,3,364,C:\Windows\SysWOW64\rundll32.exe,,,,,tcp,true,ACC-10.corp.net,172.17.11.184,54223,c-73-245-147-162.hsd1.fl.comcast.net,73.245.147.162,443,-,"<Event xmlns=""http://schemas.microsoft.com/win/2004/08/events/event"">   <System>     <Provider Name=""Microsoft-Windows-Sysmon"" Guid=""{5770385F-C22A-43E0-BF4C-06F5698FFBD9}""/>     <EventID>3</EventID>     <Version>5</Version>     <Level>4</Level>     <Task>3</Task>     <Opcode>0</Opcode>     <Keywords>0x8000000000000000</Keywords>     <TimeCreated SystemTime=""2022-08-05T21:57:44.769210600Z""/>     <EventRecordID>135244</EventRecordID>     <Correlation/>     <Execution ProcessID=""1428"" ThreadID=""1928""/>     <Channel>Microsoft-Windows-Sysmon/Operational</Channel>     <Computer>ACC-10.corp.net</Computer>     <Security UserID=""S-1-5-18""/>   </System>   <EventData>     <Data Name=""RuleName""/>     <Data Name=""UtcTime"">2022-08-05 21:57:39.724</Data>     <Data Name=""ProcessGuid"">{140A6FA9-8EDF-62ED-0000-0010D81B7D01}</Data>     <Data Name=""ProcessId"">364</Data>     <Data Name=""Image"">C:\Windows\SysWOW64\rundll32.exe</Data>     <Data Name=""User"">CORP\Joann.Sims</Data>     <Data Name=""Protocol"">tcp</Data>     <Data Name=""Initiated"">true</Data>     <Data Name=""SourceIsIpv6"">false</Data>     <Data Name=""SourceIp"">172.17.11.184</Data>     <Data Name=""SourceHostname"">ACC-10.corp.net</Data>     <Data Name=""SourcePort"">54223</Data>     <Data Name=""SourcePortName""/>     <Data Name=""DestinationIsIpv6"">false</Data>     <Data Name=""DestinationIp"">73.245.147.162</Data>     <Data Name=""DestinationHostname"">c-73-245-147-162.hsd1.fl.comcast.net</Data>     <Data Name=""DestinationPort"">443</Data>     <Data Name=""DestinationPortName"">https</Data>   </EventData> </Event> "
2022-08-05 21:58:17+00:00,ACC-10,evtx_Microsoft-Windows-Sysmon/Operational,Command and Control,Connection to C2,0.0,Microsoft-Windows-Sysmon/Operational;Microsoft-Windows-Sysmon;3,3,364,C:\Windows\SysWOW64\rundll32.exe,,,,,tcp,true,ACC-10.corp.net,172.17.11.184,54270,5-131.gtt-net.cz,82.144.131.5,443,-,"<Event xmlns=""http://schemas.microsoft.com/win/2004/08/events/event"">   <System>     <Provider Name=""Microsoft-Windows-Sysmon"" Guid=""{5770385F-C22A-43E0-BF4C-06F5698FFBD9}""/>     <EventID>3</EventID>     <Version>5</Version>     <Level>4</Level>     <Task>3</Task>     <Opcode>0</Opcode>     <Keywords>0x8000000000000000</Keywords>     <TimeCreated SystemTime=""2022-08-05T21:58:17.530570100Z""/>     <EventRecordID>135447</EventRecordID>     <Correlation/>     <Execution ProcessID=""1428"" ThreadID=""1928""/>     <Channel>Microsoft-Windows-Sysmon/Operational</Channel>     <Computer>ACC-10.corp.net</Computer>     <Security UserID=""S-1-5-18""/>   </System>   <EventData>     <Data Name=""RuleName""/>     <Data Name=""UtcTime"">2022-08-05 21:58:12.202</Data>     <Data Name=""ProcessGuid"">{140A6FA9-8EDF-62ED-0000-0010D81B7D01}</Data>     <Data Name=""ProcessId"">364</Data>     <Data Name=""Image"">C:\Windows\SysWOW64\rundll32.exe</Data>     <Data Name=""User"">CORP\Joann.Sims</Data>     <Data Name=""Protocol"">tcp</Data>     <Data Name=""Initiated"">true</Data>     <Data Name=""SourceIsIpv6"">false</Data>     <Data Name=""SourceIp"">172.17.11.184</Data>     <Data Name=""SourceHostname"">ACC-10.corp.net</Data>     <Data Name=""SourcePort"">54270</Data>     <Data Name=""SourcePortName""/>     <Data Name=""DestinationIsIpv6"">false</Data>     <Data Name=""DestinationIp"">82.144.131.5</Data>     <Data Name=""DestinationHostname"">5-131.gtt-net.cz</Data>     <Data Name=""DestinationPort"">443</Data>     <Data Name=""DestinationPortName"">https</Data>   </EventData> </Event> "
2022-08-05 21:58:17+00:00,ACC-10,evtx_Microsoft-Windows-Sysmon/Operational,Command and Control,Connection to C2,0.0,Microsoft-Windows-Sysmon/Operational;Microsoft-Windows-Sysmon;3,3,364,C:\Windows\SysWOW64\rundll32.exe,,,,,tcp,true,ACC-10.corp.net,172.17.11.184,54271,5-131.gtt-net.cz,82.144.131.5,443,-,"<Event xmlns=""http://schemas.microsoft.com/win/2004/08/events/event"">   <System>     <Provider Name=""Microsoft-Windows-Sysmon"" Guid=""{5770385F-C22A-43E0-BF4C-06F5698FFBD9}""/>     <EventID>3</EventID>     <Version>5</Version>     <Level>4</Level>     <Task>3</Task>     <Opcode>0</Opcode>     <Keywords>0x8000000000000000</Keywords>     <TimeCreated SystemTime=""2022-08-05T21:58:17.530570100Z""/>     <EventRecordID>135448</EventRecordID>     <Correlation/>     <Execution ProcessID=""1428"" ThreadID=""1928""/>     <Channel>Microsoft-Windows-Sysmon/Operational</Channel>     <Computer>ACC-10.corp.net</Computer>     <Security UserID=""S-1-5-18""/>   </System>   <EventData>     <Data Name=""RuleName""/>     <Data Name=""UtcTime"">2022-08-05 21:58:12.219</Data>     <Data Name=""ProcessGuid"">{140A6FA9-8EDF-62ED-0000-0010D81B7D01}</Data>     <Data Name=""ProcessId"">364</Data>     <Data Name=""Image"">C:\Windows\SysWOW64\rundll32.exe</Data>     <Data Name=""User"">CORP\Joann.Sims</Data>     <Data Name=""Protocol"">tcp</Data>     <Data Name=""Initiated"">true</Data>     <Data Name=""SourceIsIpv6"">false</Data>     <Data Name=""SourceIp"">172.17.11.184</Data>     <Data Name=""SourceHostname"">ACC-10.corp.net</Data>     <Data Name=""SourcePort"">54271</Data>     <Data Name=""SourcePortName""/>     <Data Name=""DestinationIsIpv6"">false</Data>     <Data Name=""DestinationIp"">82.144.131.5</Data>     <Data Name=""DestinationHostname"">5-131.gtt-net.cz</Data>     <Data Name=""DestinationPort"">443</Data>     <Data Name=""DestinationPortName"">https</Data>   </EventData> </Event> "
2022-08-05 21:59:17+00:00,ACC-10,evtx_Microsoft-Windows-Sysmon/Operational,Command and Control,Connection to C2,0.0,Microsoft-Windows-Sysmon/Operational;Microsoft-Windows-Sysmon;3,3,364,C:\Windows\SysWOW64\rundll32.exe,,,,,tcp,true,ACC-10.corp.net,172.17.11.184,54364,c-73-245-147-162.hsd1.fl.comcast.net,73.245.147.162,443,-,"<Event xmlns=""http://schemas.microsoft.com/win/2004/08/events/event"">   <System>     <Provider Name=""Microsoft-Windows-Sysmon"" Guid=""{5770385F-C22A-43E0-BF4C-06F5698FFBD9}""/>     <EventID>3</EventID>     <Version>5</Version>     <Level>4</Level>     <Task>3</Task>     <Opcode>0</Opcode>     <Keywords>0x8000000000000000</Keywords>     <TimeCreated SystemTime=""2022-08-05T21:59:17.390583500Z""/>     <EventRecordID>135841</EventRecordID>     <Correlation/>     <Execution ProcessID=""1428"" ThreadID=""1928""/>     <Channel>Microsoft-Windows-Sysmon/Operational</Channel>     <Computer>ACC-10.corp.net</Computer>     <Security UserID=""S-1-5-18""/>   </System>   <EventData>     <Data Name=""RuleName""/>     <Data Name=""UtcTime"">2022-08-05 21:59:11.981</Data>     <Data Name=""ProcessGuid"">{140A6FA9-8EDF-62ED-0000-0010D81B7D01}</Data>     <Data Name=""ProcessId"">364</Data>     <Data Name=""Image"">C:\Windows\SysWOW64\rundll32.exe</Data>     <Data Name=""User"">CORP\Joann.Sims</Data>     <Data Name=""Protocol"">tcp</Data>     <Data Name=""Initiated"">true</Data>     <Data Name=""SourceIsIpv6"">false</Data>     <Data Name=""SourceIp"">172.17.11.184</Data>     <Data Name=""SourceHostname"">ACC-10.corp.net</Data>     <Data Name=""SourcePort"">54364</Data>     <Data Name=""SourcePortName""/>     <Data Name=""DestinationIsIpv6"">false</Data>     <Data Name=""DestinationIp"">73.245.147.162</Data>     <Data Name=""DestinationHostname"">c-73-245-147-162.hsd1.fl.comcast.net</Data>     <Data Name=""DestinationPort"">443</Data>     <Data Name=""DestinationPortName"">https</Data>   </EventData> </Event> "
2022-08-05 21:59:17+00:00,ACC-10,evtx_Microsoft-Windows-Sysmon/Operational,Command and Control,Connection to C2,0.0,Microsoft-Windows-Sysmon/Operational;Microsoft-Windows-Sysmon;3,3,364,C:\Windows\SysWOW64\rundll32.exe,,,,,tcp,true,ACC-10.corp.net,172.17.11.184,54365,c-73-245-147-162.hsd1.fl.comcast.net,73.245.147.162,443,-,"<Event xmlns=""http://schemas.microsoft.com/win/2004/08/events/event"">   <System>     <Provider Name=""Microsoft-Windows-Sysmon"" Guid=""{5770385F-C22A-43E0-BF4C-06F5698FFBD9}""/>     <EventID>3</EventID>     <Version>5</Version>     <Level>4</Level>     <Task>3</Task>     <Opcode>0</Opcode>     <Keywords>0x8000000000000000</Keywords>     <TimeCreated SystemTime=""2022-08-05T21:59:17.390583500Z""/>     <EventRecordID>135842</EventRecordID>     <Correlation/>     <Execution ProcessID=""1428"" ThreadID=""1928""/>     <Channel>Microsoft-Windows-Sysmon/Operational</Channel>     <Computer>ACC-10.corp.net</Computer>     <Security UserID=""S-1-5-18""/>   </System>   <EventData>     <Data Name=""RuleName""/>     <Data Name=""UtcTime"">2022-08-05 21:59:11.996</Data>     <Data Name=""ProcessGuid"">{140A6FA9-8EDF-62ED-0000-0010D81B7D01}</Data>     <Data Name=""ProcessId"">364</Data>     <Data Name=""Image"">C:\Windows\SysWOW64\rundll32.exe</Data>     <Data Name=""User"">CORP\Joann.Sims</Data>     <Data Name=""Protocol"">tcp</Data>     <Data Name=""Initiated"">true</Data>     <Data Name=""SourceIsIpv6"">false</Data>     <Data Name=""SourceIp"">172.17.11.184</Data>     <Data Name=""SourceHostname"">ACC-10.corp.net</Data>     <Data Name=""SourcePort"">54365</Data>     <Data Name=""SourcePortName""/>     <Data Name=""DestinationIsIpv6"">false</Data>     <Data Name=""DestinationIp"">73.245.147.162</Data>     <Data Name=""DestinationHostname"">c-73-245-147-162.hsd1.fl.comcast.net</Data>     <Data Name=""DestinationPort"">443</Data>     <Data Name=""DestinationPortName"">https</Data>   </EventData> </Event> "
2022-08-05 22:00:05+00:00,ACC-10,evtx_Security,Execution,Cobalt Strike loader executed (<rnd>.exe),0.0,Security;Microsoft-Windows-Security-Auditing;4688,,,,,,,,,,,,,,,,-,"<Event xmlns=""http://schemas.microsoft.com/win/2004/08/events/event"">   <System>     <Provider Name=""Microsoft-Windows-Security-Auditing"" Guid=""{54849625-5478-4994-A5BA-3E3B0328C30D}""/>     <EventID>4688</EventID>     <Version>1</Version>     <Level>0</Level>     <Task>13312</Task>     <Opcode>0</Opcode>     <Keywords>0x8020000000000000</Keywords>     <TimeCreated SystemTime=""2022-08-05T22:00:05.054733600Z""/>     <EventRecordID>43049</EventRecordID>     <Correlation/>     <Execution ProcessID=""4"" ThreadID=""64""/>     <Channel>Security</Channel>     <Computer>ACC-10.corp.net</Computer>     <Security/>   </System>   <EventData>     <Data Name=""SubjectUserSid"">S-1-5-18</Data>     <Data Name=""SubjectUserName"">ACC-10$</Data>     <Data Name=""SubjectDomainName"">CORP</Data>     <Data Name=""SubjectLogonId"">0x00000000000003e7</Data>     <Data Name=""NewProcessId"">0x00000000000012fc</Data>     <Data Name=""NewProcessName"">\Device\Mup\127.0.0.1\ADMIN$\27f96ba.exe</Data>     <Data Name=""TokenElevationType"">%%1936</Data>     <Data Name=""ProcessId"">0x00000000000001fc</Data>     <Data Name=""CommandLine"">\\127.0.0.1\ADMIN$\27f96ba.exe</Data>   </EventData> </Event> "
2022-08-05 22:00:05+00:00,ACC-10,evtx_Microsoft-Windows-Sysmon/Operational,Resource Development,"Cobalt Strike loader created on disk, <rnd>.exe",0.0,Microsoft-Windows-Sysmon/Operational;Microsoft-Windows-Sysmon;11,,,,,,,,,,,,,,,,-,"<Event xmlns=""http://schemas.microsoft.com/win/2004/08/events/event"">   <System>     <Provider Name=""Microsoft-Windows-Sysmon"" Guid=""{5770385F-C22A-43E0-BF4C-06F5698FFBD9}""/>     <EventID>11</EventID>     <Version>2</Version>     <Level>4</Level>     <Task>11</Task>     <Opcode>0</Opcode>     <Keywords>0x8000000000000000</Keywords>     <TimeCreated SystemTime=""2022-08-05T22:00:05.056732800Z""/>     <EventRecordID>136092</EventRecordID>     <Correlation/>     <Execution ProcessID=""1428"" ThreadID=""1916""/>     <Channel>Microsoft-Windows-Sysmon/Operational</Channel>     <Computer>ACC-10.corp.net</Computer>     <Security UserID=""S-1-5-18""/>   </System>   <EventData>     <Data Name=""RuleName""/>     <Data Name=""UtcTime"">2022-08-05 22:00:05.007</Data>     <Data Name=""ProcessGuid"">{140A6FA9-6517-62ED-0000-0010EB030000}</Data>     <Data Name=""ProcessId"">4</Data>     <Data Name=""Image"">System</Data>     <Data Name=""TargetFilename"">C:\Windows\27f96ba.exe</Data>     <Data Name=""CreationUtcTime"">2022-08-05 22:00:05.007</Data>   </EventData> </Event> "
